[2026-05-30T17:20:36.351+0000] {local_task_job_runner.py:120} INFO - ::group::Pre task execution logs
[2026-05-30T17:20:36.422+0000] {taskinstance.py:2076} INFO - Dependencies all met for dep_context=non-requeueable deps ti=<TaskInstance: minio_to_snowflake.download_minio scheduled__2026-05-30T17:19:00+00:00 [queued]>
[2026-05-30T17:20:36.432+0000] {taskinstance.py:2076} INFO - Dependencies all met for dep_context=requeueable deps ti=<TaskInstance: minio_to_snowflake.download_minio scheduled__2026-05-30T17:19:00+00:00 [queued]>
[2026-05-30T17:20:36.434+0000] {taskinstance.py:2306} INFO - Starting attempt 1 of 2
[2026-05-30T17:20:36.452+0000] {taskinstance.py:2330} INFO - Executing <Task(PythonOperator): download_minio> on 2026-05-30 17:19:00+00:00
[2026-05-30T17:20:36.471+0000] {standard_task_runner.py:90} INFO - Running: ['***', 'tasks', 'run', 'minio_to_snowflake', 'download_minio', 'scheduled__2026-05-30T17:19:00+00:00', '--job-id', '300', '--raw', '--subdir', 'DAGS_FOLDER/minio_to_snowflake.py', '--cfg-path', '/tmp/tmpgzdsaguy']
[2026-05-30T17:20:36.478+0000] {standard_task_runner.py:91} INFO - Job 300: Subtask download_minio
[2026-05-30T17:20:36.479+0000] {logging_mixin.py:188} WARNING - /home/***/.local/lib/python3.12/site-packages/***/task/task_runner/standard_task_runner.py:62 DeprecationWarning: This process (pid=9126) is multi-threaded, use of fork() may lead to deadlocks in the child.
[2026-05-30T17:20:36.480+0000] {standard_task_runner.py:64} INFO - Started process 9136 to run task
[2026-05-30T17:20:36.570+0000] {task_command.py:426} INFO - Running <TaskInstance: minio_to_snowflake.download_minio scheduled__2026-05-30T17:19:00+00:00 [running]> on host 0a790aba60c9
[2026-05-30T17:20:36.706+0000] {taskinstance.py:2648} INFO - Exporting env vars: AIRFLOW_CTX_DAG_OWNER='***' AIRFLOW_CTX_DAG_ID='minio_to_snowflake' AIRFLOW_CTX_TASK_ID='download_minio' AIRFLOW_CTX_EXECUTION_DATE='2026-05-30T17:19:00+00:00' AIRFLOW_CTX_TRY_NUMBER='1' AIRFLOW_CTX_DAG_RUN_ID='scheduled__2026-05-30T17:19:00+00:00'
[2026-05-30T17:20:36.708+0000] {taskinstance.py:430} INFO - ::endgroup::
[2026-05-30T17:20:37.557+0000] {taskinstance.py:441} INFO - ::group::Post task execution logs
[2026-05-30T17:20:37.558+0000] {taskinstance.py:2905} ERROR - Task failed with exception
Traceback (most recent call last):
  File "/home/airflow/.local/lib/python3.12/site-packages/airflow/models/taskinstance.py", line 465, in _execute_task
    result = _execute_callable(context=context, **execute_callable_kwargs)
             ^^^^^^^^^^^^^^^^^^^^^^^^^^^^^^^^^^^^^^^^^^^^^^^^^^^^^^^^^^^^^
  File "/home/airflow/.local/lib/python3.12/site-packages/airflow/models/taskinstance.py", line 432, in _execute_callable
    return execute_callable(context=context, **execute_callable_kwargs)
           ^^^^^^^^^^^^^^^^^^^^^^^^^^^^^^^^^^^^^^^^^^^^^^^^^^^^^^^^^^^^
  File "/home/airflow/.local/lib/python3.12/site-packages/airflow/models/baseoperator.py", line 401, in wrapper
    return func(self, *args, **kwargs)
           ^^^^^^^^^^^^^^^^^^^^^^^^^^^
  File "/home/airflow/.local/lib/python3.12/site-packages/airflow/operators/python.py", line 235, in execute
    return_value = self.execute_callable()
                   ^^^^^^^^^^^^^^^^^^^^^^^
  File "/home/airflow/.local/lib/python3.12/site-packages/airflow/operators/python.py", line 252, in execute_callable
    return self.python_callable(*self.op_args, **self.op_kwargs)
           ^^^^^^^^^^^^^^^^^^^^^^^^^^^^^^^^^^^^^^^^^^^^^^^^^^^^^
  File "/opt/airflow/dags/minio_to_snowflake.py", line 29, in download_from_minio
    objects = s3.list_objects_v2(Bucket=BUCKET).get("Contents", [])
              ^^^^^^^^^^^^^^^^^^^^^^^^^^^^^^^^^
  File "/home/airflow/.local/lib/python3.12/site-packages/botocore/client.py", line 565, in _api_call
    return self._make_api_call(operation_name, kwargs)
           ^^^^^^^^^^^^^^^^^^^^^^^^^^^^^^^^^^^^^^^^^^^
  File "/home/airflow/.local/lib/python3.12/site-packages/botocore/client.py", line 1021, in _make_api_call
    raise error_class(parsed_response, operation_name)
botocore.exceptions.ClientError: An error occurred (InvalidArgument) when calling the ListObjectsV2 operation: S3 API Requests must be made to API port.
[2026-05-30T17:20:41.350+0000] {taskinstance.py:1206} INFO - Marking task as UP_FOR_RETRY. dag_id=minio_to_snowflake, task_id=download_minio, run_id=scheduled__2026-05-30T17:19:00+00:00, execution_date=20260530T171900, start_date=20260530T172036, end_date=20260530T172041
[2026-05-30T17:20:41.565+0000] {standard_task_runner.py:110} ERROR - Failed to execute job 300 for task download_minio (An error occurred (InvalidArgument) when calling the ListObjectsV2 operation: S3 API Requests must be made to API port.; 9136)
[2026-05-30T17:20:41.701+0000] {local_task_job_runner.py:243} INFO - Task exited with return code 1
[2026-05-30T17:20:41.766+0000] {taskinstance.py:3503} INFO - 0 downstream tasks scheduled from follow-on schedule check
[2026-05-30T17:20:41.774+0000] {local_task_job_runner.py:222} INFO - ::endgroup::
