[2026-04-15T20:58:49.662+0000] {local_task_job_runner.py:120} INFO - ::group::Pre task execution logs
[2026-04-15T20:58:49.765+0000] {taskinstance.py:2076} INFO - Dependencies all met for dep_context=non-requeueable deps ti=<TaskInstance: minio_to_snowflake.download_minio scheduled__2026-04-15T20:57:00+00:00 [queued]>
[2026-04-15T20:58:49.795+0000] {taskinstance.py:2076} INFO - Dependencies all met for dep_context=requeueable deps ti=<TaskInstance: minio_to_snowflake.download_minio scheduled__2026-04-15T20:57:00+00:00 [queued]>
[2026-04-15T20:58:49.797+0000] {taskinstance.py:2306} INFO - Starting attempt 1 of 2
[2026-04-15T20:58:49.834+0000] {taskinstance.py:2330} INFO - Executing <Task(PythonOperator): download_minio> on 2026-04-15 20:57:00+00:00
[2026-04-15T20:58:49.902+0000] {logging_mixin.py:188} WARNING - /home/***/.local/lib/python3.12/site-packages/***/task/task_runner/standard_task_runner.py:62 DeprecationWarning: This process (pid=21760) is multi-threaded, use of fork() may lead to deadlocks in the child.
[2026-04-15T20:58:49.879+0000] {standard_task_runner.py:90} INFO - Running: ['***', 'tasks', 'run', 'minio_to_snowflake', 'download_minio', 'scheduled__2026-04-15T20:57:00+00:00', '--job-id', '33', '--raw', '--subdir', 'DAGS_FOLDER/minio_to_snowflake.py', '--cfg-path', '/tmp/tmp3ny0ab2e']
[2026-04-15T20:58:49.904+0000] {standard_task_runner.py:64} INFO - Started process 21772 to run task
[2026-04-15T20:58:49.904+0000] {standard_task_runner.py:91} INFO - Job 33: Subtask download_minio
[2026-04-15T20:58:50.057+0000] {task_command.py:426} INFO - Running <TaskInstance: minio_to_snowflake.download_minio scheduled__2026-04-15T20:57:00+00:00 [running]> on host 0a790aba60c9
[2026-04-15T20:58:50.313+0000] {taskinstance.py:2648} INFO - Exporting env vars: AIRFLOW_CTX_DAG_OWNER='***' AIRFLOW_CTX_DAG_ID='minio_to_snowflake' AIRFLOW_CTX_TASK_ID='download_minio' AIRFLOW_CTX_EXECUTION_DATE='2026-04-15T20:57:00+00:00' AIRFLOW_CTX_TRY_NUMBER='1' AIRFLOW_CTX_DAG_RUN_ID='scheduled__2026-04-15T20:57:00+00:00'
[2026-04-15T20:58:50.316+0000] {taskinstance.py:430} INFO - ::endgroup::
[2026-04-15T20:58:51.511+0000] {logging_mixin.py:188} INFO - Downloaded AAPL/1776277487.json -> /tmp/minio_downloads/1776277487.json
[2026-04-15T20:58:51.537+0000] {logging_mixin.py:188} INFO - Downloaded AAPL/1776277502.json -> /tmp/minio_downloads/1776277502.json
[2026-04-15T20:58:51.561+0000] {logging_mixin.py:188} INFO - Downloaded AAPL/1776277516.json -> /tmp/minio_downloads/1776277516.json
[2026-04-15T20:58:51.583+0000] {logging_mixin.py:188} INFO - Downloaded AAPL/1776277531.json -> /tmp/minio_downloads/1776277531.json
[2026-04-15T20:58:51.615+0000] {logging_mixin.py:188} INFO - Downloaded AAPL/1776277559.json -> /tmp/minio_downloads/1776277559.json
[2026-04-15T20:58:51.636+0000] {logging_mixin.py:188} INFO - Downloaded AAPL/1776277578.json -> /tmp/minio_downloads/1776277578.json
[2026-04-15T20:58:51.658+0000] {logging_mixin.py:188} INFO - Downloaded AAPL/1776277599.json -> /tmp/minio_downloads/1776277599.json
[2026-04-15T20:58:51.671+0000] {logging_mixin.py:188} INFO - Downloaded AAPL/1776277622.json -> /tmp/minio_downloads/1776277622.json
[2026-04-15T20:58:51.682+0000] {logging_mixin.py:188} INFO - Downloaded AAPL/1776277642.json -> /tmp/minio_downloads/1776277642.json
[2026-04-15T20:58:51.695+0000] {logging_mixin.py:188} INFO - Downloaded AAPL/1776277660.json -> /tmp/minio_downloads/1776277660.json
[2026-04-15T20:58:51.708+0000] {logging_mixin.py:188} INFO - Downloaded AAPL/1776277680.json -> /tmp/minio_downloads/1776277680.json
[2026-04-15T20:58:51.721+0000] {logging_mixin.py:188} INFO - Downloaded AAPL/1776277699.json -> /tmp/minio_downloads/1776277699.json
[2026-04-15T20:58:51.733+0000] {logging_mixin.py:188} INFO - Downloaded AAPL/1776277721.json -> /tmp/minio_downloads/1776277721.json
[2026-04-15T20:58:51.750+0000] {logging_mixin.py:188} INFO - Downloaded AAPL/1776277743.json -> /tmp/minio_downloads/1776277743.json
[2026-04-15T20:58:51.766+0000] {logging_mixin.py:188} INFO - Downloaded AAPL/1776277760.json -> /tmp/minio_downloads/1776277760.json
[2026-04-15T20:58:51.784+0000] {logging_mixin.py:188} INFO - Downloaded AAPL/1776277783.json -> /tmp/minio_downloads/1776277783.json
[2026-04-15T20:58:51.802+0000] {logging_mixin.py:188} INFO - Downloaded AAPL/1776277846.json -> /tmp/minio_downloads/1776277846.json
[2026-04-15T20:58:51.815+0000] {logging_mixin.py:188} INFO - Downloaded AAPL/1776277908.json -> /tmp/minio_downloads/1776277908.json
[2026-04-15T20:58:51.834+0000] {logging_mixin.py:188} INFO - Downloaded AAPL/1776277937.json -> /tmp/minio_downloads/1776277937.json
[2026-04-15T20:58:51.852+0000] {logging_mixin.py:188} INFO - Downloaded AAPL/1776278001.json -> /tmp/minio_downloads/1776278001.json
[2026-04-15T20:58:51.871+0000] {logging_mixin.py:188} INFO - Downloaded AAPL/1776278170.json -> /tmp/minio_downloads/1776278170.json
[2026-04-15T20:58:51.886+0000] {logging_mixin.py:188} INFO - Downloaded AAPL/1776278236.json -> /tmp/minio_downloads/1776278236.json
[2026-04-15T20:58:51.903+0000] {logging_mixin.py:188} INFO - Downloaded AAPL/1776278302.json -> /tmp/minio_downloads/1776278302.json
[2026-04-15T20:58:51.918+0000] {logging_mixin.py:188} INFO - Downloaded AAPL/1776278325.json -> /tmp/minio_downloads/1776278325.json
[2026-04-15T20:58:51.932+0000] {logging_mixin.py:188} INFO - Downloaded AAPL/1776278347.json -> /tmp/minio_downloads/1776278347.json
[2026-04-15T20:58:51.944+0000] {logging_mixin.py:188} INFO - Downloaded AAPL/1776278367.json -> /tmp/minio_downloads/1776278367.json
[2026-04-15T20:58:51.956+0000] {logging_mixin.py:188} INFO - Downloaded AAPL/1776278390.json -> /tmp/minio_downloads/1776278390.json
[2026-04-15T20:58:51.967+0000] {logging_mixin.py:188} INFO - Downloaded AAPL/1776278409.json -> /tmp/minio_downloads/1776278409.json
[2026-04-15T20:58:51.978+0000] {logging_mixin.py:188} INFO - Downloaded AAPL/1776278431.json -> /tmp/minio_downloads/1776278431.json
[2026-04-15T20:58:51.991+0000] {logging_mixin.py:188} INFO - Downloaded AAPL/1776278457.json -> /tmp/minio_downloads/1776278457.json
[2026-04-15T20:58:52.003+0000] {logging_mixin.py:188} INFO - Downloaded AAPL/1776278485.json -> /tmp/minio_downloads/1776278485.json
[2026-04-15T20:58:52.016+0000] {logging_mixin.py:188} INFO - Downloaded AAPL/1776278508.json -> /tmp/minio_downloads/1776278508.json
[2026-04-15T20:58:52.028+0000] {logging_mixin.py:188} INFO - Downloaded AAPL/1776278545.json -> /tmp/minio_downloads/1776278545.json
[2026-04-15T20:58:52.040+0000] {logging_mixin.py:188} INFO - Downloaded AAPL/1776278578.json -> /tmp/minio_downloads/1776278578.json
[2026-04-15T20:58:52.052+0000] {logging_mixin.py:188} INFO - Downloaded AAPL/1776278603.json -> /tmp/minio_downloads/1776278603.json
[2026-04-15T20:58:52.064+0000] {logging_mixin.py:188} INFO - Downloaded AAPL/1776278625.json -> /tmp/minio_downloads/1776278625.json
[2026-04-15T20:58:52.077+0000] {logging_mixin.py:188} INFO - Downloaded AAPL/1776278651.json -> /tmp/minio_downloads/1776278651.json
[2026-04-15T20:58:52.091+0000] {logging_mixin.py:188} INFO - Downloaded AAPL/1776278679.json -> /tmp/minio_downloads/1776278679.json
[2026-04-15T20:58:52.105+0000] {logging_mixin.py:188} INFO - Downloaded AAPL/1776278710.json -> /tmp/minio_downloads/1776278710.json
[2026-04-15T20:58:52.118+0000] {logging_mixin.py:188} INFO - Downloaded AAPL/1776278746.json -> /tmp/minio_downloads/1776278746.json
[2026-04-15T20:58:52.131+0000] {logging_mixin.py:188} INFO - Downloaded AAPL/1776278788.json -> /tmp/minio_downloads/1776278788.json
[2026-04-15T20:58:52.145+0000] {logging_mixin.py:188} INFO - Downloaded AAPL/1776278832.json -> /tmp/minio_downloads/1776278832.json
[2026-04-15T20:58:52.158+0000] {logging_mixin.py:188} INFO - Downloaded AAPL/1776278887.json -> /tmp/minio_downloads/1776278887.json
[2026-04-15T20:58:52.171+0000] {logging_mixin.py:188} INFO - Downloaded AAPL/1776278969.json -> /tmp/minio_downloads/1776278969.json
[2026-04-15T20:58:52.184+0000] {logging_mixin.py:188} INFO - Downloaded AAPL/1776279066.json -> /tmp/minio_downloads/1776279066.json
[2026-04-15T20:58:52.198+0000] {logging_mixin.py:188} INFO - Downloaded AAPL/1776279195.json -> /tmp/minio_downloads/1776279195.json
[2026-04-15T20:58:52.211+0000] {logging_mixin.py:188} INFO - Downloaded AAPL/1776279275.json -> /tmp/minio_downloads/1776279275.json
[2026-04-15T20:58:52.228+0000] {logging_mixin.py:188} INFO - Downloaded AAPL/1776279336.json -> /tmp/minio_downloads/1776279336.json
[2026-04-15T20:58:52.240+0000] {logging_mixin.py:188} INFO - Downloaded AAPL/1776279359.json -> /tmp/minio_downloads/1776279359.json
[2026-04-15T20:58:52.255+0000] {logging_mixin.py:188} INFO - Downloaded AAPL/1776279389.json -> /tmp/minio_downloads/1776279389.json
[2026-04-15T20:58:52.267+0000] {logging_mixin.py:188} INFO - Downloaded AAPL/1776279416.json -> /tmp/minio_downloads/1776279416.json
[2026-04-15T20:58:52.279+0000] {logging_mixin.py:188} INFO - Downloaded AAPL/1776279460.json -> /tmp/minio_downloads/1776279460.json
[2026-04-15T20:58:52.290+0000] {logging_mixin.py:188} INFO - Downloaded AAPL/1776279504.json -> /tmp/minio_downloads/1776279504.json
[2026-04-15T20:58:52.302+0000] {logging_mixin.py:188} INFO - Downloaded AAPL/1776279549.json -> /tmp/minio_downloads/1776279549.json
[2026-04-15T20:58:52.318+0000] {logging_mixin.py:188} INFO - Downloaded AAPL/1776279636.json -> /tmp/minio_downloads/1776279636.json
[2026-04-15T20:58:52.339+0000] {logging_mixin.py:188} INFO - Downloaded AAPL/1776279743.json -> /tmp/minio_downloads/1776279743.json
[2026-04-15T20:58:52.363+0000] {logging_mixin.py:188} INFO - Downloaded AAPL/1776279791.json -> /tmp/minio_downloads/1776279791.json
[2026-04-15T20:58:52.384+0000] {logging_mixin.py:188} INFO - Downloaded AAPL/1776279819.json -> /tmp/minio_downloads/1776279819.json
[2026-04-15T20:58:52.407+0000] {logging_mixin.py:188} INFO - Downloaded AAPL/1776279909.json -> /tmp/minio_downloads/1776279909.json
[2026-04-15T20:58:52.435+0000] {logging_mixin.py:188} INFO - Downloaded AAPL/1776280000.json -> /tmp/minio_downloads/1776280000.json
[2026-04-15T20:58:52.464+0000] {logging_mixin.py:188} INFO - Downloaded AAPL/1776280125.json -> /tmp/minio_downloads/1776280125.json
[2026-04-15T20:58:52.490+0000] {logging_mixin.py:188} INFO - Downloaded AAPL/1776280199.json -> /tmp/minio_downloads/1776280199.json
[2026-04-15T20:58:52.513+0000] {logging_mixin.py:188} INFO - Downloaded AAPL/1776280221.json -> /tmp/minio_downloads/1776280221.json
[2026-04-15T20:58:52.532+0000] {logging_mixin.py:188} INFO - Downloaded AAPL/1776280247.json -> /tmp/minio_downloads/1776280247.json
[2026-04-15T20:58:52.543+0000] {logging_mixin.py:188} INFO - Downloaded AAPL/1776280280.json -> /tmp/minio_downloads/1776280280.json
[2026-04-15T20:58:52.559+0000] {logging_mixin.py:188} INFO - Downloaded AAPL/1776280307.json -> /tmp/minio_downloads/1776280307.json
[2026-04-15T20:58:52.577+0000] {logging_mixin.py:188} INFO - Downloaded AAPL/1776280331.json -> /tmp/minio_downloads/1776280331.json
[2026-04-15T20:58:52.597+0000] {logging_mixin.py:188} INFO - Downloaded AAPL/1776280363.json -> /tmp/minio_downloads/1776280363.json
[2026-04-15T20:58:52.618+0000] {logging_mixin.py:188} INFO - Downloaded AAPL/1776280405.json -> /tmp/minio_downloads/1776280405.json
[2026-04-15T20:58:52.637+0000] {logging_mixin.py:188} INFO - Downloaded AAPL/1776280430.json -> /tmp/minio_downloads/1776280430.json
[2026-04-15T20:58:52.657+0000] {logging_mixin.py:188} INFO - Downloaded AAPL/1776280455.json -> /tmp/minio_downloads/1776280455.json
[2026-04-15T20:58:52.677+0000] {logging_mixin.py:188} INFO - Downloaded AAPL/1776280475.json -> /tmp/minio_downloads/1776280475.json
[2026-04-15T20:58:52.698+0000] {logging_mixin.py:188} INFO - Downloaded AAPL/1776280493.json -> /tmp/minio_downloads/1776280493.json
[2026-04-15T20:58:52.719+0000] {logging_mixin.py:188} INFO - Downloaded AAPL/1776280511.json -> /tmp/minio_downloads/1776280511.json
[2026-04-15T20:58:52.744+0000] {logging_mixin.py:188} INFO - Downloaded AAPL/1776280533.json -> /tmp/minio_downloads/1776280533.json
[2026-04-15T20:58:52.768+0000] {logging_mixin.py:188} INFO - Downloaded AAPL/1776280562.json -> /tmp/minio_downloads/1776280562.json
[2026-04-15T20:58:52.793+0000] {logging_mixin.py:188} INFO - Downloaded AAPL/1776280580.json -> /tmp/minio_downloads/1776280580.json
[2026-04-15T20:58:52.816+0000] {logging_mixin.py:188} INFO - Downloaded AAPL/1776280603.json -> /tmp/minio_downloads/1776280603.json
[2026-04-15T20:58:52.839+0000] {logging_mixin.py:188} INFO - Downloaded AAPL/1776280627.json -> /tmp/minio_downloads/1776280627.json
[2026-04-15T20:58:52.863+0000] {logging_mixin.py:188} INFO - Downloaded AAPL/1776280649.json -> /tmp/minio_downloads/1776280649.json
[2026-04-15T20:58:52.888+0000] {logging_mixin.py:188} INFO - Downloaded AAPL/1776280669.json -> /tmp/minio_downloads/1776280669.json
[2026-04-15T20:58:52.911+0000] {logging_mixin.py:188} INFO - Downloaded AAPL/1776280690.json -> /tmp/minio_downloads/1776280690.json
[2026-04-15T20:58:52.934+0000] {logging_mixin.py:188} INFO - Downloaded AAPL/1776280708.json -> /tmp/minio_downloads/1776280708.json
[2026-04-15T20:58:52.949+0000] {logging_mixin.py:188} INFO - Downloaded AAPL/1776280728.json -> /tmp/minio_downloads/1776280728.json
[2026-04-15T20:58:52.964+0000] {logging_mixin.py:188} INFO - Downloaded AAPL/1776280747.json -> /tmp/minio_downloads/1776280747.json
[2026-04-15T20:58:52.978+0000] {logging_mixin.py:188} INFO - Downloaded AAPL/1776280771.json -> /tmp/minio_downloads/1776280771.json
[2026-04-15T20:58:52.989+0000] {logging_mixin.py:188} INFO - Downloaded AAPL/1776280791.json -> /tmp/minio_downloads/1776280791.json
[2026-04-15T20:58:53.001+0000] {logging_mixin.py:188} INFO - Downloaded AAPL/1776280815.json -> /tmp/minio_downloads/1776280815.json
[2026-04-15T20:58:53.014+0000] {logging_mixin.py:188} INFO - Downloaded AAPL/1776280836.json -> /tmp/minio_downloads/1776280836.json
[2026-04-15T20:58:53.034+0000] {logging_mixin.py:188} INFO - Downloaded AAPL/1776280857.json -> /tmp/minio_downloads/1776280857.json
[2026-04-15T20:58:53.059+0000] {logging_mixin.py:188} INFO - Downloaded AAPL/1776280878.json -> /tmp/minio_downloads/1776280878.json
[2026-04-15T20:58:53.080+0000] {logging_mixin.py:188} INFO - Downloaded AAPL/1776280895.json -> /tmp/minio_downloads/1776280895.json
[2026-04-15T20:58:53.098+0000] {logging_mixin.py:188} INFO - Downloaded AAPL/1776280914.json -> /tmp/minio_downloads/1776280914.json
[2026-04-15T20:58:53.111+0000] {logging_mixin.py:188} INFO - Downloaded AAPL/1776280933.json -> /tmp/minio_downloads/1776280933.json
[2026-04-15T20:58:53.125+0000] {logging_mixin.py:188} INFO - Downloaded AAPL/1776280956.json -> /tmp/minio_downloads/1776280956.json
[2026-04-15T20:58:53.139+0000] {logging_mixin.py:188} INFO - Downloaded AAPL/1776280978.json -> /tmp/minio_downloads/1776280978.json
[2026-04-15T20:58:53.155+0000] {logging_mixin.py:188} INFO - Downloaded AAPL/1776280997.json -> /tmp/minio_downloads/1776280997.json
[2026-04-15T20:58:53.173+0000] {logging_mixin.py:188} INFO - Downloaded AAPL/1776281020.json -> /tmp/minio_downloads/1776281020.json
[2026-04-15T20:58:53.188+0000] {logging_mixin.py:188} INFO - Downloaded AAPL/1776281041.json -> /tmp/minio_downloads/1776281041.json
[2026-04-15T20:58:53.205+0000] {logging_mixin.py:188} INFO - Downloaded AAPL/1776281062.json -> /tmp/minio_downloads/1776281062.json
[2026-04-15T20:58:53.223+0000] {logging_mixin.py:188} INFO - Downloaded AAPL/1776281086.json -> /tmp/minio_downloads/1776281086.json
[2026-04-15T20:58:53.239+0000] {logging_mixin.py:188} INFO - Downloaded AAPL/1776281105.json -> /tmp/minio_downloads/1776281105.json
[2026-04-15T20:58:53.252+0000] {logging_mixin.py:188} INFO - Downloaded AMZN/1776277494.json -> /tmp/minio_downloads/1776277494.json
[2026-04-15T20:58:53.267+0000] {logging_mixin.py:188} INFO - Downloaded AMZN/1776277508.json -> /tmp/minio_downloads/1776277508.json
[2026-04-15T20:58:53.286+0000] {logging_mixin.py:188} INFO - Downloaded AMZN/1776277523.json -> /tmp/minio_downloads/1776277523.json
[2026-04-15T20:58:53.304+0000] {logging_mixin.py:188} INFO - Downloaded AMZN/1776277552.json -> /tmp/minio_downloads/1776277552.json
[2026-04-15T20:58:53.323+0000] {logging_mixin.py:188} INFO - Downloaded AMZN/1776277569.json -> /tmp/minio_downloads/1776277569.json
[2026-04-15T20:58:53.345+0000] {logging_mixin.py:188} INFO - Downloaded AMZN/1776277590.json -> /tmp/minio_downloads/1776277590.json
[2026-04-15T20:58:53.362+0000] {logging_mixin.py:188} INFO - Downloaded AMZN/1776277614.json -> /tmp/minio_downloads/1776277614.json
[2026-04-15T20:58:53.380+0000] {logging_mixin.py:188} INFO - Downloaded AMZN/1776277632.json -> /tmp/minio_downloads/1776277632.json
[2026-04-15T20:58:53.411+0000] {logging_mixin.py:188} INFO - Downloaded AMZN/1776277652.json -> /tmp/minio_downloads/1776277652.json
[2026-04-15T20:58:53.440+0000] {logging_mixin.py:188} INFO - Downloaded AMZN/1776277672.json -> /tmp/minio_downloads/1776277672.json
[2026-04-15T20:58:53.465+0000] {logging_mixin.py:188} INFO - Downloaded AMZN/1776277691.json -> /tmp/minio_downloads/1776277691.json
[2026-04-15T20:58:53.485+0000] {logging_mixin.py:188} INFO - Downloaded AMZN/1776277709.json -> /tmp/minio_downloads/1776277709.json
[2026-04-15T20:58:53.501+0000] {logging_mixin.py:188} INFO - Downloaded AMZN/1776277736.json -> /tmp/minio_downloads/1776277736.json
[2026-04-15T20:58:53.516+0000] {logging_mixin.py:188} INFO - Downloaded AMZN/1776277752.json -> /tmp/minio_downloads/1776277752.json
[2026-04-15T20:58:53.532+0000] {logging_mixin.py:188} INFO - Downloaded AMZN/1776277774.json -> /tmp/minio_downloads/1776277774.json
[2026-04-15T20:58:53.549+0000] {logging_mixin.py:188} INFO - Downloaded AMZN/1776277837.json -> /tmp/minio_downloads/1776277837.json
[2026-04-15T20:58:53.577+0000] {logging_mixin.py:188} INFO - Downloaded AMZN/1776277879.json -> /tmp/minio_downloads/1776277879.json
[2026-04-15T20:58:53.602+0000] {logging_mixin.py:188} INFO - Downloaded AMZN/1776277921.json -> /tmp/minio_downloads/1776277921.json
[2026-04-15T20:58:53.620+0000] {logging_mixin.py:188} INFO - Downloaded AMZN/1776277971.json -> /tmp/minio_downloads/1776277971.json
[2026-04-15T20:58:53.639+0000] {logging_mixin.py:188} INFO - Downloaded AMZN/1776278206.json -> /tmp/minio_downloads/1776278206.json
[2026-04-15T20:58:53.657+0000] {logging_mixin.py:188} INFO - Downloaded AMZN/1776278293.json -> /tmp/minio_downloads/1776278293.json
[2026-04-15T20:58:53.676+0000] {logging_mixin.py:188} INFO - Downloaded AMZN/1776278316.json -> /tmp/minio_downloads/1776278316.json
[2026-04-15T20:58:53.693+0000] {logging_mixin.py:188} INFO - Downloaded AMZN/1776278338.json -> /tmp/minio_downloads/1776278338.json
[2026-04-15T20:58:53.709+0000] {logging_mixin.py:188} INFO - Downloaded AMZN/1776278358.json -> /tmp/minio_downloads/1776278358.json
[2026-04-15T20:58:53.726+0000] {logging_mixin.py:188} INFO - Downloaded AMZN/1776278381.json -> /tmp/minio_downloads/1776278381.json
[2026-04-15T20:58:53.739+0000] {logging_mixin.py:188} INFO - Downloaded AMZN/1776278400.json -> /tmp/minio_downloads/1776278400.json
[2026-04-15T20:58:53.750+0000] {logging_mixin.py:188} INFO - Downloaded AMZN/1776278422.json -> /tmp/minio_downloads/1776278422.json
[2026-04-15T20:58:53.763+0000] {logging_mixin.py:188} INFO - Downloaded AMZN/1776278444.json -> /tmp/minio_downloads/1776278444.json
[2026-04-15T20:58:53.776+0000] {logging_mixin.py:188} INFO - Downloaded AMZN/1776278476.json -> /tmp/minio_downloads/1776278476.json
[2026-04-15T20:58:53.789+0000] {logging_mixin.py:188} INFO - Downloaded AMZN/1776278497.json -> /tmp/minio_downloads/1776278497.json
[2026-04-15T20:58:53.801+0000] {logging_mixin.py:188} INFO - Downloaded AMZN/1776278533.json -> /tmp/minio_downloads/1776278533.json
[2026-04-15T20:58:53.811+0000] {logging_mixin.py:188} INFO - Downloaded AMZN/1776278568.json -> /tmp/minio_downloads/1776278568.json
[2026-04-15T20:58:53.823+0000] {logging_mixin.py:188} INFO - Downloaded AMZN/1776278592.json -> /tmp/minio_downloads/1776278592.json
[2026-04-15T20:58:53.834+0000] {logging_mixin.py:188} INFO - Downloaded AMZN/1776278616.json -> /tmp/minio_downloads/1776278616.json
[2026-04-15T20:58:53.846+0000] {logging_mixin.py:188} INFO - Downloaded AMZN/1776278640.json -> /tmp/minio_downloads/1776278640.json
[2026-04-15T20:58:53.862+0000] {logging_mixin.py:188} INFO - Downloaded AMZN/1776278667.json -> /tmp/minio_downloads/1776278667.json
[2026-04-15T20:58:53.875+0000] {logging_mixin.py:188} INFO - Downloaded AMZN/1776278697.json -> /tmp/minio_downloads/1776278697.json
[2026-04-15T20:58:53.886+0000] {logging_mixin.py:188} INFO - Downloaded AMZN/1776278735.json -> /tmp/minio_downloads/1776278735.json
[2026-04-15T20:58:53.900+0000] {logging_mixin.py:188} INFO - Downloaded AMZN/1776278777.json -> /tmp/minio_downloads/1776278777.json
[2026-04-15T20:58:53.913+0000] {logging_mixin.py:188} INFO - Downloaded AMZN/1776278812.json -> /tmp/minio_downloads/1776278812.json
[2026-04-15T20:58:53.926+0000] {logging_mixin.py:188} INFO - Downloaded AMZN/1776278865.json -> /tmp/minio_downloads/1776278865.json
[2026-04-15T20:58:53.938+0000] {logging_mixin.py:188} INFO - Downloaded AMZN/1776278937.json -> /tmp/minio_downloads/1776278937.json
[2026-04-15T20:58:53.950+0000] {logging_mixin.py:188} INFO - Downloaded AMZN/1776279036.json -> /tmp/minio_downloads/1776279036.json
[2026-04-15T20:58:53.961+0000] {logging_mixin.py:188} INFO - Downloaded AMZN/1776279181.json -> /tmp/minio_downloads/1776279181.json
[2026-04-15T20:58:53.973+0000] {logging_mixin.py:188} INFO - Downloaded AMZN/1776279262.json -> /tmp/minio_downloads/1776279262.json
[2026-04-15T20:58:53.984+0000] {logging_mixin.py:188} INFO - Downloaded AMZN/1776279348.json -> /tmp/minio_downloads/1776279348.json
[2026-04-15T20:58:53.995+0000] {logging_mixin.py:188} INFO - Downloaded AMZN/1776279379.json -> /tmp/minio_downloads/1776279379.json
[2026-04-15T20:58:54.005+0000] {logging_mixin.py:188} INFO - Downloaded AMZN/1776279406.json -> /tmp/minio_downloads/1776279406.json
[2026-04-15T20:58:54.018+0000] {logging_mixin.py:188} INFO - Downloaded AMZN/1776279446.json -> /tmp/minio_downloads/1776279446.json
[2026-04-15T20:58:54.029+0000] {logging_mixin.py:188} INFO - Downloaded AMZN/1776279485.json -> /tmp/minio_downloads/1776279485.json
[2026-04-15T20:58:54.040+0000] {logging_mixin.py:188} INFO - Downloaded AMZN/1776279532.json -> /tmp/minio_downloads/1776279532.json
[2026-04-15T20:58:54.050+0000] {logging_mixin.py:188} INFO - Downloaded AMZN/1776279602.json -> /tmp/minio_downloads/1776279602.json
[2026-04-15T20:58:54.062+0000] {logging_mixin.py:188} INFO - Downloaded AMZN/1776279710.json -> /tmp/minio_downloads/1776279710.json
[2026-04-15T20:58:54.072+0000] {logging_mixin.py:188} INFO - Downloaded AMZN/1776279781.json -> /tmp/minio_downloads/1776279781.json
[2026-04-15T20:58:54.082+0000] {logging_mixin.py:188} INFO - Downloaded AMZN/1776279810.json -> /tmp/minio_downloads/1776279810.json
[2026-04-15T20:58:54.094+0000] {logging_mixin.py:188} INFO - Downloaded AMZN/1776279899.json -> /tmp/minio_downloads/1776279899.json
[2026-04-15T20:58:54.113+0000] {logging_mixin.py:188} INFO - Downloaded AMZN/1776279989.json -> /tmp/minio_downloads/1776279989.json
[2026-04-15T20:58:54.135+0000] {logging_mixin.py:188} INFO - Downloaded AMZN/1776280095.json -> /tmp/minio_downloads/1776280095.json
[2026-04-15T20:58:54.158+0000] {logging_mixin.py:188} INFO - Downloaded AMZN/1776280189.json -> /tmp/minio_downloads/1776280189.json
[2026-04-15T20:58:54.179+0000] {logging_mixin.py:188} INFO - Downloaded AMZN/1776280212.json -> /tmp/minio_downloads/1776280212.json
[2026-04-15T20:58:54.196+0000] {logging_mixin.py:188} INFO - Downloaded AMZN/1776280234.json -> /tmp/minio_downloads/1776280234.json
[2026-04-15T20:58:54.218+0000] {logging_mixin.py:188} INFO - Downloaded AMZN/1776280270.json -> /tmp/minio_downloads/1776280270.json
[2026-04-15T20:58:54.238+0000] {logging_mixin.py:188} INFO - Downloaded AMZN/1776280295.json -> /tmp/minio_downloads/1776280295.json
[2026-04-15T20:58:54.259+0000] {logging_mixin.py:188} INFO - Downloaded AMZN/1776280322.json -> /tmp/minio_downloads/1776280322.json
[2026-04-15T20:58:54.275+0000] {logging_mixin.py:188} INFO - Downloaded AMZN/1776280352.json -> /tmp/minio_downloads/1776280352.json
[2026-04-15T20:58:54.291+0000] {logging_mixin.py:188} INFO - Downloaded AMZN/1776280394.json -> /tmp/minio_downloads/1776280394.json
[2026-04-15T20:58:54.310+0000] {logging_mixin.py:188} INFO - Downloaded AMZN/1776280421.json -> /tmp/minio_downloads/1776280421.json
[2026-04-15T20:58:54.330+0000] {logging_mixin.py:188} INFO - Downloaded AMZN/1776280444.json -> /tmp/minio_downloads/1776280444.json
[2026-04-15T20:58:54.350+0000] {logging_mixin.py:188} INFO - Downloaded AMZN/1776280467.json -> /tmp/minio_downloads/1776280467.json
[2026-04-15T20:58:54.373+0000] {logging_mixin.py:188} INFO - Downloaded AMZN/1776280485.json -> /tmp/minio_downloads/1776280485.json
[2026-04-15T20:58:54.394+0000] {logging_mixin.py:188} INFO - Downloaded AMZN/1776280501.json -> /tmp/minio_downloads/1776280501.json
[2026-04-15T20:58:54.418+0000] {logging_mixin.py:188} INFO - Downloaded AMZN/1776280523.json -> /tmp/minio_downloads/1776280523.json
[2026-04-15T20:58:54.440+0000] {logging_mixin.py:188} INFO - Downloaded AMZN/1776280554.json -> /tmp/minio_downloads/1776280554.json
[2026-04-15T20:58:54.457+0000] {logging_mixin.py:188} INFO - Downloaded AMZN/1776280571.json -> /tmp/minio_downloads/1776280571.json
[2026-04-15T20:58:54.475+0000] {logging_mixin.py:188} INFO - Downloaded AMZN/1776280594.json -> /tmp/minio_downloads/1776280594.json
[2026-04-15T20:58:54.494+0000] {logging_mixin.py:188} INFO - Downloaded AMZN/1776280618.json -> /tmp/minio_downloads/1776280618.json
[2026-04-15T20:58:54.513+0000] {logging_mixin.py:188} INFO - Downloaded AMZN/1776280640.json -> /tmp/minio_downloads/1776280640.json
[2026-04-15T20:58:54.529+0000] {logging_mixin.py:188} INFO - Downloaded AMZN/1776280661.json -> /tmp/minio_downloads/1776280661.json
[2026-04-15T20:58:54.548+0000] {logging_mixin.py:188} INFO - Downloaded AMZN/1776280680.json -> /tmp/minio_downloads/1776280680.json
[2026-04-15T20:58:54.565+0000] {logging_mixin.py:188} INFO - Downloaded AMZN/1776280700.json -> /tmp/minio_downloads/1776280700.json
[2026-04-15T20:58:54.586+0000] {logging_mixin.py:188} INFO - Downloaded AMZN/1776280720.json -> /tmp/minio_downloads/1776280720.json
[2026-04-15T20:58:54.603+0000] {logging_mixin.py:188} INFO - Downloaded AMZN/1776280737.json -> /tmp/minio_downloads/1776280737.json
[2026-04-15T20:58:54.620+0000] {logging_mixin.py:188} INFO - Downloaded AMZN/1776280762.json -> /tmp/minio_downloads/1776280762.json
[2026-04-15T20:58:54.638+0000] {logging_mixin.py:188} INFO - Downloaded AMZN/1776280782.json -> /tmp/minio_downloads/1776280782.json
[2026-04-15T20:58:54.660+0000] {logging_mixin.py:188} INFO - Downloaded AMZN/1776280806.json -> /tmp/minio_downloads/1776280806.json
[2026-04-15T20:58:54.685+0000] {logging_mixin.py:188} INFO - Downloaded AMZN/1776280827.json -> /tmp/minio_downloads/1776280827.json
[2026-04-15T20:58:54.707+0000] {logging_mixin.py:188} INFO - Downloaded AMZN/1776280847.json -> /tmp/minio_downloads/1776280847.json
[2026-04-15T20:58:54.723+0000] {logging_mixin.py:188} INFO - Downloaded AMZN/1776280869.json -> /tmp/minio_downloads/1776280869.json
[2026-04-15T20:58:54.732+0000] {logging_mixin.py:188} INFO - Downloaded AMZN/1776280886.json -> /tmp/minio_downloads/1776280886.json
[2026-04-15T20:58:54.745+0000] {logging_mixin.py:188} INFO - Downloaded AMZN/1776280904.json -> /tmp/minio_downloads/1776280904.json
[2026-04-15T20:58:54.761+0000] {logging_mixin.py:188} INFO - Downloaded AMZN/1776280924.json -> /tmp/minio_downloads/1776280924.json
[2026-04-15T20:58:54.780+0000] {logging_mixin.py:188} INFO - Downloaded AMZN/1776280947.json -> /tmp/minio_downloads/1776280947.json
[2026-04-15T20:58:54.801+0000] {logging_mixin.py:188} INFO - Downloaded AMZN/1776280969.json -> /tmp/minio_downloads/1776280969.json
[2026-04-15T20:58:54.820+0000] {logging_mixin.py:188} INFO - Downloaded AMZN/1776280989.json -> /tmp/minio_downloads/1776280989.json
[2026-04-15T20:58:54.840+0000] {logging_mixin.py:188} INFO - Downloaded AMZN/1776281011.json -> /tmp/minio_downloads/1776281011.json
[2026-04-15T20:58:54.860+0000] {logging_mixin.py:188} INFO - Downloaded AMZN/1776281032.json -> /tmp/minio_downloads/1776281032.json
[2026-04-15T20:58:54.883+0000] {logging_mixin.py:188} INFO - Downloaded AMZN/1776281053.json -> /tmp/minio_downloads/1776281053.json
[2026-04-15T20:58:54.905+0000] {logging_mixin.py:188} INFO - Downloaded AMZN/1776281077.json -> /tmp/minio_downloads/1776281077.json
[2026-04-15T20:58:54.925+0000] {logging_mixin.py:188} INFO - Downloaded AMZN/1776281098.json -> /tmp/minio_downloads/1776281098.json
[2026-04-15T20:58:54.941+0000] {logging_mixin.py:188} INFO - Downloaded GOOGL/1776277492.json -> /tmp/minio_downloads/1776277492.json
[2026-04-15T20:58:54.959+0000] {logging_mixin.py:188} INFO - Downloaded GOOGL/1776277506.json -> /tmp/minio_downloads/1776277506.json
[2026-04-15T20:58:54.975+0000] {logging_mixin.py:188} INFO - Downloaded GOOGL/1776277521.json -> /tmp/minio_downloads/1776277521.json
[2026-04-15T20:58:54.991+0000] {logging_mixin.py:188} INFO - Downloaded GOOGL/1776277549.json -> /tmp/minio_downloads/1776277549.json
[2026-04-15T20:58:55.009+0000] {logging_mixin.py:188} INFO - Downloaded GOOGL/1776277564.json -> /tmp/minio_downloads/1776277564.json
[2026-04-15T20:58:55.032+0000] {logging_mixin.py:188} INFO - Downloaded GOOGL/1776277587.json -> /tmp/minio_downloads/1776277587.json
[2026-04-15T20:58:55.049+0000] {logging_mixin.py:188} INFO - Downloaded GOOGL/1776277611.json -> /tmp/minio_downloads/1776277611.json
[2026-04-15T20:58:55.065+0000] {logging_mixin.py:188} INFO - Downloaded GOOGL/1776277631.json -> /tmp/minio_downloads/1776277631.json
[2026-04-15T20:58:55.082+0000] {logging_mixin.py:188} INFO - Downloaded GOOGL/1776277649.json -> /tmp/minio_downloads/1776277649.json
[2026-04-15T20:58:55.097+0000] {logging_mixin.py:188} INFO - Downloaded GOOGL/1776277669.json -> /tmp/minio_downloads/1776277669.json
[2026-04-15T20:58:55.112+0000] {logging_mixin.py:188} INFO - Downloaded GOOGL/1776277688.json -> /tmp/minio_downloads/1776277688.json
[2026-04-15T20:58:55.125+0000] {logging_mixin.py:188} INFO - Downloaded GOOGL/1776277706.json -> /tmp/minio_downloads/1776277706.json
[2026-04-15T20:58:55.137+0000] {logging_mixin.py:188} INFO - Downloaded GOOGL/1776277732.json -> /tmp/minio_downloads/1776277732.json
[2026-04-15T20:58:55.150+0000] {logging_mixin.py:188} INFO - Downloaded GOOGL/1776277750.json -> /tmp/minio_downloads/1776277750.json
[2026-04-15T20:58:55.166+0000] {logging_mixin.py:188} INFO - Downloaded GOOGL/1776277771.json -> /tmp/minio_downloads/1776277771.json
[2026-04-15T20:58:55.182+0000] {logging_mixin.py:188} INFO - Downloaded GOOGL/1776277813.json -> /tmp/minio_downloads/1776277813.json
[2026-04-15T20:58:55.198+0000] {logging_mixin.py:188} INFO - Downloaded GOOGL/1776277876.json -> /tmp/minio_downloads/1776277876.json
[2026-04-15T20:58:55.211+0000] {logging_mixin.py:188} INFO - Downloaded GOOGL/1776277919.json -> /tmp/minio_downloads/1776277919.json
[2026-04-15T20:58:55.224+0000] {logging_mixin.py:188} INFO - Downloaded GOOGL/1776277968.json -> /tmp/minio_downloads/1776277968.json
[2026-04-15T20:58:55.234+0000] {logging_mixin.py:188} INFO - Downloaded GOOGL/1776278202.json -> /tmp/minio_downloads/1776278202.json
[2026-04-15T20:58:55.248+0000] {logging_mixin.py:188} INFO - Downloaded GOOGL/1776278268.json -> /tmp/minio_downloads/1776278268.json
[2026-04-15T20:58:55.261+0000] {logging_mixin.py:188} INFO - Downloaded GOOGL/1776278313.json -> /tmp/minio_downloads/1776278313.json
[2026-04-15T20:58:55.274+0000] {logging_mixin.py:188} INFO - Downloaded GOOGL/1776278335.json -> /tmp/minio_downloads/1776278335.json
[2026-04-15T20:58:55.287+0000] {logging_mixin.py:188} INFO - Downloaded GOOGL/1776278355.json -> /tmp/minio_downloads/1776278355.json
[2026-04-15T20:58:55.301+0000] {logging_mixin.py:188} INFO - Downloaded GOOGL/1776278378.json -> /tmp/minio_downloads/1776278378.json
[2026-04-15T20:58:55.314+0000] {logging_mixin.py:188} INFO - Downloaded GOOGL/1776278398.json -> /tmp/minio_downloads/1776278398.json
[2026-04-15T20:58:55.330+0000] {logging_mixin.py:188} INFO - Downloaded GOOGL/1776278419.json -> /tmp/minio_downloads/1776278419.json
[2026-04-15T20:58:55.344+0000] {logging_mixin.py:188} INFO - Downloaded GOOGL/1776278441.json -> /tmp/minio_downloads/1776278441.json
[2026-04-15T20:58:55.358+0000] {logging_mixin.py:188} INFO - Downloaded GOOGL/1776278472.json -> /tmp/minio_downloads/1776278472.json
[2026-04-15T20:58:55.373+0000] {logging_mixin.py:188} INFO - Downloaded GOOGL/1776278495.json -> /tmp/minio_downloads/1776278495.json
[2026-04-15T20:58:55.386+0000] {logging_mixin.py:188} INFO - Downloaded GOOGL/1776278527.json -> /tmp/minio_downloads/1776278527.json
[2026-04-15T20:58:55.398+0000] {logging_mixin.py:188} INFO - Downloaded GOOGL/1776278564.json -> /tmp/minio_downloads/1776278564.json
[2026-04-15T20:58:55.413+0000] {logging_mixin.py:188} INFO - Downloaded GOOGL/1776278588.json -> /tmp/minio_downloads/1776278588.json
[2026-04-15T20:58:55.429+0000] {logging_mixin.py:188} INFO - Downloaded GOOGL/1776278614.json -> /tmp/minio_downloads/1776278614.json
[2026-04-15T20:58:55.444+0000] {logging_mixin.py:188} INFO - Downloaded GOOGL/1776278634.json -> /tmp/minio_downloads/1776278634.json
[2026-04-15T20:58:55.459+0000] {logging_mixin.py:188} INFO - Downloaded GOOGL/1776278663.json -> /tmp/minio_downloads/1776278663.json
[2026-04-15T20:58:55.474+0000] {logging_mixin.py:188} INFO - Downloaded GOOGL/1776278694.json -> /tmp/minio_downloads/1776278694.json
[2026-04-15T20:58:55.486+0000] {logging_mixin.py:188} INFO - Downloaded GOOGL/1776278730.json -> /tmp/minio_downloads/1776278730.json
[2026-04-15T20:58:55.513+0000] {logging_mixin.py:188} INFO - Downloaded GOOGL/1776278766.json -> /tmp/minio_downloads/1776278766.json
[2026-04-15T20:58:55.528+0000] {logging_mixin.py:188} INFO - Downloaded GOOGL/1776278805.json -> /tmp/minio_downloads/1776278805.json
[2026-04-15T20:58:55.542+0000] {logging_mixin.py:188} INFO - Downloaded GOOGL/1776278854.json -> /tmp/minio_downloads/1776278854.json
[2026-04-15T20:58:55.560+0000] {logging_mixin.py:188} INFO - Downloaded GOOGL/1776278925.json -> /tmp/minio_downloads/1776278925.json
[2026-04-15T20:58:55.578+0000] {logging_mixin.py:188} INFO - Downloaded GOOGL/1776279011.json -> /tmp/minio_downloads/1776279011.json
[2026-04-15T20:58:55.595+0000] {logging_mixin.py:188} INFO - Downloaded GOOGL/1776279150.json -> /tmp/minio_downloads/1776279150.json
[2026-04-15T20:58:55.615+0000] {logging_mixin.py:188} INFO - Downloaded GOOGL/1776279256.json -> /tmp/minio_downloads/1776279256.json
[2026-04-15T20:58:55.633+0000] {logging_mixin.py:188} INFO - Downloaded GOOGL/1776279294.json -> /tmp/minio_downloads/1776279294.json
[2026-04-15T20:58:55.646+0000] {logging_mixin.py:188} INFO - Downloaded GOOGL/1776279345.json -> /tmp/minio_downloads/1776279345.json
[2026-04-15T20:58:55.658+0000] {logging_mixin.py:188} INFO - Downloaded GOOGL/1776279375.json -> /tmp/minio_downloads/1776279375.json
[2026-04-15T20:58:55.673+0000] {logging_mixin.py:188} INFO - Downloaded GOOGL/1776279402.json -> /tmp/minio_downloads/1776279402.json
[2026-04-15T20:58:55.689+0000] {logging_mixin.py:188} INFO - Downloaded GOOGL/1776279439.json -> /tmp/minio_downloads/1776279439.json
[2026-04-15T20:58:55.704+0000] {logging_mixin.py:188} INFO - Downloaded GOOGL/1776279478.json -> /tmp/minio_downloads/1776279478.json
[2026-04-15T20:58:55.718+0000] {logging_mixin.py:188} INFO - Downloaded GOOGL/1776279526.json -> /tmp/minio_downloads/1776279526.json
[2026-04-15T20:58:55.731+0000] {logging_mixin.py:188} INFO - Downloaded GOOGL/1776279574.json -> /tmp/minio_downloads/1776279574.json
[2026-04-15T20:58:55.747+0000] {logging_mixin.py:188} INFO - Downloaded GOOGL/1776279683.json -> /tmp/minio_downloads/1776279683.json
[2026-04-15T20:58:55.768+0000] {logging_mixin.py:188} INFO - Downloaded GOOGL/1776279777.json -> /tmp/minio_downloads/1776279777.json
[2026-04-15T20:58:55.784+0000] {logging_mixin.py:188} INFO - Downloaded GOOGL/1776279807.json -> /tmp/minio_downloads/1776279807.json
[2026-04-15T20:58:55.805+0000] {logging_mixin.py:188} INFO - Downloaded GOOGL/1776279871.json -> /tmp/minio_downloads/1776279871.json
[2026-04-15T20:58:55.821+0000] {logging_mixin.py:188} INFO - Downloaded GOOGL/1776279963.json -> /tmp/minio_downloads/1776279963.json
[2026-04-15T20:58:55.831+0000] {logging_mixin.py:188} INFO - Downloaded GOOGL/1776280066.json -> /tmp/minio_downloads/1776280066.json
[2026-04-15T20:58:55.844+0000] {logging_mixin.py:188} INFO - Downloaded GOOGL/1776280164.json -> /tmp/minio_downloads/1776280164.json
[2026-04-15T20:58:55.860+0000] {logging_mixin.py:188} INFO - Downloaded GOOGL/1776280208.json -> /tmp/minio_downloads/1776280208.json
[2026-04-15T20:58:55.875+0000] {logging_mixin.py:188} INFO - Downloaded GOOGL/1776280230.json -> /tmp/minio_downloads/1776280230.json
[2026-04-15T20:58:55.890+0000] {logging_mixin.py:188} INFO - Downloaded GOOGL/1776280265.json -> /tmp/minio_downloads/1776280265.json
[2026-04-15T20:58:55.906+0000] {logging_mixin.py:188} INFO - Downloaded GOOGL/1776280291.json -> /tmp/minio_downloads/1776280291.json
[2026-04-15T20:58:55.921+0000] {logging_mixin.py:188} INFO - Downloaded GOOGL/1776280319.json -> /tmp/minio_downloads/1776280319.json
[2026-04-15T20:58:55.933+0000] {logging_mixin.py:188} INFO - Downloaded GOOGL/1776280348.json -> /tmp/minio_downloads/1776280348.json
[2026-04-15T20:58:55.948+0000] {logging_mixin.py:188} INFO - Downloaded GOOGL/1776280388.json -> /tmp/minio_downloads/1776280388.json
[2026-04-15T20:58:55.965+0000] {logging_mixin.py:188} INFO - Downloaded GOOGL/1776280416.json -> /tmp/minio_downloads/1776280416.json
[2026-04-15T20:58:55.981+0000] {logging_mixin.py:188} INFO - Downloaded GOOGL/1776280441.json -> /tmp/minio_downloads/1776280441.json
[2026-04-15T20:58:55.997+0000] {logging_mixin.py:188} INFO - Downloaded GOOGL/1776280465.json -> /tmp/minio_downloads/1776280465.json
[2026-04-15T20:58:56.011+0000] {logging_mixin.py:188} INFO - Downloaded GOOGL/1776280482.json -> /tmp/minio_downloads/1776280482.json
[2026-04-15T20:58:56.028+0000] {logging_mixin.py:188} INFO - Downloaded GOOGL/1776280499.json -> /tmp/minio_downloads/1776280499.json
[2026-04-15T20:58:56.044+0000] {logging_mixin.py:188} INFO - Downloaded GOOGL/1776280521.json -> /tmp/minio_downloads/1776280521.json
[2026-04-15T20:58:56.060+0000] {logging_mixin.py:188} INFO - Downloaded GOOGL/1776280552.json -> /tmp/minio_downloads/1776280552.json
[2026-04-15T20:58:56.077+0000] {logging_mixin.py:188} INFO - Downloaded GOOGL/1776280569.json -> /tmp/minio_downloads/1776280569.json
[2026-04-15T20:58:56.092+0000] {logging_mixin.py:188} INFO - Downloaded GOOGL/1776280590.json -> /tmp/minio_downloads/1776280590.json
[2026-04-15T20:58:56.109+0000] {logging_mixin.py:188} INFO - Downloaded GOOGL/1776280614.json -> /tmp/minio_downloads/1776280614.json
[2026-04-15T20:58:56.125+0000] {logging_mixin.py:188} INFO - Downloaded GOOGL/1776280637.json -> /tmp/minio_downloads/1776280637.json
[2026-04-15T20:58:56.144+0000] {logging_mixin.py:188} INFO - Downloaded GOOGL/1776280658.json -> /tmp/minio_downloads/1776280658.json
[2026-04-15T20:58:56.159+0000] {logging_mixin.py:188} INFO - Downloaded GOOGL/1776280678.json -> /tmp/minio_downloads/1776280678.json
[2026-04-15T20:58:56.174+0000] {logging_mixin.py:188} INFO - Downloaded GOOGL/1776280697.json -> /tmp/minio_downloads/1776280697.json
[2026-04-15T20:58:56.194+0000] {logging_mixin.py:188} INFO - Downloaded GOOGL/1776280717.json -> /tmp/minio_downloads/1776280717.json
[2026-04-15T20:58:56.210+0000] {logging_mixin.py:188} INFO - Downloaded GOOGL/1776280735.json -> /tmp/minio_downloads/1776280735.json
[2026-04-15T20:58:56.229+0000] {logging_mixin.py:188} INFO - Downloaded GOOGL/1776280757.json -> /tmp/minio_downloads/1776280757.json
[2026-04-15T20:58:56.243+0000] {logging_mixin.py:188} INFO - Downloaded GOOGL/1776280779.json -> /tmp/minio_downloads/1776280779.json
[2026-04-15T20:58:56.262+0000] {logging_mixin.py:188} INFO - Downloaded GOOGL/1776280802.json -> /tmp/minio_downloads/1776280802.json
[2026-04-15T20:58:56.277+0000] {logging_mixin.py:188} INFO - Downloaded GOOGL/1776280824.json -> /tmp/minio_downloads/1776280824.json
[2026-04-15T20:58:56.291+0000] {logging_mixin.py:188} INFO - Downloaded GOOGL/1776280843.json -> /tmp/minio_downloads/1776280843.json
[2026-04-15T20:58:56.307+0000] {logging_mixin.py:188} INFO - Downloaded GOOGL/1776280866.json -> /tmp/minio_downloads/1776280866.json
[2026-04-15T20:58:56.321+0000] {logging_mixin.py:188} INFO - Downloaded GOOGL/1776280884.json -> /tmp/minio_downloads/1776280884.json
[2026-04-15T20:58:56.335+0000] {logging_mixin.py:188} INFO - Downloaded GOOGL/1776280903.json -> /tmp/minio_downloads/1776280903.json
[2026-04-15T20:58:56.350+0000] {logging_mixin.py:188} INFO - Downloaded GOOGL/1776280921.json -> /tmp/minio_downloads/1776280921.json
[2026-04-15T20:58:56.364+0000] {logging_mixin.py:188} INFO - Downloaded GOOGL/1776280943.json -> /tmp/minio_downloads/1776280943.json
[2026-04-15T20:58:56.379+0000] {logging_mixin.py:188} INFO - Downloaded GOOGL/1776280965.json -> /tmp/minio_downloads/1776280965.json
[2026-04-15T20:58:56.393+0000] {logging_mixin.py:188} INFO - Downloaded GOOGL/1776280987.json -> /tmp/minio_downloads/1776280987.json
[2026-04-15T20:58:56.406+0000] {logging_mixin.py:188} INFO - Downloaded GOOGL/1776281008.json -> /tmp/minio_downloads/1776281008.json
[2026-04-15T20:58:56.420+0000] {logging_mixin.py:188} INFO - Downloaded GOOGL/1776281029.json -> /tmp/minio_downloads/1776281029.json
[2026-04-15T20:58:56.437+0000] {logging_mixin.py:188} INFO - Downloaded GOOGL/1776281050.json -> /tmp/minio_downloads/1776281050.json
[2026-04-15T20:58:56.454+0000] {logging_mixin.py:188} INFO - Downloaded GOOGL/1776281074.json -> /tmp/minio_downloads/1776281074.json
[2026-04-15T20:58:56.469+0000] {logging_mixin.py:188} INFO - Downloaded GOOGL/1776281095.json -> /tmp/minio_downloads/1776281095.json
[2026-04-15T20:58:56.480+0000] {logging_mixin.py:188} INFO - Downloaded MSFT/1776277489.json -> /tmp/minio_downloads/1776277489.json
[2026-04-15T20:58:56.493+0000] {logging_mixin.py:188} INFO - Downloaded MSFT/1776277503.json -> /tmp/minio_downloads/1776277503.json
[2026-04-15T20:58:56.502+0000] {logging_mixin.py:188} INFO - Downloaded MSFT/1776277517.json -> /tmp/minio_downloads/1776277517.json
[2026-04-15T20:58:56.512+0000] {logging_mixin.py:188} INFO - Downloaded MSFT/1776277533.json -> /tmp/minio_downloads/1776277533.json
[2026-04-15T20:58:56.523+0000] {logging_mixin.py:188} INFO - Downloaded MSFT/1776277561.json -> /tmp/minio_downloads/1776277561.json
[2026-04-15T20:58:56.533+0000] {logging_mixin.py:188} INFO - Downloaded MSFT/1776277581.json -> /tmp/minio_downloads/1776277581.json
[2026-04-15T20:58:56.545+0000] {logging_mixin.py:188} INFO - Downloaded MSFT/1776277603.json -> /tmp/minio_downloads/1776277603.json
[2026-04-15T20:58:56.558+0000] {logging_mixin.py:188} INFO - Downloaded MSFT/1776277625.json -> /tmp/minio_downloads/1776277625.json
[2026-04-15T20:58:56.572+0000] {logging_mixin.py:188} INFO - Downloaded MSFT/1776277644.json -> /tmp/minio_downloads/1776277644.json
[2026-04-15T20:58:56.589+0000] {logging_mixin.py:188} INFO - Downloaded MSFT/1776277662.json -> /tmp/minio_downloads/1776277662.json
[2026-04-15T20:58:56.613+0000] {logging_mixin.py:188} INFO - Downloaded MSFT/1776277682.json -> /tmp/minio_downloads/1776277682.json
[2026-04-15T20:58:56.634+0000] {logging_mixin.py:188} INFO - Downloaded MSFT/1776277701.json -> /tmp/minio_downloads/1776277701.json
[2026-04-15T20:58:56.655+0000] {logging_mixin.py:188} INFO - Downloaded MSFT/1776277726.json -> /tmp/minio_downloads/1776277726.json
[2026-04-15T20:58:56.674+0000] {logging_mixin.py:188} INFO - Downloaded MSFT/1776277745.json -> /tmp/minio_downloads/1776277745.json
[2026-04-15T20:58:56.692+0000] {logging_mixin.py:188} INFO - Downloaded MSFT/1776277764.json -> /tmp/minio_downloads/1776277764.json
[2026-04-15T20:58:56.710+0000] {logging_mixin.py:188} INFO - Downloaded MSFT/1776277785.json -> /tmp/minio_downloads/1776277785.json
[2026-04-15T20:58:56.728+0000] {logging_mixin.py:188} INFO - Downloaded MSFT/1776277849.json -> /tmp/minio_downloads/1776277849.json
[2026-04-15T20:58:56.748+0000] {logging_mixin.py:188} INFO - Downloaded MSFT/1776277911.json -> /tmp/minio_downloads/1776277911.json
[2026-04-15T20:58:56.766+0000] {logging_mixin.py:188} INFO - Downloaded MSFT/1776277961.json -> /tmp/minio_downloads/1776277961.json
[2026-04-15T20:58:56.792+0000] {logging_mixin.py:188} INFO - Downloaded MSFT/1776278174.json -> /tmp/minio_downloads/1776278174.json
[2026-04-15T20:58:56.809+0000] {logging_mixin.py:188} INFO - Downloaded MSFT/1776278261.json -> /tmp/minio_downloads/1776278261.json
[2026-04-15T20:58:56.822+0000] {logging_mixin.py:188} INFO - Downloaded MSFT/1776278307.json -> /tmp/minio_downloads/1776278307.json
[2026-04-15T20:58:56.832+0000] {logging_mixin.py:188} INFO - Downloaded MSFT/1776278328.json -> /tmp/minio_downloads/1776278328.json
[2026-04-15T20:58:56.842+0000] {logging_mixin.py:188} INFO - Downloaded MSFT/1776278350.json -> /tmp/minio_downloads/1776278350.json
[2026-04-15T20:58:56.853+0000] {logging_mixin.py:188} INFO - Downloaded MSFT/1776278370.json -> /tmp/minio_downloads/1776278370.json
[2026-04-15T20:58:56.871+0000] {logging_mixin.py:188} INFO - Downloaded MSFT/1776278393.json -> /tmp/minio_downloads/1776278393.json
[2026-04-15T20:58:56.885+0000] {logging_mixin.py:188} INFO - Downloaded MSFT/1776278412.json -> /tmp/minio_downloads/1776278412.json
[2026-04-15T20:58:56.897+0000] {logging_mixin.py:188} INFO - Downloaded MSFT/1776278434.json -> /tmp/minio_downloads/1776278434.json
[2026-04-15T20:58:56.907+0000] {logging_mixin.py:188} INFO - Downloaded MSFT/1776278466.json -> /tmp/minio_downloads/1776278466.json
[2026-04-15T20:58:56.921+0000] {logging_mixin.py:188} INFO - Downloaded MSFT/1776278488.json -> /tmp/minio_downloads/1776278488.json
[2026-04-15T20:58:56.932+0000] {logging_mixin.py:188} INFO - Downloaded MSFT/1776278514.json -> /tmp/minio_downloads/1776278514.json
[2026-04-15T20:58:56.946+0000] {logging_mixin.py:188} INFO - Downloaded MSFT/1776278555.json -> /tmp/minio_downloads/1776278555.json
[2026-04-15T20:58:56.960+0000] {logging_mixin.py:188} INFO - Downloaded MSFT/1776278582.json -> /tmp/minio_downloads/1776278582.json
[2026-04-15T20:58:56.979+0000] {logging_mixin.py:188} INFO - Downloaded MSFT/1776278608.json -> /tmp/minio_downloads/1776278608.json
[2026-04-15T20:58:56.993+0000] {logging_mixin.py:188} INFO - Downloaded MSFT/1776278628.json -> /tmp/minio_downloads/1776278628.json
[2026-04-15T20:58:57.007+0000] {logging_mixin.py:188} INFO - Downloaded MSFT/1776278655.json -> /tmp/minio_downloads/1776278655.json
[2026-04-15T20:58:57.022+0000] {logging_mixin.py:188} INFO - Downloaded MSFT/1776278684.json -> /tmp/minio_downloads/1776278684.json
[2026-04-15T20:58:57.036+0000] {logging_mixin.py:188} INFO - Downloaded MSFT/1776278716.json -> /tmp/minio_downloads/1776278716.json
[2026-04-15T20:58:57.055+0000] {logging_mixin.py:188} INFO - Downloaded MSFT/1776278753.json -> /tmp/minio_downloads/1776278753.json
[2026-04-15T20:58:57.077+0000] {logging_mixin.py:188} INFO - Downloaded MSFT/1776278793.json -> /tmp/minio_downloads/1776278793.json
[2026-04-15T20:58:57.101+0000] {logging_mixin.py:188} INFO - Downloaded MSFT/1776278837.json -> /tmp/minio_downloads/1776278837.json
[2026-04-15T20:58:57.127+0000] {logging_mixin.py:188} INFO - Downloaded MSFT/1776278898.json -> /tmp/minio_downloads/1776278898.json
[2026-04-15T20:58:57.156+0000] {logging_mixin.py:188} INFO - Downloaded MSFT/1776278974.json -> /tmp/minio_downloads/1776278974.json
[2026-04-15T20:58:57.180+0000] {logging_mixin.py:188} INFO - Downloaded MSFT/1776279092.json -> /tmp/minio_downloads/1776279092.json
[2026-04-15T20:58:57.212+0000] {logging_mixin.py:188} INFO - Downloaded MSFT/1776279224.json -> /tmp/minio_downloads/1776279224.json
[2026-04-15T20:58:57.240+0000] {logging_mixin.py:188} INFO - Downloaded MSFT/1776279281.json -> /tmp/minio_downloads/1776279281.json
[2026-04-15T20:58:57.260+0000] {logging_mixin.py:188} INFO - Downloaded MSFT/1776279339.json -> /tmp/minio_downloads/1776279339.json
[2026-04-15T20:58:57.276+0000] {logging_mixin.py:188} INFO - Downloaded MSFT/1776279362.json -> /tmp/minio_downloads/1776279362.json
[2026-04-15T20:58:57.292+0000] {logging_mixin.py:188} INFO - Downloaded MSFT/1776279393.json -> /tmp/minio_downloads/1776279393.json
[2026-04-15T20:58:57.309+0000] {logging_mixin.py:188} INFO - Downloaded MSFT/1776279425.json -> /tmp/minio_downloads/1776279425.json
[2026-04-15T20:58:57.326+0000] {logging_mixin.py:188} INFO - Downloaded MSFT/1776279467.json -> /tmp/minio_downloads/1776279467.json
[2026-04-15T20:58:57.343+0000] {logging_mixin.py:188} INFO - Downloaded MSFT/1776279510.json -> /tmp/minio_downloads/1776279510.json
[2026-04-15T20:58:57.362+0000] {logging_mixin.py:188} INFO - Downloaded MSFT/1776279558.json -> /tmp/minio_downloads/1776279558.json
[2026-04-15T20:58:57.380+0000] {logging_mixin.py:188} INFO - Downloaded MSFT/1776279644.json -> /tmp/minio_downloads/1776279644.json
[2026-04-15T20:58:57.399+0000] {logging_mixin.py:188} INFO - Downloaded MSFT/1776279746.json -> /tmp/minio_downloads/1776279746.json
[2026-04-15T20:58:57.420+0000] {logging_mixin.py:188} INFO - Downloaded MSFT/1776279799.json -> /tmp/minio_downloads/1776279799.json
[2026-04-15T20:58:57.440+0000] {logging_mixin.py:188} INFO - Downloaded MSFT/1776279843.json -> /tmp/minio_downloads/1776279843.json
[2026-04-15T20:58:57.457+0000] {logging_mixin.py:188} INFO - Downloaded MSFT/1776279933.json -> /tmp/minio_downloads/1776279933.json
[2026-04-15T20:58:57.474+0000] {logging_mixin.py:188} INFO - Downloaded MSFT/1776280004.json -> /tmp/minio_downloads/1776280004.json
[2026-04-15T20:58:57.492+0000] {logging_mixin.py:188} INFO - Downloaded MSFT/1776280127.json -> /tmp/minio_downloads/1776280127.json
[2026-04-15T20:58:57.508+0000] {logging_mixin.py:188} INFO - Downloaded MSFT/1776280202.json -> /tmp/minio_downloads/1776280202.json
[2026-04-15T20:58:57.521+0000] {logging_mixin.py:188} INFO - Downloaded MSFT/1776280224.json -> /tmp/minio_downloads/1776280224.json
[2026-04-15T20:58:57.533+0000] {logging_mixin.py:188} INFO - Downloaded MSFT/1776280253.json -> /tmp/minio_downloads/1776280253.json
[2026-04-15T20:58:57.543+0000] {logging_mixin.py:188} INFO - Downloaded MSFT/1776280284.json -> /tmp/minio_downloads/1776280284.json
[2026-04-15T20:58:57.556+0000] {logging_mixin.py:188} INFO - Downloaded MSFT/1776280311.json -> /tmp/minio_downloads/1776280311.json
[2026-04-15T20:58:57.571+0000] {logging_mixin.py:188} INFO - Downloaded MSFT/1776280334.json -> /tmp/minio_downloads/1776280334.json
[2026-04-15T20:58:57.587+0000] {logging_mixin.py:188} INFO - Downloaded MSFT/1776280374.json -> /tmp/minio_downloads/1776280374.json
[2026-04-15T20:58:57.606+0000] {logging_mixin.py:188} INFO - Downloaded MSFT/1776280409.json -> /tmp/minio_downloads/1776280409.json
[2026-04-15T20:58:57.624+0000] {logging_mixin.py:188} INFO - Downloaded MSFT/1776280434.json -> /tmp/minio_downloads/1776280434.json
[2026-04-15T20:58:57.650+0000] {logging_mixin.py:188} INFO - Downloaded MSFT/1776280458.json -> /tmp/minio_downloads/1776280458.json
[2026-04-15T20:58:57.670+0000] {logging_mixin.py:188} INFO - Downloaded MSFT/1776280477.json -> /tmp/minio_downloads/1776280477.json
[2026-04-15T20:58:57.685+0000] {logging_mixin.py:188} INFO - Downloaded MSFT/1776280495.json -> /tmp/minio_downloads/1776280495.json
[2026-04-15T20:58:57.700+0000] {logging_mixin.py:188} INFO - Downloaded MSFT/1776280513.json -> /tmp/minio_downloads/1776280513.json
[2026-04-15T20:58:57.719+0000] {logging_mixin.py:188} INFO - Downloaded MSFT/1776280538.json -> /tmp/minio_downloads/1776280538.json
[2026-04-15T20:58:57.740+0000] {logging_mixin.py:188} INFO - Downloaded MSFT/1776280564.json -> /tmp/minio_downloads/1776280564.json
[2026-04-15T20:58:57.758+0000] {logging_mixin.py:188} INFO - Downloaded MSFT/1776280583.json -> /tmp/minio_downloads/1776280583.json
[2026-04-15T20:58:57.775+0000] {logging_mixin.py:188} INFO - Downloaded MSFT/1776280606.json -> /tmp/minio_downloads/1776280606.json
[2026-04-15T20:58:57.789+0000] {logging_mixin.py:188} INFO - Downloaded MSFT/1776280631.json -> /tmp/minio_downloads/1776280631.json
[2026-04-15T20:58:57.802+0000] {logging_mixin.py:188} INFO - Downloaded MSFT/1776280652.json -> /tmp/minio_downloads/1776280652.json
[2026-04-15T20:58:57.812+0000] {logging_mixin.py:188} INFO - Downloaded MSFT/1776280670.json -> /tmp/minio_downloads/1776280670.json
[2026-04-15T20:58:57.825+0000] {logging_mixin.py:188} INFO - Downloaded MSFT/1776280692.json -> /tmp/minio_downloads/1776280692.json
[2026-04-15T20:58:57.839+0000] {logging_mixin.py:188} INFO - Downloaded MSFT/1776280711.json -> /tmp/minio_downloads/1776280711.json
[2026-04-15T20:58:57.853+0000] {logging_mixin.py:188} INFO - Downloaded MSFT/1776280730.json -> /tmp/minio_downloads/1776280730.json
[2026-04-15T20:58:57.865+0000] {logging_mixin.py:188} INFO - Downloaded MSFT/1776280750.json -> /tmp/minio_downloads/1776280750.json
[2026-04-15T20:58:57.886+0000] {logging_mixin.py:188} INFO - Downloaded MSFT/1776280773.json -> /tmp/minio_downloads/1776280773.json
[2026-04-15T20:58:57.911+0000] {logging_mixin.py:188} INFO - Downloaded MSFT/1776280796.json -> /tmp/minio_downloads/1776280796.json
[2026-04-15T20:58:57.939+0000] {logging_mixin.py:188} INFO - Downloaded MSFT/1776280818.json -> /tmp/minio_downloads/1776280818.json
[2026-04-15T20:58:57.960+0000] {logging_mixin.py:188} INFO - Downloaded MSFT/1776280840.json -> /tmp/minio_downloads/1776280840.json
[2026-04-15T20:58:57.982+0000] {logging_mixin.py:188} INFO - Downloaded MSFT/1776280860.json -> /tmp/minio_downloads/1776280860.json
[2026-04-15T20:58:58.005+0000] {logging_mixin.py:188} INFO - Downloaded MSFT/1776280880.json -> /tmp/minio_downloads/1776280880.json
[2026-04-15T20:58:58.025+0000] {logging_mixin.py:188} INFO - Downloaded MSFT/1776280898.json -> /tmp/minio_downloads/1776280898.json
[2026-04-15T20:58:58.043+0000] {logging_mixin.py:188} INFO - Downloaded MSFT/1776280916.json -> /tmp/minio_downloads/1776280916.json
[2026-04-15T20:58:58.061+0000] {logging_mixin.py:188} INFO - Downloaded MSFT/1776280938.json -> /tmp/minio_downloads/1776280938.json
[2026-04-15T20:58:58.078+0000] {logging_mixin.py:188} INFO - Downloaded MSFT/1776280959.json -> /tmp/minio_downloads/1776280959.json
[2026-04-15T20:58:58.096+0000] {logging_mixin.py:188} INFO - Downloaded MSFT/1776280980.json -> /tmp/minio_downloads/1776280980.json
[2026-04-15T20:58:58.114+0000] {logging_mixin.py:188} INFO - Downloaded MSFT/1776280999.json -> /tmp/minio_downloads/1776280999.json
[2026-04-15T20:58:58.135+0000] {logging_mixin.py:188} INFO - Downloaded MSFT/1776281022.json -> /tmp/minio_downloads/1776281022.json
[2026-04-15T20:58:58.158+0000] {logging_mixin.py:188} INFO - Downloaded MSFT/1776281045.json -> /tmp/minio_downloads/1776281045.json
[2026-04-15T20:58:58.181+0000] {logging_mixin.py:188} INFO - Downloaded MSFT/1776281066.json -> /tmp/minio_downloads/1776281066.json
[2026-04-15T20:58:58.203+0000] {logging_mixin.py:188} INFO - Downloaded MSFT/1776281090.json -> /tmp/minio_downloads/1776281090.json
[2026-04-15T20:58:58.228+0000] {logging_mixin.py:188} INFO - Downloaded MSFT/1776281128.json -> /tmp/minio_downloads/1776281128.json
[2026-04-15T20:58:58.251+0000] {logging_mixin.py:188} INFO - Downloaded TSLA/1776277490.json -> /tmp/minio_downloads/1776277490.json
[2026-04-15T20:58:58.274+0000] {logging_mixin.py:188} INFO - Downloaded TSLA/1776277505.json -> /tmp/minio_downloads/1776277505.json
[2026-04-15T20:58:58.293+0000] {logging_mixin.py:188} INFO - Downloaded TSLA/1776277519.json -> /tmp/minio_downloads/1776277519.json
[2026-04-15T20:58:58.307+0000] {logging_mixin.py:188} INFO - Downloaded TSLA/1776277536.json -> /tmp/minio_downloads/1776277536.json
[2026-04-15T20:58:58.323+0000] {logging_mixin.py:188} INFO - Downloaded TSLA/1776277562.json -> /tmp/minio_downloads/1776277562.json
[2026-04-15T20:58:58.338+0000] {logging_mixin.py:188} INFO - Downloaded TSLA/1776277585.json -> /tmp/minio_downloads/1776277585.json
[2026-04-15T20:58:58.351+0000] {logging_mixin.py:188} INFO - Downloaded TSLA/1776277609.json -> /tmp/minio_downloads/1776277609.json
[2026-04-15T20:58:58.363+0000] {logging_mixin.py:188} INFO - Downloaded TSLA/1776277628.json -> /tmp/minio_downloads/1776277628.json
[2026-04-15T20:58:58.379+0000] {logging_mixin.py:188} INFO - Downloaded TSLA/1776277647.json -> /tmp/minio_downloads/1776277647.json
[2026-04-15T20:58:58.392+0000] {logging_mixin.py:188} INFO - Downloaded TSLA/1776277667.json -> /tmp/minio_downloads/1776277667.json
[2026-04-15T20:58:58.403+0000] {logging_mixin.py:188} INFO - Downloaded TSLA/1776277686.json -> /tmp/minio_downloads/1776277686.json
[2026-04-15T20:58:58.414+0000] {logging_mixin.py:188} INFO - Downloaded TSLA/1776277703.json -> /tmp/minio_downloads/1776277703.json
[2026-04-15T20:58:58.425+0000] {logging_mixin.py:188} INFO - Downloaded TSLA/1776277729.json -> /tmp/minio_downloads/1776277729.json
[2026-04-15T20:58:58.436+0000] {logging_mixin.py:188} INFO - Downloaded TSLA/1776277747.json -> /tmp/minio_downloads/1776277747.json
[2026-04-15T20:58:58.445+0000] {logging_mixin.py:188} INFO - Downloaded TSLA/1776277767.json -> /tmp/minio_downloads/1776277767.json
[2026-04-15T20:58:58.454+0000] {logging_mixin.py:188} INFO - Downloaded TSLA/1776277810.json -> /tmp/minio_downloads/1776277810.json
[2026-04-15T20:58:58.466+0000] {logging_mixin.py:188} INFO - Downloaded TSLA/1776277874.json -> /tmp/minio_downloads/1776277874.json
[2026-04-15T20:58:58.480+0000] {logging_mixin.py:188} INFO - Downloaded TSLA/1776277914.json -> /tmp/minio_downloads/1776277914.json
[2026-04-15T20:58:58.493+0000] {logging_mixin.py:188} INFO - Downloaded TSLA/1776277964.json -> /tmp/minio_downloads/1776277964.json
[2026-04-15T20:58:58.505+0000] {logging_mixin.py:188} INFO - Downloaded TSLA/1776278177.json -> /tmp/minio_downloads/1776278177.json
[2026-04-15T20:58:58.521+0000] {logging_mixin.py:188} INFO - Downloaded TSLA/1776278265.json -> /tmp/minio_downloads/1776278265.json
[2026-04-15T20:58:58.540+0000] {logging_mixin.py:188} INFO - Downloaded TSLA/1776278310.json -> /tmp/minio_downloads/1776278310.json
[2026-04-15T20:58:58.562+0000] {logging_mixin.py:188} INFO - Downloaded TSLA/1776278332.json -> /tmp/minio_downloads/1776278332.json
[2026-04-15T20:58:58.585+0000] {logging_mixin.py:188} INFO - Downloaded TSLA/1776278353.json -> /tmp/minio_downloads/1776278353.json
[2026-04-15T20:58:58.606+0000] {logging_mixin.py:188} INFO - Downloaded TSLA/1776278375.json -> /tmp/minio_downloads/1776278375.json
[2026-04-15T20:58:58.623+0000] {logging_mixin.py:188} INFO - Downloaded TSLA/1776278395.json -> /tmp/minio_downloads/1776278395.json
[2026-04-15T20:58:58.640+0000] {logging_mixin.py:188} INFO - Downloaded TSLA/1776278415.json -> /tmp/minio_downloads/1776278415.json
[2026-04-15T20:58:58.654+0000] {logging_mixin.py:188} INFO - Downloaded TSLA/1776278437.json -> /tmp/minio_downloads/1776278437.json
[2026-04-15T20:58:58.667+0000] {logging_mixin.py:188} INFO - Downloaded TSLA/1776278469.json -> /tmp/minio_downloads/1776278469.json
[2026-04-15T20:58:58.677+0000] {logging_mixin.py:188} INFO - Downloaded TSLA/1776278491.json -> /tmp/minio_downloads/1776278491.json
[2026-04-15T20:58:58.689+0000] {logging_mixin.py:188} INFO - Downloaded TSLA/1776278519.json -> /tmp/minio_downloads/1776278519.json
[2026-04-15T20:58:58.707+0000] {logging_mixin.py:188} INFO - Downloaded TSLA/1776278560.json -> /tmp/minio_downloads/1776278560.json
[2026-04-15T20:58:58.727+0000] {logging_mixin.py:188} INFO - Downloaded TSLA/1776278585.json -> /tmp/minio_downloads/1776278585.json
[2026-04-15T20:58:58.744+0000] {logging_mixin.py:188} INFO - Downloaded TSLA/1776278611.json -> /tmp/minio_downloads/1776278611.json
[2026-04-15T20:58:58.764+0000] {logging_mixin.py:188} INFO - Downloaded TSLA/1776278631.json -> /tmp/minio_downloads/1776278631.json
[2026-04-15T20:58:58.784+0000] {logging_mixin.py:188} INFO - Downloaded TSLA/1776278658.json -> /tmp/minio_downloads/1776278658.json
[2026-04-15T20:58:58.805+0000] {logging_mixin.py:188} INFO - Downloaded TSLA/1776278688.json -> /tmp/minio_downloads/1776278688.json
[2026-04-15T20:58:58.828+0000] {logging_mixin.py:188} INFO - Downloaded TSLA/1776278724.json -> /tmp/minio_downloads/1776278724.json
[2026-04-15T20:58:58.853+0000] {logging_mixin.py:188} INFO - Downloaded TSLA/1776278758.json -> /tmp/minio_downloads/1776278758.json
[2026-04-15T20:58:58.878+0000] {logging_mixin.py:188} INFO - Downloaded TSLA/1776278799.json -> /tmp/minio_downloads/1776278799.json
[2026-04-15T20:58:58.901+0000] {logging_mixin.py:188} INFO - Downloaded TSLA/1776278845.json -> /tmp/minio_downloads/1776278845.json
[2026-04-15T20:58:58.924+0000] {logging_mixin.py:188} INFO - Downloaded TSLA/1776278911.json -> /tmp/minio_downloads/1776278911.json
[2026-04-15T20:58:58.944+0000] {logging_mixin.py:188} INFO - Downloaded TSLA/1776278980.json -> /tmp/minio_downloads/1776278980.json
[2026-04-15T20:58:58.962+0000] {logging_mixin.py:188} INFO - Downloaded TSLA/1776279120.json -> /tmp/minio_downloads/1776279120.json
[2026-04-15T20:58:58.976+0000] {logging_mixin.py:188} INFO - Downloaded TSLA/1776279252.json -> /tmp/minio_downloads/1776279252.json
[2026-04-15T20:58:58.995+0000] {logging_mixin.py:188} INFO - Downloaded TSLA/1776279287.json -> /tmp/minio_downloads/1776279287.json
[2026-04-15T20:58:59.011+0000] {logging_mixin.py:188} INFO - Downloaded TSLA/1776279342.json -> /tmp/minio_downloads/1776279342.json
[2026-04-15T20:58:59.024+0000] {logging_mixin.py:188} INFO - Downloaded TSLA/1776279370.json -> /tmp/minio_downloads/1776279370.json
[2026-04-15T20:58:59.036+0000] {logging_mixin.py:188} INFO - Downloaded TSLA/1776279397.json -> /tmp/minio_downloads/1776279397.json
[2026-04-15T20:58:59.049+0000] {logging_mixin.py:188} INFO - Downloaded TSLA/1776279432.json -> /tmp/minio_downloads/1776279432.json
[2026-04-15T20:58:59.059+0000] {logging_mixin.py:188} INFO - Downloaded TSLA/1776279472.json -> /tmp/minio_downloads/1776279472.json
[2026-04-15T20:58:59.076+0000] {logging_mixin.py:188} INFO - Downloaded TSLA/1776279519.json -> /tmp/minio_downloads/1776279519.json
[2026-04-15T20:58:59.086+0000] {logging_mixin.py:188} INFO - Downloaded TSLA/1776279566.json -> /tmp/minio_downloads/1776279566.json
[2026-04-15T20:58:59.095+0000] {logging_mixin.py:188} INFO - Downloaded TSLA/1776279675.json -> /tmp/minio_downloads/1776279675.json
[2026-04-15T20:58:59.109+0000] {logging_mixin.py:188} INFO - Downloaded TSLA/1776279752.json -> /tmp/minio_downloads/1776279752.json
[2026-04-15T20:58:59.127+0000] {logging_mixin.py:188} INFO - Downloaded TSLA/1776279804.json -> /tmp/minio_downloads/1776279804.json
[2026-04-15T20:58:59.142+0000] {logging_mixin.py:188} INFO - Downloaded TSLA/1776279867.json -> /tmp/minio_downloads/1776279867.json
[2026-04-15T20:58:59.159+0000] {logging_mixin.py:188} INFO - Downloaded TSLA/1776279938.json -> /tmp/minio_downloads/1776279938.json
[2026-04-15T20:58:59.174+0000] {logging_mixin.py:188} INFO - Downloaded TSLA/1776280040.json -> /tmp/minio_downloads/1776280040.json
[2026-04-15T20:58:59.189+0000] {logging_mixin.py:188} INFO - Downloaded TSLA/1776280159.json -> /tmp/minio_downloads/1776280159.json
[2026-04-15T20:58:59.202+0000] {logging_mixin.py:188} INFO - Downloaded TSLA/1776280205.json -> /tmp/minio_downloads/1776280205.json
[2026-04-15T20:58:59.215+0000] {logging_mixin.py:188} INFO - Downloaded TSLA/1776280227.json -> /tmp/minio_downloads/1776280227.json
[2026-04-15T20:58:59.232+0000] {logging_mixin.py:188} INFO - Downloaded TSLA/1776280260.json -> /tmp/minio_downloads/1776280260.json
[2026-04-15T20:58:59.246+0000] {logging_mixin.py:188} INFO - Downloaded TSLA/1776280288.json -> /tmp/minio_downloads/1776280288.json
[2026-04-15T20:58:59.264+0000] {logging_mixin.py:188} INFO - Downloaded TSLA/1776280314.json -> /tmp/minio_downloads/1776280314.json
[2026-04-15T20:58:59.279+0000] {logging_mixin.py:188} INFO - Downloaded TSLA/1776280341.json -> /tmp/minio_downloads/1776280341.json
[2026-04-15T20:58:59.297+0000] {logging_mixin.py:188} INFO - Downloaded TSLA/1776280380.json -> /tmp/minio_downloads/1776280380.json
[2026-04-15T20:58:59.315+0000] {logging_mixin.py:188} INFO - Downloaded TSLA/1776280412.json -> /tmp/minio_downloads/1776280412.json
[2026-04-15T20:58:59.335+0000] {logging_mixin.py:188} INFO - Downloaded TSLA/1776280437.json -> /tmp/minio_downloads/1776280437.json
[2026-04-15T20:58:59.355+0000] {logging_mixin.py:188} INFO - Downloaded TSLA/1776280461.json -> /tmp/minio_downloads/1776280461.json
[2026-04-15T20:58:59.381+0000] {logging_mixin.py:188} INFO - Downloaded TSLA/1776280479.json -> /tmp/minio_downloads/1776280479.json
[2026-04-15T20:58:59.403+0000] {logging_mixin.py:188} INFO - Downloaded TSLA/1776280497.json -> /tmp/minio_downloads/1776280497.json
[2026-04-15T20:58:59.426+0000] {logging_mixin.py:188} INFO - Downloaded TSLA/1776280516.json -> /tmp/minio_downloads/1776280516.json
[2026-04-15T20:58:59.447+0000] {logging_mixin.py:188} INFO - Downloaded TSLA/1776280548.json -> /tmp/minio_downloads/1776280548.json
[2026-04-15T20:58:59.470+0000] {logging_mixin.py:188} INFO - Downloaded TSLA/1776280566.json -> /tmp/minio_downloads/1776280566.json
[2026-04-15T20:58:59.493+0000] {logging_mixin.py:188} INFO - Downloaded TSLA/1776280587.json -> /tmp/minio_downloads/1776280587.json
[2026-04-15T20:58:59.514+0000] {logging_mixin.py:188} INFO - Downloaded TSLA/1776280611.json -> /tmp/minio_downloads/1776280611.json
[2026-04-15T20:58:59.527+0000] {logging_mixin.py:188} INFO - Downloaded TSLA/1776280634.json -> /tmp/minio_downloads/1776280634.json
[2026-04-15T20:58:59.538+0000] {logging_mixin.py:188} INFO - Downloaded TSLA/1776280656.json -> /tmp/minio_downloads/1776280656.json
[2026-04-15T20:58:59.552+0000] {logging_mixin.py:188} INFO - Downloaded TSLA/1776280675.json -> /tmp/minio_downloads/1776280675.json
[2026-04-15T20:58:59.567+0000] {logging_mixin.py:188} INFO - Downloaded TSLA/1776280695.json -> /tmp/minio_downloads/1776280695.json
[2026-04-15T20:58:59.583+0000] {logging_mixin.py:188} INFO - Downloaded TSLA/1776280715.json -> /tmp/minio_downloads/1776280715.json
[2026-04-15T20:58:59.596+0000] {logging_mixin.py:188} INFO - Downloaded TSLA/1776280732.json -> /tmp/minio_downloads/1776280732.json
[2026-04-15T20:58:59.614+0000] {logging_mixin.py:188} INFO - Downloaded TSLA/1776280755.json -> /tmp/minio_downloads/1776280755.json
[2026-04-15T20:58:59.636+0000] {logging_mixin.py:188} INFO - Downloaded TSLA/1776280776.json -> /tmp/minio_downloads/1776280776.json
[2026-04-15T20:58:59.654+0000] {logging_mixin.py:188} INFO - Downloaded TSLA/1776280800.json -> /tmp/minio_downloads/1776280800.json
[2026-04-15T20:58:59.671+0000] {logging_mixin.py:188} INFO - Downloaded TSLA/1776280821.json -> /tmp/minio_downloads/1776280821.json
[2026-04-15T20:58:59.688+0000] {logging_mixin.py:188} INFO - Downloaded TSLA/1776280841.json -> /tmp/minio_downloads/1776280841.json
[2026-04-15T20:58:59.712+0000] {logging_mixin.py:188} INFO - Downloaded TSLA/1776280864.json -> /tmp/minio_downloads/1776280864.json
[2026-04-15T20:58:59.733+0000] {logging_mixin.py:188} INFO - Downloaded TSLA/1776280882.json -> /tmp/minio_downloads/1776280882.json
[2026-04-15T20:58:59.756+0000] {logging_mixin.py:188} INFO - Downloaded TSLA/1776280900.json -> /tmp/minio_downloads/1776280900.json
[2026-04-15T20:58:59.777+0000] {logging_mixin.py:188} INFO - Downloaded TSLA/1776280918.json -> /tmp/minio_downloads/1776280918.json
[2026-04-15T20:58:59.800+0000] {logging_mixin.py:188} INFO - Downloaded TSLA/1776280940.json -> /tmp/minio_downloads/1776280940.json
[2026-04-15T20:58:59.822+0000] {logging_mixin.py:188} INFO - Downloaded TSLA/1776280962.json -> /tmp/minio_downloads/1776280962.json
[2026-04-15T20:58:59.837+0000] {logging_mixin.py:188} INFO - Downloaded TSLA/1776280983.json -> /tmp/minio_downloads/1776280983.json
[2026-04-15T20:58:59.853+0000] {logging_mixin.py:188} INFO - Downloaded TSLA/1776281001.json -> /tmp/minio_downloads/1776281001.json
[2026-04-15T20:58:59.868+0000] {logging_mixin.py:188} INFO - Downloaded TSLA/1776281026.json -> /tmp/minio_downloads/1776281026.json
[2026-04-15T20:58:59.883+0000] {logging_mixin.py:188} INFO - Downloaded TSLA/1776281047.json -> /tmp/minio_downloads/1776281047.json
[2026-04-15T20:58:59.900+0000] {logging_mixin.py:188} INFO - Downloaded TSLA/1776281069.json -> /tmp/minio_downloads/1776281069.json
[2026-04-15T20:58:59.915+0000] {logging_mixin.py:188} INFO - Downloaded TSLA/1776281093.json -> /tmp/minio_downloads/1776281093.json
[2026-04-15T20:58:59.933+0000] {logging_mixin.py:188} INFO - Downloaded TSLA/1776281130.json -> /tmp/minio_downloads/1776281130.json
[2026-04-15T20:58:59.936+0000] {python.py:237} INFO - Done. Returned value was: ['/tmp/minio_downloads/1776277487.json', '/tmp/minio_downloads/1776277502.json', '/tmp/minio_downloads/1776277516.json', '/tmp/minio_downloads/1776277531.json', '/tmp/minio_downloads/1776277559.json', '/tmp/minio_downloads/1776277578.json', '/tmp/minio_downloads/1776277599.json', '/tmp/minio_downloads/1776277622.json', '/tmp/minio_downloads/1776277642.json', '/tmp/minio_downloads/1776277660.json', '/tmp/minio_downloads/1776277680.json', '/tmp/minio_downloads/1776277699.json', '/tmp/minio_downloads/1776277721.json', '/tmp/minio_downloads/1776277743.json', '/tmp/minio_downloads/1776277760.json', '/tmp/minio_downloads/1776277783.json', '/tmp/minio_downloads/1776277846.json', '/tmp/minio_downloads/1776277908.json', '/tmp/minio_downloads/1776277937.json', '/tmp/minio_downloads/1776278001.json', '/tmp/minio_downloads/1776278170.json', '/tmp/minio_downloads/1776278236.json', '/tmp/minio_downloads/1776278302.json', '/tmp/minio_downloads/1776278325.json', '/tmp/minio_downloads/1776278347.json', '/tmp/minio_downloads/1776278367.json', '/tmp/minio_downloads/1776278390.json', '/tmp/minio_downloads/1776278409.json', '/tmp/minio_downloads/1776278431.json', '/tmp/minio_downloads/1776278457.json', '/tmp/minio_downloads/1776278485.json', '/tmp/minio_downloads/1776278508.json', '/tmp/minio_downloads/1776278545.json', '/tmp/minio_downloads/1776278578.json', '/tmp/minio_downloads/1776278603.json', '/tmp/minio_downloads/1776278625.json', '/tmp/minio_downloads/1776278651.json', '/tmp/minio_downloads/1776278679.json', '/tmp/minio_downloads/1776278710.json', '/tmp/minio_downloads/1776278746.json', '/tmp/minio_downloads/1776278788.json', '/tmp/minio_downloads/1776278832.json', '/tmp/minio_downloads/1776278887.json', '/tmp/minio_downloads/1776278969.json', '/tmp/minio_downloads/1776279066.json', '/tmp/minio_downloads/1776279195.json', '/tmp/minio_downloads/1776279275.json', '/tmp/minio_downloads/1776279336.json', '/tmp/minio_downloads/1776279359.json', '/tmp/minio_downloads/1776279389.json', '/tmp/minio_downloads/1776279416.json', '/tmp/minio_downloads/1776279460.json', '/tmp/minio_downloads/1776279504.json', '/tmp/minio_downloads/1776279549.json', '/tmp/minio_downloads/1776279636.json', '/tmp/minio_downloads/1776279743.json', '/tmp/minio_downloads/1776279791.json', '/tmp/minio_downloads/1776279819.json', '/tmp/minio_downloads/1776279909.json', '/tmp/minio_downloads/1776280000.json', '/tmp/minio_downloads/1776280125.json', '/tmp/minio_downloads/1776280199.json', '/tmp/minio_downloads/1776280221.json', '/tmp/minio_downloads/1776280247.json', '/tmp/minio_downloads/1776280280.json', '/tmp/minio_downloads/1776280307.json', '/tmp/minio_downloads/1776280331.json', '/tmp/minio_downloads/1776280363.json', '/tmp/minio_downloads/1776280405.json', '/tmp/minio_downloads/1776280430.json', '/tmp/minio_downloads/1776280455.json', '/tmp/minio_downloads/1776280475.json', '/tmp/minio_downloads/1776280493.json', '/tmp/minio_downloads/1776280511.json', '/tmp/minio_downloads/1776280533.json', '/tmp/minio_downloads/1776280562.json', '/tmp/minio_downloads/1776280580.json', '/tmp/minio_downloads/1776280603.json', '/tmp/minio_downloads/1776280627.json', '/tmp/minio_downloads/1776280649.json', '/tmp/minio_downloads/1776280669.json', '/tmp/minio_downloads/1776280690.json', '/tmp/minio_downloads/1776280708.json', '/tmp/minio_downloads/1776280728.json', '/tmp/minio_downloads/1776280747.json', '/tmp/minio_downloads/1776280771.json', '/tmp/minio_downloads/1776280791.json', '/tmp/minio_downloads/1776280815.json', '/tmp/minio_downloads/1776280836.json', '/tmp/minio_downloads/1776280857.json', '/tmp/minio_downloads/1776280878.json', '/tmp/minio_downloads/1776280895.json', '/tmp/minio_downloads/1776280914.json', '/tmp/minio_downloads/1776280933.json', '/tmp/minio_downloads/1776280956.json', '/tmp/minio_downloads/1776280978.json', '/tmp/minio_downloads/1776280997.json', '/tmp/minio_downloads/1776281020.json', '/tmp/minio_downloads/1776281041.json', '/tmp/minio_downloads/1776281062.json', '/tmp/minio_downloads/1776281086.json', '/tmp/minio_downloads/1776281105.json', '/tmp/minio_downloads/1776277494.json', '/tmp/minio_downloads/1776277508.json', '/tmp/minio_downloads/1776277523.json', '/tmp/minio_downloads/1776277552.json', '/tmp/minio_downloads/1776277569.json', '/tmp/minio_downloads/1776277590.json', '/tmp/minio_downloads/1776277614.json', '/tmp/minio_downloads/1776277632.json', '/tmp/minio_downloads/1776277652.json', '/tmp/minio_downloads/1776277672.json', '/tmp/minio_downloads/1776277691.json', '/tmp/minio_downloads/1776277709.json', '/tmp/minio_downloads/1776277736.json', '/tmp/minio_downloads/1776277752.json', '/tmp/minio_downloads/1776277774.json', '/tmp/minio_downloads/1776277837.json', '/tmp/minio_downloads/1776277879.json', '/tmp/minio_downloads/1776277921.json', '/tmp/minio_downloads/1776277971.json', '/tmp/minio_downloads/1776278206.json', '/tmp/minio_downloads/1776278293.json', '/tmp/minio_downloads/1776278316.json', '/tmp/minio_downloads/1776278338.json', '/tmp/minio_downloads/1776278358.json', '/tmp/minio_downloads/1776278381.json', '/tmp/minio_downloads/1776278400.json', '/tmp/minio_downloads/1776278422.json', '/tmp/minio_downloads/1776278444.json', '/tmp/minio_downloads/1776278476.json', '/tmp/minio_downloads/1776278497.json', '/tmp/minio_downloads/1776278533.json', '/tmp/minio_downloads/1776278568.json', '/tmp/minio_downloads/1776278592.json', '/tmp/minio_downloads/1776278616.json', '/tmp/minio_downloads/1776278640.json', '/tmp/minio_downloads/1776278667.json', '/tmp/minio_downloads/1776278697.json', '/tmp/minio_downloads/1776278735.json', '/tmp/minio_downloads/1776278777.json', '/tmp/minio_downloads/1776278812.json', '/tmp/minio_downloads/1776278865.json', '/tmp/minio_downloads/1776278937.json', '/tmp/minio_downloads/1776279036.json', '/tmp/minio_downloads/1776279181.json', '/tmp/minio_downloads/1776279262.json', '/tmp/minio_downloads/1776279348.json', '/tmp/minio_downloads/1776279379.json', '/tmp/minio_downloads/1776279406.json', '/tmp/minio_downloads/1776279446.json', '/tmp/minio_downloads/1776279485.json', '/tmp/minio_downloads/1776279532.json', '/tmp/minio_downloads/1776279602.json', '/tmp/minio_downloads/1776279710.json', '/tmp/minio_downloads/1776279781.json', '/tmp/minio_downloads/1776279810.json', '/tmp/minio_downloads/1776279899.json', '/tmp/minio_downloads/1776279989.json', '/tmp/minio_downloads/1776280095.json', '/tmp/minio_downloads/1776280189.json', '/tmp/minio_downloads/1776280212.json', '/tmp/minio_downloads/1776280234.json', '/tmp/minio_downloads/1776280270.json', '/tmp/minio_downloads/1776280295.json', '/tmp/minio_downloads/1776280322.json', '/tmp/minio_downloads/1776280352.json', '/tmp/minio_downloads/1776280394.json', '/tmp/minio_downloads/1776280421.json', '/tmp/minio_downloads/1776280444.json', '/tmp/minio_downloads/1776280467.json', '/tmp/minio_downloads/1776280485.json', '/tmp/minio_downloads/1776280501.json', '/tmp/minio_downloads/1776280523.json', '/tmp/minio_downloads/1776280554.json', '/tmp/minio_downloads/1776280571.json', '/tmp/minio_downloads/1776280594.json', '/tmp/minio_downloads/1776280618.json', '/tmp/minio_downloads/1776280640.json', '/tmp/minio_downloads/1776280661.json', '/tmp/minio_downloads/1776280680.json', '/tmp/minio_downloads/1776280700.json', '/tmp/minio_downloads/1776280720.json', '/tmp/minio_downloads/1776280737.json', '/tmp/minio_downloads/1776280762.json', '/tmp/minio_downloads/1776280782.json', '/tmp/minio_downloads/1776280806.json', '/tmp/minio_downloads/1776280827.json', '/tmp/minio_downloads/1776280847.json', '/tmp/minio_downloads/1776280869.json', '/tmp/minio_downloads/1776280886.json', '/tmp/minio_downloads/1776280904.json', '/tmp/minio_downloads/1776280924.json', '/tmp/minio_downloads/1776280947.json', '/tmp/minio_downloads/1776280969.json', '/tmp/minio_downloads/1776280989.json', '/tmp/minio_downloads/1776281011.json', '/tmp/minio_downloads/1776281032.json', '/tmp/minio_downloads/1776281053.json', '/tmp/minio_downloads/1776281077.json', '/tmp/minio_downloads/1776281098.json', '/tmp/minio_downloads/1776277492.json', '/tmp/minio_downloads/1776277506.json', '/tmp/minio_downloads/1776277521.json', '/tmp/minio_downloads/1776277549.json', '/tmp/minio_downloads/1776277564.json', '/tmp/minio_downloads/1776277587.json', '/tmp/minio_downloads/1776277611.json', '/tmp/minio_downloads/1776277631.json', '/tmp/minio_downloads/1776277649.json', '/tmp/minio_downloads/1776277669.json', '/tmp/minio_downloads/1776277688.json', '/tmp/minio_downloads/1776277706.json', '/tmp/minio_downloads/1776277732.json', '/tmp/minio_downloads/1776277750.json', '/tmp/minio_downloads/1776277771.json', '/tmp/minio_downloads/1776277813.json', '/tmp/minio_downloads/1776277876.json', '/tmp/minio_downloads/1776277919.json', '/tmp/minio_downloads/1776277968.json', '/tmp/minio_downloads/1776278202.json', '/tmp/minio_downloads/1776278268.json', '/tmp/minio_downloads/1776278313.json', '/tmp/minio_downloads/1776278335.json', '/tmp/minio_downloads/1776278355.json', '/tmp/minio_downloads/1776278378.json', '/tmp/minio_downloads/1776278398.json', '/tmp/minio_downloads/1776278419.json', '/tmp/minio_downloads/1776278441.json', '/tmp/minio_downloads/1776278472.json', '/tmp/minio_downloads/1776278495.json', '/tmp/minio_downloads/1776278527.json', '/tmp/minio_downloads/1776278564.json', '/tmp/minio_downloads/1776278588.json', '/tmp/minio_downloads/1776278614.json', '/tmp/minio_downloads/1776278634.json', '/tmp/minio_downloads/1776278663.json', '/tmp/minio_downloads/1776278694.json', '/tmp/minio_downloads/1776278730.json', '/tmp/minio_downloads/1776278766.json', '/tmp/minio_downloads/1776278805.json', '/tmp/minio_downloads/1776278854.json', '/tmp/minio_downloads/1776278925.json', '/tmp/minio_downloads/1776279011.json', '/tmp/minio_downloads/1776279150.json', '/tmp/minio_downloads/1776279256.json', '/tmp/minio_downloads/1776279294.json', '/tmp/minio_downloads/1776279345.json', '/tmp/minio_downloads/1776279375.json', '/tmp/minio_downloads/1776279402.json', '/tmp/minio_downloads/1776279439.json', '/tmp/minio_downloads/1776279478.json', '/tmp/minio_downloads/1776279526.json', '/tmp/minio_downloads/1776279574.json', '/tmp/minio_downloads/1776279683.json', '/tmp/minio_downloads/1776279777.json', '/tmp/minio_downloads/1776279807.json', '/tmp/minio_downloads/1776279871.json', '/tmp/minio_downloads/1776279963.json', '/tmp/minio_downloads/1776280066.json', '/tmp/minio_downloads/1776280164.json', '/tmp/minio_downloads/1776280208.json', '/tmp/minio_downloads/1776280230.json', '/tmp/minio_downloads/1776280265.json', '/tmp/minio_downloads/1776280291.json', '/tmp/minio_downloads/1776280319.json', '/tmp/minio_downloads/1776280348.json', '/tmp/minio_downloads/1776280388.json', '/tmp/minio_downloads/1776280416.json', '/tmp/minio_downloads/1776280441.json', '/tmp/minio_downloads/1776280465.json', '/tmp/minio_downloads/1776280482.json', '/tmp/minio_downloads/1776280499.json', '/tmp/minio_downloads/1776280521.json', '/tmp/minio_downloads/1776280552.json', '/tmp/minio_downloads/1776280569.json', '/tmp/minio_downloads/1776280590.json', '/tmp/minio_downloads/1776280614.json', '/tmp/minio_downloads/1776280637.json', '/tmp/minio_downloads/1776280658.json', '/tmp/minio_downloads/1776280678.json', '/tmp/minio_downloads/1776280697.json', '/tmp/minio_downloads/1776280717.json', '/tmp/minio_downloads/1776280735.json', '/tmp/minio_downloads/1776280757.json', '/tmp/minio_downloads/1776280779.json', '/tmp/minio_downloads/1776280802.json', '/tmp/minio_downloads/1776280824.json', '/tmp/minio_downloads/1776280843.json', '/tmp/minio_downloads/1776280866.json', '/tmp/minio_downloads/1776280884.json', '/tmp/minio_downloads/1776280903.json', '/tmp/minio_downloads/1776280921.json', '/tmp/minio_downloads/1776280943.json', '/tmp/minio_downloads/1776280965.json', '/tmp/minio_downloads/1776280987.json', '/tmp/minio_downloads/1776281008.json', '/tmp/minio_downloads/1776281029.json', '/tmp/minio_downloads/1776281050.json', '/tmp/minio_downloads/1776281074.json', '/tmp/minio_downloads/1776281095.json', '/tmp/minio_downloads/1776277489.json', '/tmp/minio_downloads/1776277503.json', '/tmp/minio_downloads/1776277517.json', '/tmp/minio_downloads/1776277533.json', '/tmp/minio_downloads/1776277561.json', '/tmp/minio_downloads/1776277581.json', '/tmp/minio_downloads/1776277603.json', '/tmp/minio_downloads/1776277625.json', '/tmp/minio_downloads/1776277644.json', '/tmp/minio_downloads/1776277662.json', '/tmp/minio_downloads/1776277682.json', '/tmp/minio_downloads/1776277701.json', '/tmp/minio_downloads/1776277726.json', '/tmp/minio_downloads/1776277745.json', '/tmp/minio_downloads/1776277764.json', '/tmp/minio_downloads/1776277785.json', '/tmp/minio_downloads/1776277849.json', '/tmp/minio_downloads/1776277911.json', '/tmp/minio_downloads/1776277961.json', '/tmp/minio_downloads/1776278174.json', '/tmp/minio_downloads/1776278261.json', '/tmp/minio_downloads/1776278307.json', '/tmp/minio_downloads/1776278328.json', '/tmp/minio_downloads/1776278350.json', '/tmp/minio_downloads/1776278370.json', '/tmp/minio_downloads/1776278393.json', '/tmp/minio_downloads/1776278412.json', '/tmp/minio_downloads/1776278434.json', '/tmp/minio_downloads/1776278466.json', '/tmp/minio_downloads/1776278488.json', '/tmp/minio_downloads/1776278514.json', '/tmp/minio_downloads/1776278555.json', '/tmp/minio_downloads/1776278582.json', '/tmp/minio_downloads/1776278608.json', '/tmp/minio_downloads/1776278628.json', '/tmp/minio_downloads/1776278655.json', '/tmp/minio_downloads/1776278684.json', '/tmp/minio_downloads/1776278716.json', '/tmp/minio_downloads/1776278753.json', '/tmp/minio_downloads/1776278793.json', '/tmp/minio_downloads/1776278837.json', '/tmp/minio_downloads/1776278898.json', '/tmp/minio_downloads/1776278974.json', '/tmp/minio_downloads/1776279092.json', '/tmp/minio_downloads/1776279224.json', '/tmp/minio_downloads/1776279281.json', '/tmp/minio_downloads/1776279339.json', '/tmp/minio_downloads/1776279362.json', '/tmp/minio_downloads/1776279393.json', '/tmp/minio_downloads/1776279425.json', '/tmp/minio_downloads/1776279467.json', '/tmp/minio_downloads/1776279510.json', '/tmp/minio_downloads/1776279558.json', '/tmp/minio_downloads/1776279644.json', '/tmp/minio_downloads/1776279746.json', '/tmp/minio_downloads/1776279799.json', '/tmp/minio_downloads/1776279843.json', '/tmp/minio_downloads/1776279933.json', '/tmp/minio_downloads/1776280004.json', '/tmp/minio_downloads/1776280127.json', '/tmp/minio_downloads/1776280202.json', '/tmp/minio_downloads/1776280224.json', '/tmp/minio_downloads/1776280253.json', '/tmp/minio_downloads/1776280284.json', '/tmp/minio_downloads/1776280311.json', '/tmp/minio_downloads/1776280334.json', '/tmp/minio_downloads/1776280374.json', '/tmp/minio_downloads/1776280409.json', '/tmp/minio_downloads/1776280434.json', '/tmp/minio_downloads/1776280458.json', '/tmp/minio_downloads/1776280477.json', '/tmp/minio_downloads/1776280495.json', '/tmp/minio_downloads/1776280513.json', '/tmp/minio_downloads/1776280538.json', '/tmp/minio_downloads/1776280564.json', '/tmp/minio_downloads/1776280583.json', '/tmp/minio_downloads/1776280606.json', '/tmp/minio_downloads/1776280631.json', '/tmp/minio_downloads/1776280652.json', '/tmp/minio_downloads/1776280670.json', '/tmp/minio_downloads/1776280692.json', '/tmp/minio_downloads/1776280711.json', '/tmp/minio_downloads/1776280730.json', '/tmp/minio_downloads/1776280750.json', '/tmp/minio_downloads/1776280773.json', '/tmp/minio_downloads/1776280796.json', '/tmp/minio_downloads/1776280818.json', '/tmp/minio_downloads/1776280840.json', '/tmp/minio_downloads/1776280860.json', '/tmp/minio_downloads/1776280880.json', '/tmp/minio_downloads/1776280898.json', '/tmp/minio_downloads/1776280916.json', '/tmp/minio_downloads/1776280938.json', '/tmp/minio_downloads/1776280959.json', '/tmp/minio_downloads/1776280980.json', '/tmp/minio_downloads/1776280999.json', '/tmp/minio_downloads/1776281022.json', '/tmp/minio_downloads/1776281045.json', '/tmp/minio_downloads/1776281066.json', '/tmp/minio_downloads/1776281090.json', '/tmp/minio_downloads/1776281128.json', '/tmp/minio_downloads/1776277490.json', '/tmp/minio_downloads/1776277505.json', '/tmp/minio_downloads/1776277519.json', '/tmp/minio_downloads/1776277536.json', '/tmp/minio_downloads/1776277562.json', '/tmp/minio_downloads/1776277585.json', '/tmp/minio_downloads/1776277609.json', '/tmp/minio_downloads/1776277628.json', '/tmp/minio_downloads/1776277647.json', '/tmp/minio_downloads/1776277667.json', '/tmp/minio_downloads/1776277686.json', '/tmp/minio_downloads/1776277703.json', '/tmp/minio_downloads/1776277729.json', '/tmp/minio_downloads/1776277747.json', '/tmp/minio_downloads/1776277767.json', '/tmp/minio_downloads/1776277810.json', '/tmp/minio_downloads/1776277874.json', '/tmp/minio_downloads/1776277914.json', '/tmp/minio_downloads/1776277964.json', '/tmp/minio_downloads/1776278177.json', '/tmp/minio_downloads/1776278265.json', '/tmp/minio_downloads/1776278310.json', '/tmp/minio_downloads/1776278332.json', '/tmp/minio_downloads/1776278353.json', '/tmp/minio_downloads/1776278375.json', '/tmp/minio_downloads/1776278395.json', '/tmp/minio_downloads/1776278415.json', '/tmp/minio_downloads/1776278437.json', '/tmp/minio_downloads/1776278469.json', '/tmp/minio_downloads/1776278491.json', '/tmp/minio_downloads/1776278519.json', '/tmp/minio_downloads/1776278560.json', '/tmp/minio_downloads/1776278585.json', '/tmp/minio_downloads/1776278611.json', '/tmp/minio_downloads/1776278631.json', '/tmp/minio_downloads/1776278658.json', '/tmp/minio_downloads/1776278688.json', '/tmp/minio_downloads/1776278724.json', '/tmp/minio_downloads/1776278758.json', '/tmp/minio_downloads/1776278799.json', '/tmp/minio_downloads/1776278845.json', '/tmp/minio_downloads/1776278911.json', '/tmp/minio_downloads/1776278980.json', '/tmp/minio_downloads/1776279120.json', '/tmp/minio_downloads/1776279252.json', '/tmp/minio_downloads/1776279287.json', '/tmp/minio_downloads/1776279342.json', '/tmp/minio_downloads/1776279370.json', '/tmp/minio_downloads/1776279397.json', '/tmp/minio_downloads/1776279432.json', '/tmp/minio_downloads/1776279472.json', '/tmp/minio_downloads/1776279519.json', '/tmp/minio_downloads/1776279566.json', '/tmp/minio_downloads/1776279675.json', '/tmp/minio_downloads/1776279752.json', '/tmp/minio_downloads/1776279804.json', '/tmp/minio_downloads/1776279867.json', '/tmp/minio_downloads/1776279938.json', '/tmp/minio_downloads/1776280040.json', '/tmp/minio_downloads/1776280159.json', '/tmp/minio_downloads/1776280205.json', '/tmp/minio_downloads/1776280227.json', '/tmp/minio_downloads/1776280260.json', '/tmp/minio_downloads/1776280288.json', '/tmp/minio_downloads/1776280314.json', '/tmp/minio_downloads/1776280341.json', '/tmp/minio_downloads/1776280380.json', '/tmp/minio_downloads/1776280412.json', '/tmp/minio_downloads/1776280437.json', '/tmp/minio_downloads/1776280461.json', '/tmp/minio_downloads/1776280479.json', '/tmp/minio_downloads/1776280497.json', '/tmp/minio_downloads/1776280516.json', '/tmp/minio_downloads/1776280548.json', '/tmp/minio_downloads/1776280566.json', '/tmp/minio_downloads/1776280587.json', '/tmp/minio_downloads/1776280611.json', '/tmp/minio_downloads/1776280634.json', '/tmp/minio_downloads/1776280656.json', '/tmp/minio_downloads/1776280675.json', '/tmp/minio_downloads/1776280695.json', '/tmp/minio_downloads/1776280715.json', '/tmp/minio_downloads/1776280732.json', '/tmp/minio_downloads/1776280755.json', '/tmp/minio_downloads/1776280776.json', '/tmp/minio_downloads/1776280800.json', '/tmp/minio_downloads/1776280821.json', '/tmp/minio_downloads/1776280841.json', '/tmp/minio_downloads/1776280864.json', '/tmp/minio_downloads/1776280882.json', '/tmp/minio_downloads/1776280900.json', '/tmp/minio_downloads/1776280918.json', '/tmp/minio_downloads/1776280940.json', '/tmp/minio_downloads/1776280962.json', '/tmp/minio_downloads/1776280983.json', '/tmp/minio_downloads/1776281001.json', '/tmp/minio_downloads/1776281026.json', '/tmp/minio_downloads/1776281047.json', '/tmp/minio_downloads/1776281069.json', '/tmp/minio_downloads/1776281093.json', '/tmp/minio_downloads/1776281130.json']
[2026-04-15T20:58:59.943+0000] {taskinstance.py:441} INFO - ::group::Post task execution logs
[2026-04-15T20:59:00.022+0000] {taskinstance.py:1206} INFO - Marking task as SUCCESS. dag_id=minio_to_snowflake, task_id=download_minio, run_id=scheduled__2026-04-15T20:57:00+00:00, execution_date=20260415T205700, start_date=20260415T205849, end_date=20260415T205900
[2026-04-15T20:59:00.110+0000] {local_task_job_runner.py:243} INFO - Task exited with return code 0
[2026-04-15T20:59:00.137+0000] {taskinstance.py:3503} INFO - 1 downstream tasks scheduled from follow-on schedule check
[2026-04-15T20:59:00.143+0000] {local_task_job_runner.py:222} INFO - ::endgroup::
