[2026-06-01T17:16:13.420+0000] {local_task_job_runner.py:120} INFO - ::group::Pre task execution logs
[2026-06-01T17:16:13.542+0000] {taskinstance.py:2076} INFO - Dependencies all met for dep_context=non-requeueable deps ti=<TaskInstance: minio_to_snowflake.download_minio scheduled__2026-05-30T19:37:00+00:00 [queued]>
[2026-06-01T17:16:13.576+0000] {taskinstance.py:2076} INFO - Dependencies all met for dep_context=requeueable deps ti=<TaskInstance: minio_to_snowflake.download_minio scheduled__2026-05-30T19:37:00+00:00 [queued]>
[2026-06-01T17:16:13.578+0000] {taskinstance.py:2306} INFO - Starting attempt 1 of 2
[2026-06-01T17:16:13.628+0000] {taskinstance.py:2330} INFO - Executing <Task(PythonOperator): download_minio> on 2026-05-30 19:37:00+00:00
[2026-06-01T17:16:13.706+0000] {standard_task_runner.py:90} INFO - Running: ['***', 'tasks', 'run', 'minio_to_snowflake', 'download_minio', 'scheduled__2026-05-30T19:37:00+00:00', '--job-id', '432', '--raw', '--subdir', 'DAGS_FOLDER/minio_to_snowflake.py', '--cfg-path', '/tmp/tmpip1tbppe']
[2026-06-01T17:16:13.725+0000] {logging_mixin.py:188} WARNING - /home/***/.local/lib/python3.12/site-packages/***/task/task_runner/standard_task_runner.py:62 DeprecationWarning: This process (pid=36) is multi-threaded, use of fork() may lead to deadlocks in the child.
[2026-06-01T17:16:13.729+0000] {standard_task_runner.py:91} INFO - Job 432: Subtask download_minio
[2026-06-01T17:16:13.731+0000] {standard_task_runner.py:64} INFO - Started process 46 to run task
[2026-06-01T17:16:14.933+0000] {task_command.py:426} INFO - Running <TaskInstance: minio_to_snowflake.download_minio scheduled__2026-05-30T19:37:00+00:00 [running]> on host 0a790aba60c9
[2026-06-01T17:16:18.041+0000] {taskinstance.py:2648} INFO - Exporting env vars: AIRFLOW_CTX_DAG_OWNER='***' AIRFLOW_CTX_DAG_ID='minio_to_snowflake' AIRFLOW_CTX_TASK_ID='download_minio' AIRFLOW_CTX_EXECUTION_DATE='2026-05-30T19:37:00+00:00' AIRFLOW_CTX_TRY_NUMBER='1' AIRFLOW_CTX_DAG_RUN_ID='scheduled__2026-05-30T19:37:00+00:00'
[2026-06-01T17:16:18.044+0000] {taskinstance.py:430} INFO - ::endgroup::
[2026-06-01T17:16:23.766+0000] {logging_mixin.py:188} INFO - Downloaded AAPL/1780331986.json -> /tmp/minio_downloads/1780331986.json
[2026-06-01T17:16:23.824+0000] {logging_mixin.py:188} INFO - Downloaded AAPL/1780331998.json -> /tmp/minio_downloads/1780331998.json
[2026-06-01T17:16:23.878+0000] {logging_mixin.py:188} INFO - Downloaded AAPL/1780332010.json -> /tmp/minio_downloads/1780332010.json
[2026-06-01T17:16:23.918+0000] {logging_mixin.py:188} INFO - Downloaded AAPL/1780332023.json -> /tmp/minio_downloads/1780332023.json
[2026-06-01T17:16:23.945+0000] {logging_mixin.py:188} INFO - Downloaded AAPL/1780332035.json -> /tmp/minio_downloads/1780332035.json
[2026-06-01T17:16:23.973+0000] {logging_mixin.py:188} INFO - Downloaded AAPL/1780332047.json -> /tmp/minio_downloads/1780332047.json
[2026-06-01T17:16:23.997+0000] {logging_mixin.py:188} INFO - Downloaded AAPL/1780332060.json -> /tmp/minio_downloads/1780332060.json
[2026-06-01T17:16:24.030+0000] {logging_mixin.py:188} INFO - Downloaded AAPL/1780332071.json -> /tmp/minio_downloads/1780332071.json
[2026-06-01T17:16:24.065+0000] {logging_mixin.py:188} INFO - Downloaded AAPL/1780332095.json -> /tmp/minio_downloads/1780332095.json
[2026-06-01T17:16:24.095+0000] {logging_mixin.py:188} INFO - Downloaded AAPL/1780332112.json -> /tmp/minio_downloads/1780332112.json
[2026-06-01T17:16:24.116+0000] {logging_mixin.py:188} INFO - Downloaded AAPL/1780332123.json -> /tmp/minio_downloads/1780332123.json
[2026-06-01T17:16:24.140+0000] {logging_mixin.py:188} INFO - Downloaded AAPL/1780332136.json -> /tmp/minio_downloads/1780332136.json
[2026-06-01T17:16:24.178+0000] {logging_mixin.py:188} INFO - Downloaded AAPL/1780332148.json -> /tmp/minio_downloads/1780332148.json
[2026-06-01T17:16:24.203+0000] {logging_mixin.py:188} INFO - Downloaded AAPL/1780332159.json -> /tmp/minio_downloads/1780332159.json
[2026-06-01T17:16:24.234+0000] {logging_mixin.py:188} INFO - Downloaded AAPL/1780332189.json -> /tmp/minio_downloads/1780332189.json
[2026-06-01T17:16:24.263+0000] {logging_mixin.py:188} INFO - Downloaded AAPL/1780332201.json -> /tmp/minio_downloads/1780332201.json
[2026-06-01T17:16:24.292+0000] {logging_mixin.py:188} INFO - Downloaded AAPL/1780332213.json -> /tmp/minio_downloads/1780332213.json
[2026-06-01T17:16:24.314+0000] {logging_mixin.py:188} INFO - Downloaded AAPL/1780332227.json -> /tmp/minio_downloads/1780332227.json
[2026-06-01T17:16:24.334+0000] {logging_mixin.py:188} INFO - Downloaded AAPL/1780332245.json -> /tmp/minio_downloads/1780332245.json
[2026-06-01T17:16:24.354+0000] {logging_mixin.py:188} INFO - Downloaded AAPL/1780332262.json -> /tmp/minio_downloads/1780332262.json
[2026-06-01T17:16:24.376+0000] {logging_mixin.py:188} INFO - Downloaded AAPL/1780332276.json -> /tmp/minio_downloads/1780332276.json
[2026-06-01T17:16:24.394+0000] {logging_mixin.py:188} INFO - Downloaded AAPL/1780332287.json -> /tmp/minio_downloads/1780332287.json
[2026-06-01T17:16:24.421+0000] {logging_mixin.py:188} INFO - Downloaded AAPL/1780332300.json -> /tmp/minio_downloads/1780332300.json
[2026-06-01T17:16:24.447+0000] {logging_mixin.py:188} INFO - Downloaded AAPL/1780332312.json -> /tmp/minio_downloads/1780332312.json
[2026-06-01T17:16:24.476+0000] {logging_mixin.py:188} INFO - Downloaded AAPL/1780332325.json -> /tmp/minio_downloads/1780332325.json
[2026-06-01T17:16:24.498+0000] {logging_mixin.py:188} INFO - Downloaded AAPL/1780332339.json -> /tmp/minio_downloads/1780332339.json
[2026-06-01T17:16:24.521+0000] {logging_mixin.py:188} INFO - Downloaded AAPL/1780332351.json -> /tmp/minio_downloads/1780332351.json
[2026-06-01T17:16:24.541+0000] {logging_mixin.py:188} INFO - Downloaded AAPL/1780332363.json -> /tmp/minio_downloads/1780332363.json
[2026-06-01T17:16:24.562+0000] {logging_mixin.py:188} INFO - Downloaded AAPL/1780332376.json -> /tmp/minio_downloads/1780332376.json
[2026-06-01T17:16:24.590+0000] {logging_mixin.py:188} INFO - Downloaded AAPL/1780332388.json -> /tmp/minio_downloads/1780332388.json
[2026-06-01T17:16:24.612+0000] {logging_mixin.py:188} INFO - Downloaded AAPL/1780332400.json -> /tmp/minio_downloads/1780332400.json
[2026-06-01T17:16:24.631+0000] {logging_mixin.py:188} INFO - Downloaded AAPL/1780332412.json -> /tmp/minio_downloads/1780332412.json
[2026-06-01T17:16:24.650+0000] {logging_mixin.py:188} INFO - Downloaded AAPL/1780332427.json -> /tmp/minio_downloads/1780332427.json
[2026-06-01T17:16:24.665+0000] {logging_mixin.py:188} INFO - Downloaded AAPL/1780332444.json -> /tmp/minio_downloads/1780332444.json
[2026-06-01T17:16:24.681+0000] {logging_mixin.py:188} INFO - Downloaded AAPL/1780332461.json -> /tmp/minio_downloads/1780332461.json
[2026-06-01T17:16:24.700+0000] {logging_mixin.py:188} INFO - Downloaded AAPL/1780332478.json -> /tmp/minio_downloads/1780332478.json
[2026-06-01T17:16:24.729+0000] {logging_mixin.py:188} INFO - Downloaded AAPL/1780332495.json -> /tmp/minio_downloads/1780332495.json
[2026-06-01T17:16:24.759+0000] {logging_mixin.py:188} INFO - Downloaded AAPL/1780332512.json -> /tmp/minio_downloads/1780332512.json
[2026-06-01T17:16:24.785+0000] {logging_mixin.py:188} INFO - Downloaded AAPL/1780332531.json -> /tmp/minio_downloads/1780332531.json
[2026-06-01T17:16:24.811+0000] {logging_mixin.py:188} INFO - Downloaded AAPL/1780332551.json -> /tmp/minio_downloads/1780332551.json
[2026-06-01T17:16:24.830+0000] {logging_mixin.py:188} INFO - Downloaded AAPL/1780332567.json -> /tmp/minio_downloads/1780332567.json
[2026-06-01T17:16:24.852+0000] {logging_mixin.py:188} INFO - Downloaded AAPL/1780332584.json -> /tmp/minio_downloads/1780332584.json
[2026-06-01T17:16:24.875+0000] {logging_mixin.py:188} INFO - Downloaded AAPL/1780332604.json -> /tmp/minio_downloads/1780332604.json
[2026-06-01T17:16:24.898+0000] {logging_mixin.py:188} INFO - Downloaded AAPL/1780332621.json -> /tmp/minio_downloads/1780332621.json
[2026-06-01T17:16:24.923+0000] {logging_mixin.py:188} INFO - Downloaded AAPL/1780332638.json -> /tmp/minio_downloads/1780332638.json
[2026-06-01T17:16:24.951+0000] {logging_mixin.py:188} INFO - Downloaded AAPL/1780332653.json -> /tmp/minio_downloads/1780332653.json
[2026-06-01T17:16:24.967+0000] {logging_mixin.py:188} INFO - Downloaded AAPL/1780332693.json -> /tmp/minio_downloads/1780332693.json
[2026-06-01T17:16:24.982+0000] {logging_mixin.py:188} INFO - Downloaded AAPL/1780332707.json -> /tmp/minio_downloads/1780332707.json
[2026-06-01T17:16:24.998+0000] {logging_mixin.py:188} INFO - Downloaded AAPL/1780332723.json -> /tmp/minio_downloads/1780332723.json
[2026-06-01T17:16:25.025+0000] {logging_mixin.py:188} INFO - Downloaded AAPL/1780332740.json -> /tmp/minio_downloads/1780332740.json
[2026-06-01T17:16:25.049+0000] {logging_mixin.py:188} INFO - Downloaded AAPL/1780332756.json -> /tmp/minio_downloads/1780332756.json
[2026-06-01T17:16:25.080+0000] {logging_mixin.py:188} INFO - Downloaded AAPL/1780332774.json -> /tmp/minio_downloads/1780332774.json
[2026-06-01T17:16:25.111+0000] {logging_mixin.py:188} INFO - Downloaded AAPL/1780332789.json -> /tmp/minio_downloads/1780332789.json
[2026-06-01T17:16:25.141+0000] {logging_mixin.py:188} INFO - Downloaded AAPL/1780332801.json -> /tmp/minio_downloads/1780332801.json
[2026-06-01T17:16:25.175+0000] {logging_mixin.py:188} INFO - Downloaded AAPL/1780332817.json -> /tmp/minio_downloads/1780332817.json
[2026-06-01T17:16:25.201+0000] {logging_mixin.py:188} INFO - Downloaded AAPL/1780332834.json -> /tmp/minio_downloads/1780332834.json
[2026-06-01T17:16:25.224+0000] {logging_mixin.py:188} INFO - Downloaded AAPL/1780332851.json -> /tmp/minio_downloads/1780332851.json
[2026-06-01T17:16:25.243+0000] {logging_mixin.py:188} INFO - Downloaded AAPL/1780332867.json -> /tmp/minio_downloads/1780332867.json
[2026-06-01T17:16:25.274+0000] {logging_mixin.py:188} INFO - Downloaded AAPL/1780332883.json -> /tmp/minio_downloads/1780332883.json
[2026-06-01T17:16:25.308+0000] {logging_mixin.py:188} INFO - Downloaded AAPL/1780332898.json -> /tmp/minio_downloads/1780332898.json
[2026-06-01T17:16:25.333+0000] {logging_mixin.py:188} INFO - Downloaded AAPL/1780332915.json -> /tmp/minio_downloads/1780332915.json
[2026-06-01T17:16:25.356+0000] {logging_mixin.py:188} INFO - Downloaded AAPL/1780332932.json -> /tmp/minio_downloads/1780332932.json
[2026-06-01T17:16:25.374+0000] {logging_mixin.py:188} INFO - Downloaded AAPL/1780332950.json -> /tmp/minio_downloads/1780332950.json
[2026-06-01T17:16:25.398+0000] {logging_mixin.py:188} INFO - Downloaded AAPL/1780332965.json -> /tmp/minio_downloads/1780332965.json
[2026-06-01T17:16:25.429+0000] {logging_mixin.py:188} INFO - Downloaded AAPL/1780332979.json -> /tmp/minio_downloads/1780332979.json
[2026-06-01T17:16:25.456+0000] {logging_mixin.py:188} INFO - Downloaded AAPL/1780332997.json -> /tmp/minio_downloads/1780332997.json
[2026-06-01T17:16:25.479+0000] {logging_mixin.py:188} INFO - Downloaded AAPL/1780333013.json -> /tmp/minio_downloads/1780333013.json
[2026-06-01T17:16:25.498+0000] {logging_mixin.py:188} INFO - Downloaded AAPL/1780333028.json -> /tmp/minio_downloads/1780333028.json
[2026-06-01T17:16:25.512+0000] {logging_mixin.py:188} INFO - Downloaded AAPL/1780333043.json -> /tmp/minio_downloads/1780333043.json
[2026-06-01T17:16:25.532+0000] {logging_mixin.py:188} INFO - Downloaded AAPL/1780333060.json -> /tmp/minio_downloads/1780333060.json
[2026-06-01T17:16:25.550+0000] {logging_mixin.py:188} INFO - Downloaded AAPL/1780333075.json -> /tmp/minio_downloads/1780333075.json
[2026-06-01T17:16:25.566+0000] {logging_mixin.py:188} INFO - Downloaded AAPL/1780333096.json -> /tmp/minio_downloads/1780333096.json
[2026-06-01T17:16:25.588+0000] {logging_mixin.py:188} INFO - Downloaded AAPL/1780333118.json -> /tmp/minio_downloads/1780333118.json
[2026-06-01T17:16:25.601+0000] {logging_mixin.py:188} INFO - Downloaded AAPL/1780333135.json -> /tmp/minio_downloads/1780333135.json
[2026-06-01T17:16:25.626+0000] {logging_mixin.py:188} INFO - Downloaded AAPL/1780333151.json -> /tmp/minio_downloads/1780333151.json
[2026-06-01T17:16:25.653+0000] {logging_mixin.py:188} INFO - Downloaded AAPL/1780333168.json -> /tmp/minio_downloads/1780333168.json
[2026-06-01T17:16:25.685+0000] {logging_mixin.py:188} INFO - Downloaded AAPL/1780333183.json -> /tmp/minio_downloads/1780333183.json
[2026-06-01T17:16:25.716+0000] {logging_mixin.py:188} INFO - Downloaded AAPL/1780333198.json -> /tmp/minio_downloads/1780333198.json
[2026-06-01T17:16:25.750+0000] {logging_mixin.py:188} INFO - Downloaded AAPL/1780333213.json -> /tmp/minio_downloads/1780333213.json
[2026-06-01T17:16:25.781+0000] {logging_mixin.py:188} INFO - Downloaded AAPL/1780333229.json -> /tmp/minio_downloads/1780333229.json
[2026-06-01T17:16:25.809+0000] {logging_mixin.py:188} INFO - Downloaded AAPL/1780333245.json -> /tmp/minio_downloads/1780333245.json
[2026-06-01T17:16:25.832+0000] {logging_mixin.py:188} INFO - Downloaded AAPL/1780333257.json -> /tmp/minio_downloads/1780333257.json
[2026-06-01T17:16:25.863+0000] {logging_mixin.py:188} INFO - Downloaded AAPL/1780333269.json -> /tmp/minio_downloads/1780333269.json
[2026-06-01T17:16:25.900+0000] {logging_mixin.py:188} INFO - Downloaded AAPL/1780333281.json -> /tmp/minio_downloads/1780333281.json
[2026-06-01T17:16:25.930+0000] {logging_mixin.py:188} INFO - Downloaded AAPL/1780333293.json -> /tmp/minio_downloads/1780333293.json
[2026-06-01T17:16:25.953+0000] {logging_mixin.py:188} INFO - Downloaded AAPL/1780333305.json -> /tmp/minio_downloads/1780333305.json
[2026-06-01T17:16:25.973+0000] {logging_mixin.py:188} INFO - Downloaded AAPL/1780333317.json -> /tmp/minio_downloads/1780333317.json
[2026-06-01T17:16:25.997+0000] {logging_mixin.py:188} INFO - Downloaded AAPL/1780333329.json -> /tmp/minio_downloads/1780333329.json
[2026-06-01T17:16:26.017+0000] {logging_mixin.py:188} INFO - Downloaded AAPL/1780333342.json -> /tmp/minio_downloads/1780333342.json
[2026-06-01T17:16:26.040+0000] {logging_mixin.py:188} INFO - Downloaded AAPL/1780333358.json -> /tmp/minio_downloads/1780333358.json
[2026-06-01T17:16:26.061+0000] {logging_mixin.py:188} INFO - Downloaded AAPL/1780333375.json -> /tmp/minio_downloads/1780333375.json
[2026-06-01T17:16:26.082+0000] {logging_mixin.py:188} INFO - Downloaded AAPL/1780333389.json -> /tmp/minio_downloads/1780333389.json
[2026-06-01T17:16:26.108+0000] {logging_mixin.py:188} INFO - Downloaded AAPL/1780333406.json -> /tmp/minio_downloads/1780333406.json
[2026-06-01T17:16:26.126+0000] {logging_mixin.py:188} INFO - Downloaded AAPL/1780333419.json -> /tmp/minio_downloads/1780333419.json
[2026-06-01T17:16:26.145+0000] {logging_mixin.py:188} INFO - Downloaded AAPL/1780333431.json -> /tmp/minio_downloads/1780333431.json
[2026-06-01T17:16:26.164+0000] {logging_mixin.py:188} INFO - Downloaded AMZN/1780331991.json -> /tmp/minio_downloads/1780331991.json
[2026-06-01T17:16:26.185+0000] {logging_mixin.py:188} INFO - Downloaded AMZN/1780332003.json -> /tmp/minio_downloads/1780332003.json
[2026-06-01T17:16:26.210+0000] {logging_mixin.py:188} INFO - Downloaded AMZN/1780332015.json -> /tmp/minio_downloads/1780332015.json
[2026-06-01T17:16:26.232+0000] {logging_mixin.py:188} INFO - Downloaded AMZN/1780332028.json -> /tmp/minio_downloads/1780332028.json
[2026-06-01T17:16:26.250+0000] {logging_mixin.py:188} INFO - Downloaded AMZN/1780332040.json -> /tmp/minio_downloads/1780332040.json
[2026-06-01T17:16:26.276+0000] {logging_mixin.py:188} INFO - Downloaded AMZN/1780332052.json -> /tmp/minio_downloads/1780332052.json
[2026-06-01T17:16:26.296+0000] {logging_mixin.py:188} INFO - Downloaded AMZN/1780332064.json -> /tmp/minio_downloads/1780332064.json
[2026-06-01T17:16:26.314+0000] {logging_mixin.py:188} INFO - Downloaded AMZN/1780332088.json -> /tmp/minio_downloads/1780332088.json
[2026-06-01T17:16:26.330+0000] {logging_mixin.py:188} INFO - Downloaded AMZN/1780332100.json -> /tmp/minio_downloads/1780332100.json
[2026-06-01T17:16:26.345+0000] {logging_mixin.py:188} INFO - Downloaded AMZN/1780332116.json -> /tmp/minio_downloads/1780332116.json
[2026-06-01T17:16:26.362+0000] {logging_mixin.py:188} INFO - Downloaded AMZN/1780332129.json -> /tmp/minio_downloads/1780332129.json
[2026-06-01T17:16:26.379+0000] {logging_mixin.py:188} INFO - Downloaded AMZN/1780332141.json -> /tmp/minio_downloads/1780332141.json
[2026-06-01T17:16:26.405+0000] {logging_mixin.py:188} INFO - Downloaded AMZN/1780332152.json -> /tmp/minio_downloads/1780332152.json
[2026-06-01T17:16:26.429+0000] {logging_mixin.py:188} INFO - Downloaded AMZN/1780332182.json -> /tmp/minio_downloads/1780332182.json
[2026-06-01T17:16:26.456+0000] {logging_mixin.py:188} INFO - Downloaded AMZN/1780332194.json -> /tmp/minio_downloads/1780332194.json
[2026-06-01T17:16:26.483+0000] {logging_mixin.py:188} INFO - Downloaded AMZN/1780332206.json -> /tmp/minio_downloads/1780332206.json
[2026-06-01T17:16:26.509+0000] {logging_mixin.py:188} INFO - Downloaded AMZN/1780332219.json -> /tmp/minio_downloads/1780332219.json
[2026-06-01T17:16:26.531+0000] {logging_mixin.py:188} INFO - Downloaded AMZN/1780332237.json -> /tmp/minio_downloads/1780332237.json
[2026-06-01T17:16:26.558+0000] {logging_mixin.py:188} INFO - Downloaded AMZN/1780332255.json -> /tmp/minio_downloads/1780332255.json
[2026-06-01T17:16:26.589+0000] {logging_mixin.py:188} INFO - Downloaded AMZN/1780332269.json -> /tmp/minio_downloads/1780332269.json
[2026-06-01T17:16:26.615+0000] {logging_mixin.py:188} INFO - Downloaded AMZN/1780332280.json -> /tmp/minio_downloads/1780332280.json
[2026-06-01T17:16:26.643+0000] {logging_mixin.py:188} INFO - Downloaded AMZN/1780332292.json -> /tmp/minio_downloads/1780332292.json
[2026-06-01T17:16:26.669+0000] {logging_mixin.py:188} INFO - Downloaded AMZN/1780332304.json -> /tmp/minio_downloads/1780332304.json
[2026-06-01T17:16:26.695+0000] {logging_mixin.py:188} INFO - Downloaded AMZN/1780332318.json -> /tmp/minio_downloads/1780332318.json
[2026-06-01T17:16:26.718+0000] {logging_mixin.py:188} INFO - Downloaded AMZN/1780332332.json -> /tmp/minio_downloads/1780332332.json
[2026-06-01T17:16:26.748+0000] {logging_mixin.py:188} INFO - Downloaded AMZN/1780332344.json -> /tmp/minio_downloads/1780332344.json
[2026-06-01T17:16:26.776+0000] {logging_mixin.py:188} INFO - Downloaded AMZN/1780332356.json -> /tmp/minio_downloads/1780332356.json
[2026-06-01T17:16:26.805+0000] {logging_mixin.py:188} INFO - Downloaded AMZN/1780332369.json -> /tmp/minio_downloads/1780332369.json
[2026-06-01T17:16:26.834+0000] {logging_mixin.py:188} INFO - Downloaded AMZN/1780332381.json -> /tmp/minio_downloads/1780332381.json
[2026-06-01T17:16:26.863+0000] {logging_mixin.py:188} INFO - Downloaded AMZN/1780332393.json -> /tmp/minio_downloads/1780332393.json
[2026-06-01T17:16:26.885+0000] {logging_mixin.py:188} INFO - Downloaded AMZN/1780332405.json -> /tmp/minio_downloads/1780332405.json
[2026-06-01T17:16:26.903+0000] {logging_mixin.py:188} INFO - Downloaded AMZN/1780332419.json -> /tmp/minio_downloads/1780332419.json
[2026-06-01T17:16:26.924+0000] {logging_mixin.py:188} INFO - Downloaded AMZN/1780332436.json -> /tmp/minio_downloads/1780332436.json
[2026-06-01T17:16:26.943+0000] {logging_mixin.py:188} INFO - Downloaded AMZN/1780332453.json -> /tmp/minio_downloads/1780332453.json
[2026-06-01T17:16:26.965+0000] {logging_mixin.py:188} INFO - Downloaded AMZN/1780332470.json -> /tmp/minio_downloads/1780332470.json
[2026-06-01T17:16:26.997+0000] {logging_mixin.py:188} INFO - Downloaded AMZN/1780332487.json -> /tmp/minio_downloads/1780332487.json
[2026-06-01T17:16:27.020+0000] {logging_mixin.py:188} INFO - Downloaded AMZN/1780332504.json -> /tmp/minio_downloads/1780332504.json
[2026-06-01T17:16:27.050+0000] {logging_mixin.py:188} INFO - Downloaded AMZN/1780332522.json -> /tmp/minio_downloads/1780332522.json
[2026-06-01T17:16:27.084+0000] {logging_mixin.py:188} INFO - Downloaded AMZN/1780332543.json -> /tmp/minio_downloads/1780332543.json
[2026-06-01T17:16:27.114+0000] {logging_mixin.py:188} INFO - Downloaded AMZN/1780332559.json -> /tmp/minio_downloads/1780332559.json
[2026-06-01T17:16:27.142+0000] {logging_mixin.py:188} INFO - Downloaded AMZN/1780332576.json -> /tmp/minio_downloads/1780332576.json
[2026-06-01T17:16:27.169+0000] {logging_mixin.py:188} INFO - Downloaded AMZN/1780332596.json -> /tmp/minio_downloads/1780332596.json
[2026-06-01T17:16:27.197+0000] {logging_mixin.py:188} INFO - Downloaded AMZN/1780332613.json -> /tmp/minio_downloads/1780332613.json
[2026-06-01T17:16:27.227+0000] {logging_mixin.py:188} INFO - Downloaded AMZN/1780332629.json -> /tmp/minio_downloads/1780332629.json
[2026-06-01T17:16:27.251+0000] {logging_mixin.py:188} INFO - Downloaded AMZN/1780332646.json -> /tmp/minio_downloads/1780332646.json
[2026-06-01T17:16:27.277+0000] {logging_mixin.py:188} INFO - Downloaded AMZN/1780332683.json -> /tmp/minio_downloads/1780332683.json
[2026-06-01T17:16:27.296+0000] {logging_mixin.py:188} INFO - Downloaded AMZN/1780332700.json -> /tmp/minio_downloads/1780332700.json
[2026-06-01T17:16:27.314+0000] {logging_mixin.py:188} INFO - Downloaded AMZN/1780332715.json -> /tmp/minio_downloads/1780332715.json
[2026-06-01T17:16:27.331+0000] {logging_mixin.py:188} INFO - Downloaded AMZN/1780332732.json -> /tmp/minio_downloads/1780332732.json
[2026-06-01T17:16:27.347+0000] {logging_mixin.py:188} INFO - Downloaded AMZN/1780332748.json -> /tmp/minio_downloads/1780332748.json
[2026-06-01T17:16:27.365+0000] {logging_mixin.py:188} INFO - Downloaded AMZN/1780332766.json -> /tmp/minio_downloads/1780332766.json
[2026-06-01T17:16:27.381+0000] {logging_mixin.py:188} INFO - Downloaded AMZN/1780332782.json -> /tmp/minio_downloads/1780332782.json
[2026-06-01T17:16:27.397+0000] {logging_mixin.py:188} INFO - Downloaded AMZN/1780332794.json -> /tmp/minio_downloads/1780332794.json
[2026-06-01T17:16:27.414+0000] {logging_mixin.py:188} INFO - Downloaded AMZN/1780332809.json -> /tmp/minio_downloads/1780332809.json
[2026-06-01T17:16:27.436+0000] {logging_mixin.py:188} INFO - Downloaded AMZN/1780332825.json -> /tmp/minio_downloads/1780332825.json
[2026-06-01T17:16:27.459+0000] {logging_mixin.py:188} INFO - Downloaded AMZN/1780332843.json -> /tmp/minio_downloads/1780332843.json
[2026-06-01T17:16:27.487+0000] {logging_mixin.py:188} INFO - Downloaded AMZN/1780332859.json -> /tmp/minio_downloads/1780332859.json
[2026-06-01T17:16:27.511+0000] {logging_mixin.py:188} INFO - Downloaded AMZN/1780332875.json -> /tmp/minio_downloads/1780332875.json
[2026-06-01T17:16:27.540+0000] {logging_mixin.py:188} INFO - Downloaded AMZN/1780332891.json -> /tmp/minio_downloads/1780332891.json
[2026-06-01T17:16:27.580+0000] {logging_mixin.py:188} INFO - Downloaded AMZN/1780332907.json -> /tmp/minio_downloads/1780332907.json
[2026-06-01T17:16:27.612+0000] {logging_mixin.py:188} INFO - Downloaded AMZN/1780332924.json -> /tmp/minio_downloads/1780332924.json
[2026-06-01T17:16:27.640+0000] {logging_mixin.py:188} INFO - Downloaded AMZN/1780332942.json -> /tmp/minio_downloads/1780332942.json
[2026-06-01T17:16:27.668+0000] {logging_mixin.py:188} INFO - Downloaded AMZN/1780332957.json -> /tmp/minio_downloads/1780332957.json
[2026-06-01T17:16:27.683+0000] {logging_mixin.py:188} INFO - Downloaded AMZN/1780332971.json -> /tmp/minio_downloads/1780332971.json
[2026-06-01T17:16:27.700+0000] {logging_mixin.py:188} INFO - Downloaded AMZN/1780332989.json -> /tmp/minio_downloads/1780332989.json
[2026-06-01T17:16:27.719+0000] {logging_mixin.py:188} INFO - Downloaded AMZN/1780333005.json -> /tmp/minio_downloads/1780333005.json
[2026-06-01T17:16:27.739+0000] {logging_mixin.py:188} INFO - Downloaded AMZN/1780333020.json -> /tmp/minio_downloads/1780333020.json
[2026-06-01T17:16:27.756+0000] {logging_mixin.py:188} INFO - Downloaded AMZN/1780333036.json -> /tmp/minio_downloads/1780333036.json
[2026-06-01T17:16:27.782+0000] {logging_mixin.py:188} INFO - Downloaded AMZN/1780333053.json -> /tmp/minio_downloads/1780333053.json
[2026-06-01T17:16:27.801+0000] {logging_mixin.py:188} INFO - Downloaded AMZN/1780333065.json -> /tmp/minio_downloads/1780333065.json
[2026-06-01T17:16:27.823+0000] {logging_mixin.py:188} INFO - Downloaded AMZN/1780333087.json -> /tmp/minio_downloads/1780333087.json
[2026-06-01T17:16:27.859+0000] {logging_mixin.py:188} INFO - Downloaded AMZN/1780333110.json -> /tmp/minio_downloads/1780333110.json
[2026-06-01T17:16:27.878+0000] {logging_mixin.py:188} INFO - Downloaded AMZN/1780333127.json -> /tmp/minio_downloads/1780333127.json
[2026-06-01T17:16:27.900+0000] {logging_mixin.py:188} INFO - Downloaded AMZN/1780333143.json -> /tmp/minio_downloads/1780333143.json
[2026-06-01T17:16:27.915+0000] {logging_mixin.py:188} INFO - Downloaded AMZN/1780333160.json -> /tmp/minio_downloads/1780333160.json
[2026-06-01T17:16:27.931+0000] {logging_mixin.py:188} INFO - Downloaded AMZN/1780333175.json -> /tmp/minio_downloads/1780333175.json
[2026-06-01T17:16:27.953+0000] {logging_mixin.py:188} INFO - Downloaded AMZN/1780333191.json -> /tmp/minio_downloads/1780333191.json
[2026-06-01T17:16:27.980+0000] {logging_mixin.py:188} INFO - Downloaded AMZN/1780333206.json -> /tmp/minio_downloads/1780333206.json
[2026-06-01T17:16:28.000+0000] {logging_mixin.py:188} INFO - Downloaded AMZN/1780333221.json -> /tmp/minio_downloads/1780333221.json
[2026-06-01T17:16:28.027+0000] {logging_mixin.py:188} INFO - Downloaded AMZN/1780333238.json -> /tmp/minio_downloads/1780333238.json
[2026-06-01T17:16:28.056+0000] {logging_mixin.py:188} INFO - Downloaded AMZN/1780333249.json -> /tmp/minio_downloads/1780333249.json
[2026-06-01T17:16:28.092+0000] {logging_mixin.py:188} INFO - Downloaded AMZN/1780333261.json -> /tmp/minio_downloads/1780333261.json
[2026-06-01T17:16:28.115+0000] {logging_mixin.py:188} INFO - Downloaded AMZN/1780333274.json -> /tmp/minio_downloads/1780333274.json
[2026-06-01T17:16:28.135+0000] {logging_mixin.py:188} INFO - Downloaded AMZN/1780333285.json -> /tmp/minio_downloads/1780333285.json
[2026-06-01T17:16:28.152+0000] {logging_mixin.py:188} INFO - Downloaded AMZN/1780333297.json -> /tmp/minio_downloads/1780333297.json
[2026-06-01T17:16:28.174+0000] {logging_mixin.py:188} INFO - Downloaded AMZN/1780333310.json -> /tmp/minio_downloads/1780333310.json
[2026-06-01T17:16:28.196+0000] {logging_mixin.py:188} INFO - Downloaded AMZN/1780333322.json -> /tmp/minio_downloads/1780333322.json
[2026-06-01T17:16:28.212+0000] {logging_mixin.py:188} INFO - Downloaded AMZN/1780333334.json -> /tmp/minio_downloads/1780333334.json
[2026-06-01T17:16:28.228+0000] {logging_mixin.py:188} INFO - Downloaded AMZN/1780333350.json -> /tmp/minio_downloads/1780333350.json
[2026-06-01T17:16:28.242+0000] {logging_mixin.py:188} INFO - Downloaded AMZN/1780333366.json -> /tmp/minio_downloads/1780333366.json
[2026-06-01T17:16:28.257+0000] {logging_mixin.py:188} INFO - Downloaded AMZN/1780333382.json -> /tmp/minio_downloads/1780333382.json
[2026-06-01T17:16:28.274+0000] {logging_mixin.py:188} INFO - Downloaded AMZN/1780333399.json -> /tmp/minio_downloads/1780333399.json
[2026-06-01T17:16:28.286+0000] {logging_mixin.py:188} INFO - Downloaded AMZN/1780333412.json -> /tmp/minio_downloads/1780333412.json
[2026-06-01T17:16:28.301+0000] {logging_mixin.py:188} INFO - Downloaded AMZN/1780333424.json -> /tmp/minio_downloads/1780333424.json
[2026-06-01T17:16:28.314+0000] {logging_mixin.py:188} INFO - Downloaded GOOGL/1780331990.json -> /tmp/minio_downloads/1780331990.json
[2026-06-01T17:16:28.330+0000] {logging_mixin.py:188} INFO - Downloaded GOOGL/1780332002.json -> /tmp/minio_downloads/1780332002.json
[2026-06-01T17:16:28.349+0000] {logging_mixin.py:188} INFO - Downloaded GOOGL/1780332015.json -> /tmp/minio_downloads/1780332015.json
[2026-06-01T17:16:28.367+0000] {logging_mixin.py:188} INFO - Downloaded GOOGL/1780332026.json -> /tmp/minio_downloads/1780332026.json
[2026-06-01T17:16:28.385+0000] {logging_mixin.py:188} INFO - Downloaded GOOGL/1780332038.json -> /tmp/minio_downloads/1780332038.json
[2026-06-01T17:16:28.409+0000] {logging_mixin.py:188} INFO - Downloaded GOOGL/1780332051.json -> /tmp/minio_downloads/1780332051.json
[2026-06-01T17:16:28.430+0000] {logging_mixin.py:188} INFO - Downloaded GOOGL/1780332063.json -> /tmp/minio_downloads/1780332063.json
[2026-06-01T17:16:28.457+0000] {logging_mixin.py:188} INFO - Downloaded GOOGL/1780332087.json -> /tmp/minio_downloads/1780332087.json
[2026-06-01T17:16:28.475+0000] {logging_mixin.py:188} INFO - Downloaded GOOGL/1780332099.json -> /tmp/minio_downloads/1780332099.json
[2026-06-01T17:16:28.495+0000] {logging_mixin.py:188} INFO - Downloaded GOOGL/1780332115.json -> /tmp/minio_downloads/1780332115.json
[2026-06-01T17:16:28.515+0000] {logging_mixin.py:188} INFO - Downloaded GOOGL/1780332128.json -> /tmp/minio_downloads/1780332128.json
[2026-06-01T17:16:28.538+0000] {logging_mixin.py:188} INFO - Downloaded GOOGL/1780332140.json -> /tmp/minio_downloads/1780332140.json
[2026-06-01T17:16:28.559+0000] {logging_mixin.py:188} INFO - Downloaded GOOGL/1780332151.json -> /tmp/minio_downloads/1780332151.json
[2026-06-01T17:16:28.590+0000] {logging_mixin.py:188} INFO - Downloaded GOOGL/1780332179.json -> /tmp/minio_downloads/1780332179.json
[2026-06-01T17:16:28.613+0000] {logging_mixin.py:188} INFO - Downloaded GOOGL/1780332193.json -> /tmp/minio_downloads/1780332193.json
[2026-06-01T17:16:28.644+0000] {logging_mixin.py:188} INFO - Downloaded GOOGL/1780332205.json -> /tmp/minio_downloads/1780332205.json
[2026-06-01T17:16:28.667+0000] {logging_mixin.py:188} INFO - Downloaded GOOGL/1780332217.json -> /tmp/minio_downloads/1780332217.json
[2026-06-01T17:16:28.695+0000] {logging_mixin.py:188} INFO - Downloaded GOOGL/1780332235.json -> /tmp/minio_downloads/1780332235.json
[2026-06-01T17:16:28.715+0000] {logging_mixin.py:188} INFO - Downloaded GOOGL/1780332253.json -> /tmp/minio_downloads/1780332253.json
[2026-06-01T17:16:28.732+0000] {logging_mixin.py:188} INFO - Downloaded GOOGL/1780332267.json -> /tmp/minio_downloads/1780332267.json
[2026-06-01T17:16:28.747+0000] {logging_mixin.py:188} INFO - Downloaded GOOGL/1780332279.json -> /tmp/minio_downloads/1780332279.json
[2026-06-01T17:16:28.763+0000] {logging_mixin.py:188} INFO - Downloaded GOOGL/1780332291.json -> /tmp/minio_downloads/1780332291.json
[2026-06-01T17:16:28.778+0000] {logging_mixin.py:188} INFO - Downloaded GOOGL/1780332303.json -> /tmp/minio_downloads/1780332303.json
[2026-06-01T17:16:28.793+0000] {logging_mixin.py:188} INFO - Downloaded GOOGL/1780332317.json -> /tmp/minio_downloads/1780332317.json
[2026-06-01T17:16:28.810+0000] {logging_mixin.py:188} INFO - Downloaded GOOGL/1780332330.json -> /tmp/minio_downloads/1780332330.json
[2026-06-01T17:16:28.825+0000] {logging_mixin.py:188} INFO - Downloaded GOOGL/1780332342.json -> /tmp/minio_downloads/1780332342.json
[2026-06-01T17:16:28.839+0000] {logging_mixin.py:188} INFO - Downloaded GOOGL/1780332354.json -> /tmp/minio_downloads/1780332354.json
[2026-06-01T17:16:28.856+0000] {logging_mixin.py:188} INFO - Downloaded GOOGL/1780332368.json -> /tmp/minio_downloads/1780332368.json
[2026-06-01T17:16:28.878+0000] {logging_mixin.py:188} INFO - Downloaded GOOGL/1780332380.json -> /tmp/minio_downloads/1780332380.json
[2026-06-01T17:16:28.895+0000] {logging_mixin.py:188} INFO - Downloaded GOOGL/1780332392.json -> /tmp/minio_downloads/1780332392.json
[2026-06-01T17:16:28.915+0000] {logging_mixin.py:188} INFO - Downloaded GOOGL/1780332403.json -> /tmp/minio_downloads/1780332403.json
[2026-06-01T17:16:28.932+0000] {logging_mixin.py:188} INFO - Downloaded GOOGL/1780332418.json -> /tmp/minio_downloads/1780332418.json
[2026-06-01T17:16:28.953+0000] {logging_mixin.py:188} INFO - Downloaded GOOGL/1780332434.json -> /tmp/minio_downloads/1780332434.json
[2026-06-01T17:16:28.973+0000] {logging_mixin.py:188} INFO - Downloaded GOOGL/1780332451.json -> /tmp/minio_downloads/1780332451.json
[2026-06-01T17:16:28.996+0000] {logging_mixin.py:188} INFO - Downloaded GOOGL/1780332468.json -> /tmp/minio_downloads/1780332468.json
[2026-06-01T17:16:29.014+0000] {logging_mixin.py:188} INFO - Downloaded GOOGL/1780332485.json -> /tmp/minio_downloads/1780332485.json
[2026-06-01T17:16:29.036+0000] {logging_mixin.py:188} INFO - Downloaded GOOGL/1780332502.json -> /tmp/minio_downloads/1780332502.json
[2026-06-01T17:16:29.057+0000] {logging_mixin.py:188} INFO - Downloaded GOOGL/1780332520.json -> /tmp/minio_downloads/1780332520.json
[2026-06-01T17:16:29.078+0000] {logging_mixin.py:188} INFO - Downloaded GOOGL/1780332541.json -> /tmp/minio_downloads/1780332541.json
[2026-06-01T17:16:29.097+0000] {logging_mixin.py:188} INFO - Downloaded GOOGL/1780332557.json -> /tmp/minio_downloads/1780332557.json
[2026-06-01T17:16:29.116+0000] {logging_mixin.py:188} INFO - Downloaded GOOGL/1780332574.json -> /tmp/minio_downloads/1780332574.json
[2026-06-01T17:16:29.133+0000] {logging_mixin.py:188} INFO - Downloaded GOOGL/1780332591.json -> /tmp/minio_downloads/1780332591.json
[2026-06-01T17:16:29.152+0000] {logging_mixin.py:188} INFO - Downloaded GOOGL/1780332611.json -> /tmp/minio_downloads/1780332611.json
[2026-06-01T17:16:29.182+0000] {logging_mixin.py:188} INFO - Downloaded GOOGL/1780332627.json -> /tmp/minio_downloads/1780332627.json
[2026-06-01T17:16:29.209+0000] {logging_mixin.py:188} INFO - Downloaded GOOGL/1780332643.json -> /tmp/minio_downloads/1780332643.json
[2026-06-01T17:16:29.228+0000] {logging_mixin.py:188} INFO - Downloaded GOOGL/1780332681.json -> /tmp/minio_downloads/1780332681.json
[2026-06-01T17:16:29.247+0000] {logging_mixin.py:188} INFO - Downloaded GOOGL/1780332698.json -> /tmp/minio_downloads/1780332698.json
[2026-06-01T17:16:29.278+0000] {logging_mixin.py:188} INFO - Downloaded GOOGL/1780332713.json -> /tmp/minio_downloads/1780332713.json
[2026-06-01T17:16:29.299+0000] {logging_mixin.py:188} INFO - Downloaded GOOGL/1780332730.json -> /tmp/minio_downloads/1780332730.json
[2026-06-01T17:16:29.328+0000] {logging_mixin.py:188} INFO - Downloaded GOOGL/1780332747.json -> /tmp/minio_downloads/1780332747.json
[2026-06-01T17:16:29.348+0000] {logging_mixin.py:188} INFO - Downloaded GOOGL/1780332764.json -> /tmp/minio_downloads/1780332764.json
[2026-06-01T17:16:29.379+0000] {logging_mixin.py:188} INFO - Downloaded GOOGL/1780332781.json -> /tmp/minio_downloads/1780332781.json
[2026-06-01T17:16:29.418+0000] {logging_mixin.py:188} INFO - Downloaded GOOGL/1780332792.json -> /tmp/minio_downloads/1780332792.json
[2026-06-01T17:16:29.482+0000] {logging_mixin.py:188} INFO - Downloaded GOOGL/1780332807.json -> /tmp/minio_downloads/1780332807.json
[2026-06-01T17:16:29.541+0000] {logging_mixin.py:188} INFO - Downloaded GOOGL/1780332823.json -> /tmp/minio_downloads/1780332823.json
[2026-06-01T17:16:29.581+0000] {logging_mixin.py:188} INFO - Downloaded GOOGL/1780332841.json -> /tmp/minio_downloads/1780332841.json
[2026-06-01T17:16:29.623+0000] {logging_mixin.py:188} INFO - Downloaded GOOGL/1780332857.json -> /tmp/minio_downloads/1780332857.json
[2026-06-01T17:16:29.665+0000] {logging_mixin.py:188} INFO - Downloaded GOOGL/1780332873.json -> /tmp/minio_downloads/1780332873.json
[2026-06-01T17:16:29.715+0000] {logging_mixin.py:188} INFO - Downloaded GOOGL/1780332888.json -> /tmp/minio_downloads/1780332888.json
[2026-06-01T17:16:29.774+0000] {logging_mixin.py:188} INFO - Downloaded GOOGL/1780332905.json -> /tmp/minio_downloads/1780332905.json
[2026-06-01T17:16:29.824+0000] {logging_mixin.py:188} INFO - Downloaded GOOGL/1780332922.json -> /tmp/minio_downloads/1780332922.json
[2026-06-01T17:16:29.899+0000] {logging_mixin.py:188} INFO - Downloaded GOOGL/1780332940.json -> /tmp/minio_downloads/1780332940.json
[2026-06-01T17:16:29.949+0000] {logging_mixin.py:188} INFO - Downloaded GOOGL/1780332956.json -> /tmp/minio_downloads/1780332956.json
[2026-06-01T17:16:29.984+0000] {logging_mixin.py:188} INFO - Downloaded GOOGL/1780332969.json -> /tmp/minio_downloads/1780332969.json
[2026-06-01T17:16:30.018+0000] {logging_mixin.py:188} INFO - Downloaded GOOGL/1780332987.json -> /tmp/minio_downloads/1780332987.json
[2026-06-01T17:16:30.041+0000] {logging_mixin.py:188} INFO - Downloaded GOOGL/1780333003.json -> /tmp/minio_downloads/1780333003.json
[2026-06-01T17:16:30.063+0000] {logging_mixin.py:188} INFO - Downloaded GOOGL/1780333019.json -> /tmp/minio_downloads/1780333019.json
[2026-06-01T17:16:30.094+0000] {logging_mixin.py:188} INFO - Downloaded GOOGL/1780333034.json -> /tmp/minio_downloads/1780333034.json
[2026-06-01T17:16:30.125+0000] {logging_mixin.py:188} INFO - Downloaded GOOGL/1780333050.json -> /tmp/minio_downloads/1780333050.json
[2026-06-01T17:16:30.149+0000] {logging_mixin.py:188} INFO - Downloaded GOOGL/1780333064.json -> /tmp/minio_downloads/1780333064.json
[2026-06-01T17:16:30.165+0000] {logging_mixin.py:188} INFO - Downloaded GOOGL/1780333084.json -> /tmp/minio_downloads/1780333084.json
[2026-06-01T17:16:30.189+0000] {logging_mixin.py:188} INFO - Downloaded GOOGL/1780333107.json -> /tmp/minio_downloads/1780333107.json
[2026-06-01T17:16:30.209+0000] {logging_mixin.py:188} INFO - Downloaded GOOGL/1780333125.json -> /tmp/minio_downloads/1780333125.json
[2026-06-01T17:16:30.224+0000] {logging_mixin.py:188} INFO - Downloaded GOOGL/1780333141.json -> /tmp/minio_downloads/1780333141.json
[2026-06-01T17:16:30.240+0000] {logging_mixin.py:188} INFO - Downloaded GOOGL/1780333158.json -> /tmp/minio_downloads/1780333158.json
[2026-06-01T17:16:30.258+0000] {logging_mixin.py:188} INFO - Downloaded GOOGL/1780333173.json -> /tmp/minio_downloads/1780333173.json
[2026-06-01T17:16:30.277+0000] {logging_mixin.py:188} INFO - Downloaded GOOGL/1780333189.json -> /tmp/minio_downloads/1780333189.json
[2026-06-01T17:16:30.293+0000] {logging_mixin.py:188} INFO - Downloaded GOOGL/1780333204.json -> /tmp/minio_downloads/1780333204.json
[2026-06-01T17:16:30.310+0000] {logging_mixin.py:188} INFO - Downloaded GOOGL/1780333219.json -> /tmp/minio_downloads/1780333219.json
[2026-06-01T17:16:30.326+0000] {logging_mixin.py:188} INFO - Downloaded GOOGL/1780333236.json -> /tmp/minio_downloads/1780333236.json
[2026-06-01T17:16:30.345+0000] {logging_mixin.py:188} INFO - Downloaded GOOGL/1780333248.json -> /tmp/minio_downloads/1780333248.json
[2026-06-01T17:16:30.363+0000] {logging_mixin.py:188} INFO - Downloaded GOOGL/1780333260.json -> /tmp/minio_downloads/1780333260.json
[2026-06-01T17:16:30.380+0000] {logging_mixin.py:188} INFO - Downloaded GOOGL/1780333272.json -> /tmp/minio_downloads/1780333272.json
[2026-06-01T17:16:30.397+0000] {logging_mixin.py:188} INFO - Downloaded GOOGL/1780333284.json -> /tmp/minio_downloads/1780333284.json
[2026-06-01T17:16:30.410+0000] {logging_mixin.py:188} INFO - Downloaded GOOGL/1780333296.json -> /tmp/minio_downloads/1780333296.json
[2026-06-01T17:16:30.420+0000] {logging_mixin.py:188} INFO - Downloaded GOOGL/1780333309.json -> /tmp/minio_downloads/1780333309.json
[2026-06-01T17:16:30.436+0000] {logging_mixin.py:188} INFO - Downloaded GOOGL/1780333321.json -> /tmp/minio_downloads/1780333321.json
[2026-06-01T17:16:30.456+0000] {logging_mixin.py:188} INFO - Downloaded GOOGL/1780333333.json -> /tmp/minio_downloads/1780333333.json
[2026-06-01T17:16:30.472+0000] {logging_mixin.py:188} INFO - Downloaded GOOGL/1780333348.json -> /tmp/minio_downloads/1780333348.json
[2026-06-01T17:16:30.485+0000] {logging_mixin.py:188} INFO - Downloaded GOOGL/1780333364.json -> /tmp/minio_downloads/1780333364.json
[2026-06-01T17:16:30.501+0000] {logging_mixin.py:188} INFO - Downloaded GOOGL/1780333381.json -> /tmp/minio_downloads/1780333381.json
[2026-06-01T17:16:30.518+0000] {logging_mixin.py:188} INFO - Downloaded GOOGL/1780333395.json -> /tmp/minio_downloads/1780333395.json
[2026-06-01T17:16:30.534+0000] {logging_mixin.py:188} INFO - Downloaded GOOGL/1780333411.json -> /tmp/minio_downloads/1780333411.json
[2026-06-01T17:16:30.549+0000] {logging_mixin.py:188} INFO - Downloaded GOOGL/1780333423.json -> /tmp/minio_downloads/1780333423.json
[2026-06-01T17:16:30.570+0000] {logging_mixin.py:188} INFO - Downloaded MSFT/1780331987.json -> /tmp/minio_downloads/1780331987.json
[2026-06-01T17:16:30.586+0000] {logging_mixin.py:188} INFO - Downloaded MSFT/1780331999.json -> /tmp/minio_downloads/1780331999.json
[2026-06-01T17:16:30.606+0000] {logging_mixin.py:188} INFO - Downloaded MSFT/1780332012.json -> /tmp/minio_downloads/1780332012.json
[2026-06-01T17:16:30.625+0000] {logging_mixin.py:188} INFO - Downloaded MSFT/1780332024.json -> /tmp/minio_downloads/1780332024.json
[2026-06-01T17:16:30.642+0000] {logging_mixin.py:188} INFO - Downloaded MSFT/1780332036.json -> /tmp/minio_downloads/1780332036.json
[2026-06-01T17:16:30.658+0000] {logging_mixin.py:188} INFO - Downloaded MSFT/1780332049.json -> /tmp/minio_downloads/1780332049.json
[2026-06-01T17:16:30.674+0000] {logging_mixin.py:188} INFO - Downloaded MSFT/1780332061.json -> /tmp/minio_downloads/1780332061.json
[2026-06-01T17:16:30.700+0000] {logging_mixin.py:188} INFO - Downloaded MSFT/1780332085.json -> /tmp/minio_downloads/1780332085.json
[2026-06-01T17:16:30.724+0000] {logging_mixin.py:188} INFO - Downloaded MSFT/1780332097.json -> /tmp/minio_downloads/1780332097.json
[2026-06-01T17:16:30.748+0000] {logging_mixin.py:188} INFO - Downloaded MSFT/1780332113.json -> /tmp/minio_downloads/1780332113.json
[2026-06-01T17:16:30.765+0000] {logging_mixin.py:188} INFO - Downloaded MSFT/1780332125.json -> /tmp/minio_downloads/1780332125.json
[2026-06-01T17:16:30.780+0000] {logging_mixin.py:188} INFO - Downloaded MSFT/1780332137.json -> /tmp/minio_downloads/1780332137.json
[2026-06-01T17:16:30.800+0000] {logging_mixin.py:188} INFO - Downloaded MSFT/1780332149.json -> /tmp/minio_downloads/1780332149.json
[2026-06-01T17:16:30.820+0000] {logging_mixin.py:188} INFO - Downloaded MSFT/1780332161.json -> /tmp/minio_downloads/1780332161.json
[2026-06-01T17:16:30.841+0000] {logging_mixin.py:188} INFO - Downloaded MSFT/1780332190.json -> /tmp/minio_downloads/1780332190.json
[2026-06-01T17:16:30.853+0000] {logging_mixin.py:188} INFO - Downloaded MSFT/1780332202.json -> /tmp/minio_downloads/1780332202.json
[2026-06-01T17:16:30.867+0000] {logging_mixin.py:188} INFO - Downloaded MSFT/1780332214.json -> /tmp/minio_downloads/1780332214.json
[2026-06-01T17:16:30.882+0000] {logging_mixin.py:188} INFO - Downloaded MSFT/1780332229.json -> /tmp/minio_downloads/1780332229.json
[2026-06-01T17:16:30.903+0000] {logging_mixin.py:188} INFO - Downloaded MSFT/1780332248.json -> /tmp/minio_downloads/1780332248.json
[2026-06-01T17:16:30.931+0000] {logging_mixin.py:188} INFO - Downloaded MSFT/1780332265.json -> /tmp/minio_downloads/1780332265.json
[2026-06-01T17:16:30.975+0000] {logging_mixin.py:188} INFO - Downloaded MSFT/1780332277.json -> /tmp/minio_downloads/1780332277.json
[2026-06-01T17:16:30.995+0000] {logging_mixin.py:188} INFO - Downloaded MSFT/1780332289.json -> /tmp/minio_downloads/1780332289.json
[2026-06-01T17:16:31.008+0000] {logging_mixin.py:188} INFO - Downloaded MSFT/1780332301.json -> /tmp/minio_downloads/1780332301.json
[2026-06-01T17:16:31.025+0000] {logging_mixin.py:188} INFO - Downloaded MSFT/1780332313.json -> /tmp/minio_downloads/1780332313.json
[2026-06-01T17:16:31.042+0000] {logging_mixin.py:188} INFO - Downloaded MSFT/1780332327.json -> /tmp/minio_downloads/1780332327.json
[2026-06-01T17:16:31.063+0000] {logging_mixin.py:188} INFO - Downloaded MSFT/1780332340.json -> /tmp/minio_downloads/1780332340.json
[2026-06-01T17:16:31.083+0000] {logging_mixin.py:188} INFO - Downloaded MSFT/1780332352.json -> /tmp/minio_downloads/1780332352.json
[2026-06-01T17:16:31.105+0000] {logging_mixin.py:188} INFO - Downloaded MSFT/1780332364.json -> /tmp/minio_downloads/1780332364.json
[2026-06-01T17:16:31.125+0000] {logging_mixin.py:188} INFO - Downloaded MSFT/1780332377.json -> /tmp/minio_downloads/1780332377.json
[2026-06-01T17:16:31.140+0000] {logging_mixin.py:188} INFO - Downloaded MSFT/1780332389.json -> /tmp/minio_downloads/1780332389.json
[2026-06-01T17:16:31.155+0000] {logging_mixin.py:188} INFO - Downloaded MSFT/1780332401.json -> /tmp/minio_downloads/1780332401.json
[2026-06-01T17:16:31.169+0000] {logging_mixin.py:188} INFO - Downloaded MSFT/1780332413.json -> /tmp/minio_downloads/1780332413.json
[2026-06-01T17:16:31.184+0000] {logging_mixin.py:188} INFO - Downloaded MSFT/1780332429.json -> /tmp/minio_downloads/1780332429.json
[2026-06-01T17:16:31.202+0000] {logging_mixin.py:188} INFO - Downloaded MSFT/1780332446.json -> /tmp/minio_downloads/1780332446.json
[2026-06-01T17:16:31.218+0000] {logging_mixin.py:188} INFO - Downloaded MSFT/1780332464.json -> /tmp/minio_downloads/1780332464.json
[2026-06-01T17:16:31.237+0000] {logging_mixin.py:188} INFO - Downloaded MSFT/1780332480.json -> /tmp/minio_downloads/1780332480.json
[2026-06-01T17:16:31.258+0000] {logging_mixin.py:188} INFO - Downloaded MSFT/1780332497.json -> /tmp/minio_downloads/1780332497.json
[2026-06-01T17:16:31.277+0000] {logging_mixin.py:188} INFO - Downloaded MSFT/1780332514.json -> /tmp/minio_downloads/1780332514.json
[2026-06-01T17:16:31.300+0000] {logging_mixin.py:188} INFO - Downloaded MSFT/1780332534.json -> /tmp/minio_downloads/1780332534.json
[2026-06-01T17:16:31.317+0000] {logging_mixin.py:188} INFO - Downloaded MSFT/1780332553.json -> /tmp/minio_downloads/1780332553.json
[2026-06-01T17:16:31.334+0000] {logging_mixin.py:188} INFO - Downloaded MSFT/1780332569.json -> /tmp/minio_downloads/1780332569.json
[2026-06-01T17:16:31.354+0000] {logging_mixin.py:188} INFO - Downloaded MSFT/1780332587.json -> /tmp/minio_downloads/1780332587.json
[2026-06-01T17:16:31.374+0000] {logging_mixin.py:188} INFO - Downloaded MSFT/1780332606.json -> /tmp/minio_downloads/1780332606.json
[2026-06-01T17:16:31.405+0000] {logging_mixin.py:188} INFO - Downloaded MSFT/1780332623.json -> /tmp/minio_downloads/1780332623.json
[2026-06-01T17:16:31.426+0000] {logging_mixin.py:188} INFO - Downloaded MSFT/1780332640.json -> /tmp/minio_downloads/1780332640.json
[2026-06-01T17:16:31.448+0000] {logging_mixin.py:188} INFO - Downloaded MSFT/1780332676.json -> /tmp/minio_downloads/1780332676.json
[2026-06-01T17:16:31.478+0000] {logging_mixin.py:188} INFO - Downloaded MSFT/1780332694.json -> /tmp/minio_downloads/1780332694.json
[2026-06-01T17:16:31.512+0000] {logging_mixin.py:188} INFO - Downloaded MSFT/1780332709.json -> /tmp/minio_downloads/1780332709.json
[2026-06-01T17:16:31.542+0000] {logging_mixin.py:188} INFO - Downloaded MSFT/1780332725.json -> /tmp/minio_downloads/1780332725.json
[2026-06-01T17:16:31.567+0000] {logging_mixin.py:188} INFO - Downloaded MSFT/1780332742.json -> /tmp/minio_downloads/1780332742.json
[2026-06-01T17:16:31.611+0000] {logging_mixin.py:188} INFO - Downloaded MSFT/1780332758.json -> /tmp/minio_downloads/1780332758.json
[2026-06-01T17:16:31.660+0000] {logging_mixin.py:188} INFO - Downloaded MSFT/1780332777.json -> /tmp/minio_downloads/1780332777.json
[2026-06-01T17:16:31.695+0000] {logging_mixin.py:188} INFO - Downloaded MSFT/1780332790.json -> /tmp/minio_downloads/1780332790.json
[2026-06-01T17:16:31.726+0000] {logging_mixin.py:188} INFO - Downloaded MSFT/1780332803.json -> /tmp/minio_downloads/1780332803.json
[2026-06-01T17:16:31.839+0000] {logging_mixin.py:188} INFO - Downloaded MSFT/1780332819.json -> /tmp/minio_downloads/1780332819.json
[2026-06-01T17:16:31.939+0000] {logging_mixin.py:188} INFO - Downloaded MSFT/1780332836.json -> /tmp/minio_downloads/1780332836.json
[2026-06-01T17:16:31.975+0000] {logging_mixin.py:188} INFO - Downloaded MSFT/1780332853.json -> /tmp/minio_downloads/1780332853.json
[2026-06-01T17:16:32.006+0000] {logging_mixin.py:188} INFO - Downloaded MSFT/1780332869.json -> /tmp/minio_downloads/1780332869.json
[2026-06-01T17:16:32.035+0000] {logging_mixin.py:188} INFO - Downloaded MSFT/1780332885.json -> /tmp/minio_downloads/1780332885.json
[2026-06-01T17:16:32.070+0000] {logging_mixin.py:188} INFO - Downloaded MSFT/1780332901.json -> /tmp/minio_downloads/1780332901.json
[2026-06-01T17:16:32.108+0000] {logging_mixin.py:188} INFO - Downloaded MSFT/1780332917.json -> /tmp/minio_downloads/1780332917.json
[2026-06-01T17:16:32.133+0000] {logging_mixin.py:188} INFO - Downloaded MSFT/1780332935.json -> /tmp/minio_downloads/1780332935.json
[2026-06-01T17:16:32.174+0000] {logging_mixin.py:188} INFO - Downloaded MSFT/1780332952.json -> /tmp/minio_downloads/1780332952.json
[2026-06-01T17:16:32.216+0000] {logging_mixin.py:188} INFO - Downloaded MSFT/1780332966.json -> /tmp/minio_downloads/1780332966.json
[2026-06-01T17:16:32.256+0000] {logging_mixin.py:188} INFO - Downloaded MSFT/1780332981.json -> /tmp/minio_downloads/1780332981.json
[2026-06-01T17:16:32.280+0000] {logging_mixin.py:188} INFO - Downloaded MSFT/1780332999.json -> /tmp/minio_downloads/1780332999.json
[2026-06-01T17:16:32.317+0000] {logging_mixin.py:188} INFO - Downloaded MSFT/1780333015.json -> /tmp/minio_downloads/1780333015.json
[2026-06-01T17:16:32.337+0000] {logging_mixin.py:188} INFO - Downloaded MSFT/1780333030.json -> /tmp/minio_downloads/1780333030.json
[2026-06-01T17:16:32.357+0000] {logging_mixin.py:188} INFO - Downloaded MSFT/1780333045.json -> /tmp/minio_downloads/1780333045.json
[2026-06-01T17:16:32.380+0000] {logging_mixin.py:188} INFO - Downloaded MSFT/1780333062.json -> /tmp/minio_downloads/1780333062.json
[2026-06-01T17:16:32.399+0000] {logging_mixin.py:188} INFO - Downloaded MSFT/1780333078.json -> /tmp/minio_downloads/1780333078.json
[2026-06-01T17:16:32.420+0000] {logging_mixin.py:188} INFO - Downloaded MSFT/1780333101.json -> /tmp/minio_downloads/1780333101.json
[2026-06-01T17:16:32.442+0000] {logging_mixin.py:188} INFO - Downloaded MSFT/1780333121.json -> /tmp/minio_downloads/1780333121.json
[2026-06-01T17:16:32.464+0000] {logging_mixin.py:188} INFO - Downloaded MSFT/1780333137.json -> /tmp/minio_downloads/1780333137.json
[2026-06-01T17:16:32.485+0000] {logging_mixin.py:188} INFO - Downloaded MSFT/1780333154.json -> /tmp/minio_downloads/1780333154.json
[2026-06-01T17:16:32.509+0000] {logging_mixin.py:188} INFO - Downloaded MSFT/1780333170.json -> /tmp/minio_downloads/1780333170.json
[2026-06-01T17:16:32.529+0000] {logging_mixin.py:188} INFO - Downloaded MSFT/1780333185.json -> /tmp/minio_downloads/1780333185.json
[2026-06-01T17:16:32.550+0000] {logging_mixin.py:188} INFO - Downloaded MSFT/1780333200.json -> /tmp/minio_downloads/1780333200.json
[2026-06-01T17:16:32.577+0000] {logging_mixin.py:188} INFO - Downloaded MSFT/1780333215.json -> /tmp/minio_downloads/1780333215.json
[2026-06-01T17:16:32.603+0000] {logging_mixin.py:188} INFO - Downloaded MSFT/1780333232.json -> /tmp/minio_downloads/1780333232.json
[2026-06-01T17:16:32.632+0000] {logging_mixin.py:188} INFO - Downloaded MSFT/1780333246.json -> /tmp/minio_downloads/1780333246.json
[2026-06-01T17:16:32.653+0000] {logging_mixin.py:188} INFO - Downloaded MSFT/1780333257.json -> /tmp/minio_downloads/1780333257.json
[2026-06-01T17:16:32.672+0000] {logging_mixin.py:188} INFO - Downloaded MSFT/1780333269.json -> /tmp/minio_downloads/1780333269.json
[2026-06-01T17:16:32.695+0000] {logging_mixin.py:188} INFO - Downloaded MSFT/1780333282.json -> /tmp/minio_downloads/1780333282.json
[2026-06-01T17:16:32.727+0000] {logging_mixin.py:188} INFO - Downloaded MSFT/1780333294.json -> /tmp/minio_downloads/1780333294.json
[2026-06-01T17:16:32.752+0000] {logging_mixin.py:188} INFO - Downloaded MSFT/1780333306.json -> /tmp/minio_downloads/1780333306.json
[2026-06-01T17:16:32.774+0000] {logging_mixin.py:188} INFO - Downloaded MSFT/1780333319.json -> /tmp/minio_downloads/1780333319.json
[2026-06-01T17:16:32.794+0000] {logging_mixin.py:188} INFO - Downloaded MSFT/1780333331.json -> /tmp/minio_downloads/1780333331.json
[2026-06-01T17:16:32.814+0000] {logging_mixin.py:188} INFO - Downloaded MSFT/1780333344.json -> /tmp/minio_downloads/1780333344.json
[2026-06-01T17:16:32.836+0000] {logging_mixin.py:188} INFO - Downloaded MSFT/1780333360.json -> /tmp/minio_downloads/1780333360.json
[2026-06-01T17:16:32.859+0000] {logging_mixin.py:188} INFO - Downloaded MSFT/1780333377.json -> /tmp/minio_downloads/1780333377.json
[2026-06-01T17:16:32.876+0000] {logging_mixin.py:188} INFO - Downloaded MSFT/1780333391.json -> /tmp/minio_downloads/1780333391.json
[2026-06-01T17:16:32.890+0000] {logging_mixin.py:188} INFO - Downloaded MSFT/1780333408.json -> /tmp/minio_downloads/1780333408.json
[2026-06-01T17:16:32.909+0000] {logging_mixin.py:188} INFO - Downloaded MSFT/1780333420.json -> /tmp/minio_downloads/1780333420.json
[2026-06-01T17:16:32.927+0000] {logging_mixin.py:188} INFO - Downloaded MSFT/1780333432.json -> /tmp/minio_downloads/1780333432.json
[2026-06-01T17:16:32.943+0000] {logging_mixin.py:188} INFO - Downloaded TSLA/1780331989.json -> /tmp/minio_downloads/1780331989.json
[2026-06-01T17:16:32.966+0000] {logging_mixin.py:188} INFO - Downloaded TSLA/1780332000.json -> /tmp/minio_downloads/1780332000.json
[2026-06-01T17:16:32.983+0000] {logging_mixin.py:188} INFO - Downloaded TSLA/1780332013.json -> /tmp/minio_downloads/1780332013.json
[2026-06-01T17:16:32.999+0000] {logging_mixin.py:188} INFO - Downloaded TSLA/1780332025.json -> /tmp/minio_downloads/1780332025.json
[2026-06-01T17:16:33.016+0000] {logging_mixin.py:188} INFO - Downloaded TSLA/1780332037.json -> /tmp/minio_downloads/1780332037.json
[2026-06-01T17:16:33.040+0000] {logging_mixin.py:188} INFO - Downloaded TSLA/1780332050.json -> /tmp/minio_downloads/1780332050.json
[2026-06-01T17:16:33.059+0000] {logging_mixin.py:188} INFO - Downloaded TSLA/1780332062.json -> /tmp/minio_downloads/1780332062.json
[2026-06-01T17:16:33.076+0000] {logging_mixin.py:188} INFO - Downloaded TSLA/1780332086.json -> /tmp/minio_downloads/1780332086.json
[2026-06-01T17:16:33.102+0000] {logging_mixin.py:188} INFO - Downloaded TSLA/1780332098.json -> /tmp/minio_downloads/1780332098.json
[2026-06-01T17:16:33.126+0000] {logging_mixin.py:188} INFO - Downloaded TSLA/1780332114.json -> /tmp/minio_downloads/1780332114.json
[2026-06-01T17:16:33.146+0000] {logging_mixin.py:188} INFO - Downloaded TSLA/1780332126.json -> /tmp/minio_downloads/1780332126.json
[2026-06-01T17:16:33.169+0000] {logging_mixin.py:188} INFO - Downloaded TSLA/1780332139.json -> /tmp/minio_downloads/1780332139.json
[2026-06-01T17:16:33.192+0000] {logging_mixin.py:188} INFO - Downloaded TSLA/1780332150.json -> /tmp/minio_downloads/1780332150.json
[2026-06-01T17:16:33.218+0000] {logging_mixin.py:188} INFO - Downloaded TSLA/1780332178.json -> /tmp/minio_downloads/1780332178.json
[2026-06-01T17:16:33.252+0000] {logging_mixin.py:188} INFO - Downloaded TSLA/1780332191.json -> /tmp/minio_downloads/1780332191.json
[2026-06-01T17:16:33.282+0000] {logging_mixin.py:188} INFO - Downloaded TSLA/1780332203.json -> /tmp/minio_downloads/1780332203.json
[2026-06-01T17:16:33.323+0000] {logging_mixin.py:188} INFO - Downloaded TSLA/1780332216.json -> /tmp/minio_downloads/1780332216.json
[2026-06-01T17:16:33.354+0000] {logging_mixin.py:188} INFO - Downloaded TSLA/1780332232.json -> /tmp/minio_downloads/1780332232.json
[2026-06-01T17:16:33.381+0000] {logging_mixin.py:188} INFO - Downloaded TSLA/1780332250.json -> /tmp/minio_downloads/1780332250.json
[2026-06-01T17:16:33.415+0000] {logging_mixin.py:188} INFO - Downloaded TSLA/1780332266.json -> /tmp/minio_downloads/1780332266.json
[2026-06-01T17:16:33.436+0000] {logging_mixin.py:188} INFO - Downloaded TSLA/1780332278.json -> /tmp/minio_downloads/1780332278.json
[2026-06-01T17:16:33.461+0000] {logging_mixin.py:188} INFO - Downloaded TSLA/1780332290.json -> /tmp/minio_downloads/1780332290.json
[2026-06-01T17:16:33.494+0000] {logging_mixin.py:188} INFO - Downloaded TSLA/1780332302.json -> /tmp/minio_downloads/1780332302.json
[2026-06-01T17:16:33.523+0000] {logging_mixin.py:188} INFO - Downloaded TSLA/1780332313.json -> /tmp/minio_downloads/1780332313.json
[2026-06-01T17:16:33.550+0000] {logging_mixin.py:188} INFO - Downloaded TSLA/1780332329.json -> /tmp/minio_downloads/1780332329.json
[2026-06-01T17:16:33.580+0000] {logging_mixin.py:188} INFO - Downloaded TSLA/1780332341.json -> /tmp/minio_downloads/1780332341.json
[2026-06-01T17:16:33.603+0000] {logging_mixin.py:188} INFO - Downloaded TSLA/1780332353.json -> /tmp/minio_downloads/1780332353.json
[2026-06-01T17:16:33.626+0000] {logging_mixin.py:188} INFO - Downloaded TSLA/1780332366.json -> /tmp/minio_downloads/1780332366.json
[2026-06-01T17:16:33.651+0000] {logging_mixin.py:188} INFO - Downloaded TSLA/1780332378.json -> /tmp/minio_downloads/1780332378.json
[2026-06-01T17:16:33.679+0000] {logging_mixin.py:188} INFO - Downloaded TSLA/1780332390.json -> /tmp/minio_downloads/1780332390.json
[2026-06-01T17:16:33.701+0000] {logging_mixin.py:188} INFO - Downloaded TSLA/1780332402.json -> /tmp/minio_downloads/1780332402.json
[2026-06-01T17:16:33.719+0000] {logging_mixin.py:188} INFO - Downloaded TSLA/1780332415.json -> /tmp/minio_downloads/1780332415.json
[2026-06-01T17:16:33.741+0000] {logging_mixin.py:188} INFO - Downloaded TSLA/1780332432.json -> /tmp/minio_downloads/1780332432.json
[2026-06-01T17:16:33.761+0000] {logging_mixin.py:188} INFO - Downloaded TSLA/1780332449.json -> /tmp/minio_downloads/1780332449.json
[2026-06-01T17:16:33.783+0000] {logging_mixin.py:188} INFO - Downloaded TSLA/1780332465.json -> /tmp/minio_downloads/1780332465.json
[2026-06-01T17:16:33.808+0000] {logging_mixin.py:188} INFO - Downloaded TSLA/1780332482.json -> /tmp/minio_downloads/1780332482.json
[2026-06-01T17:16:33.827+0000] {logging_mixin.py:188} INFO - Downloaded TSLA/1780332500.json -> /tmp/minio_downloads/1780332500.json
[2026-06-01T17:16:33.851+0000] {logging_mixin.py:188} INFO - Downloaded TSLA/1780332517.json -> /tmp/minio_downloads/1780332517.json
[2026-06-01T17:16:33.871+0000] {logging_mixin.py:188} INFO - Downloaded TSLA/1780332538.json -> /tmp/minio_downloads/1780332538.json
[2026-06-01T17:16:33.895+0000] {logging_mixin.py:188} INFO - Downloaded TSLA/1780332555.json -> /tmp/minio_downloads/1780332555.json
[2026-06-01T17:16:33.922+0000] {logging_mixin.py:188} INFO - Downloaded TSLA/1780332571.json -> /tmp/minio_downloads/1780332571.json
[2026-06-01T17:16:33.943+0000] {logging_mixin.py:188} INFO - Downloaded TSLA/1780332589.json -> /tmp/minio_downloads/1780332589.json
[2026-06-01T17:16:33.963+0000] {logging_mixin.py:188} INFO - Downloaded TSLA/1780332609.json -> /tmp/minio_downloads/1780332609.json
[2026-06-01T17:16:33.986+0000] {logging_mixin.py:188} INFO - Downloaded TSLA/1780332625.json -> /tmp/minio_downloads/1780332625.json
[2026-06-01T17:16:34.028+0000] {logging_mixin.py:188} INFO - Downloaded TSLA/1780332641.json -> /tmp/minio_downloads/1780332641.json
[2026-06-01T17:16:34.065+0000] {logging_mixin.py:188} INFO - Downloaded TSLA/1780332679.json -> /tmp/minio_downloads/1780332679.json
[2026-06-01T17:16:34.111+0000] {logging_mixin.py:188} INFO - Downloaded TSLA/1780332696.json -> /tmp/minio_downloads/1780332696.json
[2026-06-01T17:16:34.138+0000] {logging_mixin.py:188} INFO - Downloaded TSLA/1780332711.json -> /tmp/minio_downloads/1780332711.json
[2026-06-01T17:16:34.163+0000] {logging_mixin.py:188} INFO - Downloaded TSLA/1780332727.json -> /tmp/minio_downloads/1780332727.json
[2026-06-01T17:16:34.187+0000] {logging_mixin.py:188} INFO - Downloaded TSLA/1780332744.json -> /tmp/minio_downloads/1780332744.json
[2026-06-01T17:16:34.208+0000] {logging_mixin.py:188} INFO - Downloaded TSLA/1780332760.json -> /tmp/minio_downloads/1780332760.json
[2026-06-01T17:16:34.227+0000] {logging_mixin.py:188} INFO - Downloaded TSLA/1780332778.json -> /tmp/minio_downloads/1780332778.json
[2026-06-01T17:16:34.254+0000] {logging_mixin.py:188} INFO - Downloaded TSLA/1780332791.json -> /tmp/minio_downloads/1780332791.json
[2026-06-01T17:16:34.285+0000] {logging_mixin.py:188} INFO - Downloaded TSLA/1780332805.json -> /tmp/minio_downloads/1780332805.json
[2026-06-01T17:16:34.308+0000] {logging_mixin.py:188} INFO - Downloaded TSLA/1780332821.json -> /tmp/minio_downloads/1780332821.json
[2026-06-01T17:16:34.327+0000] {logging_mixin.py:188} INFO - Downloaded TSLA/1780332838.json -> /tmp/minio_downloads/1780332838.json
[2026-06-01T17:16:34.349+0000] {logging_mixin.py:188} INFO - Downloaded TSLA/1780332855.json -> /tmp/minio_downloads/1780332855.json
[2026-06-01T17:16:34.368+0000] {logging_mixin.py:188} INFO - Downloaded TSLA/1780332871.json -> /tmp/minio_downloads/1780332871.json
[2026-06-01T17:16:34.395+0000] {logging_mixin.py:188} INFO - Downloaded TSLA/1780332887.json -> /tmp/minio_downloads/1780332887.json
[2026-06-01T17:16:34.421+0000] {logging_mixin.py:188} INFO - Downloaded TSLA/1780332903.json -> /tmp/minio_downloads/1780332903.json
[2026-06-01T17:16:34.448+0000] {logging_mixin.py:188} INFO - Downloaded TSLA/1780332920.json -> /tmp/minio_downloads/1780332920.json
[2026-06-01T17:16:34.471+0000] {logging_mixin.py:188} INFO - Downloaded TSLA/1780332937.json -> /tmp/minio_downloads/1780332937.json
[2026-06-01T17:16:34.496+0000] {logging_mixin.py:188} INFO - Downloaded TSLA/1780332954.json -> /tmp/minio_downloads/1780332954.json
[2026-06-01T17:16:34.518+0000] {logging_mixin.py:188} INFO - Downloaded TSLA/1780332967.json -> /tmp/minio_downloads/1780332967.json
[2026-06-01T17:16:34.535+0000] {logging_mixin.py:188} INFO - Downloaded TSLA/1780332986.json -> /tmp/minio_downloads/1780332986.json
[2026-06-01T17:16:34.558+0000] {logging_mixin.py:188} INFO - Downloaded TSLA/1780333001.json -> /tmp/minio_downloads/1780333001.json
[2026-06-01T17:16:34.577+0000] {logging_mixin.py:188} INFO - Downloaded TSLA/1780333017.json -> /tmp/minio_downloads/1780333017.json
[2026-06-01T17:16:34.601+0000] {logging_mixin.py:188} INFO - Downloaded TSLA/1780333032.json -> /tmp/minio_downloads/1780333032.json
[2026-06-01T17:16:34.620+0000] {logging_mixin.py:188} INFO - Downloaded TSLA/1780333047.json -> /tmp/minio_downloads/1780333047.json
[2026-06-01T17:16:34.645+0000] {logging_mixin.py:188} INFO - Downloaded TSLA/1780333063.json -> /tmp/minio_downloads/1780333063.json
[2026-06-01T17:16:34.669+0000] {logging_mixin.py:188} INFO - Downloaded TSLA/1780333081.json -> /tmp/minio_downloads/1780333081.json
[2026-06-01T17:16:34.706+0000] {logging_mixin.py:188} INFO - Downloaded TSLA/1780333104.json -> /tmp/minio_downloads/1780333104.json
[2026-06-01T17:16:34.730+0000] {logging_mixin.py:188} INFO - Downloaded TSLA/1780333123.json -> /tmp/minio_downloads/1780333123.json
[2026-06-01T17:16:34.753+0000] {logging_mixin.py:188} INFO - Downloaded TSLA/1780333139.json -> /tmp/minio_downloads/1780333139.json
[2026-06-01T17:16:34.831+0000] {logging_mixin.py:188} INFO - Downloaded TSLA/1780333156.json -> /tmp/minio_downloads/1780333156.json
[2026-06-01T17:16:34.872+0000] {logging_mixin.py:188} INFO - Downloaded TSLA/1780333171.json -> /tmp/minio_downloads/1780333171.json
[2026-06-01T17:16:34.902+0000] {logging_mixin.py:188} INFO - Downloaded TSLA/1780333187.json -> /tmp/minio_downloads/1780333187.json
[2026-06-01T17:16:34.927+0000] {logging_mixin.py:188} INFO - Downloaded TSLA/1780333202.json -> /tmp/minio_downloads/1780333202.json
[2026-06-01T17:16:34.948+0000] {logging_mixin.py:188} INFO - Downloaded TSLA/1780333217.json -> /tmp/minio_downloads/1780333217.json
[2026-06-01T17:16:34.969+0000] {logging_mixin.py:188} INFO - Downloaded TSLA/1780333233.json -> /tmp/minio_downloads/1780333233.json
[2026-06-01T17:16:34.992+0000] {logging_mixin.py:188} INFO - Downloaded TSLA/1780333247.json -> /tmp/minio_downloads/1780333247.json
[2026-06-01T17:16:35.011+0000] {logging_mixin.py:188} INFO - Downloaded TSLA/1780333259.json -> /tmp/minio_downloads/1780333259.json
[2026-06-01T17:16:35.029+0000] {logging_mixin.py:188} INFO - Downloaded TSLA/1780333271.json -> /tmp/minio_downloads/1780333271.json
[2026-06-01T17:16:35.049+0000] {logging_mixin.py:188} INFO - Downloaded TSLA/1780333283.json -> /tmp/minio_downloads/1780333283.json
[2026-06-01T17:16:35.066+0000] {logging_mixin.py:188} INFO - Downloaded TSLA/1780333295.json -> /tmp/minio_downloads/1780333295.json
[2026-06-01T17:16:35.085+0000] {logging_mixin.py:188} INFO - Downloaded TSLA/1780333308.json -> /tmp/minio_downloads/1780333308.json
[2026-06-01T17:16:35.110+0000] {logging_mixin.py:188} INFO - Downloaded TSLA/1780333320.json -> /tmp/minio_downloads/1780333320.json
[2026-06-01T17:16:35.132+0000] {logging_mixin.py:188} INFO - Downloaded TSLA/1780333332.json -> /tmp/minio_downloads/1780333332.json
[2026-06-01T17:16:35.158+0000] {logging_mixin.py:188} INFO - Downloaded TSLA/1780333346.json -> /tmp/minio_downloads/1780333346.json
[2026-06-01T17:16:35.195+0000] {logging_mixin.py:188} INFO - Downloaded TSLA/1780333362.json -> /tmp/minio_downloads/1780333362.json
[2026-06-01T17:16:35.221+0000] {logging_mixin.py:188} INFO - Downloaded TSLA/1780333379.json -> /tmp/minio_downloads/1780333379.json
[2026-06-01T17:16:35.244+0000] {logging_mixin.py:188} INFO - Downloaded TSLA/1780333393.json -> /tmp/minio_downloads/1780333393.json
[2026-06-01T17:16:35.262+0000] {logging_mixin.py:188} INFO - Downloaded TSLA/1780333410.json -> /tmp/minio_downloads/1780333410.json
[2026-06-01T17:16:35.279+0000] {logging_mixin.py:188} INFO - Downloaded TSLA/1780333421.json -> /tmp/minio_downloads/1780333421.json
[2026-06-01T17:16:35.296+0000] {logging_mixin.py:188} INFO - Downloaded TSLA/1780333434.json -> /tmp/minio_downloads/1780333434.json
[2026-06-01T17:16:35.300+0000] {python.py:237} INFO - Done. Returned value was: ['/tmp/minio_downloads/1780331986.json', '/tmp/minio_downloads/1780331998.json', '/tmp/minio_downloads/1780332010.json', '/tmp/minio_downloads/1780332023.json', '/tmp/minio_downloads/1780332035.json', '/tmp/minio_downloads/1780332047.json', '/tmp/minio_downloads/1780332060.json', '/tmp/minio_downloads/1780332071.json', '/tmp/minio_downloads/1780332095.json', '/tmp/minio_downloads/1780332112.json', '/tmp/minio_downloads/1780332123.json', '/tmp/minio_downloads/1780332136.json', '/tmp/minio_downloads/1780332148.json', '/tmp/minio_downloads/1780332159.json', '/tmp/minio_downloads/1780332189.json', '/tmp/minio_downloads/1780332201.json', '/tmp/minio_downloads/1780332213.json', '/tmp/minio_downloads/1780332227.json', '/tmp/minio_downloads/1780332245.json', '/tmp/minio_downloads/1780332262.json', '/tmp/minio_downloads/1780332276.json', '/tmp/minio_downloads/1780332287.json', '/tmp/minio_downloads/1780332300.json', '/tmp/minio_downloads/1780332312.json', '/tmp/minio_downloads/1780332325.json', '/tmp/minio_downloads/1780332339.json', '/tmp/minio_downloads/1780332351.json', '/tmp/minio_downloads/1780332363.json', '/tmp/minio_downloads/1780332376.json', '/tmp/minio_downloads/1780332388.json', '/tmp/minio_downloads/1780332400.json', '/tmp/minio_downloads/1780332412.json', '/tmp/minio_downloads/1780332427.json', '/tmp/minio_downloads/1780332444.json', '/tmp/minio_downloads/1780332461.json', '/tmp/minio_downloads/1780332478.json', '/tmp/minio_downloads/1780332495.json', '/tmp/minio_downloads/1780332512.json', '/tmp/minio_downloads/1780332531.json', '/tmp/minio_downloads/1780332551.json', '/tmp/minio_downloads/1780332567.json', '/tmp/minio_downloads/1780332584.json', '/tmp/minio_downloads/1780332604.json', '/tmp/minio_downloads/1780332621.json', '/tmp/minio_downloads/1780332638.json', '/tmp/minio_downloads/1780332653.json', '/tmp/minio_downloads/1780332693.json', '/tmp/minio_downloads/1780332707.json', '/tmp/minio_downloads/1780332723.json', '/tmp/minio_downloads/1780332740.json', '/tmp/minio_downloads/1780332756.json', '/tmp/minio_downloads/1780332774.json', '/tmp/minio_downloads/1780332789.json', '/tmp/minio_downloads/1780332801.json', '/tmp/minio_downloads/1780332817.json', '/tmp/minio_downloads/1780332834.json', '/tmp/minio_downloads/1780332851.json', '/tmp/minio_downloads/1780332867.json', '/tmp/minio_downloads/1780332883.json', '/tmp/minio_downloads/1780332898.json', '/tmp/minio_downloads/1780332915.json', '/tmp/minio_downloads/1780332932.json', '/tmp/minio_downloads/1780332950.json', '/tmp/minio_downloads/1780332965.json', '/tmp/minio_downloads/1780332979.json', '/tmp/minio_downloads/1780332997.json', '/tmp/minio_downloads/1780333013.json', '/tmp/minio_downloads/1780333028.json', '/tmp/minio_downloads/1780333043.json', '/tmp/minio_downloads/1780333060.json', '/tmp/minio_downloads/1780333075.json', '/tmp/minio_downloads/1780333096.json', '/tmp/minio_downloads/1780333118.json', '/tmp/minio_downloads/1780333135.json', '/tmp/minio_downloads/1780333151.json', '/tmp/minio_downloads/1780333168.json', '/tmp/minio_downloads/1780333183.json', '/tmp/minio_downloads/1780333198.json', '/tmp/minio_downloads/1780333213.json', '/tmp/minio_downloads/1780333229.json', '/tmp/minio_downloads/1780333245.json', '/tmp/minio_downloads/1780333257.json', '/tmp/minio_downloads/1780333269.json', '/tmp/minio_downloads/1780333281.json', '/tmp/minio_downloads/1780333293.json', '/tmp/minio_downloads/1780333305.json', '/tmp/minio_downloads/1780333317.json', '/tmp/minio_downloads/1780333329.json', '/tmp/minio_downloads/1780333342.json', '/tmp/minio_downloads/1780333358.json', '/tmp/minio_downloads/1780333375.json', '/tmp/minio_downloads/1780333389.json', '/tmp/minio_downloads/1780333406.json', '/tmp/minio_downloads/1780333419.json', '/tmp/minio_downloads/1780333431.json', '/tmp/minio_downloads/1780331991.json', '/tmp/minio_downloads/1780332003.json', '/tmp/minio_downloads/1780332015.json', '/tmp/minio_downloads/1780332028.json', '/tmp/minio_downloads/1780332040.json', '/tmp/minio_downloads/1780332052.json', '/tmp/minio_downloads/1780332064.json', '/tmp/minio_downloads/1780332088.json', '/tmp/minio_downloads/1780332100.json', '/tmp/minio_downloads/1780332116.json', '/tmp/minio_downloads/1780332129.json', '/tmp/minio_downloads/1780332141.json', '/tmp/minio_downloads/1780332152.json', '/tmp/minio_downloads/1780332182.json', '/tmp/minio_downloads/1780332194.json', '/tmp/minio_downloads/1780332206.json', '/tmp/minio_downloads/1780332219.json', '/tmp/minio_downloads/1780332237.json', '/tmp/minio_downloads/1780332255.json', '/tmp/minio_downloads/1780332269.json', '/tmp/minio_downloads/1780332280.json', '/tmp/minio_downloads/1780332292.json', '/tmp/minio_downloads/1780332304.json', '/tmp/minio_downloads/1780332318.json', '/tmp/minio_downloads/1780332332.json', '/tmp/minio_downloads/1780332344.json', '/tmp/minio_downloads/1780332356.json', '/tmp/minio_downloads/1780332369.json', '/tmp/minio_downloads/1780332381.json', '/tmp/minio_downloads/1780332393.json', '/tmp/minio_downloads/1780332405.json', '/tmp/minio_downloads/1780332419.json', '/tmp/minio_downloads/1780332436.json', '/tmp/minio_downloads/1780332453.json', '/tmp/minio_downloads/1780332470.json', '/tmp/minio_downloads/1780332487.json', '/tmp/minio_downloads/1780332504.json', '/tmp/minio_downloads/1780332522.json', '/tmp/minio_downloads/1780332543.json', '/tmp/minio_downloads/1780332559.json', '/tmp/minio_downloads/1780332576.json', '/tmp/minio_downloads/1780332596.json', '/tmp/minio_downloads/1780332613.json', '/tmp/minio_downloads/1780332629.json', '/tmp/minio_downloads/1780332646.json', '/tmp/minio_downloads/1780332683.json', '/tmp/minio_downloads/1780332700.json', '/tmp/minio_downloads/1780332715.json', '/tmp/minio_downloads/1780332732.json', '/tmp/minio_downloads/1780332748.json', '/tmp/minio_downloads/1780332766.json', '/tmp/minio_downloads/1780332782.json', '/tmp/minio_downloads/1780332794.json', '/tmp/minio_downloads/1780332809.json', '/tmp/minio_downloads/1780332825.json', '/tmp/minio_downloads/1780332843.json', '/tmp/minio_downloads/1780332859.json', '/tmp/minio_downloads/1780332875.json', '/tmp/minio_downloads/1780332891.json', '/tmp/minio_downloads/1780332907.json', '/tmp/minio_downloads/1780332924.json', '/tmp/minio_downloads/1780332942.json', '/tmp/minio_downloads/1780332957.json', '/tmp/minio_downloads/1780332971.json', '/tmp/minio_downloads/1780332989.json', '/tmp/minio_downloads/1780333005.json', '/tmp/minio_downloads/1780333020.json', '/tmp/minio_downloads/1780333036.json', '/tmp/minio_downloads/1780333053.json', '/tmp/minio_downloads/1780333065.json', '/tmp/minio_downloads/1780333087.json', '/tmp/minio_downloads/1780333110.json', '/tmp/minio_downloads/1780333127.json', '/tmp/minio_downloads/1780333143.json', '/tmp/minio_downloads/1780333160.json', '/tmp/minio_downloads/1780333175.json', '/tmp/minio_downloads/1780333191.json', '/tmp/minio_downloads/1780333206.json', '/tmp/minio_downloads/1780333221.json', '/tmp/minio_downloads/1780333238.json', '/tmp/minio_downloads/1780333249.json', '/tmp/minio_downloads/1780333261.json', '/tmp/minio_downloads/1780333274.json', '/tmp/minio_downloads/1780333285.json', '/tmp/minio_downloads/1780333297.json', '/tmp/minio_downloads/1780333310.json', '/tmp/minio_downloads/1780333322.json', '/tmp/minio_downloads/1780333334.json', '/tmp/minio_downloads/1780333350.json', '/tmp/minio_downloads/1780333366.json', '/tmp/minio_downloads/1780333382.json', '/tmp/minio_downloads/1780333399.json', '/tmp/minio_downloads/1780333412.json', '/tmp/minio_downloads/1780333424.json', '/tmp/minio_downloads/1780331990.json', '/tmp/minio_downloads/1780332002.json', '/tmp/minio_downloads/1780332015.json', '/tmp/minio_downloads/1780332026.json', '/tmp/minio_downloads/1780332038.json', '/tmp/minio_downloads/1780332051.json', '/tmp/minio_downloads/1780332063.json', '/tmp/minio_downloads/1780332087.json', '/tmp/minio_downloads/1780332099.json', '/tmp/minio_downloads/1780332115.json', '/tmp/minio_downloads/1780332128.json', '/tmp/minio_downloads/1780332140.json', '/tmp/minio_downloads/1780332151.json', '/tmp/minio_downloads/1780332179.json', '/tmp/minio_downloads/1780332193.json', '/tmp/minio_downloads/1780332205.json', '/tmp/minio_downloads/1780332217.json', '/tmp/minio_downloads/1780332235.json', '/tmp/minio_downloads/1780332253.json', '/tmp/minio_downloads/1780332267.json', '/tmp/minio_downloads/1780332279.json', '/tmp/minio_downloads/1780332291.json', '/tmp/minio_downloads/1780332303.json', '/tmp/minio_downloads/1780332317.json', '/tmp/minio_downloads/1780332330.json', '/tmp/minio_downloads/1780332342.json', '/tmp/minio_downloads/1780332354.json', '/tmp/minio_downloads/1780332368.json', '/tmp/minio_downloads/1780332380.json', '/tmp/minio_downloads/1780332392.json', '/tmp/minio_downloads/1780332403.json', '/tmp/minio_downloads/1780332418.json', '/tmp/minio_downloads/1780332434.json', '/tmp/minio_downloads/1780332451.json', '/tmp/minio_downloads/1780332468.json', '/tmp/minio_downloads/1780332485.json', '/tmp/minio_downloads/1780332502.json', '/tmp/minio_downloads/1780332520.json', '/tmp/minio_downloads/1780332541.json', '/tmp/minio_downloads/1780332557.json', '/tmp/minio_downloads/1780332574.json', '/tmp/minio_downloads/1780332591.json', '/tmp/minio_downloads/1780332611.json', '/tmp/minio_downloads/1780332627.json', '/tmp/minio_downloads/1780332643.json', '/tmp/minio_downloads/1780332681.json', '/tmp/minio_downloads/1780332698.json', '/tmp/minio_downloads/1780332713.json', '/tmp/minio_downloads/1780332730.json', '/tmp/minio_downloads/1780332747.json', '/tmp/minio_downloads/1780332764.json', '/tmp/minio_downloads/1780332781.json', '/tmp/minio_downloads/1780332792.json', '/tmp/minio_downloads/1780332807.json', '/tmp/minio_downloads/1780332823.json', '/tmp/minio_downloads/1780332841.json', '/tmp/minio_downloads/1780332857.json', '/tmp/minio_downloads/1780332873.json', '/tmp/minio_downloads/1780332888.json', '/tmp/minio_downloads/1780332905.json', '/tmp/minio_downloads/1780332922.json', '/tmp/minio_downloads/1780332940.json', '/tmp/minio_downloads/1780332956.json', '/tmp/minio_downloads/1780332969.json', '/tmp/minio_downloads/1780332987.json', '/tmp/minio_downloads/1780333003.json', '/tmp/minio_downloads/1780333019.json', '/tmp/minio_downloads/1780333034.json', '/tmp/minio_downloads/1780333050.json', '/tmp/minio_downloads/1780333064.json', '/tmp/minio_downloads/1780333084.json', '/tmp/minio_downloads/1780333107.json', '/tmp/minio_downloads/1780333125.json', '/tmp/minio_downloads/1780333141.json', '/tmp/minio_downloads/1780333158.json', '/tmp/minio_downloads/1780333173.json', '/tmp/minio_downloads/1780333189.json', '/tmp/minio_downloads/1780333204.json', '/tmp/minio_downloads/1780333219.json', '/tmp/minio_downloads/1780333236.json', '/tmp/minio_downloads/1780333248.json', '/tmp/minio_downloads/1780333260.json', '/tmp/minio_downloads/1780333272.json', '/tmp/minio_downloads/1780333284.json', '/tmp/minio_downloads/1780333296.json', '/tmp/minio_downloads/1780333309.json', '/tmp/minio_downloads/1780333321.json', '/tmp/minio_downloads/1780333333.json', '/tmp/minio_downloads/1780333348.json', '/tmp/minio_downloads/1780333364.json', '/tmp/minio_downloads/1780333381.json', '/tmp/minio_downloads/1780333395.json', '/tmp/minio_downloads/1780333411.json', '/tmp/minio_downloads/1780333423.json', '/tmp/minio_downloads/1780331987.json', '/tmp/minio_downloads/1780331999.json', '/tmp/minio_downloads/1780332012.json', '/tmp/minio_downloads/1780332024.json', '/tmp/minio_downloads/1780332036.json', '/tmp/minio_downloads/1780332049.json', '/tmp/minio_downloads/1780332061.json', '/tmp/minio_downloads/1780332085.json', '/tmp/minio_downloads/1780332097.json', '/tmp/minio_downloads/1780332113.json', '/tmp/minio_downloads/1780332125.json', '/tmp/minio_downloads/1780332137.json', '/tmp/minio_downloads/1780332149.json', '/tmp/minio_downloads/1780332161.json', '/tmp/minio_downloads/1780332190.json', '/tmp/minio_downloads/1780332202.json', '/tmp/minio_downloads/1780332214.json', '/tmp/minio_downloads/1780332229.json', '/tmp/minio_downloads/1780332248.json', '/tmp/minio_downloads/1780332265.json', '/tmp/minio_downloads/1780332277.json', '/tmp/minio_downloads/1780332289.json', '/tmp/minio_downloads/1780332301.json', '/tmp/minio_downloads/1780332313.json', '/tmp/minio_downloads/1780332327.json', '/tmp/minio_downloads/1780332340.json', '/tmp/minio_downloads/1780332352.json', '/tmp/minio_downloads/1780332364.json', '/tmp/minio_downloads/1780332377.json', '/tmp/minio_downloads/1780332389.json', '/tmp/minio_downloads/1780332401.json', '/tmp/minio_downloads/1780332413.json', '/tmp/minio_downloads/1780332429.json', '/tmp/minio_downloads/1780332446.json', '/tmp/minio_downloads/1780332464.json', '/tmp/minio_downloads/1780332480.json', '/tmp/minio_downloads/1780332497.json', '/tmp/minio_downloads/1780332514.json', '/tmp/minio_downloads/1780332534.json', '/tmp/minio_downloads/1780332553.json', '/tmp/minio_downloads/1780332569.json', '/tmp/minio_downloads/1780332587.json', '/tmp/minio_downloads/1780332606.json', '/tmp/minio_downloads/1780332623.json', '/tmp/minio_downloads/1780332640.json', '/tmp/minio_downloads/1780332676.json', '/tmp/minio_downloads/1780332694.json', '/tmp/minio_downloads/1780332709.json', '/tmp/minio_downloads/1780332725.json', '/tmp/minio_downloads/1780332742.json', '/tmp/minio_downloads/1780332758.json', '/tmp/minio_downloads/1780332777.json', '/tmp/minio_downloads/1780332790.json', '/tmp/minio_downloads/1780332803.json', '/tmp/minio_downloads/1780332819.json', '/tmp/minio_downloads/1780332836.json', '/tmp/minio_downloads/1780332853.json', '/tmp/minio_downloads/1780332869.json', '/tmp/minio_downloads/1780332885.json', '/tmp/minio_downloads/1780332901.json', '/tmp/minio_downloads/1780332917.json', '/tmp/minio_downloads/1780332935.json', '/tmp/minio_downloads/1780332952.json', '/tmp/minio_downloads/1780332966.json', '/tmp/minio_downloads/1780332981.json', '/tmp/minio_downloads/1780332999.json', '/tmp/minio_downloads/1780333015.json', '/tmp/minio_downloads/1780333030.json', '/tmp/minio_downloads/1780333045.json', '/tmp/minio_downloads/1780333062.json', '/tmp/minio_downloads/1780333078.json', '/tmp/minio_downloads/1780333101.json', '/tmp/minio_downloads/1780333121.json', '/tmp/minio_downloads/1780333137.json', '/tmp/minio_downloads/1780333154.json', '/tmp/minio_downloads/1780333170.json', '/tmp/minio_downloads/1780333185.json', '/tmp/minio_downloads/1780333200.json', '/tmp/minio_downloads/1780333215.json', '/tmp/minio_downloads/1780333232.json', '/tmp/minio_downloads/1780333246.json', '/tmp/minio_downloads/1780333257.json', '/tmp/minio_downloads/1780333269.json', '/tmp/minio_downloads/1780333282.json', '/tmp/minio_downloads/1780333294.json', '/tmp/minio_downloads/1780333306.json', '/tmp/minio_downloads/1780333319.json', '/tmp/minio_downloads/1780333331.json', '/tmp/minio_downloads/1780333344.json', '/tmp/minio_downloads/1780333360.json', '/tmp/minio_downloads/1780333377.json', '/tmp/minio_downloads/1780333391.json', '/tmp/minio_downloads/1780333408.json', '/tmp/minio_downloads/1780333420.json', '/tmp/minio_downloads/1780333432.json', '/tmp/minio_downloads/1780331989.json', '/tmp/minio_downloads/1780332000.json', '/tmp/minio_downloads/1780332013.json', '/tmp/minio_downloads/1780332025.json', '/tmp/minio_downloads/1780332037.json', '/tmp/minio_downloads/1780332050.json', '/tmp/minio_downloads/1780332062.json', '/tmp/minio_downloads/1780332086.json', '/tmp/minio_downloads/1780332098.json', '/tmp/minio_downloads/1780332114.json', '/tmp/minio_downloads/1780332126.json', '/tmp/minio_downloads/1780332139.json', '/tmp/minio_downloads/1780332150.json', '/tmp/minio_downloads/1780332178.json', '/tmp/minio_downloads/1780332191.json', '/tmp/minio_downloads/1780332203.json', '/tmp/minio_downloads/1780332216.json', '/tmp/minio_downloads/1780332232.json', '/tmp/minio_downloads/1780332250.json', '/tmp/minio_downloads/1780332266.json', '/tmp/minio_downloads/1780332278.json', '/tmp/minio_downloads/1780332290.json', '/tmp/minio_downloads/1780332302.json', '/tmp/minio_downloads/1780332313.json', '/tmp/minio_downloads/1780332329.json', '/tmp/minio_downloads/1780332341.json', '/tmp/minio_downloads/1780332353.json', '/tmp/minio_downloads/1780332366.json', '/tmp/minio_downloads/1780332378.json', '/tmp/minio_downloads/1780332390.json', '/tmp/minio_downloads/1780332402.json', '/tmp/minio_downloads/1780332415.json', '/tmp/minio_downloads/1780332432.json', '/tmp/minio_downloads/1780332449.json', '/tmp/minio_downloads/1780332465.json', '/tmp/minio_downloads/1780332482.json', '/tmp/minio_downloads/1780332500.json', '/tmp/minio_downloads/1780332517.json', '/tmp/minio_downloads/1780332538.json', '/tmp/minio_downloads/1780332555.json', '/tmp/minio_downloads/1780332571.json', '/tmp/minio_downloads/1780332589.json', '/tmp/minio_downloads/1780332609.json', '/tmp/minio_downloads/1780332625.json', '/tmp/minio_downloads/1780332641.json', '/tmp/minio_downloads/1780332679.json', '/tmp/minio_downloads/1780332696.json', '/tmp/minio_downloads/1780332711.json', '/tmp/minio_downloads/1780332727.json', '/tmp/minio_downloads/1780332744.json', '/tmp/minio_downloads/1780332760.json', '/tmp/minio_downloads/1780332778.json', '/tmp/minio_downloads/1780332791.json', '/tmp/minio_downloads/1780332805.json', '/tmp/minio_downloads/1780332821.json', '/tmp/minio_downloads/1780332838.json', '/tmp/minio_downloads/1780332855.json', '/tmp/minio_downloads/1780332871.json', '/tmp/minio_downloads/1780332887.json', '/tmp/minio_downloads/1780332903.json', '/tmp/minio_downloads/1780332920.json', '/tmp/minio_downloads/1780332937.json', '/tmp/minio_downloads/1780332954.json', '/tmp/minio_downloads/1780332967.json', '/tmp/minio_downloads/1780332986.json', '/tmp/minio_downloads/1780333001.json', '/tmp/minio_downloads/1780333017.json', '/tmp/minio_downloads/1780333032.json', '/tmp/minio_downloads/1780333047.json', '/tmp/minio_downloads/1780333063.json', '/tmp/minio_downloads/1780333081.json', '/tmp/minio_downloads/1780333104.json', '/tmp/minio_downloads/1780333123.json', '/tmp/minio_downloads/1780333139.json', '/tmp/minio_downloads/1780333156.json', '/tmp/minio_downloads/1780333171.json', '/tmp/minio_downloads/1780333187.json', '/tmp/minio_downloads/1780333202.json', '/tmp/minio_downloads/1780333217.json', '/tmp/minio_downloads/1780333233.json', '/tmp/minio_downloads/1780333247.json', '/tmp/minio_downloads/1780333259.json', '/tmp/minio_downloads/1780333271.json', '/tmp/minio_downloads/1780333283.json', '/tmp/minio_downloads/1780333295.json', '/tmp/minio_downloads/1780333308.json', '/tmp/minio_downloads/1780333320.json', '/tmp/minio_downloads/1780333332.json', '/tmp/minio_downloads/1780333346.json', '/tmp/minio_downloads/1780333362.json', '/tmp/minio_downloads/1780333379.json', '/tmp/minio_downloads/1780333393.json', '/tmp/minio_downloads/1780333410.json', '/tmp/minio_downloads/1780333421.json', '/tmp/minio_downloads/1780333434.json']
[2026-06-01T17:16:35.304+0000] {taskinstance.py:441} INFO - ::group::Post task execution logs
[2026-06-01T17:16:35.458+0000] {taskinstance.py:1206} INFO - Marking task as SUCCESS. dag_id=minio_to_snowflake, task_id=download_minio, run_id=scheduled__2026-05-30T19:37:00+00:00, execution_date=20260530T193700, start_date=20260601T171613, end_date=20260601T171635
[2026-06-01T17:16:35.549+0000] {local_task_job_runner.py:243} INFO - Task exited with return code 0
[2026-06-01T17:16:35.603+0000] {taskinstance.py:3503} INFO - 1 downstream tasks scheduled from follow-on schedule check
[2026-06-01T17:16:35.608+0000] {local_task_job_runner.py:222} INFO - ::endgroup::
