[2026-05-29T13:28:47.673+0000] {local_task_job_runner.py:120} INFO - ::group::Pre task execution logs
[2026-05-29T13:28:47.902+0000] {taskinstance.py:2076} INFO - Dependencies all met for dep_context=non-requeueable deps ti=<TaskInstance: minio_to_snowflake.download_minio scheduled__2026-05-29T13:27:00+00:00 [queued]>
[2026-05-29T13:28:47.969+0000] {taskinstance.py:2076} INFO - Dependencies all met for dep_context=requeueable deps ti=<TaskInstance: minio_to_snowflake.download_minio scheduled__2026-05-29T13:27:00+00:00 [queued]>
[2026-05-29T13:28:47.980+0000] {taskinstance.py:2306} INFO - Starting attempt 1 of 2
[2026-05-29T13:28:48.038+0000] {taskinstance.py:2330} INFO - Executing <Task(PythonOperator): download_minio> on 2026-05-29 13:27:00+00:00
[2026-05-29T13:28:48.149+0000] {standard_task_runner.py:90} INFO - Running: ['***', 'tasks', 'run', 'minio_to_snowflake', 'download_minio', 'scheduled__2026-05-29T13:27:00+00:00', '--job-id', '210', '--raw', '--subdir', 'DAGS_FOLDER/minio_to_snowflake.py', '--cfg-path', '/tmp/tmpu6wir61v']
[2026-05-29T13:28:48.179+0000] {standard_task_runner.py:91} INFO - Job 210: Subtask download_minio
[2026-05-29T13:28:48.213+0000] {logging_mixin.py:188} WARNING - /home/***/.local/lib/python3.12/site-packages/***/task/task_runner/standard_task_runner.py:62 DeprecationWarning: This process (pid=48099) is multi-threaded, use of fork() may lead to deadlocks in the child.
[2026-05-29T13:28:48.215+0000] {standard_task_runner.py:64} INFO - Started process 48110 to run task
[2026-05-29T13:28:48.692+0000] {task_command.py:426} INFO - Running <TaskInstance: minio_to_snowflake.download_minio scheduled__2026-05-29T13:27:00+00:00 [running]> on host 0a790aba60c9
[2026-05-29T13:28:49.394+0000] {taskinstance.py:2648} INFO - Exporting env vars: AIRFLOW_CTX_DAG_OWNER='***' AIRFLOW_CTX_DAG_ID='minio_to_snowflake' AIRFLOW_CTX_TASK_ID='download_minio' AIRFLOW_CTX_EXECUTION_DATE='2026-05-29T13:27:00+00:00' AIRFLOW_CTX_TRY_NUMBER='1' AIRFLOW_CTX_DAG_RUN_ID='scheduled__2026-05-29T13:27:00+00:00'
[2026-05-29T13:28:49.403+0000] {taskinstance.py:430} INFO - ::endgroup::
[2026-05-29T13:29:07.821+0000] {logging_mixin.py:188} INFO - Downloaded AAPL/1776277487.json -> /tmp/minio_downloads/1776277487.json
[2026-05-29T13:29:07.944+0000] {logging_mixin.py:188} INFO - Downloaded AAPL/1776277502.json -> /tmp/minio_downloads/1776277502.json
[2026-05-29T13:29:08.036+0000] {logging_mixin.py:188} INFO - Downloaded AAPL/1776277516.json -> /tmp/minio_downloads/1776277516.json
[2026-05-29T13:29:08.098+0000] {logging_mixin.py:188} INFO - Downloaded AAPL/1776277531.json -> /tmp/minio_downloads/1776277531.json
[2026-05-29T13:29:08.132+0000] {logging_mixin.py:188} INFO - Downloaded AAPL/1776277559.json -> /tmp/minio_downloads/1776277559.json
[2026-05-29T13:29:08.175+0000] {logging_mixin.py:188} INFO - Downloaded AAPL/1776277578.json -> /tmp/minio_downloads/1776277578.json
[2026-05-29T13:29:08.207+0000] {logging_mixin.py:188} INFO - Downloaded AAPL/1776277599.json -> /tmp/minio_downloads/1776277599.json
[2026-05-29T13:29:08.258+0000] {logging_mixin.py:188} INFO - Downloaded AAPL/1776277622.json -> /tmp/minio_downloads/1776277622.json
[2026-05-29T13:29:08.307+0000] {logging_mixin.py:188} INFO - Downloaded AAPL/1776277642.json -> /tmp/minio_downloads/1776277642.json
[2026-05-29T13:29:08.351+0000] {logging_mixin.py:188} INFO - Downloaded AAPL/1776277660.json -> /tmp/minio_downloads/1776277660.json
[2026-05-29T13:29:08.392+0000] {logging_mixin.py:188} INFO - Downloaded AAPL/1776277680.json -> /tmp/minio_downloads/1776277680.json
[2026-05-29T13:29:08.440+0000] {logging_mixin.py:188} INFO - Downloaded AAPL/1776277699.json -> /tmp/minio_downloads/1776277699.json
[2026-05-29T13:29:08.473+0000] {logging_mixin.py:188} INFO - Downloaded AAPL/1776277721.json -> /tmp/minio_downloads/1776277721.json
[2026-05-29T13:29:08.511+0000] {logging_mixin.py:188} INFO - Downloaded AAPL/1776277743.json -> /tmp/minio_downloads/1776277743.json
[2026-05-29T13:29:08.542+0000] {logging_mixin.py:188} INFO - Downloaded AAPL/1776277760.json -> /tmp/minio_downloads/1776277760.json
[2026-05-29T13:29:08.594+0000] {logging_mixin.py:188} INFO - Downloaded AAPL/1776277783.json -> /tmp/minio_downloads/1776277783.json
[2026-05-29T13:29:08.648+0000] {logging_mixin.py:188} INFO - Downloaded AAPL/1776277846.json -> /tmp/minio_downloads/1776277846.json
[2026-05-29T13:29:08.704+0000] {logging_mixin.py:188} INFO - Downloaded AAPL/1776277908.json -> /tmp/minio_downloads/1776277908.json
[2026-05-29T13:29:08.755+0000] {logging_mixin.py:188} INFO - Downloaded AAPL/1776277937.json -> /tmp/minio_downloads/1776277937.json
[2026-05-29T13:29:08.806+0000] {logging_mixin.py:188} INFO - Downloaded AAPL/1776278001.json -> /tmp/minio_downloads/1776278001.json
[2026-05-29T13:29:08.853+0000] {logging_mixin.py:188} INFO - Downloaded AAPL/1776278170.json -> /tmp/minio_downloads/1776278170.json
[2026-05-29T13:29:08.993+0000] {logging_mixin.py:188} INFO - Downloaded AAPL/1776278236.json -> /tmp/minio_downloads/1776278236.json
[2026-05-29T13:29:09.062+0000] {logging_mixin.py:188} INFO - Downloaded AAPL/1776278302.json -> /tmp/minio_downloads/1776278302.json
[2026-05-29T13:29:09.129+0000] {logging_mixin.py:188} INFO - Downloaded AAPL/1776278325.json -> /tmp/minio_downloads/1776278325.json
[2026-05-29T13:29:09.179+0000] {logging_mixin.py:188} INFO - Downloaded AAPL/1776278347.json -> /tmp/minio_downloads/1776278347.json
[2026-05-29T13:29:09.227+0000] {logging_mixin.py:188} INFO - Downloaded AAPL/1776278367.json -> /tmp/minio_downloads/1776278367.json
[2026-05-29T13:29:09.310+0000] {logging_mixin.py:188} INFO - Downloaded AAPL/1776278390.json -> /tmp/minio_downloads/1776278390.json
[2026-05-29T13:29:09.358+0000] {logging_mixin.py:188} INFO - Downloaded AAPL/1776278409.json -> /tmp/minio_downloads/1776278409.json
[2026-05-29T13:29:09.420+0000] {logging_mixin.py:188} INFO - Downloaded AAPL/1776278431.json -> /tmp/minio_downloads/1776278431.json
[2026-05-29T13:29:09.450+0000] {logging_mixin.py:188} INFO - Downloaded AAPL/1776278457.json -> /tmp/minio_downloads/1776278457.json
[2026-05-29T13:29:09.551+0000] {logging_mixin.py:188} INFO - Downloaded AAPL/1776278485.json -> /tmp/minio_downloads/1776278485.json
[2026-05-29T13:29:09.628+0000] {logging_mixin.py:188} INFO - Downloaded AAPL/1776278508.json -> /tmp/minio_downloads/1776278508.json
[2026-05-29T13:29:09.670+0000] {logging_mixin.py:188} INFO - Downloaded AAPL/1776278545.json -> /tmp/minio_downloads/1776278545.json
[2026-05-29T13:29:09.782+0000] {logging_mixin.py:188} INFO - Downloaded AAPL/1776278578.json -> /tmp/minio_downloads/1776278578.json
[2026-05-29T13:29:09.839+0000] {logging_mixin.py:188} INFO - Downloaded AAPL/1776278603.json -> /tmp/minio_downloads/1776278603.json
[2026-05-29T13:29:10.100+0000] {logging_mixin.py:188} INFO - Downloaded AAPL/1776278625.json -> /tmp/minio_downloads/1776278625.json
[2026-05-29T13:29:10.231+0000] {logging_mixin.py:188} INFO - Downloaded AAPL/1776278651.json -> /tmp/minio_downloads/1776278651.json
[2026-05-29T13:29:10.326+0000] {logging_mixin.py:188} INFO - Downloaded AAPL/1776278679.json -> /tmp/minio_downloads/1776278679.json
[2026-05-29T13:29:10.394+0000] {logging_mixin.py:188} INFO - Downloaded AAPL/1776278710.json -> /tmp/minio_downloads/1776278710.json
[2026-05-29T13:29:10.450+0000] {logging_mixin.py:188} INFO - Downloaded AAPL/1776278746.json -> /tmp/minio_downloads/1776278746.json
[2026-05-29T13:29:10.530+0000] {logging_mixin.py:188} INFO - Downloaded AAPL/1776278788.json -> /tmp/minio_downloads/1776278788.json
[2026-05-29T13:29:10.593+0000] {logging_mixin.py:188} INFO - Downloaded AAPL/1776278832.json -> /tmp/minio_downloads/1776278832.json
[2026-05-29T13:29:10.679+0000] {logging_mixin.py:188} INFO - Downloaded AAPL/1776278887.json -> /tmp/minio_downloads/1776278887.json
[2026-05-29T13:29:10.744+0000] {logging_mixin.py:188} INFO - Downloaded AAPL/1776278969.json -> /tmp/minio_downloads/1776278969.json
[2026-05-29T13:29:10.814+0000] {logging_mixin.py:188} INFO - Downloaded AAPL/1776279066.json -> /tmp/minio_downloads/1776279066.json
[2026-05-29T13:29:10.849+0000] {logging_mixin.py:188} INFO - Downloaded AAPL/1776279195.json -> /tmp/minio_downloads/1776279195.json
[2026-05-29T13:29:10.876+0000] {logging_mixin.py:188} INFO - Downloaded AAPL/1776279275.json -> /tmp/minio_downloads/1776279275.json
[2026-05-29T13:29:10.904+0000] {logging_mixin.py:188} INFO - Downloaded AAPL/1776279336.json -> /tmp/minio_downloads/1776279336.json
[2026-05-29T13:29:10.956+0000] {logging_mixin.py:188} INFO - Downloaded AAPL/1776279359.json -> /tmp/minio_downloads/1776279359.json
[2026-05-29T13:29:10.998+0000] {logging_mixin.py:188} INFO - Downloaded AAPL/1776279389.json -> /tmp/minio_downloads/1776279389.json
[2026-05-29T13:29:11.050+0000] {logging_mixin.py:188} INFO - Downloaded AAPL/1776279416.json -> /tmp/minio_downloads/1776279416.json
[2026-05-29T13:29:11.102+0000] {logging_mixin.py:188} INFO - Downloaded AAPL/1776279460.json -> /tmp/minio_downloads/1776279460.json
[2026-05-29T13:29:11.150+0000] {logging_mixin.py:188} INFO - Downloaded AAPL/1776279504.json -> /tmp/minio_downloads/1776279504.json
[2026-05-29T13:29:11.214+0000] {logging_mixin.py:188} INFO - Downloaded AAPL/1776279549.json -> /tmp/minio_downloads/1776279549.json
[2026-05-29T13:29:11.254+0000] {logging_mixin.py:188} INFO - Downloaded AAPL/1776279636.json -> /tmp/minio_downloads/1776279636.json
[2026-05-29T13:29:11.312+0000] {logging_mixin.py:188} INFO - Downloaded AAPL/1776279743.json -> /tmp/minio_downloads/1776279743.json
[2026-05-29T13:29:11.425+0000] {logging_mixin.py:188} INFO - Downloaded AAPL/1776279791.json -> /tmp/minio_downloads/1776279791.json
[2026-05-29T13:29:11.476+0000] {logging_mixin.py:188} INFO - Downloaded AAPL/1776279819.json -> /tmp/minio_downloads/1776279819.json
[2026-05-29T13:29:11.505+0000] {logging_mixin.py:188} INFO - Downloaded AAPL/1776279909.json -> /tmp/minio_downloads/1776279909.json
[2026-05-29T13:29:11.584+0000] {logging_mixin.py:188} INFO - Downloaded AAPL/1776280000.json -> /tmp/minio_downloads/1776280000.json
[2026-05-29T13:29:11.619+0000] {logging_mixin.py:188} INFO - Downloaded AAPL/1776280125.json -> /tmp/minio_downloads/1776280125.json
[2026-05-29T13:29:11.659+0000] {logging_mixin.py:188} INFO - Downloaded AAPL/1776280199.json -> /tmp/minio_downloads/1776280199.json
[2026-05-29T13:29:11.702+0000] {logging_mixin.py:188} INFO - Downloaded AAPL/1776280221.json -> /tmp/minio_downloads/1776280221.json
[2026-05-29T13:29:11.753+0000] {logging_mixin.py:188} INFO - Downloaded AAPL/1776280247.json -> /tmp/minio_downloads/1776280247.json
[2026-05-29T13:29:11.788+0000] {logging_mixin.py:188} INFO - Downloaded AAPL/1776280280.json -> /tmp/minio_downloads/1776280280.json
[2026-05-29T13:29:11.890+0000] {logging_mixin.py:188} INFO - Downloaded AAPL/1776280307.json -> /tmp/minio_downloads/1776280307.json
[2026-05-29T13:29:11.944+0000] {logging_mixin.py:188} INFO - Downloaded AAPL/1776280331.json -> /tmp/minio_downloads/1776280331.json
[2026-05-29T13:29:11.980+0000] {logging_mixin.py:188} INFO - Downloaded AAPL/1776280363.json -> /tmp/minio_downloads/1776280363.json
[2026-05-29T13:29:12.087+0000] {logging_mixin.py:188} INFO - Downloaded AAPL/1776280405.json -> /tmp/minio_downloads/1776280405.json
[2026-05-29T13:29:12.184+0000] {logging_mixin.py:188} INFO - Downloaded AAPL/1776280430.json -> /tmp/minio_downloads/1776280430.json
[2026-05-29T13:29:12.272+0000] {logging_mixin.py:188} INFO - Downloaded AAPL/1776280455.json -> /tmp/minio_downloads/1776280455.json
[2026-05-29T13:29:12.473+0000] {logging_mixin.py:188} INFO - Downloaded AAPL/1776280475.json -> /tmp/minio_downloads/1776280475.json
[2026-05-29T13:29:12.835+0000] {logging_mixin.py:188} INFO - Downloaded AAPL/1776280493.json -> /tmp/minio_downloads/1776280493.json
[2026-05-29T13:29:13.015+0000] {logging_mixin.py:188} INFO - Downloaded AAPL/1776280511.json -> /tmp/minio_downloads/1776280511.json
[2026-05-29T13:29:13.106+0000] {logging_mixin.py:188} INFO - Downloaded AAPL/1776280533.json -> /tmp/minio_downloads/1776280533.json
[2026-05-29T13:29:13.138+0000] {logging_mixin.py:188} INFO - Downloaded AAPL/1776280562.json -> /tmp/minio_downloads/1776280562.json
[2026-05-29T13:29:13.228+0000] {logging_mixin.py:188} INFO - Downloaded AAPL/1776280580.json -> /tmp/minio_downloads/1776280580.json
[2026-05-29T13:29:13.283+0000] {logging_mixin.py:188} INFO - Downloaded AAPL/1776280603.json -> /tmp/minio_downloads/1776280603.json
[2026-05-29T13:29:13.367+0000] {logging_mixin.py:188} INFO - Downloaded AAPL/1776280627.json -> /tmp/minio_downloads/1776280627.json
[2026-05-29T13:29:13.403+0000] {logging_mixin.py:188} INFO - Downloaded AAPL/1776280649.json -> /tmp/minio_downloads/1776280649.json
[2026-05-29T13:29:13.517+0000] {logging_mixin.py:188} INFO - Downloaded AAPL/1776280669.json -> /tmp/minio_downloads/1776280669.json
[2026-05-29T13:29:13.592+0000] {logging_mixin.py:188} INFO - Downloaded AAPL/1776280690.json -> /tmp/minio_downloads/1776280690.json
[2026-05-29T13:29:13.672+0000] {logging_mixin.py:188} INFO - Downloaded AAPL/1776280708.json -> /tmp/minio_downloads/1776280708.json
[2026-05-29T13:29:13.756+0000] {logging_mixin.py:188} INFO - Downloaded AAPL/1776280728.json -> /tmp/minio_downloads/1776280728.json
[2026-05-29T13:29:13.823+0000] {logging_mixin.py:188} INFO - Downloaded AAPL/1776280747.json -> /tmp/minio_downloads/1776280747.json
[2026-05-29T13:29:13.890+0000] {logging_mixin.py:188} INFO - Downloaded AAPL/1776280771.json -> /tmp/minio_downloads/1776280771.json
[2026-05-29T13:29:13.955+0000] {logging_mixin.py:188} INFO - Downloaded AAPL/1776280791.json -> /tmp/minio_downloads/1776280791.json
[2026-05-29T13:29:14.082+0000] {logging_mixin.py:188} INFO - Downloaded AAPL/1776280815.json -> /tmp/minio_downloads/1776280815.json
[2026-05-29T13:29:14.255+0000] {logging_mixin.py:188} INFO - Downloaded AAPL/1776280836.json -> /tmp/minio_downloads/1776280836.json
[2026-05-29T13:29:14.518+0000] {logging_mixin.py:188} INFO - Downloaded AAPL/1776280857.json -> /tmp/minio_downloads/1776280857.json
[2026-05-29T13:29:14.635+0000] {logging_mixin.py:188} INFO - Downloaded AAPL/1776280878.json -> /tmp/minio_downloads/1776280878.json
[2026-05-29T13:29:14.735+0000] {logging_mixin.py:188} INFO - Downloaded AAPL/1776280895.json -> /tmp/minio_downloads/1776280895.json
[2026-05-29T13:29:14.923+0000] {logging_mixin.py:188} INFO - Downloaded AAPL/1776280914.json -> /tmp/minio_downloads/1776280914.json
[2026-05-29T13:29:15.292+0000] {logging_mixin.py:188} INFO - Downloaded AAPL/1776280933.json -> /tmp/minio_downloads/1776280933.json
[2026-05-29T13:29:15.352+0000] {logging_mixin.py:188} INFO - Downloaded AAPL/1776280956.json -> /tmp/minio_downloads/1776280956.json
[2026-05-29T13:29:15.404+0000] {logging_mixin.py:188} INFO - Downloaded AAPL/1776280978.json -> /tmp/minio_downloads/1776280978.json
[2026-05-29T13:29:15.502+0000] {logging_mixin.py:188} INFO - Downloaded AAPL/1776280997.json -> /tmp/minio_downloads/1776280997.json
[2026-05-29T13:29:15.557+0000] {logging_mixin.py:188} INFO - Downloaded AAPL/1776281020.json -> /tmp/minio_downloads/1776281020.json
[2026-05-29T13:29:15.683+0000] {logging_mixin.py:188} INFO - Downloaded AAPL/1776281041.json -> /tmp/minio_downloads/1776281041.json
[2026-05-29T13:29:15.896+0000] {logging_mixin.py:188} INFO - Downloaded AAPL/1776281062.json -> /tmp/minio_downloads/1776281062.json
[2026-05-29T13:29:16.030+0000] {logging_mixin.py:188} INFO - Downloaded AAPL/1776281086.json -> /tmp/minio_downloads/1776281086.json
[2026-05-29T13:29:16.154+0000] {logging_mixin.py:188} INFO - Downloaded AAPL/1776281105.json -> /tmp/minio_downloads/1776281105.json
[2026-05-29T13:29:16.347+0000] {logging_mixin.py:188} INFO - Downloaded AMZN/1776277494.json -> /tmp/minio_downloads/1776277494.json
[2026-05-29T13:29:16.400+0000] {logging_mixin.py:188} INFO - Downloaded AMZN/1776277508.json -> /tmp/minio_downloads/1776277508.json
[2026-05-29T13:29:16.461+0000] {logging_mixin.py:188} INFO - Downloaded AMZN/1776277523.json -> /tmp/minio_downloads/1776277523.json
[2026-05-29T13:29:16.524+0000] {logging_mixin.py:188} INFO - Downloaded AMZN/1776277552.json -> /tmp/minio_downloads/1776277552.json
[2026-05-29T13:29:16.591+0000] {logging_mixin.py:188} INFO - Downloaded AMZN/1776277569.json -> /tmp/minio_downloads/1776277569.json
[2026-05-29T13:29:16.650+0000] {logging_mixin.py:188} INFO - Downloaded AMZN/1776277590.json -> /tmp/minio_downloads/1776277590.json
[2026-05-29T13:29:16.723+0000] {logging_mixin.py:188} INFO - Downloaded AMZN/1776277614.json -> /tmp/minio_downloads/1776277614.json
[2026-05-29T13:29:16.769+0000] {logging_mixin.py:188} INFO - Downloaded AMZN/1776277632.json -> /tmp/minio_downloads/1776277632.json
[2026-05-29T13:29:16.811+0000] {logging_mixin.py:188} INFO - Downloaded AMZN/1776277652.json -> /tmp/minio_downloads/1776277652.json
[2026-05-29T13:29:16.858+0000] {logging_mixin.py:188} INFO - Downloaded AMZN/1776277672.json -> /tmp/minio_downloads/1776277672.json
[2026-05-29T13:29:16.906+0000] {logging_mixin.py:188} INFO - Downloaded AMZN/1776277691.json -> /tmp/minio_downloads/1776277691.json
[2026-05-29T13:29:16.948+0000] {logging_mixin.py:188} INFO - Downloaded AMZN/1776277709.json -> /tmp/minio_downloads/1776277709.json
[2026-05-29T13:29:16.995+0000] {logging_mixin.py:188} INFO - Downloaded AMZN/1776277736.json -> /tmp/minio_downloads/1776277736.json
[2026-05-29T13:29:17.060+0000] {logging_mixin.py:188} INFO - Downloaded AMZN/1776277752.json -> /tmp/minio_downloads/1776277752.json
[2026-05-29T13:29:17.126+0000] {logging_mixin.py:188} INFO - Downloaded AMZN/1776277774.json -> /tmp/minio_downloads/1776277774.json
[2026-05-29T13:29:17.257+0000] {logging_mixin.py:188} INFO - Downloaded AMZN/1776277837.json -> /tmp/minio_downloads/1776277837.json
[2026-05-29T13:29:17.320+0000] {logging_mixin.py:188} INFO - Downloaded AMZN/1776277879.json -> /tmp/minio_downloads/1776277879.json
[2026-05-29T13:29:17.388+0000] {logging_mixin.py:188} INFO - Downloaded AMZN/1776277921.json -> /tmp/minio_downloads/1776277921.json
[2026-05-29T13:29:17.470+0000] {logging_mixin.py:188} INFO - Downloaded AMZN/1776277971.json -> /tmp/minio_downloads/1776277971.json
[2026-05-29T13:29:17.551+0000] {logging_mixin.py:188} INFO - Downloaded AMZN/1776278206.json -> /tmp/minio_downloads/1776278206.json
[2026-05-29T13:29:17.658+0000] {logging_mixin.py:188} INFO - Downloaded AMZN/1776278293.json -> /tmp/minio_downloads/1776278293.json
[2026-05-29T13:29:17.718+0000] {logging_mixin.py:188} INFO - Downloaded AMZN/1776278316.json -> /tmp/minio_downloads/1776278316.json
[2026-05-29T13:29:17.825+0000] {logging_mixin.py:188} INFO - Downloaded AMZN/1776278338.json -> /tmp/minio_downloads/1776278338.json
[2026-05-29T13:29:17.922+0000] {logging_mixin.py:188} INFO - Downloaded AMZN/1776278358.json -> /tmp/minio_downloads/1776278358.json
[2026-05-29T13:29:18.054+0000] {logging_mixin.py:188} INFO - Downloaded AMZN/1776278381.json -> /tmp/minio_downloads/1776278381.json
[2026-05-29T13:29:18.166+0000] {logging_mixin.py:188} INFO - Downloaded AMZN/1776278400.json -> /tmp/minio_downloads/1776278400.json
[2026-05-29T13:29:18.311+0000] {logging_mixin.py:188} INFO - Downloaded AMZN/1776278422.json -> /tmp/minio_downloads/1776278422.json
[2026-05-29T13:29:18.398+0000] {logging_mixin.py:188} INFO - Downloaded AMZN/1776278444.json -> /tmp/minio_downloads/1776278444.json
[2026-05-29T13:29:18.523+0000] {logging_mixin.py:188} INFO - Downloaded AMZN/1776278476.json -> /tmp/minio_downloads/1776278476.json
[2026-05-29T13:29:18.634+0000] {logging_mixin.py:188} INFO - Downloaded AMZN/1776278497.json -> /tmp/minio_downloads/1776278497.json
[2026-05-29T13:29:18.685+0000] {logging_mixin.py:188} INFO - Downloaded AMZN/1776278533.json -> /tmp/minio_downloads/1776278533.json
[2026-05-29T13:29:18.758+0000] {logging_mixin.py:188} INFO - Downloaded AMZN/1776278568.json -> /tmp/minio_downloads/1776278568.json
[2026-05-29T13:29:18.846+0000] {logging_mixin.py:188} INFO - Downloaded AMZN/1776278592.json -> /tmp/minio_downloads/1776278592.json
[2026-05-29T13:29:19.274+0000] {logging_mixin.py:188} INFO - Downloaded AMZN/1776278616.json -> /tmp/minio_downloads/1776278616.json
[2026-05-29T13:29:19.388+0000] {logging_mixin.py:188} INFO - Downloaded AMZN/1776278640.json -> /tmp/minio_downloads/1776278640.json
[2026-05-29T13:29:19.508+0000] {logging_mixin.py:188} INFO - Downloaded AMZN/1776278667.json -> /tmp/minio_downloads/1776278667.json
[2026-05-29T13:29:19.617+0000] {logging_mixin.py:188} INFO - Downloaded AMZN/1776278697.json -> /tmp/minio_downloads/1776278697.json
[2026-05-29T13:29:19.752+0000] {logging_mixin.py:188} INFO - Downloaded AMZN/1776278735.json -> /tmp/minio_downloads/1776278735.json
[2026-05-29T13:29:19.918+0000] {logging_mixin.py:188} INFO - Downloaded AMZN/1776278777.json -> /tmp/minio_downloads/1776278777.json
[2026-05-29T13:29:19.984+0000] {logging_mixin.py:188} INFO - Downloaded AMZN/1776278812.json -> /tmp/minio_downloads/1776278812.json
[2026-05-29T13:29:20.140+0000] {logging_mixin.py:188} INFO - Downloaded AMZN/1776278865.json -> /tmp/minio_downloads/1776278865.json
[2026-05-29T13:29:20.298+0000] {logging_mixin.py:188} INFO - Downloaded AMZN/1776278937.json -> /tmp/minio_downloads/1776278937.json
[2026-05-29T13:29:20.476+0000] {logging_mixin.py:188} INFO - Downloaded AMZN/1776279036.json -> /tmp/minio_downloads/1776279036.json
[2026-05-29T13:29:20.530+0000] {logging_mixin.py:188} INFO - Downloaded AMZN/1776279181.json -> /tmp/minio_downloads/1776279181.json
[2026-05-29T13:29:20.600+0000] {logging_mixin.py:188} INFO - Downloaded AMZN/1776279262.json -> /tmp/minio_downloads/1776279262.json
[2026-05-29T13:29:20.666+0000] {logging_mixin.py:188} INFO - Downloaded AMZN/1776279348.json -> /tmp/minio_downloads/1776279348.json
[2026-05-29T13:29:20.715+0000] {logging_mixin.py:188} INFO - Downloaded AMZN/1776279379.json -> /tmp/minio_downloads/1776279379.json
[2026-05-29T13:29:20.776+0000] {logging_mixin.py:188} INFO - Downloaded AMZN/1776279406.json -> /tmp/minio_downloads/1776279406.json
[2026-05-29T13:29:20.874+0000] {logging_mixin.py:188} INFO - Downloaded AMZN/1776279446.json -> /tmp/minio_downloads/1776279446.json
[2026-05-29T13:29:20.997+0000] {logging_mixin.py:188} INFO - Downloaded AMZN/1776279485.json -> /tmp/minio_downloads/1776279485.json
[2026-05-29T13:29:21.082+0000] {logging_mixin.py:188} INFO - Downloaded AMZN/1776279532.json -> /tmp/minio_downloads/1776279532.json
[2026-05-29T13:29:21.338+0000] {logging_mixin.py:188} INFO - Downloaded AMZN/1776279602.json -> /tmp/minio_downloads/1776279602.json
[2026-05-29T13:29:21.455+0000] {logging_mixin.py:188} INFO - Downloaded AMZN/1776279710.json -> /tmp/minio_downloads/1776279710.json
[2026-05-29T13:29:21.766+0000] {logging_mixin.py:188} INFO - Downloaded AMZN/1776279781.json -> /tmp/minio_downloads/1776279781.json
[2026-05-29T13:29:21.819+0000] {logging_mixin.py:188} INFO - Downloaded AMZN/1776279810.json -> /tmp/minio_downloads/1776279810.json
[2026-05-29T13:29:21.898+0000] {logging_mixin.py:188} INFO - Downloaded AMZN/1776279899.json -> /tmp/minio_downloads/1776279899.json
[2026-05-29T13:29:21.976+0000] {logging_mixin.py:188} INFO - Downloaded AMZN/1776279989.json -> /tmp/minio_downloads/1776279989.json
[2026-05-29T13:29:22.055+0000] {logging_mixin.py:188} INFO - Downloaded AMZN/1776280095.json -> /tmp/minio_downloads/1776280095.json
[2026-05-29T13:29:22.355+0000] {logging_mixin.py:188} INFO - Downloaded AMZN/1776280189.json -> /tmp/minio_downloads/1776280189.json
[2026-05-29T13:29:22.746+0000] {logging_mixin.py:188} INFO - Downloaded AMZN/1776280212.json -> /tmp/minio_downloads/1776280212.json
[2026-05-29T13:29:22.885+0000] {logging_mixin.py:188} INFO - Downloaded AMZN/1776280234.json -> /tmp/minio_downloads/1776280234.json
[2026-05-29T13:29:23.010+0000] {logging_mixin.py:188} INFO - Downloaded AMZN/1776280270.json -> /tmp/minio_downloads/1776280270.json
[2026-05-29T13:29:23.140+0000] {logging_mixin.py:188} INFO - Downloaded AMZN/1776280295.json -> /tmp/minio_downloads/1776280295.json
[2026-05-29T13:29:23.206+0000] {logging_mixin.py:188} INFO - Downloaded AMZN/1776280322.json -> /tmp/minio_downloads/1776280322.json
[2026-05-29T13:29:23.264+0000] {logging_mixin.py:188} INFO - Downloaded AMZN/1776280352.json -> /tmp/minio_downloads/1776280352.json
[2026-05-29T13:29:23.306+0000] {logging_mixin.py:188} INFO - Downloaded AMZN/1776280394.json -> /tmp/minio_downloads/1776280394.json
[2026-05-29T13:29:23.363+0000] {logging_mixin.py:188} INFO - Downloaded AMZN/1776280421.json -> /tmp/minio_downloads/1776280421.json
[2026-05-29T13:29:23.418+0000] {logging_mixin.py:188} INFO - Downloaded AMZN/1776280444.json -> /tmp/minio_downloads/1776280444.json
[2026-05-29T13:29:23.491+0000] {logging_mixin.py:188} INFO - Downloaded AMZN/1776280467.json -> /tmp/minio_downloads/1776280467.json
[2026-05-29T13:29:23.522+0000] {logging_mixin.py:188} INFO - Downloaded AMZN/1776280485.json -> /tmp/minio_downloads/1776280485.json
[2026-05-29T13:29:23.578+0000] {logging_mixin.py:188} INFO - Downloaded AMZN/1776280501.json -> /tmp/minio_downloads/1776280501.json
[2026-05-29T13:29:23.673+0000] {logging_mixin.py:188} INFO - Downloaded AMZN/1776280523.json -> /tmp/minio_downloads/1776280523.json
[2026-05-29T13:29:23.723+0000] {logging_mixin.py:188} INFO - Downloaded AMZN/1776280554.json -> /tmp/minio_downloads/1776280554.json
[2026-05-29T13:29:23.769+0000] {logging_mixin.py:188} INFO - Downloaded AMZN/1776280571.json -> /tmp/minio_downloads/1776280571.json
[2026-05-29T13:29:23.814+0000] {logging_mixin.py:188} INFO - Downloaded AMZN/1776280594.json -> /tmp/minio_downloads/1776280594.json
[2026-05-29T13:29:23.858+0000] {logging_mixin.py:188} INFO - Downloaded AMZN/1776280618.json -> /tmp/minio_downloads/1776280618.json
[2026-05-29T13:29:23.963+0000] {logging_mixin.py:188} INFO - Downloaded AMZN/1776280640.json -> /tmp/minio_downloads/1776280640.json
[2026-05-29T13:29:24.114+0000] {logging_mixin.py:188} INFO - Downloaded AMZN/1776280661.json -> /tmp/minio_downloads/1776280661.json
[2026-05-29T13:29:24.218+0000] {logging_mixin.py:188} INFO - Downloaded AMZN/1776280680.json -> /tmp/minio_downloads/1776280680.json
[2026-05-29T13:29:24.366+0000] {logging_mixin.py:188} INFO - Downloaded AMZN/1776280700.json -> /tmp/minio_downloads/1776280700.json
[2026-05-29T13:29:24.622+0000] {logging_mixin.py:188} INFO - Downloaded AMZN/1776280720.json -> /tmp/minio_downloads/1776280720.json
[2026-05-29T13:29:24.685+0000] {logging_mixin.py:188} INFO - Downloaded AMZN/1776280737.json -> /tmp/minio_downloads/1776280737.json
[2026-05-29T13:29:24.772+0000] {logging_mixin.py:188} INFO - Downloaded AMZN/1776280762.json -> /tmp/minio_downloads/1776280762.json
[2026-05-29T13:29:24.880+0000] {logging_mixin.py:188} INFO - Downloaded AMZN/1776280782.json -> /tmp/minio_downloads/1776280782.json
[2026-05-29T13:29:24.914+0000] {logging_mixin.py:188} INFO - Downloaded AMZN/1776280806.json -> /tmp/minio_downloads/1776280806.json
[2026-05-29T13:29:24.954+0000] {logging_mixin.py:188} INFO - Downloaded AMZN/1776280827.json -> /tmp/minio_downloads/1776280827.json
[2026-05-29T13:29:24.998+0000] {logging_mixin.py:188} INFO - Downloaded AMZN/1776280847.json -> /tmp/minio_downloads/1776280847.json
[2026-05-29T13:29:25.035+0000] {logging_mixin.py:188} INFO - Downloaded AMZN/1776280869.json -> /tmp/minio_downloads/1776280869.json
[2026-05-29T13:29:25.077+0000] {logging_mixin.py:188} INFO - Downloaded AMZN/1776280886.json -> /tmp/minio_downloads/1776280886.json
[2026-05-29T13:29:25.126+0000] {logging_mixin.py:188} INFO - Downloaded AMZN/1776280904.json -> /tmp/minio_downloads/1776280904.json
[2026-05-29T13:29:25.267+0000] {logging_mixin.py:188} INFO - Downloaded AMZN/1776280924.json -> /tmp/minio_downloads/1776280924.json
[2026-05-29T13:29:25.336+0000] {logging_mixin.py:188} INFO - Downloaded AMZN/1776280947.json -> /tmp/minio_downloads/1776280947.json
[2026-05-29T13:29:25.380+0000] {logging_mixin.py:188} INFO - Downloaded AMZN/1776280969.json -> /tmp/minio_downloads/1776280969.json
[2026-05-29T13:29:25.432+0000] {logging_mixin.py:188} INFO - Downloaded AMZN/1776280989.json -> /tmp/minio_downloads/1776280989.json
[2026-05-29T13:29:25.482+0000] {logging_mixin.py:188} INFO - Downloaded AMZN/1776281011.json -> /tmp/minio_downloads/1776281011.json
[2026-05-29T13:29:25.522+0000] {logging_mixin.py:188} INFO - Downloaded AMZN/1776281032.json -> /tmp/minio_downloads/1776281032.json
[2026-05-29T13:29:25.558+0000] {logging_mixin.py:188} INFO - Downloaded AMZN/1776281053.json -> /tmp/minio_downloads/1776281053.json
[2026-05-29T13:29:25.608+0000] {logging_mixin.py:188} INFO - Downloaded AMZN/1776281077.json -> /tmp/minio_downloads/1776281077.json
[2026-05-29T13:29:25.684+0000] {logging_mixin.py:188} INFO - Downloaded AMZN/1776281098.json -> /tmp/minio_downloads/1776281098.json
[2026-05-29T13:29:25.772+0000] {logging_mixin.py:188} INFO - Downloaded GOOGL/1776277492.json -> /tmp/minio_downloads/1776277492.json
[2026-05-29T13:29:25.815+0000] {logging_mixin.py:188} INFO - Downloaded GOOGL/1776277506.json -> /tmp/minio_downloads/1776277506.json
[2026-05-29T13:29:25.860+0000] {logging_mixin.py:188} INFO - Downloaded GOOGL/1776277521.json -> /tmp/minio_downloads/1776277521.json
[2026-05-29T13:29:25.920+0000] {logging_mixin.py:188} INFO - Downloaded GOOGL/1776277549.json -> /tmp/minio_downloads/1776277549.json
[2026-05-29T13:29:25.978+0000] {logging_mixin.py:188} INFO - Downloaded GOOGL/1776277564.json -> /tmp/minio_downloads/1776277564.json
[2026-05-29T13:29:26.034+0000] {logging_mixin.py:188} INFO - Downloaded GOOGL/1776277587.json -> /tmp/minio_downloads/1776277587.json
[2026-05-29T13:29:26.072+0000] {logging_mixin.py:188} INFO - Downloaded GOOGL/1776277611.json -> /tmp/minio_downloads/1776277611.json
[2026-05-29T13:29:26.144+0000] {logging_mixin.py:188} INFO - Downloaded GOOGL/1776277631.json -> /tmp/minio_downloads/1776277631.json
[2026-05-29T13:29:26.174+0000] {logging_mixin.py:188} INFO - Downloaded GOOGL/1776277649.json -> /tmp/minio_downloads/1776277649.json
[2026-05-29T13:29:26.213+0000] {logging_mixin.py:188} INFO - Downloaded GOOGL/1776277669.json -> /tmp/minio_downloads/1776277669.json
[2026-05-29T13:29:26.316+0000] {logging_mixin.py:188} INFO - Downloaded GOOGL/1776277688.json -> /tmp/minio_downloads/1776277688.json
[2026-05-29T13:29:26.355+0000] {logging_mixin.py:188} INFO - Downloaded GOOGL/1776277706.json -> /tmp/minio_downloads/1776277706.json
[2026-05-29T13:29:26.386+0000] {logging_mixin.py:188} INFO - Downloaded GOOGL/1776277732.json -> /tmp/minio_downloads/1776277732.json
[2026-05-29T13:29:26.436+0000] {logging_mixin.py:188} INFO - Downloaded GOOGL/1776277750.json -> /tmp/minio_downloads/1776277750.json
[2026-05-29T13:29:26.473+0000] {logging_mixin.py:188} INFO - Downloaded GOOGL/1776277771.json -> /tmp/minio_downloads/1776277771.json
[2026-05-29T13:29:26.510+0000] {logging_mixin.py:188} INFO - Downloaded GOOGL/1776277813.json -> /tmp/minio_downloads/1776277813.json
[2026-05-29T13:29:26.556+0000] {logging_mixin.py:188} INFO - Downloaded GOOGL/1776277876.json -> /tmp/minio_downloads/1776277876.json
[2026-05-29T13:29:26.599+0000] {logging_mixin.py:188} INFO - Downloaded GOOGL/1776277919.json -> /tmp/minio_downloads/1776277919.json
[2026-05-29T13:29:26.644+0000] {logging_mixin.py:188} INFO - Downloaded GOOGL/1776277968.json -> /tmp/minio_downloads/1776277968.json
[2026-05-29T13:29:26.711+0000] {logging_mixin.py:188} INFO - Downloaded GOOGL/1776278202.json -> /tmp/minio_downloads/1776278202.json
[2026-05-29T13:29:26.759+0000] {logging_mixin.py:188} INFO - Downloaded GOOGL/1776278268.json -> /tmp/minio_downloads/1776278268.json
[2026-05-29T13:29:26.821+0000] {logging_mixin.py:188} INFO - Downloaded GOOGL/1776278313.json -> /tmp/minio_downloads/1776278313.json
[2026-05-29T13:29:26.964+0000] {logging_mixin.py:188} INFO - Downloaded GOOGL/1776278335.json -> /tmp/minio_downloads/1776278335.json
[2026-05-29T13:29:27.048+0000] {logging_mixin.py:188} INFO - Downloaded GOOGL/1776278355.json -> /tmp/minio_downloads/1776278355.json
[2026-05-29T13:29:27.097+0000] {logging_mixin.py:188} INFO - Downloaded GOOGL/1776278378.json -> /tmp/minio_downloads/1776278378.json
[2026-05-29T13:29:27.156+0000] {logging_mixin.py:188} INFO - Downloaded GOOGL/1776278398.json -> /tmp/minio_downloads/1776278398.json
[2026-05-29T13:29:27.220+0000] {logging_mixin.py:188} INFO - Downloaded GOOGL/1776278419.json -> /tmp/minio_downloads/1776278419.json
[2026-05-29T13:29:27.330+0000] {logging_mixin.py:188} INFO - Downloaded GOOGL/1776278441.json -> /tmp/minio_downloads/1776278441.json
[2026-05-29T13:29:27.373+0000] {logging_mixin.py:188} INFO - Downloaded GOOGL/1776278472.json -> /tmp/minio_downloads/1776278472.json
[2026-05-29T13:29:27.425+0000] {logging_mixin.py:188} INFO - Downloaded GOOGL/1776278495.json -> /tmp/minio_downloads/1776278495.json
[2026-05-29T13:29:27.460+0000] {logging_mixin.py:188} INFO - Downloaded GOOGL/1776278527.json -> /tmp/minio_downloads/1776278527.json
[2026-05-29T13:29:27.500+0000] {logging_mixin.py:188} INFO - Downloaded GOOGL/1776278564.json -> /tmp/minio_downloads/1776278564.json
[2026-05-29T13:29:27.536+0000] {logging_mixin.py:188} INFO - Downloaded GOOGL/1776278588.json -> /tmp/minio_downloads/1776278588.json
[2026-05-29T13:29:27.605+0000] {logging_mixin.py:188} INFO - Downloaded GOOGL/1776278614.json -> /tmp/minio_downloads/1776278614.json
[2026-05-29T13:29:27.652+0000] {logging_mixin.py:188} INFO - Downloaded GOOGL/1776278634.json -> /tmp/minio_downloads/1776278634.json
[2026-05-29T13:29:27.688+0000] {logging_mixin.py:188} INFO - Downloaded GOOGL/1776278663.json -> /tmp/minio_downloads/1776278663.json
[2026-05-29T13:29:27.727+0000] {logging_mixin.py:188} INFO - Downloaded GOOGL/1776278694.json -> /tmp/minio_downloads/1776278694.json
[2026-05-29T13:29:27.766+0000] {logging_mixin.py:188} INFO - Downloaded GOOGL/1776278730.json -> /tmp/minio_downloads/1776278730.json
[2026-05-29T13:29:27.800+0000] {logging_mixin.py:188} INFO - Downloaded GOOGL/1776278766.json -> /tmp/minio_downloads/1776278766.json
[2026-05-29T13:29:27.839+0000] {logging_mixin.py:188} INFO - Downloaded GOOGL/1776278805.json -> /tmp/minio_downloads/1776278805.json
[2026-05-29T13:29:27.982+0000] {logging_mixin.py:188} INFO - Downloaded GOOGL/1776278854.json -> /tmp/minio_downloads/1776278854.json
[2026-05-29T13:29:28.042+0000] {logging_mixin.py:188} INFO - Downloaded GOOGL/1776278925.json -> /tmp/minio_downloads/1776278925.json
[2026-05-29T13:29:28.257+0000] {logging_mixin.py:188} INFO - Downloaded GOOGL/1776279011.json -> /tmp/minio_downloads/1776279011.json
[2026-05-29T13:29:28.357+0000] {logging_mixin.py:188} INFO - Downloaded GOOGL/1776279150.json -> /tmp/minio_downloads/1776279150.json
[2026-05-29T13:29:28.473+0000] {logging_mixin.py:188} INFO - Downloaded GOOGL/1776279256.json -> /tmp/minio_downloads/1776279256.json
[2026-05-29T13:29:28.581+0000] {logging_mixin.py:188} INFO - Downloaded GOOGL/1776279294.json -> /tmp/minio_downloads/1776279294.json
[2026-05-29T13:29:28.670+0000] {logging_mixin.py:188} INFO - Downloaded GOOGL/1776279345.json -> /tmp/minio_downloads/1776279345.json
[2026-05-29T13:29:28.757+0000] {logging_mixin.py:188} INFO - Downloaded GOOGL/1776279375.json -> /tmp/minio_downloads/1776279375.json
[2026-05-29T13:29:28.841+0000] {logging_mixin.py:188} INFO - Downloaded GOOGL/1776279402.json -> /tmp/minio_downloads/1776279402.json
[2026-05-29T13:29:29.061+0000] {logging_mixin.py:188} INFO - Downloaded GOOGL/1776279439.json -> /tmp/minio_downloads/1776279439.json
[2026-05-29T13:29:29.196+0000] {logging_mixin.py:188} INFO - Downloaded GOOGL/1776279478.json -> /tmp/minio_downloads/1776279478.json
[2026-05-29T13:29:29.544+0000] {logging_mixin.py:188} INFO - Downloaded GOOGL/1776279526.json -> /tmp/minio_downloads/1776279526.json
[2026-05-29T13:29:29.801+0000] {logging_mixin.py:188} INFO - Downloaded GOOGL/1776279574.json -> /tmp/minio_downloads/1776279574.json
[2026-05-29T13:29:29.851+0000] {logging_mixin.py:188} INFO - Downloaded GOOGL/1776279683.json -> /tmp/minio_downloads/1776279683.json
[2026-05-29T13:29:29.932+0000] {logging_mixin.py:188} INFO - Downloaded GOOGL/1776279777.json -> /tmp/minio_downloads/1776279777.json
[2026-05-29T13:29:30.604+0000] {logging_mixin.py:188} INFO - Downloaded GOOGL/1776279807.json -> /tmp/minio_downloads/1776279807.json
[2026-05-29T13:29:30.788+0000] {logging_mixin.py:188} INFO - Downloaded GOOGL/1776279871.json -> /tmp/minio_downloads/1776279871.json
[2026-05-29T13:29:30.883+0000] {logging_mixin.py:188} INFO - Downloaded GOOGL/1776279963.json -> /tmp/minio_downloads/1776279963.json
[2026-05-29T13:29:30.947+0000] {logging_mixin.py:188} INFO - Downloaded GOOGL/1776280066.json -> /tmp/minio_downloads/1776280066.json
[2026-05-29T13:29:30.992+0000] {logging_mixin.py:188} INFO - Downloaded GOOGL/1776280164.json -> /tmp/minio_downloads/1776280164.json
[2026-05-29T13:29:31.058+0000] {logging_mixin.py:188} INFO - Downloaded GOOGL/1776280208.json -> /tmp/minio_downloads/1776280208.json
[2026-05-29T13:29:31.086+0000] {logging_mixin.py:188} INFO - Downloaded GOOGL/1776280230.json -> /tmp/minio_downloads/1776280230.json
[2026-05-29T13:29:31.124+0000] {logging_mixin.py:188} INFO - Downloaded GOOGL/1776280265.json -> /tmp/minio_downloads/1776280265.json
[2026-05-29T13:29:31.154+0000] {logging_mixin.py:188} INFO - Downloaded GOOGL/1776280291.json -> /tmp/minio_downloads/1776280291.json
[2026-05-29T13:29:31.196+0000] {logging_mixin.py:188} INFO - Downloaded GOOGL/1776280319.json -> /tmp/minio_downloads/1776280319.json
[2026-05-29T13:29:31.231+0000] {logging_mixin.py:188} INFO - Downloaded GOOGL/1776280348.json -> /tmp/minio_downloads/1776280348.json
[2026-05-29T13:29:31.277+0000] {logging_mixin.py:188} INFO - Downloaded GOOGL/1776280388.json -> /tmp/minio_downloads/1776280388.json
[2026-05-29T13:29:31.319+0000] {logging_mixin.py:188} INFO - Downloaded GOOGL/1776280416.json -> /tmp/minio_downloads/1776280416.json
[2026-05-29T13:29:31.359+0000] {logging_mixin.py:188} INFO - Downloaded GOOGL/1776280441.json -> /tmp/minio_downloads/1776280441.json
[2026-05-29T13:29:31.422+0000] {logging_mixin.py:188} INFO - Downloaded GOOGL/1776280465.json -> /tmp/minio_downloads/1776280465.json
[2026-05-29T13:29:31.826+0000] {logging_mixin.py:188} INFO - Downloaded GOOGL/1776280482.json -> /tmp/minio_downloads/1776280482.json
[2026-05-29T13:29:31.907+0000] {logging_mixin.py:188} INFO - Downloaded GOOGL/1776280499.json -> /tmp/minio_downloads/1776280499.json
[2026-05-29T13:29:31.971+0000] {logging_mixin.py:188} INFO - Downloaded GOOGL/1776280521.json -> /tmp/minio_downloads/1776280521.json
[2026-05-29T13:29:32.179+0000] {logging_mixin.py:188} INFO - Downloaded GOOGL/1776280552.json -> /tmp/minio_downloads/1776280552.json
[2026-05-29T13:29:32.302+0000] {logging_mixin.py:188} INFO - Downloaded GOOGL/1776280569.json -> /tmp/minio_downloads/1776280569.json
[2026-05-29T13:29:32.428+0000] {logging_mixin.py:188} INFO - Downloaded GOOGL/1776280590.json -> /tmp/minio_downloads/1776280590.json
[2026-05-29T13:29:32.477+0000] {logging_mixin.py:188} INFO - Downloaded GOOGL/1776280614.json -> /tmp/minio_downloads/1776280614.json
[2026-05-29T13:29:32.519+0000] {logging_mixin.py:188} INFO - Downloaded GOOGL/1776280637.json -> /tmp/minio_downloads/1776280637.json
[2026-05-29T13:29:32.559+0000] {logging_mixin.py:188} INFO - Downloaded GOOGL/1776280658.json -> /tmp/minio_downloads/1776280658.json
[2026-05-29T13:29:32.607+0000] {logging_mixin.py:188} INFO - Downloaded GOOGL/1776280678.json -> /tmp/minio_downloads/1776280678.json
[2026-05-29T13:29:32.648+0000] {logging_mixin.py:188} INFO - Downloaded GOOGL/1776280697.json -> /tmp/minio_downloads/1776280697.json
[2026-05-29T13:29:32.706+0000] {logging_mixin.py:188} INFO - Downloaded GOOGL/1776280717.json -> /tmp/minio_downloads/1776280717.json
[2026-05-29T13:29:32.752+0000] {logging_mixin.py:188} INFO - Downloaded GOOGL/1776280735.json -> /tmp/minio_downloads/1776280735.json
[2026-05-29T13:29:32.797+0000] {logging_mixin.py:188} INFO - Downloaded GOOGL/1776280757.json -> /tmp/minio_downloads/1776280757.json
[2026-05-29T13:29:32.866+0000] {logging_mixin.py:188} INFO - Downloaded GOOGL/1776280779.json -> /tmp/minio_downloads/1776280779.json
[2026-05-29T13:29:32.928+0000] {logging_mixin.py:188} INFO - Downloaded GOOGL/1776280802.json -> /tmp/minio_downloads/1776280802.json
[2026-05-29T13:29:32.964+0000] {logging_mixin.py:188} INFO - Downloaded GOOGL/1776280824.json -> /tmp/minio_downloads/1776280824.json
[2026-05-29T13:29:33.007+0000] {logging_mixin.py:188} INFO - Downloaded GOOGL/1776280843.json -> /tmp/minio_downloads/1776280843.json
[2026-05-29T13:29:33.048+0000] {logging_mixin.py:188} INFO - Downloaded GOOGL/1776280866.json -> /tmp/minio_downloads/1776280866.json
[2026-05-29T13:29:33.092+0000] {logging_mixin.py:188} INFO - Downloaded GOOGL/1776280884.json -> /tmp/minio_downloads/1776280884.json
[2026-05-29T13:29:33.129+0000] {logging_mixin.py:188} INFO - Downloaded GOOGL/1776280903.json -> /tmp/minio_downloads/1776280903.json
[2026-05-29T13:29:33.160+0000] {logging_mixin.py:188} INFO - Downloaded GOOGL/1776280921.json -> /tmp/minio_downloads/1776280921.json
[2026-05-29T13:29:33.204+0000] {logging_mixin.py:188} INFO - Downloaded GOOGL/1776280943.json -> /tmp/minio_downloads/1776280943.json
[2026-05-29T13:29:33.250+0000] {logging_mixin.py:188} INFO - Downloaded GOOGL/1776280965.json -> /tmp/minio_downloads/1776280965.json
[2026-05-29T13:29:33.457+0000] {logging_mixin.py:188} INFO - Downloaded GOOGL/1776280987.json -> /tmp/minio_downloads/1776280987.json
[2026-05-29T13:29:33.525+0000] {logging_mixin.py:188} INFO - Downloaded GOOGL/1776281008.json -> /tmp/minio_downloads/1776281008.json
[2026-05-29T13:29:33.670+0000] {logging_mixin.py:188} INFO - Downloaded GOOGL/1776281029.json -> /tmp/minio_downloads/1776281029.json
[2026-05-29T13:29:33.791+0000] {logging_mixin.py:188} INFO - Downloaded GOOGL/1776281050.json -> /tmp/minio_downloads/1776281050.json
[2026-05-29T13:29:33.852+0000] {logging_mixin.py:188} INFO - Downloaded GOOGL/1776281074.json -> /tmp/minio_downloads/1776281074.json
[2026-05-29T13:29:33.961+0000] {logging_mixin.py:188} INFO - Downloaded GOOGL/1776281095.json -> /tmp/minio_downloads/1776281095.json
[2026-05-29T13:29:34.124+0000] {logging_mixin.py:188} INFO - Downloaded MSFT/1776277489.json -> /tmp/minio_downloads/1776277489.json
[2026-05-29T13:29:34.286+0000] {logging_mixin.py:188} INFO - Downloaded MSFT/1776277503.json -> /tmp/minio_downloads/1776277503.json
[2026-05-29T13:29:34.388+0000] {logging_mixin.py:188} INFO - Downloaded MSFT/1776277517.json -> /tmp/minio_downloads/1776277517.json
[2026-05-29T13:29:34.520+0000] {logging_mixin.py:188} INFO - Downloaded MSFT/1776277533.json -> /tmp/minio_downloads/1776277533.json
[2026-05-29T13:29:34.609+0000] {logging_mixin.py:188} INFO - Downloaded MSFT/1776277561.json -> /tmp/minio_downloads/1776277561.json
[2026-05-29T13:29:34.717+0000] {logging_mixin.py:188} INFO - Downloaded MSFT/1776277581.json -> /tmp/minio_downloads/1776277581.json
[2026-05-29T13:29:34.835+0000] {logging_mixin.py:188} INFO - Downloaded MSFT/1776277603.json -> /tmp/minio_downloads/1776277603.json
[2026-05-29T13:29:34.894+0000] {logging_mixin.py:188} INFO - Downloaded MSFT/1776277625.json -> /tmp/minio_downloads/1776277625.json
[2026-05-29T13:29:34.971+0000] {logging_mixin.py:188} INFO - Downloaded MSFT/1776277644.json -> /tmp/minio_downloads/1776277644.json
[2026-05-29T13:29:35.084+0000] {logging_mixin.py:188} INFO - Downloaded MSFT/1776277662.json -> /tmp/minio_downloads/1776277662.json
[2026-05-29T13:29:35.165+0000] {logging_mixin.py:188} INFO - Downloaded MSFT/1776277682.json -> /tmp/minio_downloads/1776277682.json
[2026-05-29T13:29:35.342+0000] {logging_mixin.py:188} INFO - Downloaded MSFT/1776277701.json -> /tmp/minio_downloads/1776277701.json
[2026-05-29T13:29:35.428+0000] {logging_mixin.py:188} INFO - Downloaded MSFT/1776277726.json -> /tmp/minio_downloads/1776277726.json
[2026-05-29T13:29:35.479+0000] {logging_mixin.py:188} INFO - Downloaded MSFT/1776277745.json -> /tmp/minio_downloads/1776277745.json
[2026-05-29T13:29:35.546+0000] {logging_mixin.py:188} INFO - Downloaded MSFT/1776277764.json -> /tmp/minio_downloads/1776277764.json
[2026-05-29T13:29:35.592+0000] {logging_mixin.py:188} INFO - Downloaded MSFT/1776277785.json -> /tmp/minio_downloads/1776277785.json
[2026-05-29T13:29:35.849+0000] {logging_mixin.py:188} INFO - Downloaded MSFT/1776277849.json -> /tmp/minio_downloads/1776277849.json
[2026-05-29T13:29:35.912+0000] {logging_mixin.py:188} INFO - Downloaded MSFT/1776277911.json -> /tmp/minio_downloads/1776277911.json
[2026-05-29T13:29:35.945+0000] {logging_mixin.py:188} INFO - Downloaded MSFT/1776277961.json -> /tmp/minio_downloads/1776277961.json
[2026-05-29T13:29:35.982+0000] {logging_mixin.py:188} INFO - Downloaded MSFT/1776278174.json -> /tmp/minio_downloads/1776278174.json
[2026-05-29T13:29:36.030+0000] {logging_mixin.py:188} INFO - Downloaded MSFT/1776278261.json -> /tmp/minio_downloads/1776278261.json
[2026-05-29T13:29:36.080+0000] {logging_mixin.py:188} INFO - Downloaded MSFT/1776278307.json -> /tmp/minio_downloads/1776278307.json
[2026-05-29T13:29:36.198+0000] {logging_mixin.py:188} INFO - Downloaded MSFT/1776278328.json -> /tmp/minio_downloads/1776278328.json
[2026-05-29T13:29:36.245+0000] {logging_mixin.py:188} INFO - Downloaded MSFT/1776278350.json -> /tmp/minio_downloads/1776278350.json
[2026-05-29T13:29:36.309+0000] {logging_mixin.py:188} INFO - Downloaded MSFT/1776278370.json -> /tmp/minio_downloads/1776278370.json
[2026-05-29T13:29:36.391+0000] {logging_mixin.py:188} INFO - Downloaded MSFT/1776278393.json -> /tmp/minio_downloads/1776278393.json
[2026-05-29T13:29:36.440+0000] {logging_mixin.py:188} INFO - Downloaded MSFT/1776278412.json -> /tmp/minio_downloads/1776278412.json
[2026-05-29T13:29:36.555+0000] {logging_mixin.py:188} INFO - Downloaded MSFT/1776278434.json -> /tmp/minio_downloads/1776278434.json
[2026-05-29T13:29:36.644+0000] {logging_mixin.py:188} INFO - Downloaded MSFT/1776278466.json -> /tmp/minio_downloads/1776278466.json
[2026-05-29T13:29:36.701+0000] {logging_mixin.py:188} INFO - Downloaded MSFT/1776278488.json -> /tmp/minio_downloads/1776278488.json
[2026-05-29T13:29:36.962+0000] {logging_mixin.py:188} INFO - Downloaded MSFT/1776278514.json -> /tmp/minio_downloads/1776278514.json
[2026-05-29T13:29:37.114+0000] {logging_mixin.py:188} INFO - Downloaded MSFT/1776278555.json -> /tmp/minio_downloads/1776278555.json
[2026-05-29T13:29:37.248+0000] {logging_mixin.py:188} INFO - Downloaded MSFT/1776278582.json -> /tmp/minio_downloads/1776278582.json
[2026-05-29T13:29:37.403+0000] {logging_mixin.py:188} INFO - Downloaded MSFT/1776278608.json -> /tmp/minio_downloads/1776278608.json
[2026-05-29T13:29:37.995+0000] {logging_mixin.py:188} INFO - Downloaded MSFT/1776278628.json -> /tmp/minio_downloads/1776278628.json
[2026-05-29T13:29:38.369+0000] {logging_mixin.py:188} INFO - Downloaded MSFT/1776278655.json -> /tmp/minio_downloads/1776278655.json
[2026-05-29T13:29:38.708+0000] {logging_mixin.py:188} INFO - Downloaded MSFT/1776278684.json -> /tmp/minio_downloads/1776278684.json
[2026-05-29T13:29:38.898+0000] {logging_mixin.py:188} INFO - Downloaded MSFT/1776278716.json -> /tmp/minio_downloads/1776278716.json
[2026-05-29T13:29:39.010+0000] {logging_mixin.py:188} INFO - Downloaded MSFT/1776278753.json -> /tmp/minio_downloads/1776278753.json
[2026-05-29T13:29:39.180+0000] {logging_mixin.py:188} INFO - Downloaded MSFT/1776278793.json -> /tmp/minio_downloads/1776278793.json
[2026-05-29T13:29:39.238+0000] {logging_mixin.py:188} INFO - Downloaded MSFT/1776278837.json -> /tmp/minio_downloads/1776278837.json
[2026-05-29T13:29:39.280+0000] {logging_mixin.py:188} INFO - Downloaded MSFT/1776278898.json -> /tmp/minio_downloads/1776278898.json
[2026-05-29T13:29:39.330+0000] {logging_mixin.py:188} INFO - Downloaded MSFT/1776278974.json -> /tmp/minio_downloads/1776278974.json
[2026-05-29T13:29:39.382+0000] {logging_mixin.py:188} INFO - Downloaded MSFT/1776279092.json -> /tmp/minio_downloads/1776279092.json
[2026-05-29T13:29:39.446+0000] {logging_mixin.py:188} INFO - Downloaded MSFT/1776279224.json -> /tmp/minio_downloads/1776279224.json
[2026-05-29T13:29:39.548+0000] {logging_mixin.py:188} INFO - Downloaded MSFT/1776279281.json -> /tmp/minio_downloads/1776279281.json
[2026-05-29T13:29:39.792+0000] {logging_mixin.py:188} INFO - Downloaded MSFT/1776279339.json -> /tmp/minio_downloads/1776279339.json
[2026-05-29T13:29:40.024+0000] {logging_mixin.py:188} INFO - Downloaded MSFT/1776279362.json -> /tmp/minio_downloads/1776279362.json
[2026-05-29T13:29:40.110+0000] {logging_mixin.py:188} INFO - Downloaded MSFT/1776279393.json -> /tmp/minio_downloads/1776279393.json
[2026-05-29T13:29:40.215+0000] {logging_mixin.py:188} INFO - Downloaded MSFT/1776279425.json -> /tmp/minio_downloads/1776279425.json
[2026-05-29T13:29:40.323+0000] {logging_mixin.py:188} INFO - Downloaded MSFT/1776279467.json -> /tmp/minio_downloads/1776279467.json
[2026-05-29T13:29:40.414+0000] {logging_mixin.py:188} INFO - Downloaded MSFT/1776279510.json -> /tmp/minio_downloads/1776279510.json
[2026-05-29T13:29:40.506+0000] {logging_mixin.py:188} INFO - Downloaded MSFT/1776279558.json -> /tmp/minio_downloads/1776279558.json
[2026-05-29T13:29:40.564+0000] {logging_mixin.py:188} INFO - Downloaded MSFT/1776279644.json -> /tmp/minio_downloads/1776279644.json
[2026-05-29T13:29:40.651+0000] {logging_mixin.py:188} INFO - Downloaded MSFT/1776279746.json -> /tmp/minio_downloads/1776279746.json
[2026-05-29T13:29:40.719+0000] {logging_mixin.py:188} INFO - Downloaded MSFT/1776279799.json -> /tmp/minio_downloads/1776279799.json
[2026-05-29T13:29:40.804+0000] {logging_mixin.py:188} INFO - Downloaded MSFT/1776279843.json -> /tmp/minio_downloads/1776279843.json
[2026-05-29T13:29:40.856+0000] {logging_mixin.py:188} INFO - Downloaded MSFT/1776279933.json -> /tmp/minio_downloads/1776279933.json
[2026-05-29T13:29:40.896+0000] {logging_mixin.py:188} INFO - Downloaded MSFT/1776280004.json -> /tmp/minio_downloads/1776280004.json
[2026-05-29T13:29:40.941+0000] {logging_mixin.py:188} INFO - Downloaded MSFT/1776280127.json -> /tmp/minio_downloads/1776280127.json
[2026-05-29T13:29:41.007+0000] {logging_mixin.py:188} INFO - Downloaded MSFT/1776280202.json -> /tmp/minio_downloads/1776280202.json
[2026-05-29T13:29:41.114+0000] {logging_mixin.py:188} INFO - Downloaded MSFT/1776280224.json -> /tmp/minio_downloads/1776280224.json
[2026-05-29T13:29:41.191+0000] {logging_mixin.py:188} INFO - Downloaded MSFT/1776280253.json -> /tmp/minio_downloads/1776280253.json
[2026-05-29T13:29:41.251+0000] {logging_mixin.py:188} INFO - Downloaded MSFT/1776280284.json -> /tmp/minio_downloads/1776280284.json
[2026-05-29T13:29:41.299+0000] {logging_mixin.py:188} INFO - Downloaded MSFT/1776280311.json -> /tmp/minio_downloads/1776280311.json
[2026-05-29T13:29:41.353+0000] {logging_mixin.py:188} INFO - Downloaded MSFT/1776280334.json -> /tmp/minio_downloads/1776280334.json
[2026-05-29T13:29:41.392+0000] {logging_mixin.py:188} INFO - Downloaded MSFT/1776280374.json -> /tmp/minio_downloads/1776280374.json
[2026-05-29T13:29:41.424+0000] {logging_mixin.py:188} INFO - Downloaded MSFT/1776280409.json -> /tmp/minio_downloads/1776280409.json
[2026-05-29T13:29:41.456+0000] {logging_mixin.py:188} INFO - Downloaded MSFT/1776280434.json -> /tmp/minio_downloads/1776280434.json
[2026-05-29T13:29:41.488+0000] {logging_mixin.py:188} INFO - Downloaded MSFT/1776280458.json -> /tmp/minio_downloads/1776280458.json
[2026-05-29T13:29:41.525+0000] {logging_mixin.py:188} INFO - Downloaded MSFT/1776280477.json -> /tmp/minio_downloads/1776280477.json
[2026-05-29T13:29:41.564+0000] {logging_mixin.py:188} INFO - Downloaded MSFT/1776280495.json -> /tmp/minio_downloads/1776280495.json
[2026-05-29T13:29:41.617+0000] {logging_mixin.py:188} INFO - Downloaded MSFT/1776280513.json -> /tmp/minio_downloads/1776280513.json
[2026-05-29T13:29:41.654+0000] {logging_mixin.py:188} INFO - Downloaded MSFT/1776280538.json -> /tmp/minio_downloads/1776280538.json
[2026-05-29T13:29:41.686+0000] {logging_mixin.py:188} INFO - Downloaded MSFT/1776280564.json -> /tmp/minio_downloads/1776280564.json
[2026-05-29T13:29:41.731+0000] {logging_mixin.py:188} INFO - Downloaded MSFT/1776280583.json -> /tmp/minio_downloads/1776280583.json
[2026-05-29T13:29:41.801+0000] {logging_mixin.py:188} INFO - Downloaded MSFT/1776280606.json -> /tmp/minio_downloads/1776280606.json
[2026-05-29T13:29:41.851+0000] {logging_mixin.py:188} INFO - Downloaded MSFT/1776280631.json -> /tmp/minio_downloads/1776280631.json
[2026-05-29T13:29:42.419+0000] {logging_mixin.py:188} INFO - Downloaded MSFT/1776280652.json -> /tmp/minio_downloads/1776280652.json
[2026-05-29T13:29:42.533+0000] {logging_mixin.py:188} INFO - Downloaded MSFT/1776280670.json -> /tmp/minio_downloads/1776280670.json
[2026-05-29T13:29:42.984+0000] {logging_mixin.py:188} INFO - Downloaded MSFT/1776280692.json -> /tmp/minio_downloads/1776280692.json
[2026-05-29T13:29:43.097+0000] {logging_mixin.py:188} INFO - Downloaded MSFT/1776280711.json -> /tmp/minio_downloads/1776280711.json
[2026-05-29T13:29:43.464+0000] {logging_mixin.py:188} INFO - Downloaded MSFT/1776280730.json -> /tmp/minio_downloads/1776280730.json
[2026-05-29T13:29:43.696+0000] {logging_mixin.py:188} INFO - Downloaded MSFT/1776280750.json -> /tmp/minio_downloads/1776280750.json
[2026-05-29T13:29:43.789+0000] {logging_mixin.py:188} INFO - Downloaded MSFT/1776280773.json -> /tmp/minio_downloads/1776280773.json
[2026-05-29T13:29:43.837+0000] {logging_mixin.py:188} INFO - Downloaded MSFT/1776280796.json -> /tmp/minio_downloads/1776280796.json
[2026-05-29T13:29:43.889+0000] {logging_mixin.py:188} INFO - Downloaded MSFT/1776280818.json -> /tmp/minio_downloads/1776280818.json
[2026-05-29T13:29:43.972+0000] {logging_mixin.py:188} INFO - Downloaded MSFT/1776280840.json -> /tmp/minio_downloads/1776280840.json
[2026-05-29T13:29:44.037+0000] {logging_mixin.py:188} INFO - Downloaded MSFT/1776280860.json -> /tmp/minio_downloads/1776280860.json
[2026-05-29T13:29:44.077+0000] {logging_mixin.py:188} INFO - Downloaded MSFT/1776280880.json -> /tmp/minio_downloads/1776280880.json
[2026-05-29T13:29:44.129+0000] {logging_mixin.py:188} INFO - Downloaded MSFT/1776280898.json -> /tmp/minio_downloads/1776280898.json
[2026-05-29T13:29:44.180+0000] {logging_mixin.py:188} INFO - Downloaded MSFT/1776280916.json -> /tmp/minio_downloads/1776280916.json
[2026-05-29T13:29:44.219+0000] {logging_mixin.py:188} INFO - Downloaded MSFT/1776280938.json -> /tmp/minio_downloads/1776280938.json
[2026-05-29T13:29:44.260+0000] {logging_mixin.py:188} INFO - Downloaded MSFT/1776280959.json -> /tmp/minio_downloads/1776280959.json
[2026-05-29T13:29:44.297+0000] {logging_mixin.py:188} INFO - Downloaded MSFT/1776280980.json -> /tmp/minio_downloads/1776280980.json
[2026-05-29T13:29:44.339+0000] {logging_mixin.py:188} INFO - Downloaded MSFT/1776280999.json -> /tmp/minio_downloads/1776280999.json
[2026-05-29T13:29:44.385+0000] {logging_mixin.py:188} INFO - Downloaded MSFT/1776281022.json -> /tmp/minio_downloads/1776281022.json
[2026-05-29T13:29:44.429+0000] {logging_mixin.py:188} INFO - Downloaded MSFT/1776281045.json -> /tmp/minio_downloads/1776281045.json
[2026-05-29T13:29:44.498+0000] {logging_mixin.py:188} INFO - Downloaded MSFT/1776281066.json -> /tmp/minio_downloads/1776281066.json
[2026-05-29T13:29:44.547+0000] {logging_mixin.py:188} INFO - Downloaded MSFT/1776281090.json -> /tmp/minio_downloads/1776281090.json
[2026-05-29T13:29:44.579+0000] {logging_mixin.py:188} INFO - Downloaded MSFT/1776281128.json -> /tmp/minio_downloads/1776281128.json
[2026-05-29T13:29:44.632+0000] {logging_mixin.py:188} INFO - Downloaded TSLA/1776277490.json -> /tmp/minio_downloads/1776277490.json
[2026-05-29T13:29:44.676+0000] {logging_mixin.py:188} INFO - Downloaded TSLA/1776277505.json -> /tmp/minio_downloads/1776277505.json
[2026-05-29T13:29:44.745+0000] {logging_mixin.py:188} INFO - Downloaded TSLA/1776277519.json -> /tmp/minio_downloads/1776277519.json
[2026-05-29T13:29:44.799+0000] {logging_mixin.py:188} INFO - Downloaded TSLA/1776277536.json -> /tmp/minio_downloads/1776277536.json
[2026-05-29T13:29:44.867+0000] {logging_mixin.py:188} INFO - Downloaded TSLA/1776277562.json -> /tmp/minio_downloads/1776277562.json
[2026-05-29T13:29:44.942+0000] {logging_mixin.py:188} INFO - Downloaded TSLA/1776277585.json -> /tmp/minio_downloads/1776277585.json
[2026-05-29T13:29:45.002+0000] {logging_mixin.py:188} INFO - Downloaded TSLA/1776277609.json -> /tmp/minio_downloads/1776277609.json
[2026-05-29T13:29:45.040+0000] {logging_mixin.py:188} INFO - Downloaded TSLA/1776277628.json -> /tmp/minio_downloads/1776277628.json
[2026-05-29T13:29:45.097+0000] {logging_mixin.py:188} INFO - Downloaded TSLA/1776277647.json -> /tmp/minio_downloads/1776277647.json
[2026-05-29T13:29:45.163+0000] {logging_mixin.py:188} INFO - Downloaded TSLA/1776277667.json -> /tmp/minio_downloads/1776277667.json
[2026-05-29T13:29:45.207+0000] {logging_mixin.py:188} INFO - Downloaded TSLA/1776277686.json -> /tmp/minio_downloads/1776277686.json
[2026-05-29T13:29:45.266+0000] {logging_mixin.py:188} INFO - Downloaded TSLA/1776277703.json -> /tmp/minio_downloads/1776277703.json
[2026-05-29T13:29:45.294+0000] {logging_mixin.py:188} INFO - Downloaded TSLA/1776277729.json -> /tmp/minio_downloads/1776277729.json
[2026-05-29T13:29:45.327+0000] {logging_mixin.py:188} INFO - Downloaded TSLA/1776277747.json -> /tmp/minio_downloads/1776277747.json
[2026-05-29T13:29:45.352+0000] {logging_mixin.py:188} INFO - Downloaded TSLA/1776277767.json -> /tmp/minio_downloads/1776277767.json
[2026-05-29T13:29:45.389+0000] {logging_mixin.py:188} INFO - Downloaded TSLA/1776277810.json -> /tmp/minio_downloads/1776277810.json
[2026-05-29T13:29:45.435+0000] {logging_mixin.py:188} INFO - Downloaded TSLA/1776277874.json -> /tmp/minio_downloads/1776277874.json
[2026-05-29T13:29:45.513+0000] {logging_mixin.py:188} INFO - Downloaded TSLA/1776277914.json -> /tmp/minio_downloads/1776277914.json
[2026-05-29T13:29:45.576+0000] {logging_mixin.py:188} INFO - Downloaded TSLA/1776277964.json -> /tmp/minio_downloads/1776277964.json
[2026-05-29T13:29:45.628+0000] {logging_mixin.py:188} INFO - Downloaded TSLA/1776278177.json -> /tmp/minio_downloads/1776278177.json
[2026-05-29T13:29:45.696+0000] {logging_mixin.py:188} INFO - Downloaded TSLA/1776278265.json -> /tmp/minio_downloads/1776278265.json
[2026-05-29T13:29:45.773+0000] {logging_mixin.py:188} INFO - Downloaded TSLA/1776278310.json -> /tmp/minio_downloads/1776278310.json
[2026-05-29T13:29:45.816+0000] {logging_mixin.py:188} INFO - Downloaded TSLA/1776278332.json -> /tmp/minio_downloads/1776278332.json
[2026-05-29T13:29:45.864+0000] {logging_mixin.py:188} INFO - Downloaded TSLA/1776278353.json -> /tmp/minio_downloads/1776278353.json
[2026-05-29T13:29:45.909+0000] {logging_mixin.py:188} INFO - Downloaded TSLA/1776278375.json -> /tmp/minio_downloads/1776278375.json
[2026-05-29T13:29:45.937+0000] {logging_mixin.py:188} INFO - Downloaded TSLA/1776278395.json -> /tmp/minio_downloads/1776278395.json
[2026-05-29T13:29:45.976+0000] {logging_mixin.py:188} INFO - Downloaded TSLA/1776278415.json -> /tmp/minio_downloads/1776278415.json
[2026-05-29T13:29:46.052+0000] {logging_mixin.py:188} INFO - Downloaded TSLA/1776278437.json -> /tmp/minio_downloads/1776278437.json
[2026-05-29T13:29:46.106+0000] {logging_mixin.py:188} INFO - Downloaded TSLA/1776278469.json -> /tmp/minio_downloads/1776278469.json
[2026-05-29T13:29:46.170+0000] {logging_mixin.py:188} INFO - Downloaded TSLA/1776278491.json -> /tmp/minio_downloads/1776278491.json
[2026-05-29T13:29:46.229+0000] {logging_mixin.py:188} INFO - Downloaded TSLA/1776278519.json -> /tmp/minio_downloads/1776278519.json
[2026-05-29T13:29:46.322+0000] {logging_mixin.py:188} INFO - Downloaded TSLA/1776278560.json -> /tmp/minio_downloads/1776278560.json
[2026-05-29T13:29:46.383+0000] {logging_mixin.py:188} INFO - Downloaded TSLA/1776278585.json -> /tmp/minio_downloads/1776278585.json
[2026-05-29T13:29:46.443+0000] {logging_mixin.py:188} INFO - Downloaded TSLA/1776278611.json -> /tmp/minio_downloads/1776278611.json
[2026-05-29T13:29:46.488+0000] {logging_mixin.py:188} INFO - Downloaded TSLA/1776278631.json -> /tmp/minio_downloads/1776278631.json
[2026-05-29T13:29:46.567+0000] {logging_mixin.py:188} INFO - Downloaded TSLA/1776278658.json -> /tmp/minio_downloads/1776278658.json
[2026-05-29T13:29:46.620+0000] {logging_mixin.py:188} INFO - Downloaded TSLA/1776278688.json -> /tmp/minio_downloads/1776278688.json
[2026-05-29T13:29:46.654+0000] {logging_mixin.py:188} INFO - Downloaded TSLA/1776278724.json -> /tmp/minio_downloads/1776278724.json
[2026-05-29T13:29:46.684+0000] {logging_mixin.py:188} INFO - Downloaded TSLA/1776278758.json -> /tmp/minio_downloads/1776278758.json
[2026-05-29T13:29:46.716+0000] {logging_mixin.py:188} INFO - Downloaded TSLA/1776278799.json -> /tmp/minio_downloads/1776278799.json
[2026-05-29T13:29:46.741+0000] {logging_mixin.py:188} INFO - Downloaded TSLA/1776278845.json -> /tmp/minio_downloads/1776278845.json
[2026-05-29T13:29:46.796+0000] {logging_mixin.py:188} INFO - Downloaded TSLA/1776278911.json -> /tmp/minio_downloads/1776278911.json
[2026-05-29T13:29:46.843+0000] {logging_mixin.py:188} INFO - Downloaded TSLA/1776278980.json -> /tmp/minio_downloads/1776278980.json
[2026-05-29T13:29:46.887+0000] {logging_mixin.py:188} INFO - Downloaded TSLA/1776279120.json -> /tmp/minio_downloads/1776279120.json
[2026-05-29T13:29:46.947+0000] {logging_mixin.py:188} INFO - Downloaded TSLA/1776279252.json -> /tmp/minio_downloads/1776279252.json
[2026-05-29T13:29:46.992+0000] {logging_mixin.py:188} INFO - Downloaded TSLA/1776279287.json -> /tmp/minio_downloads/1776279287.json
[2026-05-29T13:29:47.076+0000] {logging_mixin.py:188} INFO - Downloaded TSLA/1776279342.json -> /tmp/minio_downloads/1776279342.json
[2026-05-29T13:29:47.160+0000] {logging_mixin.py:188} INFO - Downloaded TSLA/1776279370.json -> /tmp/minio_downloads/1776279370.json
[2026-05-29T13:29:47.271+0000] {logging_mixin.py:188} INFO - Downloaded TSLA/1776279397.json -> /tmp/minio_downloads/1776279397.json
[2026-05-29T13:29:47.352+0000] {logging_mixin.py:188} INFO - Downloaded TSLA/1776279432.json -> /tmp/minio_downloads/1776279432.json
[2026-05-29T13:29:47.401+0000] {logging_mixin.py:188} INFO - Downloaded TSLA/1776279472.json -> /tmp/minio_downloads/1776279472.json
[2026-05-29T13:29:47.451+0000] {logging_mixin.py:188} INFO - Downloaded TSLA/1776279519.json -> /tmp/minio_downloads/1776279519.json
[2026-05-29T13:29:47.497+0000] {logging_mixin.py:188} INFO - Downloaded TSLA/1776279566.json -> /tmp/minio_downloads/1776279566.json
[2026-05-29T13:29:47.547+0000] {logging_mixin.py:188} INFO - Downloaded TSLA/1776279675.json -> /tmp/minio_downloads/1776279675.json
[2026-05-29T13:29:47.575+0000] {logging_mixin.py:188} INFO - Downloaded TSLA/1776279752.json -> /tmp/minio_downloads/1776279752.json
[2026-05-29T13:29:47.611+0000] {logging_mixin.py:188} INFO - Downloaded TSLA/1776279804.json -> /tmp/minio_downloads/1776279804.json
[2026-05-29T13:29:47.646+0000] {logging_mixin.py:188} INFO - Downloaded TSLA/1776279867.json -> /tmp/minio_downloads/1776279867.json
[2026-05-29T13:29:47.703+0000] {logging_mixin.py:188} INFO - Downloaded TSLA/1776279938.json -> /tmp/minio_downloads/1776279938.json
[2026-05-29T13:29:47.758+0000] {logging_mixin.py:188} INFO - Downloaded TSLA/1776280040.json -> /tmp/minio_downloads/1776280040.json
[2026-05-29T13:29:47.812+0000] {logging_mixin.py:188} INFO - Downloaded TSLA/1776280159.json -> /tmp/minio_downloads/1776280159.json
[2026-05-29T13:29:47.851+0000] {logging_mixin.py:188} INFO - Downloaded TSLA/1776280205.json -> /tmp/minio_downloads/1776280205.json
[2026-05-29T13:29:47.934+0000] {logging_mixin.py:188} INFO - Downloaded TSLA/1776280227.json -> /tmp/minio_downloads/1776280227.json
[2026-05-29T13:29:48.033+0000] {logging_mixin.py:188} INFO - Downloaded TSLA/1776280260.json -> /tmp/minio_downloads/1776280260.json
[2026-05-29T13:29:48.081+0000] {logging_mixin.py:188} INFO - Downloaded TSLA/1776280288.json -> /tmp/minio_downloads/1776280288.json
[2026-05-29T13:29:48.142+0000] {logging_mixin.py:188} INFO - Downloaded TSLA/1776280314.json -> /tmp/minio_downloads/1776280314.json
[2026-05-29T13:29:48.185+0000] {logging_mixin.py:188} INFO - Downloaded TSLA/1776280341.json -> /tmp/minio_downloads/1776280341.json
[2026-05-29T13:29:48.233+0000] {logging_mixin.py:188} INFO - Downloaded TSLA/1776280380.json -> /tmp/minio_downloads/1776280380.json
[2026-05-29T13:29:48.272+0000] {logging_mixin.py:188} INFO - Downloaded TSLA/1776280412.json -> /tmp/minio_downloads/1776280412.json
[2026-05-29T13:29:48.328+0000] {logging_mixin.py:188} INFO - Downloaded TSLA/1776280437.json -> /tmp/minio_downloads/1776280437.json
[2026-05-29T13:29:48.399+0000] {logging_mixin.py:188} INFO - Downloaded TSLA/1776280461.json -> /tmp/minio_downloads/1776280461.json
[2026-05-29T13:29:48.436+0000] {logging_mixin.py:188} INFO - Downloaded TSLA/1776280479.json -> /tmp/minio_downloads/1776280479.json
[2026-05-29T13:29:48.464+0000] {logging_mixin.py:188} INFO - Downloaded TSLA/1776280497.json -> /tmp/minio_downloads/1776280497.json
[2026-05-29T13:29:48.505+0000] {logging_mixin.py:188} INFO - Downloaded TSLA/1776280516.json -> /tmp/minio_downloads/1776280516.json
[2026-05-29T13:29:48.542+0000] {logging_mixin.py:188} INFO - Downloaded TSLA/1776280548.json -> /tmp/minio_downloads/1776280548.json
[2026-05-29T13:29:48.596+0000] {logging_mixin.py:188} INFO - Downloaded TSLA/1776280566.json -> /tmp/minio_downloads/1776280566.json
[2026-05-29T13:29:48.851+0000] {logging_mixin.py:188} INFO - Downloaded TSLA/1776280587.json -> /tmp/minio_downloads/1776280587.json
[2026-05-29T13:29:48.902+0000] {logging_mixin.py:188} INFO - Downloaded TSLA/1776280611.json -> /tmp/minio_downloads/1776280611.json
[2026-05-29T13:29:49.147+0000] {logging_mixin.py:188} INFO - Downloaded TSLA/1776280634.json -> /tmp/minio_downloads/1776280634.json
[2026-05-29T13:29:49.893+0000] {logging_mixin.py:188} INFO - Downloaded TSLA/1776280656.json -> /tmp/minio_downloads/1776280656.json
[2026-05-29T13:29:50.076+0000] {logging_mixin.py:188} INFO - Downloaded TSLA/1776280675.json -> /tmp/minio_downloads/1776280675.json
[2026-05-29T13:29:50.140+0000] {logging_mixin.py:188} INFO - Downloaded TSLA/1776280695.json -> /tmp/minio_downloads/1776280695.json
[2026-05-29T13:29:50.179+0000] {logging_mixin.py:188} INFO - Downloaded TSLA/1776280715.json -> /tmp/minio_downloads/1776280715.json
[2026-05-29T13:29:50.255+0000] {logging_mixin.py:188} INFO - Downloaded TSLA/1776280732.json -> /tmp/minio_downloads/1776280732.json
[2026-05-29T13:29:50.317+0000] {logging_mixin.py:188} INFO - Downloaded TSLA/1776280755.json -> /tmp/minio_downloads/1776280755.json
[2026-05-29T13:29:50.398+0000] {logging_mixin.py:188} INFO - Downloaded TSLA/1776280776.json -> /tmp/minio_downloads/1776280776.json
[2026-05-29T13:29:50.488+0000] {logging_mixin.py:188} INFO - Downloaded TSLA/1776280800.json -> /tmp/minio_downloads/1776280800.json
[2026-05-29T13:29:50.619+0000] {logging_mixin.py:188} INFO - Downloaded TSLA/1776280821.json -> /tmp/minio_downloads/1776280821.json
[2026-05-29T13:29:50.665+0000] {logging_mixin.py:188} INFO - Downloaded TSLA/1776280841.json -> /tmp/minio_downloads/1776280841.json
[2026-05-29T13:29:50.717+0000] {logging_mixin.py:188} INFO - Downloaded TSLA/1776280864.json -> /tmp/minio_downloads/1776280864.json
[2026-05-29T13:29:50.763+0000] {logging_mixin.py:188} INFO - Downloaded TSLA/1776280882.json -> /tmp/minio_downloads/1776280882.json
[2026-05-29T13:29:50.807+0000] {logging_mixin.py:188} INFO - Downloaded TSLA/1776280900.json -> /tmp/minio_downloads/1776280900.json
[2026-05-29T13:29:50.869+0000] {logging_mixin.py:188} INFO - Downloaded TSLA/1776280918.json -> /tmp/minio_downloads/1776280918.json
[2026-05-29T13:29:50.970+0000] {logging_mixin.py:188} INFO - Downloaded TSLA/1776280940.json -> /tmp/minio_downloads/1776280940.json
[2026-05-29T13:29:51.012+0000] {logging_mixin.py:188} INFO - Downloaded TSLA/1776280962.json -> /tmp/minio_downloads/1776280962.json
[2026-05-29T13:29:51.049+0000] {logging_mixin.py:188} INFO - Downloaded TSLA/1776280983.json -> /tmp/minio_downloads/1776280983.json
[2026-05-29T13:29:51.096+0000] {logging_mixin.py:188} INFO - Downloaded TSLA/1776281001.json -> /tmp/minio_downloads/1776281001.json
[2026-05-29T13:29:51.144+0000] {logging_mixin.py:188} INFO - Downloaded TSLA/1776281026.json -> /tmp/minio_downloads/1776281026.json
[2026-05-29T13:29:51.192+0000] {logging_mixin.py:188} INFO - Downloaded TSLA/1776281047.json -> /tmp/minio_downloads/1776281047.json
[2026-05-29T13:29:51.248+0000] {logging_mixin.py:188} INFO - Downloaded TSLA/1776281069.json -> /tmp/minio_downloads/1776281069.json
[2026-05-29T13:29:51.295+0000] {logging_mixin.py:188} INFO - Downloaded TSLA/1776281093.json -> /tmp/minio_downloads/1776281093.json
[2026-05-29T13:29:51.344+0000] {logging_mixin.py:188} INFO - Downloaded TSLA/1776281130.json -> /tmp/minio_downloads/1776281130.json
[2026-05-29T13:29:51.607+0000] {python.py:237} INFO - Done. Returned value was: ['/tmp/minio_downloads/1776277487.json', '/tmp/minio_downloads/1776277502.json', '/tmp/minio_downloads/1776277516.json', '/tmp/minio_downloads/1776277531.json', '/tmp/minio_downloads/1776277559.json', '/tmp/minio_downloads/1776277578.json', '/tmp/minio_downloads/1776277599.json', '/tmp/minio_downloads/1776277622.json', '/tmp/minio_downloads/1776277642.json', '/tmp/minio_downloads/1776277660.json', '/tmp/minio_downloads/1776277680.json', '/tmp/minio_downloads/1776277699.json', '/tmp/minio_downloads/1776277721.json', '/tmp/minio_downloads/1776277743.json', '/tmp/minio_downloads/1776277760.json', '/tmp/minio_downloads/1776277783.json', '/tmp/minio_downloads/1776277846.json', '/tmp/minio_downloads/1776277908.json', '/tmp/minio_downloads/1776277937.json', '/tmp/minio_downloads/1776278001.json', '/tmp/minio_downloads/1776278170.json', '/tmp/minio_downloads/1776278236.json', '/tmp/minio_downloads/1776278302.json', '/tmp/minio_downloads/1776278325.json', '/tmp/minio_downloads/1776278347.json', '/tmp/minio_downloads/1776278367.json', '/tmp/minio_downloads/1776278390.json', '/tmp/minio_downloads/1776278409.json', '/tmp/minio_downloads/1776278431.json', '/tmp/minio_downloads/1776278457.json', '/tmp/minio_downloads/1776278485.json', '/tmp/minio_downloads/1776278508.json', '/tmp/minio_downloads/1776278545.json', '/tmp/minio_downloads/1776278578.json', '/tmp/minio_downloads/1776278603.json', '/tmp/minio_downloads/1776278625.json', '/tmp/minio_downloads/1776278651.json', '/tmp/minio_downloads/1776278679.json', '/tmp/minio_downloads/1776278710.json', '/tmp/minio_downloads/1776278746.json', '/tmp/minio_downloads/1776278788.json', '/tmp/minio_downloads/1776278832.json', '/tmp/minio_downloads/1776278887.json', '/tmp/minio_downloads/1776278969.json', '/tmp/minio_downloads/1776279066.json', '/tmp/minio_downloads/1776279195.json', '/tmp/minio_downloads/1776279275.json', '/tmp/minio_downloads/1776279336.json', '/tmp/minio_downloads/1776279359.json', '/tmp/minio_downloads/1776279389.json', '/tmp/minio_downloads/1776279416.json', '/tmp/minio_downloads/1776279460.json', '/tmp/minio_downloads/1776279504.json', '/tmp/minio_downloads/1776279549.json', '/tmp/minio_downloads/1776279636.json', '/tmp/minio_downloads/1776279743.json', '/tmp/minio_downloads/1776279791.json', '/tmp/minio_downloads/1776279819.json', '/tmp/minio_downloads/1776279909.json', '/tmp/minio_downloads/1776280000.json', '/tmp/minio_downloads/1776280125.json', '/tmp/minio_downloads/1776280199.json', '/tmp/minio_downloads/1776280221.json', '/tmp/minio_downloads/1776280247.json', '/tmp/minio_downloads/1776280280.json', '/tmp/minio_downloads/1776280307.json', '/tmp/minio_downloads/1776280331.json', '/tmp/minio_downloads/1776280363.json', '/tmp/minio_downloads/1776280405.json', '/tmp/minio_downloads/1776280430.json', '/tmp/minio_downloads/1776280455.json', '/tmp/minio_downloads/1776280475.json', '/tmp/minio_downloads/1776280493.json', '/tmp/minio_downloads/1776280511.json', '/tmp/minio_downloads/1776280533.json', '/tmp/minio_downloads/1776280562.json', '/tmp/minio_downloads/1776280580.json', '/tmp/minio_downloads/1776280603.json', '/tmp/minio_downloads/1776280627.json', '/tmp/minio_downloads/1776280649.json', '/tmp/minio_downloads/1776280669.json', '/tmp/minio_downloads/1776280690.json', '/tmp/minio_downloads/1776280708.json', '/tmp/minio_downloads/1776280728.json', '/tmp/minio_downloads/1776280747.json', '/tmp/minio_downloads/1776280771.json', '/tmp/minio_downloads/1776280791.json', '/tmp/minio_downloads/1776280815.json', '/tmp/minio_downloads/1776280836.json', '/tmp/minio_downloads/1776280857.json', '/tmp/minio_downloads/1776280878.json', '/tmp/minio_downloads/1776280895.json', '/tmp/minio_downloads/1776280914.json', '/tmp/minio_downloads/1776280933.json', '/tmp/minio_downloads/1776280956.json', '/tmp/minio_downloads/1776280978.json', '/tmp/minio_downloads/1776280997.json', '/tmp/minio_downloads/1776281020.json', '/tmp/minio_downloads/1776281041.json', '/tmp/minio_downloads/1776281062.json', '/tmp/minio_downloads/1776281086.json', '/tmp/minio_downloads/1776281105.json', '/tmp/minio_downloads/1776277494.json', '/tmp/minio_downloads/1776277508.json', '/tmp/minio_downloads/1776277523.json', '/tmp/minio_downloads/1776277552.json', '/tmp/minio_downloads/1776277569.json', '/tmp/minio_downloads/1776277590.json', '/tmp/minio_downloads/1776277614.json', '/tmp/minio_downloads/1776277632.json', '/tmp/minio_downloads/1776277652.json', '/tmp/minio_downloads/1776277672.json', '/tmp/minio_downloads/1776277691.json', '/tmp/minio_downloads/1776277709.json', '/tmp/minio_downloads/1776277736.json', '/tmp/minio_downloads/1776277752.json', '/tmp/minio_downloads/1776277774.json', '/tmp/minio_downloads/1776277837.json', '/tmp/minio_downloads/1776277879.json', '/tmp/minio_downloads/1776277921.json', '/tmp/minio_downloads/1776277971.json', '/tmp/minio_downloads/1776278206.json', '/tmp/minio_downloads/1776278293.json', '/tmp/minio_downloads/1776278316.json', '/tmp/minio_downloads/1776278338.json', '/tmp/minio_downloads/1776278358.json', '/tmp/minio_downloads/1776278381.json', '/tmp/minio_downloads/1776278400.json', '/tmp/minio_downloads/1776278422.json', '/tmp/minio_downloads/1776278444.json', '/tmp/minio_downloads/1776278476.json', '/tmp/minio_downloads/1776278497.json', '/tmp/minio_downloads/1776278533.json', '/tmp/minio_downloads/1776278568.json', '/tmp/minio_downloads/1776278592.json', '/tmp/minio_downloads/1776278616.json', '/tmp/minio_downloads/1776278640.json', '/tmp/minio_downloads/1776278667.json', '/tmp/minio_downloads/1776278697.json', '/tmp/minio_downloads/1776278735.json', '/tmp/minio_downloads/1776278777.json', '/tmp/minio_downloads/1776278812.json', '/tmp/minio_downloads/1776278865.json', '/tmp/minio_downloads/1776278937.json', '/tmp/minio_downloads/1776279036.json', '/tmp/minio_downloads/1776279181.json', '/tmp/minio_downloads/1776279262.json', '/tmp/minio_downloads/1776279348.json', '/tmp/minio_downloads/1776279379.json', '/tmp/minio_downloads/1776279406.json', '/tmp/minio_downloads/1776279446.json', '/tmp/minio_downloads/1776279485.json', '/tmp/minio_downloads/1776279532.json', '/tmp/minio_downloads/1776279602.json', '/tmp/minio_downloads/1776279710.json', '/tmp/minio_downloads/1776279781.json', '/tmp/minio_downloads/1776279810.json', '/tmp/minio_downloads/1776279899.json', '/tmp/minio_downloads/1776279989.json', '/tmp/minio_downloads/1776280095.json', '/tmp/minio_downloads/1776280189.json', '/tmp/minio_downloads/1776280212.json', '/tmp/minio_downloads/1776280234.json', '/tmp/minio_downloads/1776280270.json', '/tmp/minio_downloads/1776280295.json', '/tmp/minio_downloads/1776280322.json', '/tmp/minio_downloads/1776280352.json', '/tmp/minio_downloads/1776280394.json', '/tmp/minio_downloads/1776280421.json', '/tmp/minio_downloads/1776280444.json', '/tmp/minio_downloads/1776280467.json', '/tmp/minio_downloads/1776280485.json', '/tmp/minio_downloads/1776280501.json', '/tmp/minio_downloads/1776280523.json', '/tmp/minio_downloads/1776280554.json', '/tmp/minio_downloads/1776280571.json', '/tmp/minio_downloads/1776280594.json', '/tmp/minio_downloads/1776280618.json', '/tmp/minio_downloads/1776280640.json', '/tmp/minio_downloads/1776280661.json', '/tmp/minio_downloads/1776280680.json', '/tmp/minio_downloads/1776280700.json', '/tmp/minio_downloads/1776280720.json', '/tmp/minio_downloads/1776280737.json', '/tmp/minio_downloads/1776280762.json', '/tmp/minio_downloads/1776280782.json', '/tmp/minio_downloads/1776280806.json', '/tmp/minio_downloads/1776280827.json', '/tmp/minio_downloads/1776280847.json', '/tmp/minio_downloads/1776280869.json', '/tmp/minio_downloads/1776280886.json', '/tmp/minio_downloads/1776280904.json', '/tmp/minio_downloads/1776280924.json', '/tmp/minio_downloads/1776280947.json', '/tmp/minio_downloads/1776280969.json', '/tmp/minio_downloads/1776280989.json', '/tmp/minio_downloads/1776281011.json', '/tmp/minio_downloads/1776281032.json', '/tmp/minio_downloads/1776281053.json', '/tmp/minio_downloads/1776281077.json', '/tmp/minio_downloads/1776281098.json', '/tmp/minio_downloads/1776277492.json', '/tmp/minio_downloads/1776277506.json', '/tmp/minio_downloads/1776277521.json', '/tmp/minio_downloads/1776277549.json', '/tmp/minio_downloads/1776277564.json', '/tmp/minio_downloads/1776277587.json', '/tmp/minio_downloads/1776277611.json', '/tmp/minio_downloads/1776277631.json', '/tmp/minio_downloads/1776277649.json', '/tmp/minio_downloads/1776277669.json', '/tmp/minio_downloads/1776277688.json', '/tmp/minio_downloads/1776277706.json', '/tmp/minio_downloads/1776277732.json', '/tmp/minio_downloads/1776277750.json', '/tmp/minio_downloads/1776277771.json', '/tmp/minio_downloads/1776277813.json', '/tmp/minio_downloads/1776277876.json', '/tmp/minio_downloads/1776277919.json', '/tmp/minio_downloads/1776277968.json', '/tmp/minio_downloads/1776278202.json', '/tmp/minio_downloads/1776278268.json', '/tmp/minio_downloads/1776278313.json', '/tmp/minio_downloads/1776278335.json', '/tmp/minio_downloads/1776278355.json', '/tmp/minio_downloads/1776278378.json', '/tmp/minio_downloads/1776278398.json', '/tmp/minio_downloads/1776278419.json', '/tmp/minio_downloads/1776278441.json', '/tmp/minio_downloads/1776278472.json', '/tmp/minio_downloads/1776278495.json', '/tmp/minio_downloads/1776278527.json', '/tmp/minio_downloads/1776278564.json', '/tmp/minio_downloads/1776278588.json', '/tmp/minio_downloads/1776278614.json', '/tmp/minio_downloads/1776278634.json', '/tmp/minio_downloads/1776278663.json', '/tmp/minio_downloads/1776278694.json', '/tmp/minio_downloads/1776278730.json', '/tmp/minio_downloads/1776278766.json', '/tmp/minio_downloads/1776278805.json', '/tmp/minio_downloads/1776278854.json', '/tmp/minio_downloads/1776278925.json', '/tmp/minio_downloads/1776279011.json', '/tmp/minio_downloads/1776279150.json', '/tmp/minio_downloads/1776279256.json', '/tmp/minio_downloads/1776279294.json', '/tmp/minio_downloads/1776279345.json', '/tmp/minio_downloads/1776279375.json', '/tmp/minio_downloads/1776279402.json', '/tmp/minio_downloads/1776279439.json', '/tmp/minio_downloads/1776279478.json', '/tmp/minio_downloads/1776279526.json', '/tmp/minio_downloads/1776279574.json', '/tmp/minio_downloads/1776279683.json', '/tmp/minio_downloads/1776279777.json', '/tmp/minio_downloads/1776279807.json', '/tmp/minio_downloads/1776279871.json', '/tmp/minio_downloads/1776279963.json', '/tmp/minio_downloads/1776280066.json', '/tmp/minio_downloads/1776280164.json', '/tmp/minio_downloads/1776280208.json', '/tmp/minio_downloads/1776280230.json', '/tmp/minio_downloads/1776280265.json', '/tmp/minio_downloads/1776280291.json', '/tmp/minio_downloads/1776280319.json', '/tmp/minio_downloads/1776280348.json', '/tmp/minio_downloads/1776280388.json', '/tmp/minio_downloads/1776280416.json', '/tmp/minio_downloads/1776280441.json', '/tmp/minio_downloads/1776280465.json', '/tmp/minio_downloads/1776280482.json', '/tmp/minio_downloads/1776280499.json', '/tmp/minio_downloads/1776280521.json', '/tmp/minio_downloads/1776280552.json', '/tmp/minio_downloads/1776280569.json', '/tmp/minio_downloads/1776280590.json', '/tmp/minio_downloads/1776280614.json', '/tmp/minio_downloads/1776280637.json', '/tmp/minio_downloads/1776280658.json', '/tmp/minio_downloads/1776280678.json', '/tmp/minio_downloads/1776280697.json', '/tmp/minio_downloads/1776280717.json', '/tmp/minio_downloads/1776280735.json', '/tmp/minio_downloads/1776280757.json', '/tmp/minio_downloads/1776280779.json', '/tmp/minio_downloads/1776280802.json', '/tmp/minio_downloads/1776280824.json', '/tmp/minio_downloads/1776280843.json', '/tmp/minio_downloads/1776280866.json', '/tmp/minio_downloads/1776280884.json', '/tmp/minio_downloads/1776280903.json', '/tmp/minio_downloads/1776280921.json', '/tmp/minio_downloads/1776280943.json', '/tmp/minio_downloads/1776280965.json', '/tmp/minio_downloads/1776280987.json', '/tmp/minio_downloads/1776281008.json', '/tmp/minio_downloads/1776281029.json', '/tmp/minio_downloads/1776281050.json', '/tmp/minio_downloads/1776281074.json', '/tmp/minio_downloads/1776281095.json', '/tmp/minio_downloads/1776277489.json', '/tmp/minio_downloads/1776277503.json', '/tmp/minio_downloads/1776277517.json', '/tmp/minio_downloads/1776277533.json', '/tmp/minio_downloads/1776277561.json', '/tmp/minio_downloads/1776277581.json', '/tmp/minio_downloads/1776277603.json', '/tmp/minio_downloads/1776277625.json', '/tmp/minio_downloads/1776277644.json', '/tmp/minio_downloads/1776277662.json', '/tmp/minio_downloads/1776277682.json', '/tmp/minio_downloads/1776277701.json', '/tmp/minio_downloads/1776277726.json', '/tmp/minio_downloads/1776277745.json', '/tmp/minio_downloads/1776277764.json', '/tmp/minio_downloads/1776277785.json', '/tmp/minio_downloads/1776277849.json', '/tmp/minio_downloads/1776277911.json', '/tmp/minio_downloads/1776277961.json', '/tmp/minio_downloads/1776278174.json', '/tmp/minio_downloads/1776278261.json', '/tmp/minio_downloads/1776278307.json', '/tmp/minio_downloads/1776278328.json', '/tmp/minio_downloads/1776278350.json', '/tmp/minio_downloads/1776278370.json', '/tmp/minio_downloads/1776278393.json', '/tmp/minio_downloads/1776278412.json', '/tmp/minio_downloads/1776278434.json', '/tmp/minio_downloads/1776278466.json', '/tmp/minio_downloads/1776278488.json', '/tmp/minio_downloads/1776278514.json', '/tmp/minio_downloads/1776278555.json', '/tmp/minio_downloads/1776278582.json', '/tmp/minio_downloads/1776278608.json', '/tmp/minio_downloads/1776278628.json', '/tmp/minio_downloads/1776278655.json', '/tmp/minio_downloads/1776278684.json', '/tmp/minio_downloads/1776278716.json', '/tmp/minio_downloads/1776278753.json', '/tmp/minio_downloads/1776278793.json', '/tmp/minio_downloads/1776278837.json', '/tmp/minio_downloads/1776278898.json', '/tmp/minio_downloads/1776278974.json', '/tmp/minio_downloads/1776279092.json', '/tmp/minio_downloads/1776279224.json', '/tmp/minio_downloads/1776279281.json', '/tmp/minio_downloads/1776279339.json', '/tmp/minio_downloads/1776279362.json', '/tmp/minio_downloads/1776279393.json', '/tmp/minio_downloads/1776279425.json', '/tmp/minio_downloads/1776279467.json', '/tmp/minio_downloads/1776279510.json', '/tmp/minio_downloads/1776279558.json', '/tmp/minio_downloads/1776279644.json', '/tmp/minio_downloads/1776279746.json', '/tmp/minio_downloads/1776279799.json', '/tmp/minio_downloads/1776279843.json', '/tmp/minio_downloads/1776279933.json', '/tmp/minio_downloads/1776280004.json', '/tmp/minio_downloads/1776280127.json', '/tmp/minio_downloads/1776280202.json', '/tmp/minio_downloads/1776280224.json', '/tmp/minio_downloads/1776280253.json', '/tmp/minio_downloads/1776280284.json', '/tmp/minio_downloads/1776280311.json', '/tmp/minio_downloads/1776280334.json', '/tmp/minio_downloads/1776280374.json', '/tmp/minio_downloads/1776280409.json', '/tmp/minio_downloads/1776280434.json', '/tmp/minio_downloads/1776280458.json', '/tmp/minio_downloads/1776280477.json', '/tmp/minio_downloads/1776280495.json', '/tmp/minio_downloads/1776280513.json', '/tmp/minio_downloads/1776280538.json', '/tmp/minio_downloads/1776280564.json', '/tmp/minio_downloads/1776280583.json', '/tmp/minio_downloads/1776280606.json', '/tmp/minio_downloads/1776280631.json', '/tmp/minio_downloads/1776280652.json', '/tmp/minio_downloads/1776280670.json', '/tmp/minio_downloads/1776280692.json', '/tmp/minio_downloads/1776280711.json', '/tmp/minio_downloads/1776280730.json', '/tmp/minio_downloads/1776280750.json', '/tmp/minio_downloads/1776280773.json', '/tmp/minio_downloads/1776280796.json', '/tmp/minio_downloads/1776280818.json', '/tmp/minio_downloads/1776280840.json', '/tmp/minio_downloads/1776280860.json', '/tmp/minio_downloads/1776280880.json', '/tmp/minio_downloads/1776280898.json', '/tmp/minio_downloads/1776280916.json', '/tmp/minio_downloads/1776280938.json', '/tmp/minio_downloads/1776280959.json', '/tmp/minio_downloads/1776280980.json', '/tmp/minio_downloads/1776280999.json', '/tmp/minio_downloads/1776281022.json', '/tmp/minio_downloads/1776281045.json', '/tmp/minio_downloads/1776281066.json', '/tmp/minio_downloads/1776281090.json', '/tmp/minio_downloads/1776281128.json', '/tmp/minio_downloads/1776277490.json', '/tmp/minio_downloads/1776277505.json', '/tmp/minio_downloads/1776277519.json', '/tmp/minio_downloads/1776277536.json', '/tmp/minio_downloads/1776277562.json', '/tmp/minio_downloads/1776277585.json', '/tmp/minio_downloads/1776277609.json', '/tmp/minio_downloads/1776277628.json', '/tmp/minio_downloads/1776277647.json', '/tmp/minio_downloads/1776277667.json', '/tmp/minio_downloads/1776277686.json', '/tmp/minio_downloads/1776277703.json', '/tmp/minio_downloads/1776277729.json', '/tmp/minio_downloads/1776277747.json', '/tmp/minio_downloads/1776277767.json', '/tmp/minio_downloads/1776277810.json', '/tmp/minio_downloads/1776277874.json', '/tmp/minio_downloads/1776277914.json', '/tmp/minio_downloads/1776277964.json', '/tmp/minio_downloads/1776278177.json', '/tmp/minio_downloads/1776278265.json', '/tmp/minio_downloads/1776278310.json', '/tmp/minio_downloads/1776278332.json', '/tmp/minio_downloads/1776278353.json', '/tmp/minio_downloads/1776278375.json', '/tmp/minio_downloads/1776278395.json', '/tmp/minio_downloads/1776278415.json', '/tmp/minio_downloads/1776278437.json', '/tmp/minio_downloads/1776278469.json', '/tmp/minio_downloads/1776278491.json', '/tmp/minio_downloads/1776278519.json', '/tmp/minio_downloads/1776278560.json', '/tmp/minio_downloads/1776278585.json', '/tmp/minio_downloads/1776278611.json', '/tmp/minio_downloads/1776278631.json', '/tmp/minio_downloads/1776278658.json', '/tmp/minio_downloads/1776278688.json', '/tmp/minio_downloads/1776278724.json', '/tmp/minio_downloads/1776278758.json', '/tmp/minio_downloads/1776278799.json', '/tmp/minio_downloads/1776278845.json', '/tmp/minio_downloads/1776278911.json', '/tmp/minio_downloads/1776278980.json', '/tmp/minio_downloads/1776279120.json', '/tmp/minio_downloads/1776279252.json', '/tmp/minio_downloads/1776279287.json', '/tmp/minio_downloads/1776279342.json', '/tmp/minio_downloads/1776279370.json', '/tmp/minio_downloads/1776279397.json', '/tmp/minio_downloads/1776279432.json', '/tmp/minio_downloads/1776279472.json', '/tmp/minio_downloads/1776279519.json', '/tmp/minio_downloads/1776279566.json', '/tmp/minio_downloads/1776279675.json', '/tmp/minio_downloads/1776279752.json', '/tmp/minio_downloads/1776279804.json', '/tmp/minio_downloads/1776279867.json', '/tmp/minio_downloads/1776279938.json', '/tmp/minio_downloads/1776280040.json', '/tmp/minio_downloads/1776280159.json', '/tmp/minio_downloads/1776280205.json', '/tmp/minio_downloads/1776280227.json', '/tmp/minio_downloads/1776280260.json', '/tmp/minio_downloads/1776280288.json', '/tmp/minio_downloads/1776280314.json', '/tmp/minio_downloads/1776280341.json', '/tmp/minio_downloads/1776280380.json', '/tmp/minio_downloads/1776280412.json', '/tmp/minio_downloads/1776280437.json', '/tmp/minio_downloads/1776280461.json', '/tmp/minio_downloads/1776280479.json', '/tmp/minio_downloads/1776280497.json', '/tmp/minio_downloads/1776280516.json', '/tmp/minio_downloads/1776280548.json', '/tmp/minio_downloads/1776280566.json', '/tmp/minio_downloads/1776280587.json', '/tmp/minio_downloads/1776280611.json', '/tmp/minio_downloads/1776280634.json', '/tmp/minio_downloads/1776280656.json', '/tmp/minio_downloads/1776280675.json', '/tmp/minio_downloads/1776280695.json', '/tmp/minio_downloads/1776280715.json', '/tmp/minio_downloads/1776280732.json', '/tmp/minio_downloads/1776280755.json', '/tmp/minio_downloads/1776280776.json', '/tmp/minio_downloads/1776280800.json', '/tmp/minio_downloads/1776280821.json', '/tmp/minio_downloads/1776280841.json', '/tmp/minio_downloads/1776280864.json', '/tmp/minio_downloads/1776280882.json', '/tmp/minio_downloads/1776280900.json', '/tmp/minio_downloads/1776280918.json', '/tmp/minio_downloads/1776280940.json', '/tmp/minio_downloads/1776280962.json', '/tmp/minio_downloads/1776280983.json', '/tmp/minio_downloads/1776281001.json', '/tmp/minio_downloads/1776281026.json', '/tmp/minio_downloads/1776281047.json', '/tmp/minio_downloads/1776281069.json', '/tmp/minio_downloads/1776281093.json', '/tmp/minio_downloads/1776281130.json']
[2026-05-29T13:29:51.650+0000] {taskinstance.py:441} INFO - ::group::Post task execution logs
[2026-05-29T13:29:52.559+0000] {taskinstance.py:1206} INFO - Marking task as SUCCESS. dag_id=minio_to_snowflake, task_id=download_minio, run_id=scheduled__2026-05-29T13:27:00+00:00, execution_date=20260529T132700, start_date=20260529T132847, end_date=20260529T132952
[2026-05-29T13:29:53.582+0000] {local_task_job_runner.py:243} INFO - Task exited with return code 0
[2026-05-29T13:29:54.112+0000] {taskinstance.py:3503} INFO - 1 downstream tasks scheduled from follow-on schedule check
[2026-05-29T13:29:54.130+0000] {local_task_job_runner.py:222} INFO - ::endgroup::
