[2026-06-01T17:44:37.421+0000] {local_task_job_runner.py:120} INFO - ::group::Pre task execution logs
[2026-06-01T17:44:37.474+0000] {taskinstance.py:2076} INFO - Dependencies all met for dep_context=non-requeueable deps ti=<TaskInstance: minio_to_snowflake.load_snowflake scheduled__2026-06-01T17:38:00+00:00 [queued]>
[2026-06-01T17:44:37.498+0000] {taskinstance.py:2076} INFO - Dependencies all met for dep_context=requeueable deps ti=<TaskInstance: minio_to_snowflake.load_snowflake scheduled__2026-06-01T17:38:00+00:00 [queued]>
[2026-06-01T17:44:37.501+0000] {taskinstance.py:2306} INFO - Starting attempt 1 of 2
[2026-06-01T17:44:37.531+0000] {taskinstance.py:2330} INFO - Executing <Task(PythonOperator): load_snowflake> on 2026-06-01 17:38:00+00:00
[2026-06-01T17:44:37.552+0000] {standard_task_runner.py:90} INFO - Running: ['***', 'tasks', 'run', 'minio_to_snowflake', 'load_snowflake', 'scheduled__2026-06-01T17:38:00+00:00', '--job-id', '441', '--raw', '--subdir', 'DAGS_FOLDER/minio_to_snowflake.py', '--cfg-path', '/tmp/tmpdrf6lcz7']
[2026-06-01T17:44:37.558+0000] {standard_task_runner.py:91} INFO - Job 441: Subtask load_snowflake
[2026-06-01T17:44:37.559+0000] {logging_mixin.py:188} WARNING - /home/***/.local/lib/python3.12/site-packages/***/task/task_runner/standard_task_runner.py:62 DeprecationWarning: This process (pid=8179) is multi-threaded, use of fork() may lead to deadlocks in the child.
[2026-06-01T17:44:37.561+0000] {standard_task_runner.py:64} INFO - Started process 8192 to run task
[2026-06-01T17:44:37.720+0000] {task_command.py:426} INFO - Running <TaskInstance: minio_to_snowflake.load_snowflake scheduled__2026-06-01T17:38:00+00:00 [running]> on host 0a790aba60c9
[2026-06-01T17:44:37.959+0000] {taskinstance.py:2648} INFO - Exporting env vars: AIRFLOW_CTX_DAG_OWNER='***' AIRFLOW_CTX_DAG_ID='minio_to_snowflake' AIRFLOW_CTX_TASK_ID='load_snowflake' AIRFLOW_CTX_EXECUTION_DATE='2026-06-01T17:38:00+00:00' AIRFLOW_CTX_TRY_NUMBER='1' AIRFLOW_CTX_DAG_RUN_ID='scheduled__2026-06-01T17:38:00+00:00'
[2026-06-01T17:44:37.963+0000] {taskinstance.py:430} INFO - ::endgroup::
[2026-06-01T17:44:38.035+0000] {connection.py:408} INFO - Snowflake Connector for Python Version: 3.11.0, Python Version: 3.12.4, Platform: Linux-6.6.87.2-microsoft-standard-WSL2-x86_64-with-glibc2.36
[2026-06-01T17:44:38.037+0000] {connection.py:1258} INFO - This connection is in OCSP Fail Open Mode. TLS Certificates would be checked for validity and revocation status. Any other Certificate Revocation related exceptions or OCSP Responder failures would be disregarded in favor of connectivity.
[2026-06-01T17:44:40.509+0000] {logging_mixin.py:188} INFO - Uploaded /tmp/minio_downloads/1780331986.json to Snowflake stage
[2026-06-01T17:44:40.932+0000] {logging_mixin.py:188} INFO - Uploaded /tmp/minio_downloads/1780331998.json to Snowflake stage
[2026-06-01T17:44:41.337+0000] {logging_mixin.py:188} INFO - Uploaded /tmp/minio_downloads/1780332010.json to Snowflake stage
[2026-06-01T17:44:41.749+0000] {logging_mixin.py:188} INFO - Uploaded /tmp/minio_downloads/1780332023.json to Snowflake stage
[2026-06-01T17:44:42.266+0000] {logging_mixin.py:188} INFO - Uploaded /tmp/minio_downloads/1780332035.json to Snowflake stage
[2026-06-01T17:44:42.624+0000] {logging_mixin.py:188} INFO - Uploaded /tmp/minio_downloads/1780332047.json to Snowflake stage
[2026-06-01T17:44:42.971+0000] {logging_mixin.py:188} INFO - Uploaded /tmp/minio_downloads/1780332060.json to Snowflake stage
[2026-06-01T17:44:43.322+0000] {logging_mixin.py:188} INFO - Uploaded /tmp/minio_downloads/1780332071.json to Snowflake stage
[2026-06-01T17:44:43.652+0000] {logging_mixin.py:188} INFO - Uploaded /tmp/minio_downloads/1780332095.json to Snowflake stage
[2026-06-01T17:44:44.012+0000] {logging_mixin.py:188} INFO - Uploaded /tmp/minio_downloads/1780332112.json to Snowflake stage
[2026-06-01T17:44:44.358+0000] {logging_mixin.py:188} INFO - Uploaded /tmp/minio_downloads/1780332123.json to Snowflake stage
[2026-06-01T17:44:44.695+0000] {logging_mixin.py:188} INFO - Uploaded /tmp/minio_downloads/1780332136.json to Snowflake stage
[2026-06-01T17:44:45.029+0000] {logging_mixin.py:188} INFO - Uploaded /tmp/minio_downloads/1780332148.json to Snowflake stage
[2026-06-01T17:44:45.361+0000] {logging_mixin.py:188} INFO - Uploaded /tmp/minio_downloads/1780332159.json to Snowflake stage
[2026-06-01T17:44:45.699+0000] {logging_mixin.py:188} INFO - Uploaded /tmp/minio_downloads/1780332189.json to Snowflake stage
[2026-06-01T17:44:46.030+0000] {logging_mixin.py:188} INFO - Uploaded /tmp/minio_downloads/1780332201.json to Snowflake stage
[2026-06-01T17:44:46.371+0000] {logging_mixin.py:188} INFO - Uploaded /tmp/minio_downloads/1780332213.json to Snowflake stage
[2026-06-01T17:44:46.704+0000] {logging_mixin.py:188} INFO - Uploaded /tmp/minio_downloads/1780332227.json to Snowflake stage
[2026-06-01T17:44:47.044+0000] {logging_mixin.py:188} INFO - Uploaded /tmp/minio_downloads/1780332245.json to Snowflake stage
[2026-06-01T17:44:47.381+0000] {logging_mixin.py:188} INFO - Uploaded /tmp/minio_downloads/1780332262.json to Snowflake stage
[2026-06-01T17:44:47.714+0000] {logging_mixin.py:188} INFO - Uploaded /tmp/minio_downloads/1780332276.json to Snowflake stage
[2026-06-01T17:44:48.045+0000] {logging_mixin.py:188} INFO - Uploaded /tmp/minio_downloads/1780332287.json to Snowflake stage
[2026-06-01T17:44:48.373+0000] {logging_mixin.py:188} INFO - Uploaded /tmp/minio_downloads/1780332300.json to Snowflake stage
[2026-06-01T17:44:48.710+0000] {logging_mixin.py:188} INFO - Uploaded /tmp/minio_downloads/1780332312.json to Snowflake stage
[2026-06-01T17:44:49.035+0000] {logging_mixin.py:188} INFO - Uploaded /tmp/minio_downloads/1780332325.json to Snowflake stage
[2026-06-01T17:44:49.365+0000] {logging_mixin.py:188} INFO - Uploaded /tmp/minio_downloads/1780332339.json to Snowflake stage
[2026-06-01T17:44:49.695+0000] {logging_mixin.py:188} INFO - Uploaded /tmp/minio_downloads/1780332351.json to Snowflake stage
[2026-06-01T17:44:50.030+0000] {logging_mixin.py:188} INFO - Uploaded /tmp/minio_downloads/1780332363.json to Snowflake stage
[2026-06-01T17:44:50.370+0000] {logging_mixin.py:188} INFO - Uploaded /tmp/minio_downloads/1780332376.json to Snowflake stage
[2026-06-01T17:44:50.701+0000] {logging_mixin.py:188} INFO - Uploaded /tmp/minio_downloads/1780332388.json to Snowflake stage
[2026-06-01T17:44:51.030+0000] {logging_mixin.py:188} INFO - Uploaded /tmp/minio_downloads/1780332400.json to Snowflake stage
[2026-06-01T17:44:51.403+0000] {logging_mixin.py:188} INFO - Uploaded /tmp/minio_downloads/1780332412.json to Snowflake stage
[2026-06-01T17:44:51.782+0000] {logging_mixin.py:188} INFO - Uploaded /tmp/minio_downloads/1780332427.json to Snowflake stage
[2026-06-01T17:44:52.128+0000] {logging_mixin.py:188} INFO - Uploaded /tmp/minio_downloads/1780332444.json to Snowflake stage
[2026-06-01T17:44:52.458+0000] {logging_mixin.py:188} INFO - Uploaded /tmp/minio_downloads/1780332461.json to Snowflake stage
[2026-06-01T17:44:52.792+0000] {logging_mixin.py:188} INFO - Uploaded /tmp/minio_downloads/1780332478.json to Snowflake stage
[2026-06-01T17:44:53.126+0000] {logging_mixin.py:188} INFO - Uploaded /tmp/minio_downloads/1780332495.json to Snowflake stage
[2026-06-01T17:44:53.458+0000] {logging_mixin.py:188} INFO - Uploaded /tmp/minio_downloads/1780332512.json to Snowflake stage
[2026-06-01T17:44:53.794+0000] {logging_mixin.py:188} INFO - Uploaded /tmp/minio_downloads/1780332531.json to Snowflake stage
[2026-06-01T17:44:54.137+0000] {logging_mixin.py:188} INFO - Uploaded /tmp/minio_downloads/1780332551.json to Snowflake stage
[2026-06-01T17:44:54.481+0000] {logging_mixin.py:188} INFO - Uploaded /tmp/minio_downloads/1780332567.json to Snowflake stage
[2026-06-01T17:44:54.815+0000] {logging_mixin.py:188} INFO - Uploaded /tmp/minio_downloads/1780332584.json to Snowflake stage
[2026-06-01T17:44:55.153+0000] {logging_mixin.py:188} INFO - Uploaded /tmp/minio_downloads/1780332604.json to Snowflake stage
[2026-06-01T17:44:55.480+0000] {logging_mixin.py:188} INFO - Uploaded /tmp/minio_downloads/1780332621.json to Snowflake stage
[2026-06-01T17:44:55.815+0000] {logging_mixin.py:188} INFO - Uploaded /tmp/minio_downloads/1780332638.json to Snowflake stage
[2026-06-01T17:44:56.149+0000] {logging_mixin.py:188} INFO - Uploaded /tmp/minio_downloads/1780332653.json to Snowflake stage
[2026-06-01T17:44:56.482+0000] {logging_mixin.py:188} INFO - Uploaded /tmp/minio_downloads/1780332693.json to Snowflake stage
[2026-06-01T17:44:56.811+0000] {logging_mixin.py:188} INFO - Uploaded /tmp/minio_downloads/1780332707.json to Snowflake stage
[2026-06-01T17:44:57.152+0000] {logging_mixin.py:188} INFO - Uploaded /tmp/minio_downloads/1780332723.json to Snowflake stage
[2026-06-01T17:44:57.484+0000] {logging_mixin.py:188} INFO - Uploaded /tmp/minio_downloads/1780332740.json to Snowflake stage
[2026-06-01T17:44:57.816+0000] {logging_mixin.py:188} INFO - Uploaded /tmp/minio_downloads/1780332756.json to Snowflake stage
[2026-06-01T17:44:58.159+0000] {logging_mixin.py:188} INFO - Uploaded /tmp/minio_downloads/1780332774.json to Snowflake stage
[2026-06-01T17:44:58.490+0000] {logging_mixin.py:188} INFO - Uploaded /tmp/minio_downloads/1780332789.json to Snowflake stage
[2026-06-01T17:44:58.825+0000] {logging_mixin.py:188} INFO - Uploaded /tmp/minio_downloads/1780332801.json to Snowflake stage
[2026-06-01T17:44:59.158+0000] {logging_mixin.py:188} INFO - Uploaded /tmp/minio_downloads/1780332817.json to Snowflake stage
[2026-06-01T17:44:59.496+0000] {logging_mixin.py:188} INFO - Uploaded /tmp/minio_downloads/1780332834.json to Snowflake stage
[2026-06-01T17:44:59.887+0000] {logging_mixin.py:188} INFO - Uploaded /tmp/minio_downloads/1780332851.json to Snowflake stage
[2026-06-01T17:45:00.238+0000] {logging_mixin.py:188} INFO - Uploaded /tmp/minio_downloads/1780332867.json to Snowflake stage
[2026-06-01T17:45:00.576+0000] {logging_mixin.py:188} INFO - Uploaded /tmp/minio_downloads/1780332883.json to Snowflake stage
[2026-06-01T17:45:00.944+0000] {logging_mixin.py:188} INFO - Uploaded /tmp/minio_downloads/1780332898.json to Snowflake stage
[2026-06-01T17:45:01.287+0000] {logging_mixin.py:188} INFO - Uploaded /tmp/minio_downloads/1780332915.json to Snowflake stage
[2026-06-01T17:45:01.651+0000] {logging_mixin.py:188} INFO - Uploaded /tmp/minio_downloads/1780332932.json to Snowflake stage
[2026-06-01T17:45:02.009+0000] {logging_mixin.py:188} INFO - Uploaded /tmp/minio_downloads/1780332950.json to Snowflake stage
[2026-06-01T17:45:02.390+0000] {logging_mixin.py:188} INFO - Uploaded /tmp/minio_downloads/1780332965.json to Snowflake stage
[2026-06-01T17:45:02.733+0000] {logging_mixin.py:188} INFO - Uploaded /tmp/minio_downloads/1780332979.json to Snowflake stage
[2026-06-01T17:45:03.075+0000] {logging_mixin.py:188} INFO - Uploaded /tmp/minio_downloads/1780332997.json to Snowflake stage
[2026-06-01T17:45:03.409+0000] {logging_mixin.py:188} INFO - Uploaded /tmp/minio_downloads/1780333013.json to Snowflake stage
[2026-06-01T17:45:03.748+0000] {logging_mixin.py:188} INFO - Uploaded /tmp/minio_downloads/1780333028.json to Snowflake stage
[2026-06-01T17:45:04.097+0000] {logging_mixin.py:188} INFO - Uploaded /tmp/minio_downloads/1780333043.json to Snowflake stage
[2026-06-01T17:45:04.443+0000] {logging_mixin.py:188} INFO - Uploaded /tmp/minio_downloads/1780333060.json to Snowflake stage
[2026-06-01T17:45:04.777+0000] {logging_mixin.py:188} INFO - Uploaded /tmp/minio_downloads/1780333075.json to Snowflake stage
[2026-06-01T17:45:05.141+0000] {logging_mixin.py:188} INFO - Uploaded /tmp/minio_downloads/1780333096.json to Snowflake stage
[2026-06-01T17:45:05.478+0000] {logging_mixin.py:188} INFO - Uploaded /tmp/minio_downloads/1780333118.json to Snowflake stage
[2026-06-01T17:45:05.822+0000] {logging_mixin.py:188} INFO - Uploaded /tmp/minio_downloads/1780333135.json to Snowflake stage
[2026-06-01T17:45:06.166+0000] {logging_mixin.py:188} INFO - Uploaded /tmp/minio_downloads/1780333151.json to Snowflake stage
[2026-06-01T17:45:06.502+0000] {logging_mixin.py:188} INFO - Uploaded /tmp/minio_downloads/1780333168.json to Snowflake stage
[2026-06-01T17:45:06.883+0000] {logging_mixin.py:188} INFO - Uploaded /tmp/minio_downloads/1780333183.json to Snowflake stage
[2026-06-01T17:45:07.257+0000] {logging_mixin.py:188} INFO - Uploaded /tmp/minio_downloads/1780333198.json to Snowflake stage
[2026-06-01T17:45:07.656+0000] {logging_mixin.py:188} INFO - Uploaded /tmp/minio_downloads/1780333213.json to Snowflake stage
[2026-06-01T17:45:08.024+0000] {logging_mixin.py:188} INFO - Uploaded /tmp/minio_downloads/1780333229.json to Snowflake stage
[2026-06-01T17:45:08.438+0000] {logging_mixin.py:188} INFO - Uploaded /tmp/minio_downloads/1780333245.json to Snowflake stage
[2026-06-01T17:45:08.877+0000] {logging_mixin.py:188} INFO - Uploaded /tmp/minio_downloads/1780333257.json to Snowflake stage
[2026-06-01T17:45:09.333+0000] {logging_mixin.py:188} INFO - Uploaded /tmp/minio_downloads/1780333269.json to Snowflake stage
[2026-06-01T17:45:09.698+0000] {logging_mixin.py:188} INFO - Uploaded /tmp/minio_downloads/1780333281.json to Snowflake stage
[2026-06-01T17:45:11.137+0000] {logging_mixin.py:188} INFO - Uploaded /tmp/minio_downloads/1780333293.json to Snowflake stage
[2026-06-01T17:45:12.626+0000] {logging_mixin.py:188} INFO - Uploaded /tmp/minio_downloads/1780333305.json to Snowflake stage
[2026-06-01T17:45:14.068+0000] {logging_mixin.py:188} INFO - Uploaded /tmp/minio_downloads/1780333317.json to Snowflake stage
[2026-06-01T17:45:14.408+0000] {logging_mixin.py:188} INFO - Uploaded /tmp/minio_downloads/1780333329.json to Snowflake stage
[2026-06-01T17:45:14.744+0000] {logging_mixin.py:188} INFO - Uploaded /tmp/minio_downloads/1780333342.json to Snowflake stage
[2026-06-01T17:45:15.084+0000] {logging_mixin.py:188} INFO - Uploaded /tmp/minio_downloads/1780333358.json to Snowflake stage
[2026-06-01T17:45:15.424+0000] {logging_mixin.py:188} INFO - Uploaded /tmp/minio_downloads/1780333375.json to Snowflake stage
[2026-06-01T17:45:15.773+0000] {logging_mixin.py:188} INFO - Uploaded /tmp/minio_downloads/1780333389.json to Snowflake stage
[2026-06-01T17:45:16.111+0000] {logging_mixin.py:188} INFO - Uploaded /tmp/minio_downloads/1780333406.json to Snowflake stage
[2026-06-01T17:45:16.472+0000] {logging_mixin.py:188} INFO - Uploaded /tmp/minio_downloads/1780333419.json to Snowflake stage
[2026-06-01T17:45:16.814+0000] {logging_mixin.py:188} INFO - Uploaded /tmp/minio_downloads/1780333431.json to Snowflake stage
[2026-06-01T17:45:17.160+0000] {logging_mixin.py:188} INFO - Uploaded /tmp/minio_downloads/1780331991.json to Snowflake stage
[2026-06-01T17:45:17.504+0000] {logging_mixin.py:188} INFO - Uploaded /tmp/minio_downloads/1780332003.json to Snowflake stage
[2026-06-01T17:45:17.848+0000] {logging_mixin.py:188} INFO - Uploaded /tmp/minio_downloads/1780332015.json to Snowflake stage
[2026-06-01T17:45:18.190+0000] {logging_mixin.py:188} INFO - Uploaded /tmp/minio_downloads/1780332028.json to Snowflake stage
[2026-06-01T17:45:18.527+0000] {logging_mixin.py:188} INFO - Uploaded /tmp/minio_downloads/1780332040.json to Snowflake stage
[2026-06-01T17:45:19.825+0000] {logging_mixin.py:188} INFO - Uploaded /tmp/minio_downloads/1780332052.json to Snowflake stage
[2026-06-01T17:45:20.194+0000] {logging_mixin.py:188} INFO - Uploaded /tmp/minio_downloads/1780332064.json to Snowflake stage
[2026-06-01T17:45:20.561+0000] {logging_mixin.py:188} INFO - Uploaded /tmp/minio_downloads/1780332088.json to Snowflake stage
[2026-06-01T17:45:20.997+0000] {logging_mixin.py:188} INFO - Uploaded /tmp/minio_downloads/1780332100.json to Snowflake stage
[2026-06-01T17:45:22.287+0000] {logging_mixin.py:188} INFO - Uploaded /tmp/minio_downloads/1780332116.json to Snowflake stage
[2026-06-01T17:45:22.648+0000] {logging_mixin.py:188} INFO - Uploaded /tmp/minio_downloads/1780332129.json to Snowflake stage
[2026-06-01T17:45:23.006+0000] {logging_mixin.py:188} INFO - Uploaded /tmp/minio_downloads/1780332141.json to Snowflake stage
[2026-06-01T17:45:23.400+0000] {logging_mixin.py:188} INFO - Uploaded /tmp/minio_downloads/1780332152.json to Snowflake stage
[2026-06-01T17:45:23.837+0000] {logging_mixin.py:188} INFO - Uploaded /tmp/minio_downloads/1780332182.json to Snowflake stage
[2026-06-01T17:45:24.201+0000] {logging_mixin.py:188} INFO - Uploaded /tmp/minio_downloads/1780332194.json to Snowflake stage
[2026-06-01T17:45:24.585+0000] {logging_mixin.py:188} INFO - Uploaded /tmp/minio_downloads/1780332206.json to Snowflake stage
[2026-06-01T17:45:24.953+0000] {logging_mixin.py:188} INFO - Uploaded /tmp/minio_downloads/1780332219.json to Snowflake stage
[2026-06-01T17:45:25.328+0000] {logging_mixin.py:188} INFO - Uploaded /tmp/minio_downloads/1780332237.json to Snowflake stage
[2026-06-01T17:45:25.725+0000] {logging_mixin.py:188} INFO - Uploaded /tmp/minio_downloads/1780332255.json to Snowflake stage
[2026-06-01T17:45:26.117+0000] {logging_mixin.py:188} INFO - Uploaded /tmp/minio_downloads/1780332269.json to Snowflake stage
[2026-06-01T17:45:26.492+0000] {logging_mixin.py:188} INFO - Uploaded /tmp/minio_downloads/1780332280.json to Snowflake stage
[2026-06-01T17:45:26.865+0000] {logging_mixin.py:188} INFO - Uploaded /tmp/minio_downloads/1780332292.json to Snowflake stage
[2026-06-01T17:45:27.235+0000] {logging_mixin.py:188} INFO - Uploaded /tmp/minio_downloads/1780332304.json to Snowflake stage
[2026-06-01T17:45:27.599+0000] {logging_mixin.py:188} INFO - Uploaded /tmp/minio_downloads/1780332318.json to Snowflake stage
[2026-06-01T17:45:27.951+0000] {logging_mixin.py:188} INFO - Uploaded /tmp/minio_downloads/1780332332.json to Snowflake stage
[2026-06-01T17:45:28.300+0000] {logging_mixin.py:188} INFO - Uploaded /tmp/minio_downloads/1780332344.json to Snowflake stage
[2026-06-01T17:45:28.657+0000] {logging_mixin.py:188} INFO - Uploaded /tmp/minio_downloads/1780332356.json to Snowflake stage
[2026-06-01T17:45:29.043+0000] {logging_mixin.py:188} INFO - Uploaded /tmp/minio_downloads/1780332369.json to Snowflake stage
[2026-06-01T17:45:29.404+0000] {logging_mixin.py:188} INFO - Uploaded /tmp/minio_downloads/1780332381.json to Snowflake stage
[2026-06-01T17:45:29.758+0000] {logging_mixin.py:188} INFO - Uploaded /tmp/minio_downloads/1780332393.json to Snowflake stage
[2026-06-01T17:45:31.538+0000] {logging_mixin.py:188} INFO - Uploaded /tmp/minio_downloads/1780332405.json to Snowflake stage
[2026-06-01T17:45:32.904+0000] {logging_mixin.py:188} INFO - Uploaded /tmp/minio_downloads/1780332419.json to Snowflake stage
[2026-06-01T17:45:33.927+0000] {logging_mixin.py:188} INFO - Uploaded /tmp/minio_downloads/1780332436.json to Snowflake stage
[2026-06-01T17:45:34.362+0000] {logging_mixin.py:188} INFO - Uploaded /tmp/minio_downloads/1780332453.json to Snowflake stage
[2026-06-01T17:45:34.765+0000] {logging_mixin.py:188} INFO - Uploaded /tmp/minio_downloads/1780332470.json to Snowflake stage
[2026-06-01T17:45:35.275+0000] {logging_mixin.py:188} INFO - Uploaded /tmp/minio_downloads/1780332487.json to Snowflake stage
[2026-06-01T17:45:35.668+0000] {logging_mixin.py:188} INFO - Uploaded /tmp/minio_downloads/1780332504.json to Snowflake stage
[2026-06-01T17:45:36.056+0000] {logging_mixin.py:188} INFO - Uploaded /tmp/minio_downloads/1780332522.json to Snowflake stage
[2026-06-01T17:45:36.436+0000] {logging_mixin.py:188} INFO - Uploaded /tmp/minio_downloads/1780332543.json to Snowflake stage
[2026-06-01T17:45:36.799+0000] {logging_mixin.py:188} INFO - Uploaded /tmp/minio_downloads/1780332559.json to Snowflake stage
[2026-06-01T17:45:37.150+0000] {logging_mixin.py:188} INFO - Uploaded /tmp/minio_downloads/1780332576.json to Snowflake stage
[2026-06-01T17:45:37.507+0000] {logging_mixin.py:188} INFO - Uploaded /tmp/minio_downloads/1780332596.json to Snowflake stage
[2026-06-01T17:45:37.880+0000] {logging_mixin.py:188} INFO - Uploaded /tmp/minio_downloads/1780332613.json to Snowflake stage
[2026-06-01T17:45:38.241+0000] {logging_mixin.py:188} INFO - Uploaded /tmp/minio_downloads/1780332629.json to Snowflake stage
[2026-06-01T17:45:38.602+0000] {logging_mixin.py:188} INFO - Uploaded /tmp/minio_downloads/1780332646.json to Snowflake stage
[2026-06-01T17:45:38.980+0000] {logging_mixin.py:188} INFO - Uploaded /tmp/minio_downloads/1780332683.json to Snowflake stage
[2026-06-01T17:45:39.337+0000] {logging_mixin.py:188} INFO - Uploaded /tmp/minio_downloads/1780332700.json to Snowflake stage
[2026-06-01T17:45:39.777+0000] {logging_mixin.py:188} INFO - Uploaded /tmp/minio_downloads/1780332715.json to Snowflake stage
[2026-06-01T17:45:40.129+0000] {logging_mixin.py:188} INFO - Uploaded /tmp/minio_downloads/1780332732.json to Snowflake stage
[2026-06-01T17:45:40.508+0000] {logging_mixin.py:188} INFO - Uploaded /tmp/minio_downloads/1780332748.json to Snowflake stage
[2026-06-01T17:45:41.007+0000] {logging_mixin.py:188} INFO - Uploaded /tmp/minio_downloads/1780332766.json to Snowflake stage
[2026-06-01T17:45:41.822+0000] {logging_mixin.py:188} INFO - Uploaded /tmp/minio_downloads/1780332782.json to Snowflake stage
[2026-06-01T17:45:47.954+0000] {connectionpool.py:824} WARNING - Retrying (Retry(total=0, connect=None, read=None, redirect=None, status=None)) after connection broken by 'ProtocolError('Connection aborted.', RemoteDisconnected('Remote end closed connection without response'))': /ou3u1000-s/tables/2717728777/1780332794.json.gz
[2026-06-01T17:45:49.435+0000] {logging_mixin.py:188} INFO - Uploaded /tmp/minio_downloads/1780332794.json to Snowflake stage
[2026-06-01T17:45:49.832+0000] {logging_mixin.py:188} INFO - Uploaded /tmp/minio_downloads/1780332809.json to Snowflake stage
[2026-06-01T17:45:50.185+0000] {logging_mixin.py:188} INFO - Uploaded /tmp/minio_downloads/1780332825.json to Snowflake stage
[2026-06-01T17:45:50.604+0000] {logging_mixin.py:188} INFO - Uploaded /tmp/minio_downloads/1780332843.json to Snowflake stage
[2026-06-01T17:45:50.961+0000] {logging_mixin.py:188} INFO - Uploaded /tmp/minio_downloads/1780332859.json to Snowflake stage
[2026-06-01T17:45:51.447+0000] {logging_mixin.py:188} INFO - Uploaded /tmp/minio_downloads/1780332875.json to Snowflake stage
[2026-06-01T17:45:51.793+0000] {logging_mixin.py:188} INFO - Uploaded /tmp/minio_downloads/1780332891.json to Snowflake stage
[2026-06-01T17:45:52.194+0000] {logging_mixin.py:188} INFO - Uploaded /tmp/minio_downloads/1780332907.json to Snowflake stage
[2026-06-01T17:45:52.562+0000] {logging_mixin.py:188} INFO - Uploaded /tmp/minio_downloads/1780332924.json to Snowflake stage
[2026-06-01T17:45:52.912+0000] {logging_mixin.py:188} INFO - Uploaded /tmp/minio_downloads/1780332942.json to Snowflake stage
[2026-06-01T17:45:53.278+0000] {logging_mixin.py:188} INFO - Uploaded /tmp/minio_downloads/1780332957.json to Snowflake stage
[2026-06-01T17:45:53.702+0000] {logging_mixin.py:188} INFO - Uploaded /tmp/minio_downloads/1780332971.json to Snowflake stage
[2026-06-01T17:45:54.072+0000] {logging_mixin.py:188} INFO - Uploaded /tmp/minio_downloads/1780332989.json to Snowflake stage
[2026-06-01T17:45:54.430+0000] {logging_mixin.py:188} INFO - Uploaded /tmp/minio_downloads/1780333005.json to Snowflake stage
[2026-06-01T17:45:54.803+0000] {logging_mixin.py:188} INFO - Uploaded /tmp/minio_downloads/1780333020.json to Snowflake stage
[2026-06-01T17:45:55.165+0000] {logging_mixin.py:188} INFO - Uploaded /tmp/minio_downloads/1780333036.json to Snowflake stage
[2026-06-01T17:45:55.525+0000] {logging_mixin.py:188} INFO - Uploaded /tmp/minio_downloads/1780333053.json to Snowflake stage
[2026-06-01T17:45:55.875+0000] {logging_mixin.py:188} INFO - Uploaded /tmp/minio_downloads/1780333065.json to Snowflake stage
[2026-06-01T17:45:56.241+0000] {logging_mixin.py:188} INFO - Uploaded /tmp/minio_downloads/1780333087.json to Snowflake stage
[2026-06-01T17:45:56.656+0000] {logging_mixin.py:188} INFO - Uploaded /tmp/minio_downloads/1780333110.json to Snowflake stage
[2026-06-01T17:45:57.008+0000] {logging_mixin.py:188} INFO - Uploaded /tmp/minio_downloads/1780333127.json to Snowflake stage
[2026-06-01T17:45:57.353+0000] {logging_mixin.py:188} INFO - Uploaded /tmp/minio_downloads/1780333143.json to Snowflake stage
[2026-06-01T17:45:57.700+0000] {logging_mixin.py:188} INFO - Uploaded /tmp/minio_downloads/1780333160.json to Snowflake stage
[2026-06-01T17:45:58.050+0000] {logging_mixin.py:188} INFO - Uploaded /tmp/minio_downloads/1780333175.json to Snowflake stage
[2026-06-01T17:45:58.404+0000] {logging_mixin.py:188} INFO - Uploaded /tmp/minio_downloads/1780333191.json to Snowflake stage
[2026-06-01T17:45:58.760+0000] {logging_mixin.py:188} INFO - Uploaded /tmp/minio_downloads/1780333206.json to Snowflake stage
[2026-06-01T17:45:59.122+0000] {logging_mixin.py:188} INFO - Uploaded /tmp/minio_downloads/1780333221.json to Snowflake stage
[2026-06-01T17:45:59.486+0000] {logging_mixin.py:188} INFO - Uploaded /tmp/minio_downloads/1780333238.json to Snowflake stage
[2026-06-01T17:45:59.894+0000] {logging_mixin.py:188} INFO - Uploaded /tmp/minio_downloads/1780333249.json to Snowflake stage
[2026-06-01T17:46:00.302+0000] {logging_mixin.py:188} INFO - Uploaded /tmp/minio_downloads/1780333261.json to Snowflake stage
[2026-06-01T17:46:00.677+0000] {logging_mixin.py:188} INFO - Uploaded /tmp/minio_downloads/1780333274.json to Snowflake stage
[2026-06-01T17:46:01.261+0000] {logging_mixin.py:188} INFO - Uploaded /tmp/minio_downloads/1780333285.json to Snowflake stage
[2026-06-01T17:46:01.601+0000] {logging_mixin.py:188} INFO - Uploaded /tmp/minio_downloads/1780333297.json to Snowflake stage
[2026-06-01T17:46:01.954+0000] {logging_mixin.py:188} INFO - Uploaded /tmp/minio_downloads/1780333310.json to Snowflake stage
[2026-06-01T17:46:02.304+0000] {logging_mixin.py:188} INFO - Uploaded /tmp/minio_downloads/1780333322.json to Snowflake stage
[2026-06-01T17:46:02.646+0000] {logging_mixin.py:188} INFO - Uploaded /tmp/minio_downloads/1780333334.json to Snowflake stage
[2026-06-01T17:46:02.986+0000] {logging_mixin.py:188} INFO - Uploaded /tmp/minio_downloads/1780333350.json to Snowflake stage
[2026-06-01T17:46:03.337+0000] {logging_mixin.py:188} INFO - Uploaded /tmp/minio_downloads/1780333366.json to Snowflake stage
[2026-06-01T17:46:03.684+0000] {logging_mixin.py:188} INFO - Uploaded /tmp/minio_downloads/1780333382.json to Snowflake stage
[2026-06-01T17:46:04.023+0000] {logging_mixin.py:188} INFO - Uploaded /tmp/minio_downloads/1780333399.json to Snowflake stage
[2026-06-01T17:46:04.370+0000] {logging_mixin.py:188} INFO - Uploaded /tmp/minio_downloads/1780333412.json to Snowflake stage
[2026-06-01T17:46:04.731+0000] {logging_mixin.py:188} INFO - Uploaded /tmp/minio_downloads/1780333424.json to Snowflake stage
[2026-06-01T17:46:05.073+0000] {logging_mixin.py:188} INFO - Uploaded /tmp/minio_downloads/1780331990.json to Snowflake stage
[2026-06-01T17:46:05.417+0000] {logging_mixin.py:188} INFO - Uploaded /tmp/minio_downloads/1780332002.json to Snowflake stage
[2026-06-01T17:46:05.779+0000] {logging_mixin.py:188} INFO - Uploaded /tmp/minio_downloads/1780332015.json to Snowflake stage
[2026-06-01T17:46:06.120+0000] {logging_mixin.py:188} INFO - Uploaded /tmp/minio_downloads/1780332026.json to Snowflake stage
[2026-06-01T17:46:06.454+0000] {logging_mixin.py:188} INFO - Uploaded /tmp/minio_downloads/1780332038.json to Snowflake stage
[2026-06-01T17:46:06.818+0000] {logging_mixin.py:188} INFO - Uploaded /tmp/minio_downloads/1780332051.json to Snowflake stage
[2026-06-01T17:46:07.251+0000] {logging_mixin.py:188} INFO - Uploaded /tmp/minio_downloads/1780332063.json to Snowflake stage
[2026-06-01T17:46:07.653+0000] {logging_mixin.py:188} INFO - Uploaded /tmp/minio_downloads/1780332087.json to Snowflake stage
[2026-06-01T17:46:08.062+0000] {logging_mixin.py:188} INFO - Uploaded /tmp/minio_downloads/1780332099.json to Snowflake stage
[2026-06-01T17:46:08.479+0000] {logging_mixin.py:188} INFO - Uploaded /tmp/minio_downloads/1780332115.json to Snowflake stage
[2026-06-01T17:46:08.899+0000] {logging_mixin.py:188} INFO - Uploaded /tmp/minio_downloads/1780332128.json to Snowflake stage
[2026-06-01T17:46:09.470+0000] {logging_mixin.py:188} INFO - Uploaded /tmp/minio_downloads/1780332140.json to Snowflake stage
[2026-06-01T17:46:09.900+0000] {logging_mixin.py:188} INFO - Uploaded /tmp/minio_downloads/1780332151.json to Snowflake stage
[2026-06-01T17:46:10.330+0000] {logging_mixin.py:188} INFO - Uploaded /tmp/minio_downloads/1780332179.json to Snowflake stage
[2026-06-01T17:46:10.832+0000] {logging_mixin.py:188} INFO - Uploaded /tmp/minio_downloads/1780332193.json to Snowflake stage
[2026-06-01T17:46:11.188+0000] {logging_mixin.py:188} INFO - Uploaded /tmp/minio_downloads/1780332205.json to Snowflake stage
[2026-06-01T17:46:11.658+0000] {logging_mixin.py:188} INFO - Uploaded /tmp/minio_downloads/1780332217.json to Snowflake stage
[2026-06-01T17:46:12.604+0000] {logging_mixin.py:188} INFO - Uploaded /tmp/minio_downloads/1780332235.json to Snowflake stage
[2026-06-01T17:46:12.944+0000] {logging_mixin.py:188} INFO - Uploaded /tmp/minio_downloads/1780332253.json to Snowflake stage
[2026-06-01T17:46:13.281+0000] {logging_mixin.py:188} INFO - Uploaded /tmp/minio_downloads/1780332267.json to Snowflake stage
[2026-06-01T17:46:13.663+0000] {logging_mixin.py:188} INFO - Uploaded /tmp/minio_downloads/1780332279.json to Snowflake stage
[2026-06-01T17:46:13.997+0000] {logging_mixin.py:188} INFO - Uploaded /tmp/minio_downloads/1780332291.json to Snowflake stage
[2026-06-01T17:46:14.361+0000] {logging_mixin.py:188} INFO - Uploaded /tmp/minio_downloads/1780332303.json to Snowflake stage
[2026-06-01T17:46:14.692+0000] {logging_mixin.py:188} INFO - Uploaded /tmp/minio_downloads/1780332317.json to Snowflake stage
[2026-06-01T17:46:15.145+0000] {logging_mixin.py:188} INFO - Uploaded /tmp/minio_downloads/1780332330.json to Snowflake stage
[2026-06-01T17:46:15.805+0000] {logging_mixin.py:188} INFO - Uploaded /tmp/minio_downloads/1780332342.json to Snowflake stage
[2026-06-01T17:46:16.274+0000] {logging_mixin.py:188} INFO - Uploaded /tmp/minio_downloads/1780332354.json to Snowflake stage
[2026-06-01T17:46:16.851+0000] {logging_mixin.py:188} INFO - Uploaded /tmp/minio_downloads/1780332368.json to Snowflake stage
[2026-06-01T17:46:17.254+0000] {logging_mixin.py:188} INFO - Uploaded /tmp/minio_downloads/1780332380.json to Snowflake stage
[2026-06-01T17:46:17.593+0000] {logging_mixin.py:188} INFO - Uploaded /tmp/minio_downloads/1780332392.json to Snowflake stage
[2026-06-01T17:46:18.738+0000] {logging_mixin.py:188} INFO - Uploaded /tmp/minio_downloads/1780332403.json to Snowflake stage
[2026-06-01T17:46:19.437+0000] {logging_mixin.py:188} INFO - Uploaded /tmp/minio_downloads/1780332418.json to Snowflake stage
[2026-06-01T17:46:19.683+0000] {logging_mixin.py:188} INFO - Uploaded /tmp/minio_downloads/1780332434.json to Snowflake stage
[2026-06-01T17:46:20.030+0000] {logging_mixin.py:188} INFO - Uploaded /tmp/minio_downloads/1780332451.json to Snowflake stage
[2026-06-01T17:46:20.372+0000] {logging_mixin.py:188} INFO - Uploaded /tmp/minio_downloads/1780332468.json to Snowflake stage
[2026-06-01T17:46:20.714+0000] {logging_mixin.py:188} INFO - Uploaded /tmp/minio_downloads/1780332485.json to Snowflake stage
[2026-06-01T17:46:21.084+0000] {logging_mixin.py:188} INFO - Uploaded /tmp/minio_downloads/1780332502.json to Snowflake stage
[2026-06-01T17:46:21.441+0000] {logging_mixin.py:188} INFO - Uploaded /tmp/minio_downloads/1780332520.json to Snowflake stage
[2026-06-01T17:46:21.790+0000] {logging_mixin.py:188} INFO - Uploaded /tmp/minio_downloads/1780332541.json to Snowflake stage
[2026-06-01T17:46:22.160+0000] {logging_mixin.py:188} INFO - Uploaded /tmp/minio_downloads/1780332557.json to Snowflake stage
[2026-06-01T17:46:22.543+0000] {logging_mixin.py:188} INFO - Uploaded /tmp/minio_downloads/1780332574.json to Snowflake stage
[2026-06-01T17:46:22.886+0000] {logging_mixin.py:188} INFO - Uploaded /tmp/minio_downloads/1780332591.json to Snowflake stage
[2026-06-01T17:46:23.224+0000] {logging_mixin.py:188} INFO - Uploaded /tmp/minio_downloads/1780332611.json to Snowflake stage
[2026-06-01T17:46:23.599+0000] {logging_mixin.py:188} INFO - Uploaded /tmp/minio_downloads/1780332627.json to Snowflake stage
[2026-06-01T17:46:23.946+0000] {logging_mixin.py:188} INFO - Uploaded /tmp/minio_downloads/1780332643.json to Snowflake stage
[2026-06-01T17:46:24.319+0000] {logging_mixin.py:188} INFO - Uploaded /tmp/minio_downloads/1780332681.json to Snowflake stage
[2026-06-01T17:46:24.679+0000] {logging_mixin.py:188} INFO - Uploaded /tmp/minio_downloads/1780332698.json to Snowflake stage
[2026-06-01T17:46:25.025+0000] {logging_mixin.py:188} INFO - Uploaded /tmp/minio_downloads/1780332713.json to Snowflake stage
[2026-06-01T17:46:25.369+0000] {logging_mixin.py:188} INFO - Uploaded /tmp/minio_downloads/1780332730.json to Snowflake stage
[2026-06-01T17:46:25.709+0000] {logging_mixin.py:188} INFO - Uploaded /tmp/minio_downloads/1780332747.json to Snowflake stage
[2026-06-01T17:46:26.047+0000] {logging_mixin.py:188} INFO - Uploaded /tmp/minio_downloads/1780332764.json to Snowflake stage
[2026-06-01T17:46:26.398+0000] {logging_mixin.py:188} INFO - Uploaded /tmp/minio_downloads/1780332781.json to Snowflake stage
[2026-06-01T17:46:26.729+0000] {logging_mixin.py:188} INFO - Uploaded /tmp/minio_downloads/1780332792.json to Snowflake stage
[2026-06-01T17:46:27.070+0000] {logging_mixin.py:188} INFO - Uploaded /tmp/minio_downloads/1780332807.json to Snowflake stage
[2026-06-01T17:46:28.072+0000] {logging_mixin.py:188} INFO - Uploaded /tmp/minio_downloads/1780332823.json to Snowflake stage
[2026-06-01T17:46:28.415+0000] {logging_mixin.py:188} INFO - Uploaded /tmp/minio_downloads/1780332841.json to Snowflake stage
[2026-06-01T17:46:28.757+0000] {logging_mixin.py:188} INFO - Uploaded /tmp/minio_downloads/1780332857.json to Snowflake stage
[2026-06-01T17:46:29.151+0000] {logging_mixin.py:188} INFO - Uploaded /tmp/minio_downloads/1780332873.json to Snowflake stage
[2026-06-01T17:46:29.999+0000] {logging_mixin.py:188} INFO - Uploaded /tmp/minio_downloads/1780332888.json to Snowflake stage
[2026-06-01T17:46:30.360+0000] {logging_mixin.py:188} INFO - Uploaded /tmp/minio_downloads/1780332905.json to Snowflake stage
[2026-06-01T17:46:30.706+0000] {logging_mixin.py:188} INFO - Uploaded /tmp/minio_downloads/1780332922.json to Snowflake stage
[2026-06-01T17:46:31.040+0000] {logging_mixin.py:188} INFO - Uploaded /tmp/minio_downloads/1780332940.json to Snowflake stage
[2026-06-01T17:46:31.377+0000] {logging_mixin.py:188} INFO - Uploaded /tmp/minio_downloads/1780332956.json to Snowflake stage
[2026-06-01T17:46:31.733+0000] {logging_mixin.py:188} INFO - Uploaded /tmp/minio_downloads/1780332969.json to Snowflake stage
[2026-06-01T17:46:32.072+0000] {logging_mixin.py:188} INFO - Uploaded /tmp/minio_downloads/1780332987.json to Snowflake stage
[2026-06-01T17:46:32.416+0000] {logging_mixin.py:188} INFO - Uploaded /tmp/minio_downloads/1780333003.json to Snowflake stage
[2026-06-01T17:46:32.767+0000] {logging_mixin.py:188} INFO - Uploaded /tmp/minio_downloads/1780333019.json to Snowflake stage
[2026-06-01T17:46:33.116+0000] {logging_mixin.py:188} INFO - Uploaded /tmp/minio_downloads/1780333034.json to Snowflake stage
[2026-06-01T17:46:33.457+0000] {logging_mixin.py:188} INFO - Uploaded /tmp/minio_downloads/1780333050.json to Snowflake stage
[2026-06-01T17:46:33.796+0000] {logging_mixin.py:188} INFO - Uploaded /tmp/minio_downloads/1780333064.json to Snowflake stage
[2026-06-01T17:46:34.153+0000] {logging_mixin.py:188} INFO - Uploaded /tmp/minio_downloads/1780333084.json to Snowflake stage
[2026-06-01T17:46:34.494+0000] {logging_mixin.py:188} INFO - Uploaded /tmp/minio_downloads/1780333107.json to Snowflake stage
[2026-06-01T17:46:34.838+0000] {logging_mixin.py:188} INFO - Uploaded /tmp/minio_downloads/1780333125.json to Snowflake stage
[2026-06-01T17:46:35.185+0000] {logging_mixin.py:188} INFO - Uploaded /tmp/minio_downloads/1780333141.json to Snowflake stage
[2026-06-01T17:46:35.529+0000] {logging_mixin.py:188} INFO - Uploaded /tmp/minio_downloads/1780333158.json to Snowflake stage
[2026-06-01T17:46:35.868+0000] {logging_mixin.py:188} INFO - Uploaded /tmp/minio_downloads/1780333173.json to Snowflake stage
[2026-06-01T17:46:36.222+0000] {logging_mixin.py:188} INFO - Uploaded /tmp/minio_downloads/1780333189.json to Snowflake stage
[2026-06-01T17:46:36.560+0000] {logging_mixin.py:188} INFO - Uploaded /tmp/minio_downloads/1780333204.json to Snowflake stage
[2026-06-01T17:46:36.895+0000] {logging_mixin.py:188} INFO - Uploaded /tmp/minio_downloads/1780333219.json to Snowflake stage
[2026-06-01T17:46:37.229+0000] {logging_mixin.py:188} INFO - Uploaded /tmp/minio_downloads/1780333236.json to Snowflake stage
[2026-06-01T17:46:37.561+0000] {logging_mixin.py:188} INFO - Uploaded /tmp/minio_downloads/1780333248.json to Snowflake stage
[2026-06-01T17:46:37.893+0000] {logging_mixin.py:188} INFO - Uploaded /tmp/minio_downloads/1780333260.json to Snowflake stage
[2026-06-01T17:46:38.253+0000] {logging_mixin.py:188} INFO - Uploaded /tmp/minio_downloads/1780333272.json to Snowflake stage
[2026-06-01T17:46:38.604+0000] {logging_mixin.py:188} INFO - Uploaded /tmp/minio_downloads/1780333284.json to Snowflake stage
[2026-06-01T17:46:38.952+0000] {logging_mixin.py:188} INFO - Uploaded /tmp/minio_downloads/1780333296.json to Snowflake stage
[2026-06-01T17:46:39.293+0000] {logging_mixin.py:188} INFO - Uploaded /tmp/minio_downloads/1780333309.json to Snowflake stage
[2026-06-01T17:46:39.641+0000] {logging_mixin.py:188} INFO - Uploaded /tmp/minio_downloads/1780333321.json to Snowflake stage
[2026-06-01T17:46:39.983+0000] {logging_mixin.py:188} INFO - Uploaded /tmp/minio_downloads/1780333333.json to Snowflake stage
[2026-06-01T17:46:40.325+0000] {logging_mixin.py:188} INFO - Uploaded /tmp/minio_downloads/1780333348.json to Snowflake stage
[2026-06-01T17:46:40.660+0000] {logging_mixin.py:188} INFO - Uploaded /tmp/minio_downloads/1780333364.json to Snowflake stage
[2026-06-01T17:46:41.012+0000] {logging_mixin.py:188} INFO - Uploaded /tmp/minio_downloads/1780333381.json to Snowflake stage
[2026-06-01T17:46:41.819+0000] {logging_mixin.py:188} INFO - Uploaded /tmp/minio_downloads/1780333395.json to Snowflake stage
[2026-06-01T17:46:42.157+0000] {logging_mixin.py:188} INFO - Uploaded /tmp/minio_downloads/1780333411.json to Snowflake stage
[2026-06-01T17:46:42.492+0000] {logging_mixin.py:188} INFO - Uploaded /tmp/minio_downloads/1780333423.json to Snowflake stage
[2026-06-01T17:46:42.828+0000] {logging_mixin.py:188} INFO - Uploaded /tmp/minio_downloads/1780331987.json to Snowflake stage
[2026-06-01T17:46:43.165+0000] {logging_mixin.py:188} INFO - Uploaded /tmp/minio_downloads/1780331999.json to Snowflake stage
[2026-06-01T17:46:43.509+0000] {logging_mixin.py:188} INFO - Uploaded /tmp/minio_downloads/1780332012.json to Snowflake stage
[2026-06-01T17:46:43.850+0000] {logging_mixin.py:188} INFO - Uploaded /tmp/minio_downloads/1780332024.json to Snowflake stage
[2026-06-01T17:46:44.190+0000] {logging_mixin.py:188} INFO - Uploaded /tmp/minio_downloads/1780332036.json to Snowflake stage
[2026-06-01T17:46:44.526+0000] {logging_mixin.py:188} INFO - Uploaded /tmp/minio_downloads/1780332049.json to Snowflake stage
[2026-06-01T17:46:44.858+0000] {logging_mixin.py:188} INFO - Uploaded /tmp/minio_downloads/1780332061.json to Snowflake stage
[2026-06-01T17:46:45.189+0000] {logging_mixin.py:188} INFO - Uploaded /tmp/minio_downloads/1780332085.json to Snowflake stage
[2026-06-01T17:46:45.541+0000] {logging_mixin.py:188} INFO - Uploaded /tmp/minio_downloads/1780332097.json to Snowflake stage
[2026-06-01T17:46:45.907+0000] {logging_mixin.py:188} INFO - Uploaded /tmp/minio_downloads/1780332113.json to Snowflake stage
[2026-06-01T17:46:46.251+0000] {logging_mixin.py:188} INFO - Uploaded /tmp/minio_downloads/1780332125.json to Snowflake stage
[2026-06-01T17:46:46.604+0000] {logging_mixin.py:188} INFO - Uploaded /tmp/minio_downloads/1780332137.json to Snowflake stage
[2026-06-01T17:46:46.979+0000] {logging_mixin.py:188} INFO - Uploaded /tmp/minio_downloads/1780332149.json to Snowflake stage
[2026-06-01T17:46:47.427+0000] {logging_mixin.py:188} INFO - Uploaded /tmp/minio_downloads/1780332161.json to Snowflake stage
[2026-06-01T17:46:47.809+0000] {logging_mixin.py:188} INFO - Uploaded /tmp/minio_downloads/1780332190.json to Snowflake stage
[2026-06-01T17:46:48.801+0000] {logging_mixin.py:188} INFO - Uploaded /tmp/minio_downloads/1780332202.json to Snowflake stage
[2026-06-01T17:46:49.754+0000] {logging_mixin.py:188} INFO - Uploaded /tmp/minio_downloads/1780332214.json to Snowflake stage
[2026-06-01T17:46:51.672+0000] {logging_mixin.py:188} INFO - Uploaded /tmp/minio_downloads/1780332229.json to Snowflake stage
[2026-06-01T17:46:52.061+0000] {logging_mixin.py:188} INFO - Uploaded /tmp/minio_downloads/1780332248.json to Snowflake stage
[2026-06-01T17:46:53.169+0000] {logging_mixin.py:188} INFO - Uploaded /tmp/minio_downloads/1780332265.json to Snowflake stage
[2026-06-01T17:46:53.536+0000] {logging_mixin.py:188} INFO - Uploaded /tmp/minio_downloads/1780332277.json to Snowflake stage
[2026-06-01T17:46:53.875+0000] {logging_mixin.py:188} INFO - Uploaded /tmp/minio_downloads/1780332289.json to Snowflake stage
[2026-06-01T17:46:54.221+0000] {logging_mixin.py:188} INFO - Uploaded /tmp/minio_downloads/1780332301.json to Snowflake stage
[2026-06-01T17:46:54.563+0000] {logging_mixin.py:188} INFO - Uploaded /tmp/minio_downloads/1780332313.json to Snowflake stage
[2026-06-01T17:46:54.955+0000] {logging_mixin.py:188} INFO - Uploaded /tmp/minio_downloads/1780332327.json to Snowflake stage
[2026-06-01T17:46:55.336+0000] {logging_mixin.py:188} INFO - Uploaded /tmp/minio_downloads/1780332340.json to Snowflake stage
[2026-06-01T17:46:56.564+0000] {logging_mixin.py:188} INFO - Uploaded /tmp/minio_downloads/1780332352.json to Snowflake stage
[2026-06-01T17:46:56.929+0000] {logging_mixin.py:188} INFO - Uploaded /tmp/minio_downloads/1780332364.json to Snowflake stage
[2026-06-01T17:46:57.294+0000] {logging_mixin.py:188} INFO - Uploaded /tmp/minio_downloads/1780332377.json to Snowflake stage
[2026-06-01T17:46:57.661+0000] {logging_mixin.py:188} INFO - Uploaded /tmp/minio_downloads/1780332389.json to Snowflake stage
[2026-06-01T17:46:58.038+0000] {logging_mixin.py:188} INFO - Uploaded /tmp/minio_downloads/1780332401.json to Snowflake stage
[2026-06-01T17:46:58.401+0000] {logging_mixin.py:188} INFO - Uploaded /tmp/minio_downloads/1780332413.json to Snowflake stage
[2026-06-01T17:46:58.768+0000] {logging_mixin.py:188} INFO - Uploaded /tmp/minio_downloads/1780332429.json to Snowflake stage
[2026-06-01T17:46:59.140+0000] {logging_mixin.py:188} INFO - Uploaded /tmp/minio_downloads/1780332446.json to Snowflake stage
[2026-06-01T17:46:59.513+0000] {logging_mixin.py:188} INFO - Uploaded /tmp/minio_downloads/1780332464.json to Snowflake stage
[2026-06-01T17:46:59.886+0000] {logging_mixin.py:188} INFO - Uploaded /tmp/minio_downloads/1780332480.json to Snowflake stage
[2026-06-01T17:47:00.291+0000] {logging_mixin.py:188} INFO - Uploaded /tmp/minio_downloads/1780332497.json to Snowflake stage
[2026-06-01T17:47:00.654+0000] {logging_mixin.py:188} INFO - Uploaded /tmp/minio_downloads/1780332514.json to Snowflake stage
[2026-06-01T17:47:01.010+0000] {logging_mixin.py:188} INFO - Uploaded /tmp/minio_downloads/1780332534.json to Snowflake stage
[2026-06-01T17:47:01.378+0000] {logging_mixin.py:188} INFO - Uploaded /tmp/minio_downloads/1780332553.json to Snowflake stage
[2026-06-01T17:47:01.745+0000] {logging_mixin.py:188} INFO - Uploaded /tmp/minio_downloads/1780332569.json to Snowflake stage
[2026-06-01T17:47:02.115+0000] {logging_mixin.py:188} INFO - Uploaded /tmp/minio_downloads/1780332587.json to Snowflake stage
[2026-06-01T17:47:02.507+0000] {logging_mixin.py:188} INFO - Uploaded /tmp/minio_downloads/1780332606.json to Snowflake stage
[2026-06-01T17:47:02.856+0000] {logging_mixin.py:188} INFO - Uploaded /tmp/minio_downloads/1780332623.json to Snowflake stage
[2026-06-01T17:47:03.182+0000] {logging_mixin.py:188} INFO - Uploaded /tmp/minio_downloads/1780332640.json to Snowflake stage
[2026-06-01T17:47:03.503+0000] {logging_mixin.py:188} INFO - Uploaded /tmp/minio_downloads/1780332676.json to Snowflake stage
[2026-06-01T17:47:03.813+0000] {logging_mixin.py:188} INFO - Uploaded /tmp/minio_downloads/1780332694.json to Snowflake stage
[2026-06-01T17:47:04.127+0000] {logging_mixin.py:188} INFO - Uploaded /tmp/minio_downloads/1780332709.json to Snowflake stage
[2026-06-01T17:47:04.437+0000] {logging_mixin.py:188} INFO - Uploaded /tmp/minio_downloads/1780332725.json to Snowflake stage
[2026-06-01T17:47:04.752+0000] {logging_mixin.py:188} INFO - Uploaded /tmp/minio_downloads/1780332742.json to Snowflake stage
[2026-06-01T17:47:05.099+0000] {logging_mixin.py:188} INFO - Uploaded /tmp/minio_downloads/1780332758.json to Snowflake stage
[2026-06-01T17:47:05.418+0000] {logging_mixin.py:188} INFO - Uploaded /tmp/minio_downloads/1780332777.json to Snowflake stage
[2026-06-01T17:47:05.746+0000] {logging_mixin.py:188} INFO - Uploaded /tmp/minio_downloads/1780332790.json to Snowflake stage
[2026-06-01T17:47:06.058+0000] {logging_mixin.py:188} INFO - Uploaded /tmp/minio_downloads/1780332803.json to Snowflake stage
[2026-06-01T17:47:06.384+0000] {logging_mixin.py:188} INFO - Uploaded /tmp/minio_downloads/1780332819.json to Snowflake stage
[2026-06-01T17:47:06.695+0000] {logging_mixin.py:188} INFO - Uploaded /tmp/minio_downloads/1780332836.json to Snowflake stage
[2026-06-01T17:47:07.016+0000] {logging_mixin.py:188} INFO - Uploaded /tmp/minio_downloads/1780332853.json to Snowflake stage
[2026-06-01T17:47:07.349+0000] {logging_mixin.py:188} INFO - Uploaded /tmp/minio_downloads/1780332869.json to Snowflake stage
[2026-06-01T17:47:07.981+0000] {logging_mixin.py:188} INFO - Uploaded /tmp/minio_downloads/1780332885.json to Snowflake stage
[2026-06-01T17:47:08.349+0000] {logging_mixin.py:188} INFO - Uploaded /tmp/minio_downloads/1780332901.json to Snowflake stage
[2026-06-01T17:47:08.698+0000] {logging_mixin.py:188} INFO - Uploaded /tmp/minio_downloads/1780332917.json to Snowflake stage
[2026-06-01T17:47:09.234+0000] {logging_mixin.py:188} INFO - Uploaded /tmp/minio_downloads/1780332935.json to Snowflake stage
[2026-06-01T17:47:09.693+0000] {logging_mixin.py:188} INFO - Uploaded /tmp/minio_downloads/1780332952.json to Snowflake stage
[2026-06-01T17:47:10.031+0000] {logging_mixin.py:188} INFO - Uploaded /tmp/minio_downloads/1780332966.json to Snowflake stage
[2026-06-01T17:47:11.069+0000] {logging_mixin.py:188} INFO - Uploaded /tmp/minio_downloads/1780332981.json to Snowflake stage
[2026-06-01T17:47:11.529+0000] {logging_mixin.py:188} INFO - Uploaded /tmp/minio_downloads/1780332999.json to Snowflake stage
[2026-06-01T17:47:11.968+0000] {logging_mixin.py:188} INFO - Uploaded /tmp/minio_downloads/1780333015.json to Snowflake stage
[2026-06-01T17:47:12.341+0000] {logging_mixin.py:188} INFO - Uploaded /tmp/minio_downloads/1780333030.json to Snowflake stage
[2026-06-01T17:47:12.797+0000] {logging_mixin.py:188} INFO - Uploaded /tmp/minio_downloads/1780333045.json to Snowflake stage
[2026-06-01T17:47:13.170+0000] {logging_mixin.py:188} INFO - Uploaded /tmp/minio_downloads/1780333062.json to Snowflake stage
[2026-06-01T17:47:13.575+0000] {logging_mixin.py:188} INFO - Uploaded /tmp/minio_downloads/1780333078.json to Snowflake stage
[2026-06-01T17:47:13.965+0000] {logging_mixin.py:188} INFO - Uploaded /tmp/minio_downloads/1780333101.json to Snowflake stage
[2026-06-01T17:47:14.355+0000] {logging_mixin.py:188} INFO - Uploaded /tmp/minio_downloads/1780333121.json to Snowflake stage
[2026-06-01T17:47:14.776+0000] {logging_mixin.py:188} INFO - Uploaded /tmp/minio_downloads/1780333137.json to Snowflake stage
[2026-06-01T17:47:15.197+0000] {logging_mixin.py:188} INFO - Uploaded /tmp/minio_downloads/1780333154.json to Snowflake stage
[2026-06-01T17:47:15.620+0000] {logging_mixin.py:188} INFO - Uploaded /tmp/minio_downloads/1780333170.json to Snowflake stage
[2026-06-01T17:47:16.007+0000] {logging_mixin.py:188} INFO - Uploaded /tmp/minio_downloads/1780333185.json to Snowflake stage
[2026-06-01T17:47:16.398+0000] {logging_mixin.py:188} INFO - Uploaded /tmp/minio_downloads/1780333200.json to Snowflake stage
[2026-06-01T17:47:16.798+0000] {logging_mixin.py:188} INFO - Uploaded /tmp/minio_downloads/1780333215.json to Snowflake stage
[2026-06-01T17:47:17.176+0000] {logging_mixin.py:188} INFO - Uploaded /tmp/minio_downloads/1780333232.json to Snowflake stage
[2026-06-01T17:47:17.584+0000] {logging_mixin.py:188} INFO - Uploaded /tmp/minio_downloads/1780333246.json to Snowflake stage
[2026-06-01T17:47:17.971+0000] {logging_mixin.py:188} INFO - Uploaded /tmp/minio_downloads/1780333257.json to Snowflake stage
[2026-06-01T17:47:18.344+0000] {logging_mixin.py:188} INFO - Uploaded /tmp/minio_downloads/1780333269.json to Snowflake stage
[2026-06-01T17:47:18.994+0000] {logging_mixin.py:188} INFO - Uploaded /tmp/minio_downloads/1780333282.json to Snowflake stage
[2026-06-01T17:47:19.446+0000] {logging_mixin.py:188} INFO - Uploaded /tmp/minio_downloads/1780333294.json to Snowflake stage
[2026-06-01T17:47:19.856+0000] {logging_mixin.py:188} INFO - Uploaded /tmp/minio_downloads/1780333306.json to Snowflake stage
[2026-06-01T17:47:20.255+0000] {logging_mixin.py:188} INFO - Uploaded /tmp/minio_downloads/1780333319.json to Snowflake stage
[2026-06-01T17:47:20.658+0000] {logging_mixin.py:188} INFO - Uploaded /tmp/minio_downloads/1780333331.json to Snowflake stage
[2026-06-01T17:47:21.035+0000] {logging_mixin.py:188} INFO - Uploaded /tmp/minio_downloads/1780333344.json to Snowflake stage
[2026-06-01T17:47:21.454+0000] {logging_mixin.py:188} INFO - Uploaded /tmp/minio_downloads/1780333360.json to Snowflake stage
[2026-06-01T17:47:21.859+0000] {logging_mixin.py:188} INFO - Uploaded /tmp/minio_downloads/1780333377.json to Snowflake stage
[2026-06-01T17:47:22.260+0000] {logging_mixin.py:188} INFO - Uploaded /tmp/minio_downloads/1780333391.json to Snowflake stage
[2026-06-01T17:47:22.726+0000] {logging_mixin.py:188} INFO - Uploaded /tmp/minio_downloads/1780333408.json to Snowflake stage
[2026-06-01T17:47:23.223+0000] {logging_mixin.py:188} INFO - Uploaded /tmp/minio_downloads/1780333420.json to Snowflake stage
[2026-06-01T17:47:23.732+0000] {logging_mixin.py:188} INFO - Uploaded /tmp/minio_downloads/1780333432.json to Snowflake stage
[2026-06-01T17:47:24.205+0000] {logging_mixin.py:188} INFO - Uploaded /tmp/minio_downloads/1780331989.json to Snowflake stage
[2026-06-01T17:47:24.944+0000] {logging_mixin.py:188} INFO - Uploaded /tmp/minio_downloads/1780332000.json to Snowflake stage
[2026-06-01T17:47:25.423+0000] {logging_mixin.py:188} INFO - Uploaded /tmp/minio_downloads/1780332013.json to Snowflake stage
[2026-06-01T17:47:25.903+0000] {logging_mixin.py:188} INFO - Uploaded /tmp/minio_downloads/1780332025.json to Snowflake stage
[2026-06-01T17:47:26.372+0000] {logging_mixin.py:188} INFO - Uploaded /tmp/minio_downloads/1780332037.json to Snowflake stage
[2026-06-01T17:47:26.847+0000] {logging_mixin.py:188} INFO - Uploaded /tmp/minio_downloads/1780332050.json to Snowflake stage
[2026-06-01T17:47:27.258+0000] {logging_mixin.py:188} INFO - Uploaded /tmp/minio_downloads/1780332062.json to Snowflake stage
[2026-06-01T17:47:27.613+0000] {logging_mixin.py:188} INFO - Uploaded /tmp/minio_downloads/1780332086.json to Snowflake stage
[2026-06-01T17:47:27.988+0000] {logging_mixin.py:188} INFO - Uploaded /tmp/minio_downloads/1780332098.json to Snowflake stage
[2026-06-01T17:47:28.365+0000] {logging_mixin.py:188} INFO - Uploaded /tmp/minio_downloads/1780332114.json to Snowflake stage
[2026-06-01T17:47:28.753+0000] {logging_mixin.py:188} INFO - Uploaded /tmp/minio_downloads/1780332126.json to Snowflake stage
[2026-06-01T17:47:29.134+0000] {logging_mixin.py:188} INFO - Uploaded /tmp/minio_downloads/1780332139.json to Snowflake stage
[2026-06-01T17:47:54.904+0000] {logging_mixin.py:188} INFO - Uploaded /tmp/minio_downloads/1780332150.json to Snowflake stage
[2026-06-01T17:47:55.317+0000] {logging_mixin.py:188} INFO - Uploaded /tmp/minio_downloads/1780332178.json to Snowflake stage
[2026-06-01T17:47:56.407+0000] {logging_mixin.py:188} INFO - Uploaded /tmp/minio_downloads/1780332191.json to Snowflake stage
[2026-06-01T17:47:56.800+0000] {logging_mixin.py:188} INFO - Uploaded /tmp/minio_downloads/1780332203.json to Snowflake stage
[2026-06-01T17:47:57.171+0000] {logging_mixin.py:188} INFO - Uploaded /tmp/minio_downloads/1780332216.json to Snowflake stage
[2026-06-01T17:47:57.531+0000] {logging_mixin.py:188} INFO - Uploaded /tmp/minio_downloads/1780332232.json to Snowflake stage
[2026-06-01T17:47:57.891+0000] {logging_mixin.py:188} INFO - Uploaded /tmp/minio_downloads/1780332250.json to Snowflake stage
[2026-06-01T17:47:58.265+0000] {logging_mixin.py:188} INFO - Uploaded /tmp/minio_downloads/1780332266.json to Snowflake stage
[2026-06-01T17:47:58.614+0000] {logging_mixin.py:188} INFO - Uploaded /tmp/minio_downloads/1780332278.json to Snowflake stage
[2026-06-01T17:47:58.987+0000] {logging_mixin.py:188} INFO - Uploaded /tmp/minio_downloads/1780332290.json to Snowflake stage
[2026-06-01T17:47:59.344+0000] {logging_mixin.py:188} INFO - Uploaded /tmp/minio_downloads/1780332302.json to Snowflake stage
[2026-06-01T17:47:59.753+0000] {logging_mixin.py:188} INFO - Uploaded /tmp/minio_downloads/1780332313.json to Snowflake stage
[2026-06-01T17:48:00.119+0000] {logging_mixin.py:188} INFO - Uploaded /tmp/minio_downloads/1780332329.json to Snowflake stage
[2026-06-01T17:48:00.479+0000] {logging_mixin.py:188} INFO - Uploaded /tmp/minio_downloads/1780332341.json to Snowflake stage
[2026-06-01T17:48:00.876+0000] {logging_mixin.py:188} INFO - Uploaded /tmp/minio_downloads/1780332353.json to Snowflake stage
[2026-06-01T17:48:05.757+0000] {logging_mixin.py:188} INFO - Uploaded /tmp/minio_downloads/1780332366.json to Snowflake stage
[2026-06-01T17:48:06.260+0000] {logging_mixin.py:188} INFO - Uploaded /tmp/minio_downloads/1780332378.json to Snowflake stage
[2026-06-01T17:48:06.891+0000] {logging_mixin.py:188} INFO - Uploaded /tmp/minio_downloads/1780332390.json to Snowflake stage
[2026-06-01T17:48:07.660+0000] {logging_mixin.py:188} INFO - Uploaded /tmp/minio_downloads/1780332402.json to Snowflake stage
[2026-06-01T17:48:08.631+0000] {logging_mixin.py:188} INFO - Uploaded /tmp/minio_downloads/1780332415.json to Snowflake stage
[2026-06-01T17:48:09.348+0000] {logging_mixin.py:188} INFO - Uploaded /tmp/minio_downloads/1780332432.json to Snowflake stage
[2026-06-01T17:48:09.930+0000] {logging_mixin.py:188} INFO - Uploaded /tmp/minio_downloads/1780332449.json to Snowflake stage
[2026-06-01T17:48:10.477+0000] {logging_mixin.py:188} INFO - Uploaded /tmp/minio_downloads/1780332465.json to Snowflake stage
[2026-06-01T17:48:11.043+0000] {logging_mixin.py:188} INFO - Uploaded /tmp/minio_downloads/1780332482.json to Snowflake stage
[2026-06-01T17:48:11.624+0000] {logging_mixin.py:188} INFO - Uploaded /tmp/minio_downloads/1780332500.json to Snowflake stage
[2026-06-01T17:48:12.010+0000] {logging_mixin.py:188} INFO - Uploaded /tmp/minio_downloads/1780332517.json to Snowflake stage
[2026-06-01T17:48:12.362+0000] {logging_mixin.py:188} INFO - Uploaded /tmp/minio_downloads/1780332538.json to Snowflake stage
[2026-06-01T17:48:12.819+0000] {logging_mixin.py:188} INFO - Uploaded /tmp/minio_downloads/1780332555.json to Snowflake stage
[2026-06-01T17:48:13.223+0000] {logging_mixin.py:188} INFO - Uploaded /tmp/minio_downloads/1780332571.json to Snowflake stage
[2026-06-01T17:48:13.570+0000] {logging_mixin.py:188} INFO - Uploaded /tmp/minio_downloads/1780332589.json to Snowflake stage
[2026-06-01T17:48:14.028+0000] {logging_mixin.py:188} INFO - Uploaded /tmp/minio_downloads/1780332609.json to Snowflake stage
[2026-06-01T17:48:14.419+0000] {logging_mixin.py:188} INFO - Uploaded /tmp/minio_downloads/1780332625.json to Snowflake stage
[2026-06-01T17:48:14.814+0000] {logging_mixin.py:188} INFO - Uploaded /tmp/minio_downloads/1780332641.json to Snowflake stage
[2026-06-01T17:48:15.194+0000] {logging_mixin.py:188} INFO - Uploaded /tmp/minio_downloads/1780332679.json to Snowflake stage
[2026-06-01T17:48:15.546+0000] {logging_mixin.py:188} INFO - Uploaded /tmp/minio_downloads/1780332696.json to Snowflake stage
[2026-06-01T17:48:15.916+0000] {logging_mixin.py:188} INFO - Uploaded /tmp/minio_downloads/1780332711.json to Snowflake stage
[2026-06-01T17:48:16.275+0000] {logging_mixin.py:188} INFO - Uploaded /tmp/minio_downloads/1780332727.json to Snowflake stage
[2026-06-01T17:48:16.629+0000] {logging_mixin.py:188} INFO - Uploaded /tmp/minio_downloads/1780332744.json to Snowflake stage
[2026-06-01T17:48:16.984+0000] {logging_mixin.py:188} INFO - Uploaded /tmp/minio_downloads/1780332760.json to Snowflake stage
[2026-06-01T17:48:17.363+0000] {logging_mixin.py:188} INFO - Uploaded /tmp/minio_downloads/1780332778.json to Snowflake stage
[2026-06-01T17:48:17.709+0000] {logging_mixin.py:188} INFO - Uploaded /tmp/minio_downloads/1780332791.json to Snowflake stage
[2026-06-01T17:48:18.067+0000] {logging_mixin.py:188} INFO - Uploaded /tmp/minio_downloads/1780332805.json to Snowflake stage
[2026-06-01T17:48:18.836+0000] {logging_mixin.py:188} INFO - Uploaded /tmp/minio_downloads/1780332821.json to Snowflake stage
[2026-06-01T17:48:19.216+0000] {logging_mixin.py:188} INFO - Uploaded /tmp/minio_downloads/1780332838.json to Snowflake stage
[2026-06-01T17:48:19.578+0000] {logging_mixin.py:188} INFO - Uploaded /tmp/minio_downloads/1780332855.json to Snowflake stage
[2026-06-01T17:48:19.978+0000] {logging_mixin.py:188} INFO - Uploaded /tmp/minio_downloads/1780332871.json to Snowflake stage
[2026-06-01T17:48:20.359+0000] {logging_mixin.py:188} INFO - Uploaded /tmp/minio_downloads/1780332887.json to Snowflake stage
[2026-06-01T17:48:20.745+0000] {logging_mixin.py:188} INFO - Uploaded /tmp/minio_downloads/1780332903.json to Snowflake stage
[2026-06-01T17:48:21.303+0000] {logging_mixin.py:188} INFO - Uploaded /tmp/minio_downloads/1780332920.json to Snowflake stage
[2026-06-01T17:48:21.662+0000] {logging_mixin.py:188} INFO - Uploaded /tmp/minio_downloads/1780332937.json to Snowflake stage
[2026-06-01T17:48:22.024+0000] {logging_mixin.py:188} INFO - Uploaded /tmp/minio_downloads/1780332954.json to Snowflake stage
[2026-06-01T17:48:22.383+0000] {logging_mixin.py:188} INFO - Uploaded /tmp/minio_downloads/1780332967.json to Snowflake stage
[2026-06-01T17:48:22.754+0000] {logging_mixin.py:188} INFO - Uploaded /tmp/minio_downloads/1780332986.json to Snowflake stage
[2026-06-01T17:48:23.150+0000] {logging_mixin.py:188} INFO - Uploaded /tmp/minio_downloads/1780333001.json to Snowflake stage
[2026-06-01T17:48:23.602+0000] {logging_mixin.py:188} INFO - Uploaded /tmp/minio_downloads/1780333017.json to Snowflake stage
[2026-06-01T17:48:24.274+0000] {logging_mixin.py:188} INFO - Uploaded /tmp/minio_downloads/1780333032.json to Snowflake stage
[2026-06-01T17:48:24.769+0000] {logging_mixin.py:188} INFO - Uploaded /tmp/minio_downloads/1780333047.json to Snowflake stage
[2026-06-01T17:48:25.248+0000] {logging_mixin.py:188} INFO - Uploaded /tmp/minio_downloads/1780333063.json to Snowflake stage
[2026-06-01T17:48:25.715+0000] {logging_mixin.py:188} INFO - Uploaded /tmp/minio_downloads/1780333081.json to Snowflake stage
[2026-06-01T17:48:26.637+0000] {logging_mixin.py:188} INFO - Uploaded /tmp/minio_downloads/1780333104.json to Snowflake stage
[2026-06-01T17:48:27.102+0000] {logging_mixin.py:188} INFO - Uploaded /tmp/minio_downloads/1780333123.json to Snowflake stage
[2026-06-01T17:48:27.681+0000] {logging_mixin.py:188} INFO - Uploaded /tmp/minio_downloads/1780333139.json to Snowflake stage
[2026-06-01T17:48:28.056+0000] {logging_mixin.py:188} INFO - Uploaded /tmp/minio_downloads/1780333156.json to Snowflake stage
[2026-06-01T17:48:28.435+0000] {logging_mixin.py:188} INFO - Uploaded /tmp/minio_downloads/1780333171.json to Snowflake stage
[2026-06-01T17:48:28.846+0000] {logging_mixin.py:188} INFO - Uploaded /tmp/minio_downloads/1780333187.json to Snowflake stage
[2026-06-01T17:48:29.252+0000] {logging_mixin.py:188} INFO - Uploaded /tmp/minio_downloads/1780333202.json to Snowflake stage
[2026-06-01T17:48:29.644+0000] {logging_mixin.py:188} INFO - Uploaded /tmp/minio_downloads/1780333217.json to Snowflake stage
[2026-06-01T17:48:30.012+0000] {logging_mixin.py:188} INFO - Uploaded /tmp/minio_downloads/1780333233.json to Snowflake stage
[2026-06-01T17:48:31.287+0000] {logging_mixin.py:188} INFO - Uploaded /tmp/minio_downloads/1780333247.json to Snowflake stage
[2026-06-01T17:48:31.687+0000] {logging_mixin.py:188} INFO - Uploaded /tmp/minio_downloads/1780333259.json to Snowflake stage
[2026-06-01T17:48:32.092+0000] {logging_mixin.py:188} INFO - Uploaded /tmp/minio_downloads/1780333271.json to Snowflake stage
[2026-06-01T17:48:32.467+0000] {logging_mixin.py:188} INFO - Uploaded /tmp/minio_downloads/1780333283.json to Snowflake stage
[2026-06-01T17:48:32.841+0000] {logging_mixin.py:188} INFO - Uploaded /tmp/minio_downloads/1780333295.json to Snowflake stage
[2026-06-01T17:48:33.195+0000] {logging_mixin.py:188} INFO - Uploaded /tmp/minio_downloads/1780333308.json to Snowflake stage
[2026-06-01T17:48:33.543+0000] {logging_mixin.py:188} INFO - Uploaded /tmp/minio_downloads/1780333320.json to Snowflake stage
[2026-06-01T17:48:33.893+0000] {logging_mixin.py:188} INFO - Uploaded /tmp/minio_downloads/1780333332.json to Snowflake stage
[2026-06-01T17:48:34.283+0000] {logging_mixin.py:188} INFO - Uploaded /tmp/minio_downloads/1780333346.json to Snowflake stage
[2026-06-01T17:48:34.637+0000] {logging_mixin.py:188} INFO - Uploaded /tmp/minio_downloads/1780333362.json to Snowflake stage
[2026-06-01T17:48:34.999+0000] {logging_mixin.py:188} INFO - Uploaded /tmp/minio_downloads/1780333379.json to Snowflake stage
[2026-06-01T17:48:35.383+0000] {logging_mixin.py:188} INFO - Uploaded /tmp/minio_downloads/1780333393.json to Snowflake stage
[2026-06-01T17:48:35.797+0000] {logging_mixin.py:188} INFO - Uploaded /tmp/minio_downloads/1780333410.json to Snowflake stage
[2026-06-01T17:48:36.163+0000] {logging_mixin.py:188} INFO - Uploaded /tmp/minio_downloads/1780333421.json to Snowflake stage
[2026-06-01T17:48:36.525+0000] {logging_mixin.py:188} INFO - Uploaded /tmp/minio_downloads/1780333434.json to Snowflake stage
[2026-06-01T17:48:36.956+0000] {cursor.py:1149} INFO - Number of results in first chunk: 1
[2026-06-01T17:48:36.957+0000] {logging_mixin.py:188} INFO - COPY INTO executed
[2026-06-01T17:48:36.958+0000] {connection.py:773} INFO - closed
[2026-06-01T17:48:37.104+0000] {connection.py:779} INFO - No async queries seem to be running, deleting session
[2026-06-01T17:48:37.261+0000] {python.py:237} INFO - Done. Returned value was: None
[2026-06-01T17:48:37.262+0000] {taskinstance.py:441} INFO - ::group::Post task execution logs
[2026-06-01T17:48:37.295+0000] {taskinstance.py:1206} INFO - Marking task as SUCCESS. dag_id=minio_to_snowflake, task_id=load_snowflake, run_id=scheduled__2026-06-01T17:38:00+00:00, execution_date=20260601T173800, start_date=20260601T174437, end_date=20260601T174837
[2026-06-01T17:48:37.374+0000] {local_task_job_runner.py:243} INFO - Task exited with return code 0
[2026-06-01T17:48:37.619+0000] {taskinstance.py:3503} INFO - 0 downstream tasks scheduled from follow-on schedule check
[2026-06-01T17:48:37.629+0000] {local_task_job_runner.py:222} INFO - ::endgroup::
