[2026-05-29T13:19:09.101+0000] {local_task_job_runner.py:120} INFO - ::group::Pre task execution logs
[2026-05-29T13:19:09.182+0000] {taskinstance.py:2076} INFO - Dependencies all met for dep_context=non-requeueable deps ti=<TaskInstance: minio_to_snowflake.download_minio scheduled__2026-05-29T13:18:00+00:00 [queued]>
[2026-05-29T13:19:09.206+0000] {taskinstance.py:2076} INFO - Dependencies all met for dep_context=requeueable deps ti=<TaskInstance: minio_to_snowflake.download_minio scheduled__2026-05-29T13:18:00+00:00 [queued]>
[2026-05-29T13:19:09.208+0000] {taskinstance.py:2306} INFO - Starting attempt 1 of 2
[2026-05-29T13:19:09.241+0000] {taskinstance.py:2330} INFO - Executing <Task(PythonOperator): download_minio> on 2026-05-29 13:18:00+00:00
[2026-05-29T13:19:09.257+0000] {standard_task_runner.py:90} INFO - Running: ['***', 'tasks', 'run', 'minio_to_snowflake', 'download_minio', 'scheduled__2026-05-29T13:18:00+00:00', '--job-id', '184', '--raw', '--subdir', 'DAGS_FOLDER/minio_to_snowflake.py', '--cfg-path', '/tmp/tmp3_rj7jmn']
[2026-05-29T13:19:09.263+0000] {standard_task_runner.py:91} INFO - Job 184: Subtask download_minio
[2026-05-29T13:19:09.264+0000] {logging_mixin.py:188} WARNING - /home/***/.local/lib/python3.12/site-packages/***/task/task_runner/standard_task_runner.py:62 DeprecationWarning: This process (pid=38713) is multi-threaded, use of fork() may lead to deadlocks in the child.
[2026-05-29T13:19:09.266+0000] {standard_task_runner.py:64} INFO - Started process 38726 to run task
[2026-05-29T13:19:09.374+0000] {task_command.py:426} INFO - Running <TaskInstance: minio_to_snowflake.download_minio scheduled__2026-05-29T13:18:00+00:00 [running]> on host 0a790aba60c9
[2026-05-29T13:19:09.535+0000] {taskinstance.py:2648} INFO - Exporting env vars: AIRFLOW_CTX_DAG_OWNER='***' AIRFLOW_CTX_DAG_ID='minio_to_snowflake' AIRFLOW_CTX_TASK_ID='download_minio' AIRFLOW_CTX_EXECUTION_DATE='2026-05-29T13:18:00+00:00' AIRFLOW_CTX_TRY_NUMBER='1' AIRFLOW_CTX_DAG_RUN_ID='scheduled__2026-05-29T13:18:00+00:00'
[2026-05-29T13:19:09.538+0000] {taskinstance.py:430} INFO - ::endgroup::
[2026-05-29T13:19:10.259+0000] {logging_mixin.py:188} INFO - Downloaded AAPL/1776277487.json -> /tmp/minio_downloads/1776277487.json
[2026-05-29T13:19:10.275+0000] {logging_mixin.py:188} INFO - Downloaded AAPL/1776277502.json -> /tmp/minio_downloads/1776277502.json
[2026-05-29T13:19:10.292+0000] {logging_mixin.py:188} INFO - Downloaded AAPL/1776277516.json -> /tmp/minio_downloads/1776277516.json
[2026-05-29T13:19:10.308+0000] {logging_mixin.py:188} INFO - Downloaded AAPL/1776277531.json -> /tmp/minio_downloads/1776277531.json
[2026-05-29T13:19:10.324+0000] {logging_mixin.py:188} INFO - Downloaded AAPL/1776277559.json -> /tmp/minio_downloads/1776277559.json
[2026-05-29T13:19:10.341+0000] {logging_mixin.py:188} INFO - Downloaded AAPL/1776277578.json -> /tmp/minio_downloads/1776277578.json
[2026-05-29T13:19:10.355+0000] {logging_mixin.py:188} INFO - Downloaded AAPL/1776277599.json -> /tmp/minio_downloads/1776277599.json
[2026-05-29T13:19:10.372+0000] {logging_mixin.py:188} INFO - Downloaded AAPL/1776277622.json -> /tmp/minio_downloads/1776277622.json
[2026-05-29T13:19:10.388+0000] {logging_mixin.py:188} INFO - Downloaded AAPL/1776277642.json -> /tmp/minio_downloads/1776277642.json
[2026-05-29T13:19:10.404+0000] {logging_mixin.py:188} INFO - Downloaded AAPL/1776277660.json -> /tmp/minio_downloads/1776277660.json
[2026-05-29T13:19:10.420+0000] {logging_mixin.py:188} INFO - Downloaded AAPL/1776277680.json -> /tmp/minio_downloads/1776277680.json
[2026-05-29T13:19:10.439+0000] {logging_mixin.py:188} INFO - Downloaded AAPL/1776277699.json -> /tmp/minio_downloads/1776277699.json
[2026-05-29T13:19:10.458+0000] {logging_mixin.py:188} INFO - Downloaded AAPL/1776277721.json -> /tmp/minio_downloads/1776277721.json
[2026-05-29T13:19:10.478+0000] {logging_mixin.py:188} INFO - Downloaded AAPL/1776277743.json -> /tmp/minio_downloads/1776277743.json
[2026-05-29T13:19:10.501+0000] {logging_mixin.py:188} INFO - Downloaded AAPL/1776277760.json -> /tmp/minio_downloads/1776277760.json
[2026-05-29T13:19:10.534+0000] {logging_mixin.py:188} INFO - Downloaded AAPL/1776277783.json -> /tmp/minio_downloads/1776277783.json
[2026-05-29T13:19:10.596+0000] {logging_mixin.py:188} INFO - Downloaded AAPL/1776277846.json -> /tmp/minio_downloads/1776277846.json
[2026-05-29T13:19:10.666+0000] {logging_mixin.py:188} INFO - Downloaded AAPL/1776277908.json -> /tmp/minio_downloads/1776277908.json
[2026-05-29T13:19:10.707+0000] {logging_mixin.py:188} INFO - Downloaded AAPL/1776277937.json -> /tmp/minio_downloads/1776277937.json
[2026-05-29T13:19:10.768+0000] {logging_mixin.py:188} INFO - Downloaded AAPL/1776278001.json -> /tmp/minio_downloads/1776278001.json
[2026-05-29T13:19:10.819+0000] {logging_mixin.py:188} INFO - Downloaded AAPL/1776278170.json -> /tmp/minio_downloads/1776278170.json
[2026-05-29T13:19:10.846+0000] {logging_mixin.py:188} INFO - Downloaded AAPL/1776278236.json -> /tmp/minio_downloads/1776278236.json
[2026-05-29T13:19:10.872+0000] {logging_mixin.py:188} INFO - Downloaded AAPL/1776278302.json -> /tmp/minio_downloads/1776278302.json
[2026-05-29T13:19:10.892+0000] {logging_mixin.py:188} INFO - Downloaded AAPL/1776278325.json -> /tmp/minio_downloads/1776278325.json
[2026-05-29T13:19:10.912+0000] {logging_mixin.py:188} INFO - Downloaded AAPL/1776278347.json -> /tmp/minio_downloads/1776278347.json
[2026-05-29T13:19:10.936+0000] {logging_mixin.py:188} INFO - Downloaded AAPL/1776278367.json -> /tmp/minio_downloads/1776278367.json
[2026-05-29T13:19:10.956+0000] {logging_mixin.py:188} INFO - Downloaded AAPL/1776278390.json -> /tmp/minio_downloads/1776278390.json
[2026-05-29T13:19:10.980+0000] {logging_mixin.py:188} INFO - Downloaded AAPL/1776278409.json -> /tmp/minio_downloads/1776278409.json
[2026-05-29T13:19:11.002+0000] {logging_mixin.py:188} INFO - Downloaded AAPL/1776278431.json -> /tmp/minio_downloads/1776278431.json
[2026-05-29T13:19:11.022+0000] {logging_mixin.py:188} INFO - Downloaded AAPL/1776278457.json -> /tmp/minio_downloads/1776278457.json
[2026-05-29T13:19:11.042+0000] {logging_mixin.py:188} INFO - Downloaded AAPL/1776278485.json -> /tmp/minio_downloads/1776278485.json
[2026-05-29T13:19:11.062+0000] {logging_mixin.py:188} INFO - Downloaded AAPL/1776278508.json -> /tmp/minio_downloads/1776278508.json
[2026-05-29T13:19:11.083+0000] {logging_mixin.py:188} INFO - Downloaded AAPL/1776278545.json -> /tmp/minio_downloads/1776278545.json
[2026-05-29T13:19:11.109+0000] {logging_mixin.py:188} INFO - Downloaded AAPL/1776278578.json -> /tmp/minio_downloads/1776278578.json
[2026-05-29T13:19:11.153+0000] {logging_mixin.py:188} INFO - Downloaded AAPL/1776278603.json -> /tmp/minio_downloads/1776278603.json
[2026-05-29T13:19:11.212+0000] {logging_mixin.py:188} INFO - Downloaded AAPL/1776278625.json -> /tmp/minio_downloads/1776278625.json
[2026-05-29T13:19:11.255+0000] {logging_mixin.py:188} INFO - Downloaded AAPL/1776278651.json -> /tmp/minio_downloads/1776278651.json
[2026-05-29T13:19:11.280+0000] {logging_mixin.py:188} INFO - Downloaded AAPL/1776278679.json -> /tmp/minio_downloads/1776278679.json
[2026-05-29T13:19:11.305+0000] {logging_mixin.py:188} INFO - Downloaded AAPL/1776278710.json -> /tmp/minio_downloads/1776278710.json
[2026-05-29T13:19:11.327+0000] {logging_mixin.py:188} INFO - Downloaded AAPL/1776278746.json -> /tmp/minio_downloads/1776278746.json
[2026-05-29T13:19:11.347+0000] {logging_mixin.py:188} INFO - Downloaded AAPL/1776278788.json -> /tmp/minio_downloads/1776278788.json
[2026-05-29T13:19:11.365+0000] {logging_mixin.py:188} INFO - Downloaded AAPL/1776278832.json -> /tmp/minio_downloads/1776278832.json
[2026-05-29T13:19:11.383+0000] {logging_mixin.py:188} INFO - Downloaded AAPL/1776278887.json -> /tmp/minio_downloads/1776278887.json
[2026-05-29T13:19:11.399+0000] {logging_mixin.py:188} INFO - Downloaded AAPL/1776278969.json -> /tmp/minio_downloads/1776278969.json
[2026-05-29T13:19:11.416+0000] {logging_mixin.py:188} INFO - Downloaded AAPL/1776279066.json -> /tmp/minio_downloads/1776279066.json
[2026-05-29T13:19:11.435+0000] {logging_mixin.py:188} INFO - Downloaded AAPL/1776279195.json -> /tmp/minio_downloads/1776279195.json
[2026-05-29T13:19:11.456+0000] {logging_mixin.py:188} INFO - Downloaded AAPL/1776279275.json -> /tmp/minio_downloads/1776279275.json
[2026-05-29T13:19:11.475+0000] {logging_mixin.py:188} INFO - Downloaded AAPL/1776279336.json -> /tmp/minio_downloads/1776279336.json
[2026-05-29T13:19:11.497+0000] {logging_mixin.py:188} INFO - Downloaded AAPL/1776279359.json -> /tmp/minio_downloads/1776279359.json
[2026-05-29T13:19:11.536+0000] {logging_mixin.py:188} INFO - Downloaded AAPL/1776279389.json -> /tmp/minio_downloads/1776279389.json
[2026-05-29T13:19:11.561+0000] {logging_mixin.py:188} INFO - Downloaded AAPL/1776279416.json -> /tmp/minio_downloads/1776279416.json
[2026-05-29T13:19:11.585+0000] {logging_mixin.py:188} INFO - Downloaded AAPL/1776279460.json -> /tmp/minio_downloads/1776279460.json
[2026-05-29T13:19:11.636+0000] {logging_mixin.py:188} INFO - Downloaded AAPL/1776279504.json -> /tmp/minio_downloads/1776279504.json
[2026-05-29T13:19:11.661+0000] {logging_mixin.py:188} INFO - Downloaded AAPL/1776279549.json -> /tmp/minio_downloads/1776279549.json
[2026-05-29T13:19:11.689+0000] {logging_mixin.py:188} INFO - Downloaded AAPL/1776279636.json -> /tmp/minio_downloads/1776279636.json
[2026-05-29T13:19:11.721+0000] {logging_mixin.py:188} INFO - Downloaded AAPL/1776279743.json -> /tmp/minio_downloads/1776279743.json
[2026-05-29T13:19:11.770+0000] {logging_mixin.py:188} INFO - Downloaded AAPL/1776279791.json -> /tmp/minio_downloads/1776279791.json
[2026-05-29T13:19:11.803+0000] {logging_mixin.py:188} INFO - Downloaded AAPL/1776279819.json -> /tmp/minio_downloads/1776279819.json
[2026-05-29T13:19:11.835+0000] {logging_mixin.py:188} INFO - Downloaded AAPL/1776279909.json -> /tmp/minio_downloads/1776279909.json
[2026-05-29T13:19:11.859+0000] {logging_mixin.py:188} INFO - Downloaded AAPL/1776280000.json -> /tmp/minio_downloads/1776280000.json
[2026-05-29T13:19:11.891+0000] {logging_mixin.py:188} INFO - Downloaded AAPL/1776280125.json -> /tmp/minio_downloads/1776280125.json
[2026-05-29T13:19:11.920+0000] {logging_mixin.py:188} INFO - Downloaded AAPL/1776280199.json -> /tmp/minio_downloads/1776280199.json
[2026-05-29T13:19:11.942+0000] {logging_mixin.py:188} INFO - Downloaded AAPL/1776280221.json -> /tmp/minio_downloads/1776280221.json
[2026-05-29T13:19:11.964+0000] {logging_mixin.py:188} INFO - Downloaded AAPL/1776280247.json -> /tmp/minio_downloads/1776280247.json
[2026-05-29T13:19:11.984+0000] {logging_mixin.py:188} INFO - Downloaded AAPL/1776280280.json -> /tmp/minio_downloads/1776280280.json
[2026-05-29T13:19:12.005+0000] {logging_mixin.py:188} INFO - Downloaded AAPL/1776280307.json -> /tmp/minio_downloads/1776280307.json
[2026-05-29T13:19:12.039+0000] {logging_mixin.py:188} INFO - Downloaded AAPL/1776280331.json -> /tmp/minio_downloads/1776280331.json
[2026-05-29T13:19:12.075+0000] {logging_mixin.py:188} INFO - Downloaded AAPL/1776280363.json -> /tmp/minio_downloads/1776280363.json
[2026-05-29T13:19:12.102+0000] {logging_mixin.py:188} INFO - Downloaded AAPL/1776280405.json -> /tmp/minio_downloads/1776280405.json
[2026-05-29T13:19:12.147+0000] {logging_mixin.py:188} INFO - Downloaded AAPL/1776280430.json -> /tmp/minio_downloads/1776280430.json
[2026-05-29T13:19:12.181+0000] {logging_mixin.py:188} INFO - Downloaded AAPL/1776280455.json -> /tmp/minio_downloads/1776280455.json
[2026-05-29T13:19:12.199+0000] {logging_mixin.py:188} INFO - Downloaded AAPL/1776280475.json -> /tmp/minio_downloads/1776280475.json
[2026-05-29T13:19:12.215+0000] {logging_mixin.py:188} INFO - Downloaded AAPL/1776280493.json -> /tmp/minio_downloads/1776280493.json
[2026-05-29T13:19:12.229+0000] {logging_mixin.py:188} INFO - Downloaded AAPL/1776280511.json -> /tmp/minio_downloads/1776280511.json
[2026-05-29T13:19:12.245+0000] {logging_mixin.py:188} INFO - Downloaded AAPL/1776280533.json -> /tmp/minio_downloads/1776280533.json
[2026-05-29T13:19:12.264+0000] {logging_mixin.py:188} INFO - Downloaded AAPL/1776280562.json -> /tmp/minio_downloads/1776280562.json
[2026-05-29T13:19:12.286+0000] {logging_mixin.py:188} INFO - Downloaded AAPL/1776280580.json -> /tmp/minio_downloads/1776280580.json
[2026-05-29T13:19:12.305+0000] {logging_mixin.py:188} INFO - Downloaded AAPL/1776280603.json -> /tmp/minio_downloads/1776280603.json
[2026-05-29T13:19:12.321+0000] {logging_mixin.py:188} INFO - Downloaded AAPL/1776280627.json -> /tmp/minio_downloads/1776280627.json
[2026-05-29T13:19:12.338+0000] {logging_mixin.py:188} INFO - Downloaded AAPL/1776280649.json -> /tmp/minio_downloads/1776280649.json
[2026-05-29T13:19:12.356+0000] {logging_mixin.py:188} INFO - Downloaded AAPL/1776280669.json -> /tmp/minio_downloads/1776280669.json
[2026-05-29T13:19:12.373+0000] {logging_mixin.py:188} INFO - Downloaded AAPL/1776280690.json -> /tmp/minio_downloads/1776280690.json
[2026-05-29T13:19:12.391+0000] {logging_mixin.py:188} INFO - Downloaded AAPL/1776280708.json -> /tmp/minio_downloads/1776280708.json
[2026-05-29T13:19:12.406+0000] {logging_mixin.py:188} INFO - Downloaded AAPL/1776280728.json -> /tmp/minio_downloads/1776280728.json
[2026-05-29T13:19:12.420+0000] {logging_mixin.py:188} INFO - Downloaded AAPL/1776280747.json -> /tmp/minio_downloads/1776280747.json
[2026-05-29T13:19:12.434+0000] {logging_mixin.py:188} INFO - Downloaded AAPL/1776280771.json -> /tmp/minio_downloads/1776280771.json
[2026-05-29T13:19:12.455+0000] {logging_mixin.py:188} INFO - Downloaded AAPL/1776280791.json -> /tmp/minio_downloads/1776280791.json
[2026-05-29T13:19:12.477+0000] {logging_mixin.py:188} INFO - Downloaded AAPL/1776280815.json -> /tmp/minio_downloads/1776280815.json
[2026-05-29T13:19:12.500+0000] {logging_mixin.py:188} INFO - Downloaded AAPL/1776280836.json -> /tmp/minio_downloads/1776280836.json
[2026-05-29T13:19:12.527+0000] {logging_mixin.py:188} INFO - Downloaded AAPL/1776280857.json -> /tmp/minio_downloads/1776280857.json
[2026-05-29T13:19:12.559+0000] {logging_mixin.py:188} INFO - Downloaded AAPL/1776280878.json -> /tmp/minio_downloads/1776280878.json
[2026-05-29T13:19:12.580+0000] {logging_mixin.py:188} INFO - Downloaded AAPL/1776280895.json -> /tmp/minio_downloads/1776280895.json
[2026-05-29T13:19:12.599+0000] {logging_mixin.py:188} INFO - Downloaded AAPL/1776280914.json -> /tmp/minio_downloads/1776280914.json
[2026-05-29T13:19:12.614+0000] {logging_mixin.py:188} INFO - Downloaded AAPL/1776280933.json -> /tmp/minio_downloads/1776280933.json
[2026-05-29T13:19:12.631+0000] {logging_mixin.py:188} INFO - Downloaded AAPL/1776280956.json -> /tmp/minio_downloads/1776280956.json
[2026-05-29T13:19:12.647+0000] {logging_mixin.py:188} INFO - Downloaded AAPL/1776280978.json -> /tmp/minio_downloads/1776280978.json
[2026-05-29T13:19:12.663+0000] {logging_mixin.py:188} INFO - Downloaded AAPL/1776280997.json -> /tmp/minio_downloads/1776280997.json
[2026-05-29T13:19:12.677+0000] {logging_mixin.py:188} INFO - Downloaded AAPL/1776281020.json -> /tmp/minio_downloads/1776281020.json
[2026-05-29T13:19:12.689+0000] {logging_mixin.py:188} INFO - Downloaded AAPL/1776281041.json -> /tmp/minio_downloads/1776281041.json
[2026-05-29T13:19:12.702+0000] {logging_mixin.py:188} INFO - Downloaded AAPL/1776281062.json -> /tmp/minio_downloads/1776281062.json
[2026-05-29T13:19:12.713+0000] {logging_mixin.py:188} INFO - Downloaded AAPL/1776281086.json -> /tmp/minio_downloads/1776281086.json
[2026-05-29T13:19:12.727+0000] {logging_mixin.py:188} INFO - Downloaded AAPL/1776281105.json -> /tmp/minio_downloads/1776281105.json
[2026-05-29T13:19:12.745+0000] {logging_mixin.py:188} INFO - Downloaded AMZN/1776277494.json -> /tmp/minio_downloads/1776277494.json
[2026-05-29T13:19:12.768+0000] {logging_mixin.py:188} INFO - Downloaded AMZN/1776277508.json -> /tmp/minio_downloads/1776277508.json
[2026-05-29T13:19:12.790+0000] {logging_mixin.py:188} INFO - Downloaded AMZN/1776277523.json -> /tmp/minio_downloads/1776277523.json
[2026-05-29T13:19:12.807+0000] {logging_mixin.py:188} INFO - Downloaded AMZN/1776277552.json -> /tmp/minio_downloads/1776277552.json
[2026-05-29T13:19:12.825+0000] {logging_mixin.py:188} INFO - Downloaded AMZN/1776277569.json -> /tmp/minio_downloads/1776277569.json
[2026-05-29T13:19:12.844+0000] {logging_mixin.py:188} INFO - Downloaded AMZN/1776277590.json -> /tmp/minio_downloads/1776277590.json
[2026-05-29T13:19:12.870+0000] {logging_mixin.py:188} INFO - Downloaded AMZN/1776277614.json -> /tmp/minio_downloads/1776277614.json
[2026-05-29T13:19:12.888+0000] {logging_mixin.py:188} INFO - Downloaded AMZN/1776277632.json -> /tmp/minio_downloads/1776277632.json
[2026-05-29T13:19:12.905+0000] {logging_mixin.py:188} INFO - Downloaded AMZN/1776277652.json -> /tmp/minio_downloads/1776277652.json
[2026-05-29T13:19:12.920+0000] {logging_mixin.py:188} INFO - Downloaded AMZN/1776277672.json -> /tmp/minio_downloads/1776277672.json
[2026-05-29T13:19:12.933+0000] {logging_mixin.py:188} INFO - Downloaded AMZN/1776277691.json -> /tmp/minio_downloads/1776277691.json
[2026-05-29T13:19:12.945+0000] {logging_mixin.py:188} INFO - Downloaded AMZN/1776277709.json -> /tmp/minio_downloads/1776277709.json
[2026-05-29T13:19:12.960+0000] {logging_mixin.py:188} INFO - Downloaded AMZN/1776277736.json -> /tmp/minio_downloads/1776277736.json
[2026-05-29T13:19:12.979+0000] {logging_mixin.py:188} INFO - Downloaded AMZN/1776277752.json -> /tmp/minio_downloads/1776277752.json
[2026-05-29T13:19:12.992+0000] {logging_mixin.py:188} INFO - Downloaded AMZN/1776277774.json -> /tmp/minio_downloads/1776277774.json
[2026-05-29T13:19:13.004+0000] {logging_mixin.py:188} INFO - Downloaded AMZN/1776277837.json -> /tmp/minio_downloads/1776277837.json
[2026-05-29T13:19:13.023+0000] {logging_mixin.py:188} INFO - Downloaded AMZN/1776277879.json -> /tmp/minio_downloads/1776277879.json
[2026-05-29T13:19:13.040+0000] {logging_mixin.py:188} INFO - Downloaded AMZN/1776277921.json -> /tmp/minio_downloads/1776277921.json
[2026-05-29T13:19:13.058+0000] {logging_mixin.py:188} INFO - Downloaded AMZN/1776277971.json -> /tmp/minio_downloads/1776277971.json
[2026-05-29T13:19:13.072+0000] {logging_mixin.py:188} INFO - Downloaded AMZN/1776278206.json -> /tmp/minio_downloads/1776278206.json
[2026-05-29T13:19:13.090+0000] {logging_mixin.py:188} INFO - Downloaded AMZN/1776278293.json -> /tmp/minio_downloads/1776278293.json
[2026-05-29T13:19:13.108+0000] {logging_mixin.py:188} INFO - Downloaded AMZN/1776278316.json -> /tmp/minio_downloads/1776278316.json
[2026-05-29T13:19:13.126+0000] {logging_mixin.py:188} INFO - Downloaded AMZN/1776278338.json -> /tmp/minio_downloads/1776278338.json
[2026-05-29T13:19:13.162+0000] {logging_mixin.py:188} INFO - Downloaded AMZN/1776278358.json -> /tmp/minio_downloads/1776278358.json
[2026-05-29T13:19:13.184+0000] {logging_mixin.py:188} INFO - Downloaded AMZN/1776278381.json -> /tmp/minio_downloads/1776278381.json
[2026-05-29T13:19:13.202+0000] {logging_mixin.py:188} INFO - Downloaded AMZN/1776278400.json -> /tmp/minio_downloads/1776278400.json
[2026-05-29T13:19:13.219+0000] {logging_mixin.py:188} INFO - Downloaded AMZN/1776278422.json -> /tmp/minio_downloads/1776278422.json
[2026-05-29T13:19:13.240+0000] {logging_mixin.py:188} INFO - Downloaded AMZN/1776278444.json -> /tmp/minio_downloads/1776278444.json
[2026-05-29T13:19:13.261+0000] {logging_mixin.py:188} INFO - Downloaded AMZN/1776278476.json -> /tmp/minio_downloads/1776278476.json
[2026-05-29T13:19:13.278+0000] {logging_mixin.py:188} INFO - Downloaded AMZN/1776278497.json -> /tmp/minio_downloads/1776278497.json
[2026-05-29T13:19:13.294+0000] {logging_mixin.py:188} INFO - Downloaded AMZN/1776278533.json -> /tmp/minio_downloads/1776278533.json
[2026-05-29T13:19:13.310+0000] {logging_mixin.py:188} INFO - Downloaded AMZN/1776278568.json -> /tmp/minio_downloads/1776278568.json
[2026-05-29T13:19:13.325+0000] {logging_mixin.py:188} INFO - Downloaded AMZN/1776278592.json -> /tmp/minio_downloads/1776278592.json
[2026-05-29T13:19:13.340+0000] {logging_mixin.py:188} INFO - Downloaded AMZN/1776278616.json -> /tmp/minio_downloads/1776278616.json
[2026-05-29T13:19:13.362+0000] {logging_mixin.py:188} INFO - Downloaded AMZN/1776278640.json -> /tmp/minio_downloads/1776278640.json
[2026-05-29T13:19:13.382+0000] {logging_mixin.py:188} INFO - Downloaded AMZN/1776278667.json -> /tmp/minio_downloads/1776278667.json
[2026-05-29T13:19:13.402+0000] {logging_mixin.py:188} INFO - Downloaded AMZN/1776278697.json -> /tmp/minio_downloads/1776278697.json
[2026-05-29T13:19:13.418+0000] {logging_mixin.py:188} INFO - Downloaded AMZN/1776278735.json -> /tmp/minio_downloads/1776278735.json
[2026-05-29T13:19:13.438+0000] {logging_mixin.py:188} INFO - Downloaded AMZN/1776278777.json -> /tmp/minio_downloads/1776278777.json
[2026-05-29T13:19:13.455+0000] {logging_mixin.py:188} INFO - Downloaded AMZN/1776278812.json -> /tmp/minio_downloads/1776278812.json
[2026-05-29T13:19:13.473+0000] {logging_mixin.py:188} INFO - Downloaded AMZN/1776278865.json -> /tmp/minio_downloads/1776278865.json
[2026-05-29T13:19:13.490+0000] {logging_mixin.py:188} INFO - Downloaded AMZN/1776278937.json -> /tmp/minio_downloads/1776278937.json
[2026-05-29T13:19:13.509+0000] {logging_mixin.py:188} INFO - Downloaded AMZN/1776279036.json -> /tmp/minio_downloads/1776279036.json
[2026-05-29T13:19:13.526+0000] {logging_mixin.py:188} INFO - Downloaded AMZN/1776279181.json -> /tmp/minio_downloads/1776279181.json
[2026-05-29T13:19:13.541+0000] {logging_mixin.py:188} INFO - Downloaded AMZN/1776279262.json -> /tmp/minio_downloads/1776279262.json
[2026-05-29T13:19:13.555+0000] {logging_mixin.py:188} INFO - Downloaded AMZN/1776279348.json -> /tmp/minio_downloads/1776279348.json
[2026-05-29T13:19:13.569+0000] {logging_mixin.py:188} INFO - Downloaded AMZN/1776279379.json -> /tmp/minio_downloads/1776279379.json
[2026-05-29T13:19:13.583+0000] {logging_mixin.py:188} INFO - Downloaded AMZN/1776279406.json -> /tmp/minio_downloads/1776279406.json
[2026-05-29T13:19:13.596+0000] {logging_mixin.py:188} INFO - Downloaded AMZN/1776279446.json -> /tmp/minio_downloads/1776279446.json
[2026-05-29T13:19:13.607+0000] {logging_mixin.py:188} INFO - Downloaded AMZN/1776279485.json -> /tmp/minio_downloads/1776279485.json
[2026-05-29T13:19:13.622+0000] {logging_mixin.py:188} INFO - Downloaded AMZN/1776279532.json -> /tmp/minio_downloads/1776279532.json
[2026-05-29T13:19:13.638+0000] {logging_mixin.py:188} INFO - Downloaded AMZN/1776279602.json -> /tmp/minio_downloads/1776279602.json
[2026-05-29T13:19:13.654+0000] {logging_mixin.py:188} INFO - Downloaded AMZN/1776279710.json -> /tmp/minio_downloads/1776279710.json
[2026-05-29T13:19:13.669+0000] {logging_mixin.py:188} INFO - Downloaded AMZN/1776279781.json -> /tmp/minio_downloads/1776279781.json
[2026-05-29T13:19:13.687+0000] {logging_mixin.py:188} INFO - Downloaded AMZN/1776279810.json -> /tmp/minio_downloads/1776279810.json
[2026-05-29T13:19:13.705+0000] {logging_mixin.py:188} INFO - Downloaded AMZN/1776279899.json -> /tmp/minio_downloads/1776279899.json
[2026-05-29T13:19:13.728+0000] {logging_mixin.py:188} INFO - Downloaded AMZN/1776279989.json -> /tmp/minio_downloads/1776279989.json
[2026-05-29T13:19:13.750+0000] {logging_mixin.py:188} INFO - Downloaded AMZN/1776280095.json -> /tmp/minio_downloads/1776280095.json
[2026-05-29T13:19:13.768+0000] {logging_mixin.py:188} INFO - Downloaded AMZN/1776280189.json -> /tmp/minio_downloads/1776280189.json
[2026-05-29T13:19:13.784+0000] {logging_mixin.py:188} INFO - Downloaded AMZN/1776280212.json -> /tmp/minio_downloads/1776280212.json
[2026-05-29T13:19:13.801+0000] {logging_mixin.py:188} INFO - Downloaded AMZN/1776280234.json -> /tmp/minio_downloads/1776280234.json
[2026-05-29T13:19:13.819+0000] {logging_mixin.py:188} INFO - Downloaded AMZN/1776280270.json -> /tmp/minio_downloads/1776280270.json
[2026-05-29T13:19:13.841+0000] {logging_mixin.py:188} INFO - Downloaded AMZN/1776280295.json -> /tmp/minio_downloads/1776280295.json
[2026-05-29T13:19:13.862+0000] {logging_mixin.py:188} INFO - Downloaded AMZN/1776280322.json -> /tmp/minio_downloads/1776280322.json
[2026-05-29T13:19:13.907+0000] {logging_mixin.py:188} INFO - Downloaded AMZN/1776280352.json -> /tmp/minio_downloads/1776280352.json
[2026-05-29T13:19:13.933+0000] {logging_mixin.py:188} INFO - Downloaded AMZN/1776280394.json -> /tmp/minio_downloads/1776280394.json
[2026-05-29T13:19:13.955+0000] {logging_mixin.py:188} INFO - Downloaded AMZN/1776280421.json -> /tmp/minio_downloads/1776280421.json
[2026-05-29T13:19:13.973+0000] {logging_mixin.py:188} INFO - Downloaded AMZN/1776280444.json -> /tmp/minio_downloads/1776280444.json
[2026-05-29T13:19:13.992+0000] {logging_mixin.py:188} INFO - Downloaded AMZN/1776280467.json -> /tmp/minio_downloads/1776280467.json
[2026-05-29T13:19:14.009+0000] {logging_mixin.py:188} INFO - Downloaded AMZN/1776280485.json -> /tmp/minio_downloads/1776280485.json
[2026-05-29T13:19:14.027+0000] {logging_mixin.py:188} INFO - Downloaded AMZN/1776280501.json -> /tmp/minio_downloads/1776280501.json
[2026-05-29T13:19:14.040+0000] {logging_mixin.py:188} INFO - Downloaded AMZN/1776280523.json -> /tmp/minio_downloads/1776280523.json
[2026-05-29T13:19:14.056+0000] {logging_mixin.py:188} INFO - Downloaded AMZN/1776280554.json -> /tmp/minio_downloads/1776280554.json
[2026-05-29T13:19:14.073+0000] {logging_mixin.py:188} INFO - Downloaded AMZN/1776280571.json -> /tmp/minio_downloads/1776280571.json
[2026-05-29T13:19:14.090+0000] {logging_mixin.py:188} INFO - Downloaded AMZN/1776280594.json -> /tmp/minio_downloads/1776280594.json
[2026-05-29T13:19:14.106+0000] {logging_mixin.py:188} INFO - Downloaded AMZN/1776280618.json -> /tmp/minio_downloads/1776280618.json
[2026-05-29T13:19:14.134+0000] {logging_mixin.py:188} INFO - Downloaded AMZN/1776280640.json -> /tmp/minio_downloads/1776280640.json
[2026-05-29T13:19:14.158+0000] {logging_mixin.py:188} INFO - Downloaded AMZN/1776280661.json -> /tmp/minio_downloads/1776280661.json
[2026-05-29T13:19:14.180+0000] {logging_mixin.py:188} INFO - Downloaded AMZN/1776280680.json -> /tmp/minio_downloads/1776280680.json
[2026-05-29T13:19:14.201+0000] {logging_mixin.py:188} INFO - Downloaded AMZN/1776280700.json -> /tmp/minio_downloads/1776280700.json
[2026-05-29T13:19:14.218+0000] {logging_mixin.py:188} INFO - Downloaded AMZN/1776280720.json -> /tmp/minio_downloads/1776280720.json
[2026-05-29T13:19:14.240+0000] {logging_mixin.py:188} INFO - Downloaded AMZN/1776280737.json -> /tmp/minio_downloads/1776280737.json
[2026-05-29T13:19:14.269+0000] {logging_mixin.py:188} INFO - Downloaded AMZN/1776280762.json -> /tmp/minio_downloads/1776280762.json
[2026-05-29T13:19:14.286+0000] {logging_mixin.py:188} INFO - Downloaded AMZN/1776280782.json -> /tmp/minio_downloads/1776280782.json
[2026-05-29T13:19:14.302+0000] {logging_mixin.py:188} INFO - Downloaded AMZN/1776280806.json -> /tmp/minio_downloads/1776280806.json
[2026-05-29T13:19:14.321+0000] {logging_mixin.py:188} INFO - Downloaded AMZN/1776280827.json -> /tmp/minio_downloads/1776280827.json
[2026-05-29T13:19:14.338+0000] {logging_mixin.py:188} INFO - Downloaded AMZN/1776280847.json -> /tmp/minio_downloads/1776280847.json
[2026-05-29T13:19:14.354+0000] {logging_mixin.py:188} INFO - Downloaded AMZN/1776280869.json -> /tmp/minio_downloads/1776280869.json
[2026-05-29T13:19:14.369+0000] {logging_mixin.py:188} INFO - Downloaded AMZN/1776280886.json -> /tmp/minio_downloads/1776280886.json
[2026-05-29T13:19:14.385+0000] {logging_mixin.py:188} INFO - Downloaded AMZN/1776280904.json -> /tmp/minio_downloads/1776280904.json
[2026-05-29T13:19:14.399+0000] {logging_mixin.py:188} INFO - Downloaded AMZN/1776280924.json -> /tmp/minio_downloads/1776280924.json
[2026-05-29T13:19:14.411+0000] {logging_mixin.py:188} INFO - Downloaded AMZN/1776280947.json -> /tmp/minio_downloads/1776280947.json
[2026-05-29T13:19:14.427+0000] {logging_mixin.py:188} INFO - Downloaded AMZN/1776280969.json -> /tmp/minio_downloads/1776280969.json
[2026-05-29T13:19:14.446+0000] {logging_mixin.py:188} INFO - Downloaded AMZN/1776280989.json -> /tmp/minio_downloads/1776280989.json
[2026-05-29T13:19:14.463+0000] {logging_mixin.py:188} INFO - Downloaded AMZN/1776281011.json -> /tmp/minio_downloads/1776281011.json
[2026-05-29T13:19:14.480+0000] {logging_mixin.py:188} INFO - Downloaded AMZN/1776281032.json -> /tmp/minio_downloads/1776281032.json
[2026-05-29T13:19:14.495+0000] {logging_mixin.py:188} INFO - Downloaded AMZN/1776281053.json -> /tmp/minio_downloads/1776281053.json
[2026-05-29T13:19:14.509+0000] {logging_mixin.py:188} INFO - Downloaded AMZN/1776281077.json -> /tmp/minio_downloads/1776281077.json
[2026-05-29T13:19:14.525+0000] {logging_mixin.py:188} INFO - Downloaded AMZN/1776281098.json -> /tmp/minio_downloads/1776281098.json
[2026-05-29T13:19:14.540+0000] {logging_mixin.py:188} INFO - Downloaded GOOGL/1776277492.json -> /tmp/minio_downloads/1776277492.json
[2026-05-29T13:19:14.557+0000] {logging_mixin.py:188} INFO - Downloaded GOOGL/1776277506.json -> /tmp/minio_downloads/1776277506.json
[2026-05-29T13:19:14.573+0000] {logging_mixin.py:188} INFO - Downloaded GOOGL/1776277521.json -> /tmp/minio_downloads/1776277521.json
[2026-05-29T13:19:14.590+0000] {logging_mixin.py:188} INFO - Downloaded GOOGL/1776277549.json -> /tmp/minio_downloads/1776277549.json
[2026-05-29T13:19:14.619+0000] {logging_mixin.py:188} INFO - Downloaded GOOGL/1776277564.json -> /tmp/minio_downloads/1776277564.json
[2026-05-29T13:19:14.636+0000] {logging_mixin.py:188} INFO - Downloaded GOOGL/1776277587.json -> /tmp/minio_downloads/1776277587.json
[2026-05-29T13:19:14.651+0000] {logging_mixin.py:188} INFO - Downloaded GOOGL/1776277611.json -> /tmp/minio_downloads/1776277611.json
[2026-05-29T13:19:14.667+0000] {logging_mixin.py:188} INFO - Downloaded GOOGL/1776277631.json -> /tmp/minio_downloads/1776277631.json
[2026-05-29T13:19:14.683+0000] {logging_mixin.py:188} INFO - Downloaded GOOGL/1776277649.json -> /tmp/minio_downloads/1776277649.json
[2026-05-29T13:19:14.700+0000] {logging_mixin.py:188} INFO - Downloaded GOOGL/1776277669.json -> /tmp/minio_downloads/1776277669.json
[2026-05-29T13:19:14.721+0000] {logging_mixin.py:188} INFO - Downloaded GOOGL/1776277688.json -> /tmp/minio_downloads/1776277688.json
[2026-05-29T13:19:14.737+0000] {logging_mixin.py:188} INFO - Downloaded GOOGL/1776277706.json -> /tmp/minio_downloads/1776277706.json
[2026-05-29T13:19:14.753+0000] {logging_mixin.py:188} INFO - Downloaded GOOGL/1776277732.json -> /tmp/minio_downloads/1776277732.json
[2026-05-29T13:19:14.769+0000] {logging_mixin.py:188} INFO - Downloaded GOOGL/1776277750.json -> /tmp/minio_downloads/1776277750.json
[2026-05-29T13:19:14.785+0000] {logging_mixin.py:188} INFO - Downloaded GOOGL/1776277771.json -> /tmp/minio_downloads/1776277771.json
[2026-05-29T13:19:14.802+0000] {logging_mixin.py:188} INFO - Downloaded GOOGL/1776277813.json -> /tmp/minio_downloads/1776277813.json
[2026-05-29T13:19:14.816+0000] {logging_mixin.py:188} INFO - Downloaded GOOGL/1776277876.json -> /tmp/minio_downloads/1776277876.json
[2026-05-29T13:19:14.829+0000] {logging_mixin.py:188} INFO - Downloaded GOOGL/1776277919.json -> /tmp/minio_downloads/1776277919.json
[2026-05-29T13:19:14.844+0000] {logging_mixin.py:188} INFO - Downloaded GOOGL/1776277968.json -> /tmp/minio_downloads/1776277968.json
[2026-05-29T13:19:14.858+0000] {logging_mixin.py:188} INFO - Downloaded GOOGL/1776278202.json -> /tmp/minio_downloads/1776278202.json
[2026-05-29T13:19:14.872+0000] {logging_mixin.py:188} INFO - Downloaded GOOGL/1776278268.json -> /tmp/minio_downloads/1776278268.json
[2026-05-29T13:19:14.884+0000] {logging_mixin.py:188} INFO - Downloaded GOOGL/1776278313.json -> /tmp/minio_downloads/1776278313.json
[2026-05-29T13:19:14.901+0000] {logging_mixin.py:188} INFO - Downloaded GOOGL/1776278335.json -> /tmp/minio_downloads/1776278335.json
[2026-05-29T13:19:14.921+0000] {logging_mixin.py:188} INFO - Downloaded GOOGL/1776278355.json -> /tmp/minio_downloads/1776278355.json
[2026-05-29T13:19:14.942+0000] {logging_mixin.py:188} INFO - Downloaded GOOGL/1776278378.json -> /tmp/minio_downloads/1776278378.json
[2026-05-29T13:19:14.957+0000] {logging_mixin.py:188} INFO - Downloaded GOOGL/1776278398.json -> /tmp/minio_downloads/1776278398.json
[2026-05-29T13:19:14.971+0000] {logging_mixin.py:188} INFO - Downloaded GOOGL/1776278419.json -> /tmp/minio_downloads/1776278419.json
[2026-05-29T13:19:14.982+0000] {logging_mixin.py:188} INFO - Downloaded GOOGL/1776278441.json -> /tmp/minio_downloads/1776278441.json
[2026-05-29T13:19:14.998+0000] {logging_mixin.py:188} INFO - Downloaded GOOGL/1776278472.json -> /tmp/minio_downloads/1776278472.json
[2026-05-29T13:19:15.012+0000] {logging_mixin.py:188} INFO - Downloaded GOOGL/1776278495.json -> /tmp/minio_downloads/1776278495.json
[2026-05-29T13:19:15.027+0000] {logging_mixin.py:188} INFO - Downloaded GOOGL/1776278527.json -> /tmp/minio_downloads/1776278527.json
[2026-05-29T13:19:15.043+0000] {logging_mixin.py:188} INFO - Downloaded GOOGL/1776278564.json -> /tmp/minio_downloads/1776278564.json
[2026-05-29T13:19:15.059+0000] {logging_mixin.py:188} INFO - Downloaded GOOGL/1776278588.json -> /tmp/minio_downloads/1776278588.json
[2026-05-29T13:19:15.076+0000] {logging_mixin.py:188} INFO - Downloaded GOOGL/1776278614.json -> /tmp/minio_downloads/1776278614.json
[2026-05-29T13:19:15.092+0000] {logging_mixin.py:188} INFO - Downloaded GOOGL/1776278634.json -> /tmp/minio_downloads/1776278634.json
[2026-05-29T13:19:15.109+0000] {logging_mixin.py:188} INFO - Downloaded GOOGL/1776278663.json -> /tmp/minio_downloads/1776278663.json
[2026-05-29T13:19:15.129+0000] {logging_mixin.py:188} INFO - Downloaded GOOGL/1776278694.json -> /tmp/minio_downloads/1776278694.json
[2026-05-29T13:19:15.144+0000] {logging_mixin.py:188} INFO - Downloaded GOOGL/1776278730.json -> /tmp/minio_downloads/1776278730.json
[2026-05-29T13:19:15.159+0000] {logging_mixin.py:188} INFO - Downloaded GOOGL/1776278766.json -> /tmp/minio_downloads/1776278766.json
[2026-05-29T13:19:15.175+0000] {logging_mixin.py:188} INFO - Downloaded GOOGL/1776278805.json -> /tmp/minio_downloads/1776278805.json
[2026-05-29T13:19:15.188+0000] {logging_mixin.py:188} INFO - Downloaded GOOGL/1776278854.json -> /tmp/minio_downloads/1776278854.json
[2026-05-29T13:19:15.203+0000] {logging_mixin.py:188} INFO - Downloaded GOOGL/1776278925.json -> /tmp/minio_downloads/1776278925.json
[2026-05-29T13:19:15.215+0000] {logging_mixin.py:188} INFO - Downloaded GOOGL/1776279011.json -> /tmp/minio_downloads/1776279011.json
[2026-05-29T13:19:15.227+0000] {logging_mixin.py:188} INFO - Downloaded GOOGL/1776279150.json -> /tmp/minio_downloads/1776279150.json
[2026-05-29T13:19:15.238+0000] {logging_mixin.py:188} INFO - Downloaded GOOGL/1776279256.json -> /tmp/minio_downloads/1776279256.json
[2026-05-29T13:19:15.250+0000] {logging_mixin.py:188} INFO - Downloaded GOOGL/1776279294.json -> /tmp/minio_downloads/1776279294.json
[2026-05-29T13:19:15.267+0000] {logging_mixin.py:188} INFO - Downloaded GOOGL/1776279345.json -> /tmp/minio_downloads/1776279345.json
[2026-05-29T13:19:15.287+0000] {logging_mixin.py:188} INFO - Downloaded GOOGL/1776279375.json -> /tmp/minio_downloads/1776279375.json
[2026-05-29T13:19:15.310+0000] {logging_mixin.py:188} INFO - Downloaded GOOGL/1776279402.json -> /tmp/minio_downloads/1776279402.json
[2026-05-29T13:19:15.334+0000] {logging_mixin.py:188} INFO - Downloaded GOOGL/1776279439.json -> /tmp/minio_downloads/1776279439.json
[2026-05-29T13:19:15.356+0000] {logging_mixin.py:188} INFO - Downloaded GOOGL/1776279478.json -> /tmp/minio_downloads/1776279478.json
[2026-05-29T13:19:15.374+0000] {logging_mixin.py:188} INFO - Downloaded GOOGL/1776279526.json -> /tmp/minio_downloads/1776279526.json
[2026-05-29T13:19:15.388+0000] {logging_mixin.py:188} INFO - Downloaded GOOGL/1776279574.json -> /tmp/minio_downloads/1776279574.json
[2026-05-29T13:19:15.402+0000] {logging_mixin.py:188} INFO - Downloaded GOOGL/1776279683.json -> /tmp/minio_downloads/1776279683.json
[2026-05-29T13:19:15.416+0000] {logging_mixin.py:188} INFO - Downloaded GOOGL/1776279777.json -> /tmp/minio_downloads/1776279777.json
[2026-05-29T13:19:15.429+0000] {logging_mixin.py:188} INFO - Downloaded GOOGL/1776279807.json -> /tmp/minio_downloads/1776279807.json
[2026-05-29T13:19:15.442+0000] {logging_mixin.py:188} INFO - Downloaded GOOGL/1776279871.json -> /tmp/minio_downloads/1776279871.json
[2026-05-29T13:19:15.458+0000] {logging_mixin.py:188} INFO - Downloaded GOOGL/1776279963.json -> /tmp/minio_downloads/1776279963.json
[2026-05-29T13:19:15.472+0000] {logging_mixin.py:188} INFO - Downloaded GOOGL/1776280066.json -> /tmp/minio_downloads/1776280066.json
[2026-05-29T13:19:15.485+0000] {logging_mixin.py:188} INFO - Downloaded GOOGL/1776280164.json -> /tmp/minio_downloads/1776280164.json
[2026-05-29T13:19:15.496+0000] {logging_mixin.py:188} INFO - Downloaded GOOGL/1776280208.json -> /tmp/minio_downloads/1776280208.json
[2026-05-29T13:19:15.507+0000] {logging_mixin.py:188} INFO - Downloaded GOOGL/1776280230.json -> /tmp/minio_downloads/1776280230.json
[2026-05-29T13:19:15.521+0000] {logging_mixin.py:188} INFO - Downloaded GOOGL/1776280265.json -> /tmp/minio_downloads/1776280265.json
[2026-05-29T13:19:15.539+0000] {logging_mixin.py:188} INFO - Downloaded GOOGL/1776280291.json -> /tmp/minio_downloads/1776280291.json
[2026-05-29T13:19:15.559+0000] {logging_mixin.py:188} INFO - Downloaded GOOGL/1776280319.json -> /tmp/minio_downloads/1776280319.json
[2026-05-29T13:19:15.582+0000] {logging_mixin.py:188} INFO - Downloaded GOOGL/1776280348.json -> /tmp/minio_downloads/1776280348.json
[2026-05-29T13:19:15.603+0000] {logging_mixin.py:188} INFO - Downloaded GOOGL/1776280388.json -> /tmp/minio_downloads/1776280388.json
[2026-05-29T13:19:15.624+0000] {logging_mixin.py:188} INFO - Downloaded GOOGL/1776280416.json -> /tmp/minio_downloads/1776280416.json
[2026-05-29T13:19:15.646+0000] {logging_mixin.py:188} INFO - Downloaded GOOGL/1776280441.json -> /tmp/minio_downloads/1776280441.json
[2026-05-29T13:19:15.671+0000] {logging_mixin.py:188} INFO - Downloaded GOOGL/1776280465.json -> /tmp/minio_downloads/1776280465.json
[2026-05-29T13:19:15.689+0000] {logging_mixin.py:188} INFO - Downloaded GOOGL/1776280482.json -> /tmp/minio_downloads/1776280482.json
[2026-05-29T13:19:15.705+0000] {logging_mixin.py:188} INFO - Downloaded GOOGL/1776280499.json -> /tmp/minio_downloads/1776280499.json
[2026-05-29T13:19:15.718+0000] {logging_mixin.py:188} INFO - Downloaded GOOGL/1776280521.json -> /tmp/minio_downloads/1776280521.json
[2026-05-29T13:19:15.731+0000] {logging_mixin.py:188} INFO - Downloaded GOOGL/1776280552.json -> /tmp/minio_downloads/1776280552.json
[2026-05-29T13:19:15.744+0000] {logging_mixin.py:188} INFO - Downloaded GOOGL/1776280569.json -> /tmp/minio_downloads/1776280569.json
[2026-05-29T13:19:15.763+0000] {logging_mixin.py:188} INFO - Downloaded GOOGL/1776280590.json -> /tmp/minio_downloads/1776280590.json
[2026-05-29T13:19:15.779+0000] {logging_mixin.py:188} INFO - Downloaded GOOGL/1776280614.json -> /tmp/minio_downloads/1776280614.json
[2026-05-29T13:19:15.795+0000] {logging_mixin.py:188} INFO - Downloaded GOOGL/1776280637.json -> /tmp/minio_downloads/1776280637.json
[2026-05-29T13:19:15.809+0000] {logging_mixin.py:188} INFO - Downloaded GOOGL/1776280658.json -> /tmp/minio_downloads/1776280658.json
[2026-05-29T13:19:15.824+0000] {logging_mixin.py:188} INFO - Downloaded GOOGL/1776280678.json -> /tmp/minio_downloads/1776280678.json
[2026-05-29T13:19:15.836+0000] {logging_mixin.py:188} INFO - Downloaded GOOGL/1776280697.json -> /tmp/minio_downloads/1776280697.json
[2026-05-29T13:19:15.850+0000] {logging_mixin.py:188} INFO - Downloaded GOOGL/1776280717.json -> /tmp/minio_downloads/1776280717.json
[2026-05-29T13:19:15.862+0000] {logging_mixin.py:188} INFO - Downloaded GOOGL/1776280735.json -> /tmp/minio_downloads/1776280735.json
[2026-05-29T13:19:15.876+0000] {logging_mixin.py:188} INFO - Downloaded GOOGL/1776280757.json -> /tmp/minio_downloads/1776280757.json
[2026-05-29T13:19:15.892+0000] {logging_mixin.py:188} INFO - Downloaded GOOGL/1776280779.json -> /tmp/minio_downloads/1776280779.json
[2026-05-29T13:19:15.906+0000] {logging_mixin.py:188} INFO - Downloaded GOOGL/1776280802.json -> /tmp/minio_downloads/1776280802.json
[2026-05-29T13:19:15.927+0000] {logging_mixin.py:188} INFO - Downloaded GOOGL/1776280824.json -> /tmp/minio_downloads/1776280824.json
[2026-05-29T13:19:15.946+0000] {logging_mixin.py:188} INFO - Downloaded GOOGL/1776280843.json -> /tmp/minio_downloads/1776280843.json
[2026-05-29T13:19:15.959+0000] {logging_mixin.py:188} INFO - Downloaded GOOGL/1776280866.json -> /tmp/minio_downloads/1776280866.json
[2026-05-29T13:19:15.972+0000] {logging_mixin.py:188} INFO - Downloaded GOOGL/1776280884.json -> /tmp/minio_downloads/1776280884.json
[2026-05-29T13:19:15.983+0000] {logging_mixin.py:188} INFO - Downloaded GOOGL/1776280903.json -> /tmp/minio_downloads/1776280903.json
[2026-05-29T13:19:15.994+0000] {logging_mixin.py:188} INFO - Downloaded GOOGL/1776280921.json -> /tmp/minio_downloads/1776280921.json
[2026-05-29T13:19:16.006+0000] {logging_mixin.py:188} INFO - Downloaded GOOGL/1776280943.json -> /tmp/minio_downloads/1776280943.json
[2026-05-29T13:19:16.019+0000] {logging_mixin.py:188} INFO - Downloaded GOOGL/1776280965.json -> /tmp/minio_downloads/1776280965.json
[2026-05-29T13:19:16.030+0000] {logging_mixin.py:188} INFO - Downloaded GOOGL/1776280987.json -> /tmp/minio_downloads/1776280987.json
[2026-05-29T13:19:16.044+0000] {logging_mixin.py:188} INFO - Downloaded GOOGL/1776281008.json -> /tmp/minio_downloads/1776281008.json
[2026-05-29T13:19:16.056+0000] {logging_mixin.py:188} INFO - Downloaded GOOGL/1776281029.json -> /tmp/minio_downloads/1776281029.json
[2026-05-29T13:19:16.069+0000] {logging_mixin.py:188} INFO - Downloaded GOOGL/1776281050.json -> /tmp/minio_downloads/1776281050.json
[2026-05-29T13:19:16.084+0000] {logging_mixin.py:188} INFO - Downloaded GOOGL/1776281074.json -> /tmp/minio_downloads/1776281074.json
[2026-05-29T13:19:16.095+0000] {logging_mixin.py:188} INFO - Downloaded GOOGL/1776281095.json -> /tmp/minio_downloads/1776281095.json
[2026-05-29T13:19:16.109+0000] {logging_mixin.py:188} INFO - Downloaded MSFT/1776277489.json -> /tmp/minio_downloads/1776277489.json
[2026-05-29T13:19:16.124+0000] {logging_mixin.py:188} INFO - Downloaded MSFT/1776277503.json -> /tmp/minio_downloads/1776277503.json
[2026-05-29T13:19:16.140+0000] {logging_mixin.py:188} INFO - Downloaded MSFT/1776277517.json -> /tmp/minio_downloads/1776277517.json
[2026-05-29T13:19:16.157+0000] {logging_mixin.py:188} INFO - Downloaded MSFT/1776277533.json -> /tmp/minio_downloads/1776277533.json
[2026-05-29T13:19:16.172+0000] {logging_mixin.py:188} INFO - Downloaded MSFT/1776277561.json -> /tmp/minio_downloads/1776277561.json
[2026-05-29T13:19:16.189+0000] {logging_mixin.py:188} INFO - Downloaded MSFT/1776277581.json -> /tmp/minio_downloads/1776277581.json
[2026-05-29T13:19:16.208+0000] {logging_mixin.py:188} INFO - Downloaded MSFT/1776277603.json -> /tmp/minio_downloads/1776277603.json
[2026-05-29T13:19:16.231+0000] {logging_mixin.py:188} INFO - Downloaded MSFT/1776277625.json -> /tmp/minio_downloads/1776277625.json
[2026-05-29T13:19:16.255+0000] {logging_mixin.py:188} INFO - Downloaded MSFT/1776277644.json -> /tmp/minio_downloads/1776277644.json
[2026-05-29T13:19:16.278+0000] {logging_mixin.py:188} INFO - Downloaded MSFT/1776277662.json -> /tmp/minio_downloads/1776277662.json
[2026-05-29T13:19:16.302+0000] {logging_mixin.py:188} INFO - Downloaded MSFT/1776277682.json -> /tmp/minio_downloads/1776277682.json
[2026-05-29T13:19:16.320+0000] {logging_mixin.py:188} INFO - Downloaded MSFT/1776277701.json -> /tmp/minio_downloads/1776277701.json
[2026-05-29T13:19:16.337+0000] {logging_mixin.py:188} INFO - Downloaded MSFT/1776277726.json -> /tmp/minio_downloads/1776277726.json
[2026-05-29T13:19:16.353+0000] {logging_mixin.py:188} INFO - Downloaded MSFT/1776277745.json -> /tmp/minio_downloads/1776277745.json
[2026-05-29T13:19:16.368+0000] {logging_mixin.py:188} INFO - Downloaded MSFT/1776277764.json -> /tmp/minio_downloads/1776277764.json
[2026-05-29T13:19:16.380+0000] {logging_mixin.py:188} INFO - Downloaded MSFT/1776277785.json -> /tmp/minio_downloads/1776277785.json
[2026-05-29T13:19:16.391+0000] {logging_mixin.py:188} INFO - Downloaded MSFT/1776277849.json -> /tmp/minio_downloads/1776277849.json
[2026-05-29T13:19:16.402+0000] {logging_mixin.py:188} INFO - Downloaded MSFT/1776277911.json -> /tmp/minio_downloads/1776277911.json
[2026-05-29T13:19:16.413+0000] {logging_mixin.py:188} INFO - Downloaded MSFT/1776277961.json -> /tmp/minio_downloads/1776277961.json
[2026-05-29T13:19:16.424+0000] {logging_mixin.py:188} INFO - Downloaded MSFT/1776278174.json -> /tmp/minio_downloads/1776278174.json
[2026-05-29T13:19:16.438+0000] {logging_mixin.py:188} INFO - Downloaded MSFT/1776278261.json -> /tmp/minio_downloads/1776278261.json
[2026-05-29T13:19:16.450+0000] {logging_mixin.py:188} INFO - Downloaded MSFT/1776278307.json -> /tmp/minio_downloads/1776278307.json
[2026-05-29T13:19:16.461+0000] {logging_mixin.py:188} INFO - Downloaded MSFT/1776278328.json -> /tmp/minio_downloads/1776278328.json
[2026-05-29T13:19:16.473+0000] {logging_mixin.py:188} INFO - Downloaded MSFT/1776278350.json -> /tmp/minio_downloads/1776278350.json
[2026-05-29T13:19:16.484+0000] {logging_mixin.py:188} INFO - Downloaded MSFT/1776278370.json -> /tmp/minio_downloads/1776278370.json
[2026-05-29T13:19:16.495+0000] {logging_mixin.py:188} INFO - Downloaded MSFT/1776278393.json -> /tmp/minio_downloads/1776278393.json
[2026-05-29T13:19:16.512+0000] {logging_mixin.py:188} INFO - Downloaded MSFT/1776278412.json -> /tmp/minio_downloads/1776278412.json
[2026-05-29T13:19:16.526+0000] {logging_mixin.py:188} INFO - Downloaded MSFT/1776278434.json -> /tmp/minio_downloads/1776278434.json
[2026-05-29T13:19:16.541+0000] {logging_mixin.py:188} INFO - Downloaded MSFT/1776278466.json -> /tmp/minio_downloads/1776278466.json
[2026-05-29T13:19:16.555+0000] {logging_mixin.py:188} INFO - Downloaded MSFT/1776278488.json -> /tmp/minio_downloads/1776278488.json
[2026-05-29T13:19:16.570+0000] {logging_mixin.py:188} INFO - Downloaded MSFT/1776278514.json -> /tmp/minio_downloads/1776278514.json
[2026-05-29T13:19:16.582+0000] {logging_mixin.py:188} INFO - Downloaded MSFT/1776278555.json -> /tmp/minio_downloads/1776278555.json
[2026-05-29T13:19:16.592+0000] {logging_mixin.py:188} INFO - Downloaded MSFT/1776278582.json -> /tmp/minio_downloads/1776278582.json
[2026-05-29T13:19:16.602+0000] {logging_mixin.py:188} INFO - Downloaded MSFT/1776278608.json -> /tmp/minio_downloads/1776278608.json
[2026-05-29T13:19:16.614+0000] {logging_mixin.py:188} INFO - Downloaded MSFT/1776278628.json -> /tmp/minio_downloads/1776278628.json
[2026-05-29T13:19:16.638+0000] {logging_mixin.py:188} INFO - Downloaded MSFT/1776278655.json -> /tmp/minio_downloads/1776278655.json
[2026-05-29T13:19:16.656+0000] {logging_mixin.py:188} INFO - Downloaded MSFT/1776278684.json -> /tmp/minio_downloads/1776278684.json
[2026-05-29T13:19:16.673+0000] {logging_mixin.py:188} INFO - Downloaded MSFT/1776278716.json -> /tmp/minio_downloads/1776278716.json
[2026-05-29T13:19:16.692+0000] {logging_mixin.py:188} INFO - Downloaded MSFT/1776278753.json -> /tmp/minio_downloads/1776278753.json
[2026-05-29T13:19:16.711+0000] {logging_mixin.py:188} INFO - Downloaded MSFT/1776278793.json -> /tmp/minio_downloads/1776278793.json
[2026-05-29T13:19:16.728+0000] {logging_mixin.py:188} INFO - Downloaded MSFT/1776278837.json -> /tmp/minio_downloads/1776278837.json
[2026-05-29T13:19:16.742+0000] {logging_mixin.py:188} INFO - Downloaded MSFT/1776278898.json -> /tmp/minio_downloads/1776278898.json
[2026-05-29T13:19:16.759+0000] {logging_mixin.py:188} INFO - Downloaded MSFT/1776278974.json -> /tmp/minio_downloads/1776278974.json
[2026-05-29T13:19:16.775+0000] {logging_mixin.py:188} INFO - Downloaded MSFT/1776279092.json -> /tmp/minio_downloads/1776279092.json
[2026-05-29T13:19:16.792+0000] {logging_mixin.py:188} INFO - Downloaded MSFT/1776279224.json -> /tmp/minio_downloads/1776279224.json
[2026-05-29T13:19:16.804+0000] {logging_mixin.py:188} INFO - Downloaded MSFT/1776279281.json -> /tmp/minio_downloads/1776279281.json
[2026-05-29T13:19:16.816+0000] {logging_mixin.py:188} INFO - Downloaded MSFT/1776279339.json -> /tmp/minio_downloads/1776279339.json
[2026-05-29T13:19:16.833+0000] {logging_mixin.py:188} INFO - Downloaded MSFT/1776279362.json -> /tmp/minio_downloads/1776279362.json
[2026-05-29T13:19:16.851+0000] {logging_mixin.py:188} INFO - Downloaded MSFT/1776279393.json -> /tmp/minio_downloads/1776279393.json
[2026-05-29T13:19:16.869+0000] {logging_mixin.py:188} INFO - Downloaded MSFT/1776279425.json -> /tmp/minio_downloads/1776279425.json
[2026-05-29T13:19:16.890+0000] {logging_mixin.py:188} INFO - Downloaded MSFT/1776279467.json -> /tmp/minio_downloads/1776279467.json
[2026-05-29T13:19:16.916+0000] {logging_mixin.py:188} INFO - Downloaded MSFT/1776279510.json -> /tmp/minio_downloads/1776279510.json
[2026-05-29T13:19:16.949+0000] {logging_mixin.py:188} INFO - Downloaded MSFT/1776279558.json -> /tmp/minio_downloads/1776279558.json
[2026-05-29T13:19:16.966+0000] {logging_mixin.py:188} INFO - Downloaded MSFT/1776279644.json -> /tmp/minio_downloads/1776279644.json
[2026-05-29T13:19:16.980+0000] {logging_mixin.py:188} INFO - Downloaded MSFT/1776279746.json -> /tmp/minio_downloads/1776279746.json
[2026-05-29T13:19:16.992+0000] {logging_mixin.py:188} INFO - Downloaded MSFT/1776279799.json -> /tmp/minio_downloads/1776279799.json
[2026-05-29T13:19:17.004+0000] {logging_mixin.py:188} INFO - Downloaded MSFT/1776279843.json -> /tmp/minio_downloads/1776279843.json
[2026-05-29T13:19:17.015+0000] {logging_mixin.py:188} INFO - Downloaded MSFT/1776279933.json -> /tmp/minio_downloads/1776279933.json
[2026-05-29T13:19:17.026+0000] {logging_mixin.py:188} INFO - Downloaded MSFT/1776280004.json -> /tmp/minio_downloads/1776280004.json
[2026-05-29T13:19:17.038+0000] {logging_mixin.py:188} INFO - Downloaded MSFT/1776280127.json -> /tmp/minio_downloads/1776280127.json
[2026-05-29T13:19:17.053+0000] {logging_mixin.py:188} INFO - Downloaded MSFT/1776280202.json -> /tmp/minio_downloads/1776280202.json
[2026-05-29T13:19:17.068+0000] {logging_mixin.py:188} INFO - Downloaded MSFT/1776280224.json -> /tmp/minio_downloads/1776280224.json
[2026-05-29T13:19:17.083+0000] {logging_mixin.py:188} INFO - Downloaded MSFT/1776280253.json -> /tmp/minio_downloads/1776280253.json
[2026-05-29T13:19:17.096+0000] {logging_mixin.py:188} INFO - Downloaded MSFT/1776280284.json -> /tmp/minio_downloads/1776280284.json
[2026-05-29T13:19:17.107+0000] {logging_mixin.py:188} INFO - Downloaded MSFT/1776280311.json -> /tmp/minio_downloads/1776280311.json
[2026-05-29T13:19:17.120+0000] {logging_mixin.py:188} INFO - Downloaded MSFT/1776280334.json -> /tmp/minio_downloads/1776280334.json
[2026-05-29T13:19:17.132+0000] {logging_mixin.py:188} INFO - Downloaded MSFT/1776280374.json -> /tmp/minio_downloads/1776280374.json
[2026-05-29T13:19:17.143+0000] {logging_mixin.py:188} INFO - Downloaded MSFT/1776280409.json -> /tmp/minio_downloads/1776280409.json
[2026-05-29T13:19:17.154+0000] {logging_mixin.py:188} INFO - Downloaded MSFT/1776280434.json -> /tmp/minio_downloads/1776280434.json
[2026-05-29T13:19:17.167+0000] {logging_mixin.py:188} INFO - Downloaded MSFT/1776280458.json -> /tmp/minio_downloads/1776280458.json
[2026-05-29T13:19:17.178+0000] {logging_mixin.py:188} INFO - Downloaded MSFT/1776280477.json -> /tmp/minio_downloads/1776280477.json
[2026-05-29T13:19:17.190+0000] {logging_mixin.py:188} INFO - Downloaded MSFT/1776280495.json -> /tmp/minio_downloads/1776280495.json
[2026-05-29T13:19:17.200+0000] {logging_mixin.py:188} INFO - Downloaded MSFT/1776280513.json -> /tmp/minio_downloads/1776280513.json
[2026-05-29T13:19:17.211+0000] {logging_mixin.py:188} INFO - Downloaded MSFT/1776280538.json -> /tmp/minio_downloads/1776280538.json
[2026-05-29T13:19:17.221+0000] {logging_mixin.py:188} INFO - Downloaded MSFT/1776280564.json -> /tmp/minio_downloads/1776280564.json
[2026-05-29T13:19:17.232+0000] {logging_mixin.py:188} INFO - Downloaded MSFT/1776280583.json -> /tmp/minio_downloads/1776280583.json
[2026-05-29T13:19:17.244+0000] {logging_mixin.py:188} INFO - Downloaded MSFT/1776280606.json -> /tmp/minio_downloads/1776280606.json
[2026-05-29T13:19:17.256+0000] {logging_mixin.py:188} INFO - Downloaded MSFT/1776280631.json -> /tmp/minio_downloads/1776280631.json
[2026-05-29T13:19:17.272+0000] {logging_mixin.py:188} INFO - Downloaded MSFT/1776280652.json -> /tmp/minio_downloads/1776280652.json
[2026-05-29T13:19:17.292+0000] {logging_mixin.py:188} INFO - Downloaded MSFT/1776280670.json -> /tmp/minio_downloads/1776280670.json
[2026-05-29T13:19:17.315+0000] {logging_mixin.py:188} INFO - Downloaded MSFT/1776280692.json -> /tmp/minio_downloads/1776280692.json
[2026-05-29T13:19:17.339+0000] {logging_mixin.py:188} INFO - Downloaded MSFT/1776280711.json -> /tmp/minio_downloads/1776280711.json
[2026-05-29T13:19:17.359+0000] {logging_mixin.py:188} INFO - Downloaded MSFT/1776280730.json -> /tmp/minio_downloads/1776280730.json
[2026-05-29T13:19:17.382+0000] {logging_mixin.py:188} INFO - Downloaded MSFT/1776280750.json -> /tmp/minio_downloads/1776280750.json
[2026-05-29T13:19:17.399+0000] {logging_mixin.py:188} INFO - Downloaded MSFT/1776280773.json -> /tmp/minio_downloads/1776280773.json
[2026-05-29T13:19:17.416+0000] {logging_mixin.py:188} INFO - Downloaded MSFT/1776280796.json -> /tmp/minio_downloads/1776280796.json
[2026-05-29T13:19:17.431+0000] {logging_mixin.py:188} INFO - Downloaded MSFT/1776280818.json -> /tmp/minio_downloads/1776280818.json
[2026-05-29T13:19:17.442+0000] {logging_mixin.py:188} INFO - Downloaded MSFT/1776280840.json -> /tmp/minio_downloads/1776280840.json
[2026-05-29T13:19:17.455+0000] {logging_mixin.py:188} INFO - Downloaded MSFT/1776280860.json -> /tmp/minio_downloads/1776280860.json
[2026-05-29T13:19:17.469+0000] {logging_mixin.py:188} INFO - Downloaded MSFT/1776280880.json -> /tmp/minio_downloads/1776280880.json
[2026-05-29T13:19:17.484+0000] {logging_mixin.py:188} INFO - Downloaded MSFT/1776280898.json -> /tmp/minio_downloads/1776280898.json
[2026-05-29T13:19:17.501+0000] {logging_mixin.py:188} INFO - Downloaded MSFT/1776280916.json -> /tmp/minio_downloads/1776280916.json
[2026-05-29T13:19:17.523+0000] {logging_mixin.py:188} INFO - Downloaded MSFT/1776280938.json -> /tmp/minio_downloads/1776280938.json
[2026-05-29T13:19:17.546+0000] {logging_mixin.py:188} INFO - Downloaded MSFT/1776280959.json -> /tmp/minio_downloads/1776280959.json
[2026-05-29T13:19:17.569+0000] {logging_mixin.py:188} INFO - Downloaded MSFT/1776280980.json -> /tmp/minio_downloads/1776280980.json
[2026-05-29T13:19:17.591+0000] {logging_mixin.py:188} INFO - Downloaded MSFT/1776280999.json -> /tmp/minio_downloads/1776280999.json
[2026-05-29T13:19:17.608+0000] {logging_mixin.py:188} INFO - Downloaded MSFT/1776281022.json -> /tmp/minio_downloads/1776281022.json
[2026-05-29T13:19:17.622+0000] {logging_mixin.py:188} INFO - Downloaded MSFT/1776281045.json -> /tmp/minio_downloads/1776281045.json
[2026-05-29T13:19:17.635+0000] {logging_mixin.py:188} INFO - Downloaded MSFT/1776281066.json -> /tmp/minio_downloads/1776281066.json
[2026-05-29T13:19:17.648+0000] {logging_mixin.py:188} INFO - Downloaded MSFT/1776281090.json -> /tmp/minio_downloads/1776281090.json
[2026-05-29T13:19:17.661+0000] {logging_mixin.py:188} INFO - Downloaded MSFT/1776281128.json -> /tmp/minio_downloads/1776281128.json
[2026-05-29T13:19:17.673+0000] {logging_mixin.py:188} INFO - Downloaded TSLA/1776277490.json -> /tmp/minio_downloads/1776277490.json
[2026-05-29T13:19:17.683+0000] {logging_mixin.py:188} INFO - Downloaded TSLA/1776277505.json -> /tmp/minio_downloads/1776277505.json
[2026-05-29T13:19:17.696+0000] {logging_mixin.py:188} INFO - Downloaded TSLA/1776277519.json -> /tmp/minio_downloads/1776277519.json
[2026-05-29T13:19:17.709+0000] {logging_mixin.py:188} INFO - Downloaded TSLA/1776277536.json -> /tmp/minio_downloads/1776277536.json
[2026-05-29T13:19:17.720+0000] {logging_mixin.py:188} INFO - Downloaded TSLA/1776277562.json -> /tmp/minio_downloads/1776277562.json
[2026-05-29T13:19:17.732+0000] {logging_mixin.py:188} INFO - Downloaded TSLA/1776277585.json -> /tmp/minio_downloads/1776277585.json
[2026-05-29T13:19:17.745+0000] {logging_mixin.py:188} INFO - Downloaded TSLA/1776277609.json -> /tmp/minio_downloads/1776277609.json
[2026-05-29T13:19:17.761+0000] {logging_mixin.py:188} INFO - Downloaded TSLA/1776277628.json -> /tmp/minio_downloads/1776277628.json
[2026-05-29T13:19:17.778+0000] {logging_mixin.py:188} INFO - Downloaded TSLA/1776277647.json -> /tmp/minio_downloads/1776277647.json
[2026-05-29T13:19:17.795+0000] {logging_mixin.py:188} INFO - Downloaded TSLA/1776277667.json -> /tmp/minio_downloads/1776277667.json
[2026-05-29T13:19:17.813+0000] {logging_mixin.py:188} INFO - Downloaded TSLA/1776277686.json -> /tmp/minio_downloads/1776277686.json
[2026-05-29T13:19:17.828+0000] {logging_mixin.py:188} INFO - Downloaded TSLA/1776277703.json -> /tmp/minio_downloads/1776277703.json
[2026-05-29T13:19:17.845+0000] {logging_mixin.py:188} INFO - Downloaded TSLA/1776277729.json -> /tmp/minio_downloads/1776277729.json
[2026-05-29T13:19:17.862+0000] {logging_mixin.py:188} INFO - Downloaded TSLA/1776277747.json -> /tmp/minio_downloads/1776277747.json
[2026-05-29T13:19:17.878+0000] {logging_mixin.py:188} INFO - Downloaded TSLA/1776277767.json -> /tmp/minio_downloads/1776277767.json
[2026-05-29T13:19:17.898+0000] {logging_mixin.py:188} INFO - Downloaded TSLA/1776277810.json -> /tmp/minio_downloads/1776277810.json
[2026-05-29T13:19:17.917+0000] {logging_mixin.py:188} INFO - Downloaded TSLA/1776277874.json -> /tmp/minio_downloads/1776277874.json
[2026-05-29T13:19:17.938+0000] {logging_mixin.py:188} INFO - Downloaded TSLA/1776277914.json -> /tmp/minio_downloads/1776277914.json
[2026-05-29T13:19:17.961+0000] {logging_mixin.py:188} INFO - Downloaded TSLA/1776277964.json -> /tmp/minio_downloads/1776277964.json
[2026-05-29T13:19:17.983+0000] {logging_mixin.py:188} INFO - Downloaded TSLA/1776278177.json -> /tmp/minio_downloads/1776278177.json
[2026-05-29T13:19:18.003+0000] {logging_mixin.py:188} INFO - Downloaded TSLA/1776278265.json -> /tmp/minio_downloads/1776278265.json
[2026-05-29T13:19:18.022+0000] {logging_mixin.py:188} INFO - Downloaded TSLA/1776278310.json -> /tmp/minio_downloads/1776278310.json
[2026-05-29T13:19:18.038+0000] {logging_mixin.py:188} INFO - Downloaded TSLA/1776278332.json -> /tmp/minio_downloads/1776278332.json
[2026-05-29T13:19:18.053+0000] {logging_mixin.py:188} INFO - Downloaded TSLA/1776278353.json -> /tmp/minio_downloads/1776278353.json
[2026-05-29T13:19:18.064+0000] {logging_mixin.py:188} INFO - Downloaded TSLA/1776278375.json -> /tmp/minio_downloads/1776278375.json
[2026-05-29T13:19:18.074+0000] {logging_mixin.py:188} INFO - Downloaded TSLA/1776278395.json -> /tmp/minio_downloads/1776278395.json
[2026-05-29T13:19:18.087+0000] {logging_mixin.py:188} INFO - Downloaded TSLA/1776278415.json -> /tmp/minio_downloads/1776278415.json
[2026-05-29T13:19:18.106+0000] {logging_mixin.py:188} INFO - Downloaded TSLA/1776278437.json -> /tmp/minio_downloads/1776278437.json
[2026-05-29T13:19:18.124+0000] {logging_mixin.py:188} INFO - Downloaded TSLA/1776278469.json -> /tmp/minio_downloads/1776278469.json
[2026-05-29T13:19:18.138+0000] {logging_mixin.py:188} INFO - Downloaded TSLA/1776278491.json -> /tmp/minio_downloads/1776278491.json
[2026-05-29T13:19:18.152+0000] {logging_mixin.py:188} INFO - Downloaded TSLA/1776278519.json -> /tmp/minio_downloads/1776278519.json
[2026-05-29T13:19:18.164+0000] {logging_mixin.py:188} INFO - Downloaded TSLA/1776278560.json -> /tmp/minio_downloads/1776278560.json
[2026-05-29T13:19:18.179+0000] {logging_mixin.py:188} INFO - Downloaded TSLA/1776278585.json -> /tmp/minio_downloads/1776278585.json
[2026-05-29T13:19:18.192+0000] {logging_mixin.py:188} INFO - Downloaded TSLA/1776278611.json -> /tmp/minio_downloads/1776278611.json
[2026-05-29T13:19:18.204+0000] {logging_mixin.py:188} INFO - Downloaded TSLA/1776278631.json -> /tmp/minio_downloads/1776278631.json
[2026-05-29T13:19:18.216+0000] {logging_mixin.py:188} INFO - Downloaded TSLA/1776278658.json -> /tmp/minio_downloads/1776278658.json
[2026-05-29T13:19:18.229+0000] {logging_mixin.py:188} INFO - Downloaded TSLA/1776278688.json -> /tmp/minio_downloads/1776278688.json
[2026-05-29T13:19:18.242+0000] {logging_mixin.py:188} INFO - Downloaded TSLA/1776278724.json -> /tmp/minio_downloads/1776278724.json
[2026-05-29T13:19:18.254+0000] {logging_mixin.py:188} INFO - Downloaded TSLA/1776278758.json -> /tmp/minio_downloads/1776278758.json
[2026-05-29T13:19:18.267+0000] {logging_mixin.py:188} INFO - Downloaded TSLA/1776278799.json -> /tmp/minio_downloads/1776278799.json
[2026-05-29T13:19:18.278+0000] {logging_mixin.py:188} INFO - Downloaded TSLA/1776278845.json -> /tmp/minio_downloads/1776278845.json
[2026-05-29T13:19:18.290+0000] {logging_mixin.py:188} INFO - Downloaded TSLA/1776278911.json -> /tmp/minio_downloads/1776278911.json
[2026-05-29T13:19:18.301+0000] {logging_mixin.py:188} INFO - Downloaded TSLA/1776278980.json -> /tmp/minio_downloads/1776278980.json
[2026-05-29T13:19:18.312+0000] {logging_mixin.py:188} INFO - Downloaded TSLA/1776279120.json -> /tmp/minio_downloads/1776279120.json
[2026-05-29T13:19:18.323+0000] {logging_mixin.py:188} INFO - Downloaded TSLA/1776279252.json -> /tmp/minio_downloads/1776279252.json
[2026-05-29T13:19:18.334+0000] {logging_mixin.py:188} INFO - Downloaded TSLA/1776279287.json -> /tmp/minio_downloads/1776279287.json
[2026-05-29T13:19:18.347+0000] {logging_mixin.py:188} INFO - Downloaded TSLA/1776279342.json -> /tmp/minio_downloads/1776279342.json
[2026-05-29T13:19:18.360+0000] {logging_mixin.py:188} INFO - Downloaded TSLA/1776279370.json -> /tmp/minio_downloads/1776279370.json
[2026-05-29T13:19:18.377+0000] {logging_mixin.py:188} INFO - Downloaded TSLA/1776279397.json -> /tmp/minio_downloads/1776279397.json
[2026-05-29T13:19:18.390+0000] {logging_mixin.py:188} INFO - Downloaded TSLA/1776279432.json -> /tmp/minio_downloads/1776279432.json
[2026-05-29T13:19:18.402+0000] {logging_mixin.py:188} INFO - Downloaded TSLA/1776279472.json -> /tmp/minio_downloads/1776279472.json
[2026-05-29T13:19:18.414+0000] {logging_mixin.py:188} INFO - Downloaded TSLA/1776279519.json -> /tmp/minio_downloads/1776279519.json
[2026-05-29T13:19:18.427+0000] {logging_mixin.py:188} INFO - Downloaded TSLA/1776279566.json -> /tmp/minio_downloads/1776279566.json
[2026-05-29T13:19:18.439+0000] {logging_mixin.py:188} INFO - Downloaded TSLA/1776279675.json -> /tmp/minio_downloads/1776279675.json
[2026-05-29T13:19:18.450+0000] {logging_mixin.py:188} INFO - Downloaded TSLA/1776279752.json -> /tmp/minio_downloads/1776279752.json
[2026-05-29T13:19:18.462+0000] {logging_mixin.py:188} INFO - Downloaded TSLA/1776279804.json -> /tmp/minio_downloads/1776279804.json
[2026-05-29T13:19:18.475+0000] {logging_mixin.py:188} INFO - Downloaded TSLA/1776279867.json -> /tmp/minio_downloads/1776279867.json
[2026-05-29T13:19:18.487+0000] {logging_mixin.py:188} INFO - Downloaded TSLA/1776279938.json -> /tmp/minio_downloads/1776279938.json
[2026-05-29T13:19:18.497+0000] {logging_mixin.py:188} INFO - Downloaded TSLA/1776280040.json -> /tmp/minio_downloads/1776280040.json
[2026-05-29T13:19:18.508+0000] {logging_mixin.py:188} INFO - Downloaded TSLA/1776280159.json -> /tmp/minio_downloads/1776280159.json
[2026-05-29T13:19:18.518+0000] {logging_mixin.py:188} INFO - Downloaded TSLA/1776280205.json -> /tmp/minio_downloads/1776280205.json
[2026-05-29T13:19:18.531+0000] {logging_mixin.py:188} INFO - Downloaded TSLA/1776280227.json -> /tmp/minio_downloads/1776280227.json
[2026-05-29T13:19:18.543+0000] {logging_mixin.py:188} INFO - Downloaded TSLA/1776280260.json -> /tmp/minio_downloads/1776280260.json
[2026-05-29T13:19:18.556+0000] {logging_mixin.py:188} INFO - Downloaded TSLA/1776280288.json -> /tmp/minio_downloads/1776280288.json
[2026-05-29T13:19:18.572+0000] {logging_mixin.py:188} INFO - Downloaded TSLA/1776280314.json -> /tmp/minio_downloads/1776280314.json
[2026-05-29T13:19:18.584+0000] {logging_mixin.py:188} INFO - Downloaded TSLA/1776280341.json -> /tmp/minio_downloads/1776280341.json
[2026-05-29T13:19:18.596+0000] {logging_mixin.py:188} INFO - Downloaded TSLA/1776280380.json -> /tmp/minio_downloads/1776280380.json
[2026-05-29T13:19:18.607+0000] {logging_mixin.py:188} INFO - Downloaded TSLA/1776280412.json -> /tmp/minio_downloads/1776280412.json
[2026-05-29T13:19:18.617+0000] {logging_mixin.py:188} INFO - Downloaded TSLA/1776280437.json -> /tmp/minio_downloads/1776280437.json
[2026-05-29T13:19:18.627+0000] {logging_mixin.py:188} INFO - Downloaded TSLA/1776280461.json -> /tmp/minio_downloads/1776280461.json
[2026-05-29T13:19:18.641+0000] {logging_mixin.py:188} INFO - Downloaded TSLA/1776280479.json -> /tmp/minio_downloads/1776280479.json
[2026-05-29T13:19:18.665+0000] {logging_mixin.py:188} INFO - Downloaded TSLA/1776280497.json -> /tmp/minio_downloads/1776280497.json
[2026-05-29T13:19:18.695+0000] {logging_mixin.py:188} INFO - Downloaded TSLA/1776280516.json -> /tmp/minio_downloads/1776280516.json
[2026-05-29T13:19:18.714+0000] {logging_mixin.py:188} INFO - Downloaded TSLA/1776280548.json -> /tmp/minio_downloads/1776280548.json
[2026-05-29T13:19:18.734+0000] {logging_mixin.py:188} INFO - Downloaded TSLA/1776280566.json -> /tmp/minio_downloads/1776280566.json
[2026-05-29T13:19:18.774+0000] {logging_mixin.py:188} INFO - Downloaded TSLA/1776280587.json -> /tmp/minio_downloads/1776280587.json
[2026-05-29T13:19:18.801+0000] {logging_mixin.py:188} INFO - Downloaded TSLA/1776280611.json -> /tmp/minio_downloads/1776280611.json
[2026-05-29T13:19:18.848+0000] {logging_mixin.py:188} INFO - Downloaded TSLA/1776280634.json -> /tmp/minio_downloads/1776280634.json
[2026-05-29T13:19:18.878+0000] {logging_mixin.py:188} INFO - Downloaded TSLA/1776280656.json -> /tmp/minio_downloads/1776280656.json
[2026-05-29T13:19:18.899+0000] {logging_mixin.py:188} INFO - Downloaded TSLA/1776280675.json -> /tmp/minio_downloads/1776280675.json
[2026-05-29T13:19:18.924+0000] {logging_mixin.py:188} INFO - Downloaded TSLA/1776280695.json -> /tmp/minio_downloads/1776280695.json
[2026-05-29T13:19:18.946+0000] {logging_mixin.py:188} INFO - Downloaded TSLA/1776280715.json -> /tmp/minio_downloads/1776280715.json
[2026-05-29T13:19:18.964+0000] {logging_mixin.py:188} INFO - Downloaded TSLA/1776280732.json -> /tmp/minio_downloads/1776280732.json
[2026-05-29T13:19:18.987+0000] {logging_mixin.py:188} INFO - Downloaded TSLA/1776280755.json -> /tmp/minio_downloads/1776280755.json
[2026-05-29T13:19:19.005+0000] {logging_mixin.py:188} INFO - Downloaded TSLA/1776280776.json -> /tmp/minio_downloads/1776280776.json
[2026-05-29T13:19:19.023+0000] {logging_mixin.py:188} INFO - Downloaded TSLA/1776280800.json -> /tmp/minio_downloads/1776280800.json
[2026-05-29T13:19:19.041+0000] {logging_mixin.py:188} INFO - Downloaded TSLA/1776280821.json -> /tmp/minio_downloads/1776280821.json
[2026-05-29T13:19:19.063+0000] {logging_mixin.py:188} INFO - Downloaded TSLA/1776280841.json -> /tmp/minio_downloads/1776280841.json
[2026-05-29T13:19:19.082+0000] {logging_mixin.py:188} INFO - Downloaded TSLA/1776280864.json -> /tmp/minio_downloads/1776280864.json
[2026-05-29T13:19:19.109+0000] {logging_mixin.py:188} INFO - Downloaded TSLA/1776280882.json -> /tmp/minio_downloads/1776280882.json
[2026-05-29T13:19:19.149+0000] {logging_mixin.py:188} INFO - Downloaded TSLA/1776280900.json -> /tmp/minio_downloads/1776280900.json
[2026-05-29T13:19:19.179+0000] {logging_mixin.py:188} INFO - Downloaded TSLA/1776280918.json -> /tmp/minio_downloads/1776280918.json
[2026-05-29T13:19:19.223+0000] {logging_mixin.py:188} INFO - Downloaded TSLA/1776280940.json -> /tmp/minio_downloads/1776280940.json
[2026-05-29T13:19:19.245+0000] {logging_mixin.py:188} INFO - Downloaded TSLA/1776280962.json -> /tmp/minio_downloads/1776280962.json
[2026-05-29T13:19:19.267+0000] {logging_mixin.py:188} INFO - Downloaded TSLA/1776280983.json -> /tmp/minio_downloads/1776280983.json
[2026-05-29T13:19:19.283+0000] {logging_mixin.py:188} INFO - Downloaded TSLA/1776281001.json -> /tmp/minio_downloads/1776281001.json
[2026-05-29T13:19:19.300+0000] {logging_mixin.py:188} INFO - Downloaded TSLA/1776281026.json -> /tmp/minio_downloads/1776281026.json
[2026-05-29T13:19:19.316+0000] {logging_mixin.py:188} INFO - Downloaded TSLA/1776281047.json -> /tmp/minio_downloads/1776281047.json
[2026-05-29T13:19:19.328+0000] {logging_mixin.py:188} INFO - Downloaded TSLA/1776281069.json -> /tmp/minio_downloads/1776281069.json
[2026-05-29T13:19:19.340+0000] {logging_mixin.py:188} INFO - Downloaded TSLA/1776281093.json -> /tmp/minio_downloads/1776281093.json
[2026-05-29T13:19:19.352+0000] {logging_mixin.py:188} INFO - Downloaded TSLA/1776281130.json -> /tmp/minio_downloads/1776281130.json
[2026-05-29T13:19:19.355+0000] {python.py:237} INFO - Done. Returned value was: ['/tmp/minio_downloads/1776277487.json', '/tmp/minio_downloads/1776277502.json', '/tmp/minio_downloads/1776277516.json', '/tmp/minio_downloads/1776277531.json', '/tmp/minio_downloads/1776277559.json', '/tmp/minio_downloads/1776277578.json', '/tmp/minio_downloads/1776277599.json', '/tmp/minio_downloads/1776277622.json', '/tmp/minio_downloads/1776277642.json', '/tmp/minio_downloads/1776277660.json', '/tmp/minio_downloads/1776277680.json', '/tmp/minio_downloads/1776277699.json', '/tmp/minio_downloads/1776277721.json', '/tmp/minio_downloads/1776277743.json', '/tmp/minio_downloads/1776277760.json', '/tmp/minio_downloads/1776277783.json', '/tmp/minio_downloads/1776277846.json', '/tmp/minio_downloads/1776277908.json', '/tmp/minio_downloads/1776277937.json', '/tmp/minio_downloads/1776278001.json', '/tmp/minio_downloads/1776278170.json', '/tmp/minio_downloads/1776278236.json', '/tmp/minio_downloads/1776278302.json', '/tmp/minio_downloads/1776278325.json', '/tmp/minio_downloads/1776278347.json', '/tmp/minio_downloads/1776278367.json', '/tmp/minio_downloads/1776278390.json', '/tmp/minio_downloads/1776278409.json', '/tmp/minio_downloads/1776278431.json', '/tmp/minio_downloads/1776278457.json', '/tmp/minio_downloads/1776278485.json', '/tmp/minio_downloads/1776278508.json', '/tmp/minio_downloads/1776278545.json', '/tmp/minio_downloads/1776278578.json', '/tmp/minio_downloads/1776278603.json', '/tmp/minio_downloads/1776278625.json', '/tmp/minio_downloads/1776278651.json', '/tmp/minio_downloads/1776278679.json', '/tmp/minio_downloads/1776278710.json', '/tmp/minio_downloads/1776278746.json', '/tmp/minio_downloads/1776278788.json', '/tmp/minio_downloads/1776278832.json', '/tmp/minio_downloads/1776278887.json', '/tmp/minio_downloads/1776278969.json', '/tmp/minio_downloads/1776279066.json', '/tmp/minio_downloads/1776279195.json', '/tmp/minio_downloads/1776279275.json', '/tmp/minio_downloads/1776279336.json', '/tmp/minio_downloads/1776279359.json', '/tmp/minio_downloads/1776279389.json', '/tmp/minio_downloads/1776279416.json', '/tmp/minio_downloads/1776279460.json', '/tmp/minio_downloads/1776279504.json', '/tmp/minio_downloads/1776279549.json', '/tmp/minio_downloads/1776279636.json', '/tmp/minio_downloads/1776279743.json', '/tmp/minio_downloads/1776279791.json', '/tmp/minio_downloads/1776279819.json', '/tmp/minio_downloads/1776279909.json', '/tmp/minio_downloads/1776280000.json', '/tmp/minio_downloads/1776280125.json', '/tmp/minio_downloads/1776280199.json', '/tmp/minio_downloads/1776280221.json', '/tmp/minio_downloads/1776280247.json', '/tmp/minio_downloads/1776280280.json', '/tmp/minio_downloads/1776280307.json', '/tmp/minio_downloads/1776280331.json', '/tmp/minio_downloads/1776280363.json', '/tmp/minio_downloads/1776280405.json', '/tmp/minio_downloads/1776280430.json', '/tmp/minio_downloads/1776280455.json', '/tmp/minio_downloads/1776280475.json', '/tmp/minio_downloads/1776280493.json', '/tmp/minio_downloads/1776280511.json', '/tmp/minio_downloads/1776280533.json', '/tmp/minio_downloads/1776280562.json', '/tmp/minio_downloads/1776280580.json', '/tmp/minio_downloads/1776280603.json', '/tmp/minio_downloads/1776280627.json', '/tmp/minio_downloads/1776280649.json', '/tmp/minio_downloads/1776280669.json', '/tmp/minio_downloads/1776280690.json', '/tmp/minio_downloads/1776280708.json', '/tmp/minio_downloads/1776280728.json', '/tmp/minio_downloads/1776280747.json', '/tmp/minio_downloads/1776280771.json', '/tmp/minio_downloads/1776280791.json', '/tmp/minio_downloads/1776280815.json', '/tmp/minio_downloads/1776280836.json', '/tmp/minio_downloads/1776280857.json', '/tmp/minio_downloads/1776280878.json', '/tmp/minio_downloads/1776280895.json', '/tmp/minio_downloads/1776280914.json', '/tmp/minio_downloads/1776280933.json', '/tmp/minio_downloads/1776280956.json', '/tmp/minio_downloads/1776280978.json', '/tmp/minio_downloads/1776280997.json', '/tmp/minio_downloads/1776281020.json', '/tmp/minio_downloads/1776281041.json', '/tmp/minio_downloads/1776281062.json', '/tmp/minio_downloads/1776281086.json', '/tmp/minio_downloads/1776281105.json', '/tmp/minio_downloads/1776277494.json', '/tmp/minio_downloads/1776277508.json', '/tmp/minio_downloads/1776277523.json', '/tmp/minio_downloads/1776277552.json', '/tmp/minio_downloads/1776277569.json', '/tmp/minio_downloads/1776277590.json', '/tmp/minio_downloads/1776277614.json', '/tmp/minio_downloads/1776277632.json', '/tmp/minio_downloads/1776277652.json', '/tmp/minio_downloads/1776277672.json', '/tmp/minio_downloads/1776277691.json', '/tmp/minio_downloads/1776277709.json', '/tmp/minio_downloads/1776277736.json', '/tmp/minio_downloads/1776277752.json', '/tmp/minio_downloads/1776277774.json', '/tmp/minio_downloads/1776277837.json', '/tmp/minio_downloads/1776277879.json', '/tmp/minio_downloads/1776277921.json', '/tmp/minio_downloads/1776277971.json', '/tmp/minio_downloads/1776278206.json', '/tmp/minio_downloads/1776278293.json', '/tmp/minio_downloads/1776278316.json', '/tmp/minio_downloads/1776278338.json', '/tmp/minio_downloads/1776278358.json', '/tmp/minio_downloads/1776278381.json', '/tmp/minio_downloads/1776278400.json', '/tmp/minio_downloads/1776278422.json', '/tmp/minio_downloads/1776278444.json', '/tmp/minio_downloads/1776278476.json', '/tmp/minio_downloads/1776278497.json', '/tmp/minio_downloads/1776278533.json', '/tmp/minio_downloads/1776278568.json', '/tmp/minio_downloads/1776278592.json', '/tmp/minio_downloads/1776278616.json', '/tmp/minio_downloads/1776278640.json', '/tmp/minio_downloads/1776278667.json', '/tmp/minio_downloads/1776278697.json', '/tmp/minio_downloads/1776278735.json', '/tmp/minio_downloads/1776278777.json', '/tmp/minio_downloads/1776278812.json', '/tmp/minio_downloads/1776278865.json', '/tmp/minio_downloads/1776278937.json', '/tmp/minio_downloads/1776279036.json', '/tmp/minio_downloads/1776279181.json', '/tmp/minio_downloads/1776279262.json', '/tmp/minio_downloads/1776279348.json', '/tmp/minio_downloads/1776279379.json', '/tmp/minio_downloads/1776279406.json', '/tmp/minio_downloads/1776279446.json', '/tmp/minio_downloads/1776279485.json', '/tmp/minio_downloads/1776279532.json', '/tmp/minio_downloads/1776279602.json', '/tmp/minio_downloads/1776279710.json', '/tmp/minio_downloads/1776279781.json', '/tmp/minio_downloads/1776279810.json', '/tmp/minio_downloads/1776279899.json', '/tmp/minio_downloads/1776279989.json', '/tmp/minio_downloads/1776280095.json', '/tmp/minio_downloads/1776280189.json', '/tmp/minio_downloads/1776280212.json', '/tmp/minio_downloads/1776280234.json', '/tmp/minio_downloads/1776280270.json', '/tmp/minio_downloads/1776280295.json', '/tmp/minio_downloads/1776280322.json', '/tmp/minio_downloads/1776280352.json', '/tmp/minio_downloads/1776280394.json', '/tmp/minio_downloads/1776280421.json', '/tmp/minio_downloads/1776280444.json', '/tmp/minio_downloads/1776280467.json', '/tmp/minio_downloads/1776280485.json', '/tmp/minio_downloads/1776280501.json', '/tmp/minio_downloads/1776280523.json', '/tmp/minio_downloads/1776280554.json', '/tmp/minio_downloads/1776280571.json', '/tmp/minio_downloads/1776280594.json', '/tmp/minio_downloads/1776280618.json', '/tmp/minio_downloads/1776280640.json', '/tmp/minio_downloads/1776280661.json', '/tmp/minio_downloads/1776280680.json', '/tmp/minio_downloads/1776280700.json', '/tmp/minio_downloads/1776280720.json', '/tmp/minio_downloads/1776280737.json', '/tmp/minio_downloads/1776280762.json', '/tmp/minio_downloads/1776280782.json', '/tmp/minio_downloads/1776280806.json', '/tmp/minio_downloads/1776280827.json', '/tmp/minio_downloads/1776280847.json', '/tmp/minio_downloads/1776280869.json', '/tmp/minio_downloads/1776280886.json', '/tmp/minio_downloads/1776280904.json', '/tmp/minio_downloads/1776280924.json', '/tmp/minio_downloads/1776280947.json', '/tmp/minio_downloads/1776280969.json', '/tmp/minio_downloads/1776280989.json', '/tmp/minio_downloads/1776281011.json', '/tmp/minio_downloads/1776281032.json', '/tmp/minio_downloads/1776281053.json', '/tmp/minio_downloads/1776281077.json', '/tmp/minio_downloads/1776281098.json', '/tmp/minio_downloads/1776277492.json', '/tmp/minio_downloads/1776277506.json', '/tmp/minio_downloads/1776277521.json', '/tmp/minio_downloads/1776277549.json', '/tmp/minio_downloads/1776277564.json', '/tmp/minio_downloads/1776277587.json', '/tmp/minio_downloads/1776277611.json', '/tmp/minio_downloads/1776277631.json', '/tmp/minio_downloads/1776277649.json', '/tmp/minio_downloads/1776277669.json', '/tmp/minio_downloads/1776277688.json', '/tmp/minio_downloads/1776277706.json', '/tmp/minio_downloads/1776277732.json', '/tmp/minio_downloads/1776277750.json', '/tmp/minio_downloads/1776277771.json', '/tmp/minio_downloads/1776277813.json', '/tmp/minio_downloads/1776277876.json', '/tmp/minio_downloads/1776277919.json', '/tmp/minio_downloads/1776277968.json', '/tmp/minio_downloads/1776278202.json', '/tmp/minio_downloads/1776278268.json', '/tmp/minio_downloads/1776278313.json', '/tmp/minio_downloads/1776278335.json', '/tmp/minio_downloads/1776278355.json', '/tmp/minio_downloads/1776278378.json', '/tmp/minio_downloads/1776278398.json', '/tmp/minio_downloads/1776278419.json', '/tmp/minio_downloads/1776278441.json', '/tmp/minio_downloads/1776278472.json', '/tmp/minio_downloads/1776278495.json', '/tmp/minio_downloads/1776278527.json', '/tmp/minio_downloads/1776278564.json', '/tmp/minio_downloads/1776278588.json', '/tmp/minio_downloads/1776278614.json', '/tmp/minio_downloads/1776278634.json', '/tmp/minio_downloads/1776278663.json', '/tmp/minio_downloads/1776278694.json', '/tmp/minio_downloads/1776278730.json', '/tmp/minio_downloads/1776278766.json', '/tmp/minio_downloads/1776278805.json', '/tmp/minio_downloads/1776278854.json', '/tmp/minio_downloads/1776278925.json', '/tmp/minio_downloads/1776279011.json', '/tmp/minio_downloads/1776279150.json', '/tmp/minio_downloads/1776279256.json', '/tmp/minio_downloads/1776279294.json', '/tmp/minio_downloads/1776279345.json', '/tmp/minio_downloads/1776279375.json', '/tmp/minio_downloads/1776279402.json', '/tmp/minio_downloads/1776279439.json', '/tmp/minio_downloads/1776279478.json', '/tmp/minio_downloads/1776279526.json', '/tmp/minio_downloads/1776279574.json', '/tmp/minio_downloads/1776279683.json', '/tmp/minio_downloads/1776279777.json', '/tmp/minio_downloads/1776279807.json', '/tmp/minio_downloads/1776279871.json', '/tmp/minio_downloads/1776279963.json', '/tmp/minio_downloads/1776280066.json', '/tmp/minio_downloads/1776280164.json', '/tmp/minio_downloads/1776280208.json', '/tmp/minio_downloads/1776280230.json', '/tmp/minio_downloads/1776280265.json', '/tmp/minio_downloads/1776280291.json', '/tmp/minio_downloads/1776280319.json', '/tmp/minio_downloads/1776280348.json', '/tmp/minio_downloads/1776280388.json', '/tmp/minio_downloads/1776280416.json', '/tmp/minio_downloads/1776280441.json', '/tmp/minio_downloads/1776280465.json', '/tmp/minio_downloads/1776280482.json', '/tmp/minio_downloads/1776280499.json', '/tmp/minio_downloads/1776280521.json', '/tmp/minio_downloads/1776280552.json', '/tmp/minio_downloads/1776280569.json', '/tmp/minio_downloads/1776280590.json', '/tmp/minio_downloads/1776280614.json', '/tmp/minio_downloads/1776280637.json', '/tmp/minio_downloads/1776280658.json', '/tmp/minio_downloads/1776280678.json', '/tmp/minio_downloads/1776280697.json', '/tmp/minio_downloads/1776280717.json', '/tmp/minio_downloads/1776280735.json', '/tmp/minio_downloads/1776280757.json', '/tmp/minio_downloads/1776280779.json', '/tmp/minio_downloads/1776280802.json', '/tmp/minio_downloads/1776280824.json', '/tmp/minio_downloads/1776280843.json', '/tmp/minio_downloads/1776280866.json', '/tmp/minio_downloads/1776280884.json', '/tmp/minio_downloads/1776280903.json', '/tmp/minio_downloads/1776280921.json', '/tmp/minio_downloads/1776280943.json', '/tmp/minio_downloads/1776280965.json', '/tmp/minio_downloads/1776280987.json', '/tmp/minio_downloads/1776281008.json', '/tmp/minio_downloads/1776281029.json', '/tmp/minio_downloads/1776281050.json', '/tmp/minio_downloads/1776281074.json', '/tmp/minio_downloads/1776281095.json', '/tmp/minio_downloads/1776277489.json', '/tmp/minio_downloads/1776277503.json', '/tmp/minio_downloads/1776277517.json', '/tmp/minio_downloads/1776277533.json', '/tmp/minio_downloads/1776277561.json', '/tmp/minio_downloads/1776277581.json', '/tmp/minio_downloads/1776277603.json', '/tmp/minio_downloads/1776277625.json', '/tmp/minio_downloads/1776277644.json', '/tmp/minio_downloads/1776277662.json', '/tmp/minio_downloads/1776277682.json', '/tmp/minio_downloads/1776277701.json', '/tmp/minio_downloads/1776277726.json', '/tmp/minio_downloads/1776277745.json', '/tmp/minio_downloads/1776277764.json', '/tmp/minio_downloads/1776277785.json', '/tmp/minio_downloads/1776277849.json', '/tmp/minio_downloads/1776277911.json', '/tmp/minio_downloads/1776277961.json', '/tmp/minio_downloads/1776278174.json', '/tmp/minio_downloads/1776278261.json', '/tmp/minio_downloads/1776278307.json', '/tmp/minio_downloads/1776278328.json', '/tmp/minio_downloads/1776278350.json', '/tmp/minio_downloads/1776278370.json', '/tmp/minio_downloads/1776278393.json', '/tmp/minio_downloads/1776278412.json', '/tmp/minio_downloads/1776278434.json', '/tmp/minio_downloads/1776278466.json', '/tmp/minio_downloads/1776278488.json', '/tmp/minio_downloads/1776278514.json', '/tmp/minio_downloads/1776278555.json', '/tmp/minio_downloads/1776278582.json', '/tmp/minio_downloads/1776278608.json', '/tmp/minio_downloads/1776278628.json', '/tmp/minio_downloads/1776278655.json', '/tmp/minio_downloads/1776278684.json', '/tmp/minio_downloads/1776278716.json', '/tmp/minio_downloads/1776278753.json', '/tmp/minio_downloads/1776278793.json', '/tmp/minio_downloads/1776278837.json', '/tmp/minio_downloads/1776278898.json', '/tmp/minio_downloads/1776278974.json', '/tmp/minio_downloads/1776279092.json', '/tmp/minio_downloads/1776279224.json', '/tmp/minio_downloads/1776279281.json', '/tmp/minio_downloads/1776279339.json', '/tmp/minio_downloads/1776279362.json', '/tmp/minio_downloads/1776279393.json', '/tmp/minio_downloads/1776279425.json', '/tmp/minio_downloads/1776279467.json', '/tmp/minio_downloads/1776279510.json', '/tmp/minio_downloads/1776279558.json', '/tmp/minio_downloads/1776279644.json', '/tmp/minio_downloads/1776279746.json', '/tmp/minio_downloads/1776279799.json', '/tmp/minio_downloads/1776279843.json', '/tmp/minio_downloads/1776279933.json', '/tmp/minio_downloads/1776280004.json', '/tmp/minio_downloads/1776280127.json', '/tmp/minio_downloads/1776280202.json', '/tmp/minio_downloads/1776280224.json', '/tmp/minio_downloads/1776280253.json', '/tmp/minio_downloads/1776280284.json', '/tmp/minio_downloads/1776280311.json', '/tmp/minio_downloads/1776280334.json', '/tmp/minio_downloads/1776280374.json', '/tmp/minio_downloads/1776280409.json', '/tmp/minio_downloads/1776280434.json', '/tmp/minio_downloads/1776280458.json', '/tmp/minio_downloads/1776280477.json', '/tmp/minio_downloads/1776280495.json', '/tmp/minio_downloads/1776280513.json', '/tmp/minio_downloads/1776280538.json', '/tmp/minio_downloads/1776280564.json', '/tmp/minio_downloads/1776280583.json', '/tmp/minio_downloads/1776280606.json', '/tmp/minio_downloads/1776280631.json', '/tmp/minio_downloads/1776280652.json', '/tmp/minio_downloads/1776280670.json', '/tmp/minio_downloads/1776280692.json', '/tmp/minio_downloads/1776280711.json', '/tmp/minio_downloads/1776280730.json', '/tmp/minio_downloads/1776280750.json', '/tmp/minio_downloads/1776280773.json', '/tmp/minio_downloads/1776280796.json', '/tmp/minio_downloads/1776280818.json', '/tmp/minio_downloads/1776280840.json', '/tmp/minio_downloads/1776280860.json', '/tmp/minio_downloads/1776280880.json', '/tmp/minio_downloads/1776280898.json', '/tmp/minio_downloads/1776280916.json', '/tmp/minio_downloads/1776280938.json', '/tmp/minio_downloads/1776280959.json', '/tmp/minio_downloads/1776280980.json', '/tmp/minio_downloads/1776280999.json', '/tmp/minio_downloads/1776281022.json', '/tmp/minio_downloads/1776281045.json', '/tmp/minio_downloads/1776281066.json', '/tmp/minio_downloads/1776281090.json', '/tmp/minio_downloads/1776281128.json', '/tmp/minio_downloads/1776277490.json', '/tmp/minio_downloads/1776277505.json', '/tmp/minio_downloads/1776277519.json', '/tmp/minio_downloads/1776277536.json', '/tmp/minio_downloads/1776277562.json', '/tmp/minio_downloads/1776277585.json', '/tmp/minio_downloads/1776277609.json', '/tmp/minio_downloads/1776277628.json', '/tmp/minio_downloads/1776277647.json', '/tmp/minio_downloads/1776277667.json', '/tmp/minio_downloads/1776277686.json', '/tmp/minio_downloads/1776277703.json', '/tmp/minio_downloads/1776277729.json', '/tmp/minio_downloads/1776277747.json', '/tmp/minio_downloads/1776277767.json', '/tmp/minio_downloads/1776277810.json', '/tmp/minio_downloads/1776277874.json', '/tmp/minio_downloads/1776277914.json', '/tmp/minio_downloads/1776277964.json', '/tmp/minio_downloads/1776278177.json', '/tmp/minio_downloads/1776278265.json', '/tmp/minio_downloads/1776278310.json', '/tmp/minio_downloads/1776278332.json', '/tmp/minio_downloads/1776278353.json', '/tmp/minio_downloads/1776278375.json', '/tmp/minio_downloads/1776278395.json', '/tmp/minio_downloads/1776278415.json', '/tmp/minio_downloads/1776278437.json', '/tmp/minio_downloads/1776278469.json', '/tmp/minio_downloads/1776278491.json', '/tmp/minio_downloads/1776278519.json', '/tmp/minio_downloads/1776278560.json', '/tmp/minio_downloads/1776278585.json', '/tmp/minio_downloads/1776278611.json', '/tmp/minio_downloads/1776278631.json', '/tmp/minio_downloads/1776278658.json', '/tmp/minio_downloads/1776278688.json', '/tmp/minio_downloads/1776278724.json', '/tmp/minio_downloads/1776278758.json', '/tmp/minio_downloads/1776278799.json', '/tmp/minio_downloads/1776278845.json', '/tmp/minio_downloads/1776278911.json', '/tmp/minio_downloads/1776278980.json', '/tmp/minio_downloads/1776279120.json', '/tmp/minio_downloads/1776279252.json', '/tmp/minio_downloads/1776279287.json', '/tmp/minio_downloads/1776279342.json', '/tmp/minio_downloads/1776279370.json', '/tmp/minio_downloads/1776279397.json', '/tmp/minio_downloads/1776279432.json', '/tmp/minio_downloads/1776279472.json', '/tmp/minio_downloads/1776279519.json', '/tmp/minio_downloads/1776279566.json', '/tmp/minio_downloads/1776279675.json', '/tmp/minio_downloads/1776279752.json', '/tmp/minio_downloads/1776279804.json', '/tmp/minio_downloads/1776279867.json', '/tmp/minio_downloads/1776279938.json', '/tmp/minio_downloads/1776280040.json', '/tmp/minio_downloads/1776280159.json', '/tmp/minio_downloads/1776280205.json', '/tmp/minio_downloads/1776280227.json', '/tmp/minio_downloads/1776280260.json', '/tmp/minio_downloads/1776280288.json', '/tmp/minio_downloads/1776280314.json', '/tmp/minio_downloads/1776280341.json', '/tmp/minio_downloads/1776280380.json', '/tmp/minio_downloads/1776280412.json', '/tmp/minio_downloads/1776280437.json', '/tmp/minio_downloads/1776280461.json', '/tmp/minio_downloads/1776280479.json', '/tmp/minio_downloads/1776280497.json', '/tmp/minio_downloads/1776280516.json', '/tmp/minio_downloads/1776280548.json', '/tmp/minio_downloads/1776280566.json', '/tmp/minio_downloads/1776280587.json', '/tmp/minio_downloads/1776280611.json', '/tmp/minio_downloads/1776280634.json', '/tmp/minio_downloads/1776280656.json', '/tmp/minio_downloads/1776280675.json', '/tmp/minio_downloads/1776280695.json', '/tmp/minio_downloads/1776280715.json', '/tmp/minio_downloads/1776280732.json', '/tmp/minio_downloads/1776280755.json', '/tmp/minio_downloads/1776280776.json', '/tmp/minio_downloads/1776280800.json', '/tmp/minio_downloads/1776280821.json', '/tmp/minio_downloads/1776280841.json', '/tmp/minio_downloads/1776280864.json', '/tmp/minio_downloads/1776280882.json', '/tmp/minio_downloads/1776280900.json', '/tmp/minio_downloads/1776280918.json', '/tmp/minio_downloads/1776280940.json', '/tmp/minio_downloads/1776280962.json', '/tmp/minio_downloads/1776280983.json', '/tmp/minio_downloads/1776281001.json', '/tmp/minio_downloads/1776281026.json', '/tmp/minio_downloads/1776281047.json', '/tmp/minio_downloads/1776281069.json', '/tmp/minio_downloads/1776281093.json', '/tmp/minio_downloads/1776281130.json']
[2026-05-29T13:19:19.361+0000] {taskinstance.py:441} INFO - ::group::Post task execution logs
[2026-05-29T13:19:19.521+0000] {taskinstance.py:1206} INFO - Marking task as SUCCESS. dag_id=minio_to_snowflake, task_id=download_minio, run_id=scheduled__2026-05-29T13:18:00+00:00, execution_date=20260529T131800, start_date=20260529T131909, end_date=20260529T131919
[2026-05-29T13:19:19.595+0000] {local_task_job_runner.py:243} INFO - Task exited with return code 0
[2026-05-29T13:19:19.643+0000] {taskinstance.py:3503} INFO - 1 downstream tasks scheduled from follow-on schedule check
[2026-05-29T13:19:19.649+0000] {local_task_job_runner.py:222} INFO - ::endgroup::
