[2026-05-29T12:37:33.468+0000] {local_task_job_runner.py:120} INFO - ::group::Pre task execution logs
[2026-05-29T12:37:33.533+0000] {taskinstance.py:2076} INFO - Dependencies all met for dep_context=non-requeueable deps ti=<TaskInstance: minio_to_snowflake.download_minio scheduled__2026-05-29T12:35:00+00:00 [queued]>
[2026-05-29T12:37:33.551+0000] {taskinstance.py:2076} INFO - Dependencies all met for dep_context=requeueable deps ti=<TaskInstance: minio_to_snowflake.download_minio scheduled__2026-05-29T12:35:00+00:00 [queued]>
[2026-05-29T12:37:33.553+0000] {taskinstance.py:2306} INFO - Starting attempt 1 of 2
[2026-05-29T12:37:33.591+0000] {taskinstance.py:2330} INFO - Executing <Task(PythonOperator): download_minio> on 2026-05-29 12:35:00+00:00
[2026-05-29T12:37:33.643+0000] {standard_task_runner.py:90} INFO - Running: ['***', 'tasks', 'run', 'minio_to_snowflake', 'download_minio', 'scheduled__2026-05-29T12:35:00+00:00', '--job-id', '119', '--raw', '--subdir', 'DAGS_FOLDER/minio_to_snowflake.py', '--cfg-path', '/tmp/tmpso8fenyy']
[2026-05-29T12:37:33.695+0000] {standard_task_runner.py:91} INFO - Job 119: Subtask download_minio
[2026-05-29T12:37:33.718+0000] {logging_mixin.py:188} WARNING - /home/***/.local/lib/python3.12/site-packages/***/task/task_runner/standard_task_runner.py:62 DeprecationWarning: This process (pid=15723) is multi-threaded, use of fork() may lead to deadlocks in the child.
[2026-05-29T12:37:33.720+0000] {standard_task_runner.py:64} INFO - Started process 15734 to run task
[2026-05-29T12:37:34.057+0000] {task_command.py:426} INFO - Running <TaskInstance: minio_to_snowflake.download_minio scheduled__2026-05-29T12:35:00+00:00 [running]> on host 0a790aba60c9
[2026-05-29T12:37:34.679+0000] {taskinstance.py:2648} INFO - Exporting env vars: AIRFLOW_CTX_DAG_OWNER='***' AIRFLOW_CTX_DAG_ID='minio_to_snowflake' AIRFLOW_CTX_TASK_ID='download_minio' AIRFLOW_CTX_EXECUTION_DATE='2026-05-29T12:35:00+00:00' AIRFLOW_CTX_TRY_NUMBER='1' AIRFLOW_CTX_DAG_RUN_ID='scheduled__2026-05-29T12:35:00+00:00'
[2026-05-29T12:37:34.700+0000] {taskinstance.py:430} INFO - ::endgroup::
[2026-05-29T12:37:41.481+0000] {logging_mixin.py:188} INFO - Downloaded AAPL/1776277487.json -> /tmp/minio_downloads/1776277487.json
[2026-05-29T12:37:41.509+0000] {logging_mixin.py:188} INFO - Downloaded AAPL/1776277502.json -> /tmp/minio_downloads/1776277502.json
[2026-05-29T12:37:41.542+0000] {logging_mixin.py:188} INFO - Downloaded AAPL/1776277516.json -> /tmp/minio_downloads/1776277516.json
[2026-05-29T12:37:41.573+0000] {logging_mixin.py:188} INFO - Downloaded AAPL/1776277531.json -> /tmp/minio_downloads/1776277531.json
[2026-05-29T12:37:41.605+0000] {logging_mixin.py:188} INFO - Downloaded AAPL/1776277559.json -> /tmp/minio_downloads/1776277559.json
[2026-05-29T12:37:41.638+0000] {logging_mixin.py:188} INFO - Downloaded AAPL/1776277578.json -> /tmp/minio_downloads/1776277578.json
[2026-05-29T12:37:41.681+0000] {logging_mixin.py:188} INFO - Downloaded AAPL/1776277599.json -> /tmp/minio_downloads/1776277599.json
[2026-05-29T12:37:41.721+0000] {logging_mixin.py:188} INFO - Downloaded AAPL/1776277622.json -> /tmp/minio_downloads/1776277622.json
[2026-05-29T12:37:41.750+0000] {logging_mixin.py:188} INFO - Downloaded AAPL/1776277642.json -> /tmp/minio_downloads/1776277642.json
[2026-05-29T12:37:41.776+0000] {logging_mixin.py:188} INFO - Downloaded AAPL/1776277660.json -> /tmp/minio_downloads/1776277660.json
[2026-05-29T12:37:41.806+0000] {logging_mixin.py:188} INFO - Downloaded AAPL/1776277680.json -> /tmp/minio_downloads/1776277680.json
[2026-05-29T12:37:41.834+0000] {logging_mixin.py:188} INFO - Downloaded AAPL/1776277699.json -> /tmp/minio_downloads/1776277699.json
[2026-05-29T12:37:41.877+0000] {logging_mixin.py:188} INFO - Downloaded AAPL/1776277721.json -> /tmp/minio_downloads/1776277721.json
[2026-05-29T12:37:41.920+0000] {logging_mixin.py:188} INFO - Downloaded AAPL/1776277743.json -> /tmp/minio_downloads/1776277743.json
[2026-05-29T12:37:42.208+0000] {logging_mixin.py:188} INFO - Downloaded AAPL/1776277760.json -> /tmp/minio_downloads/1776277760.json
[2026-05-29T12:37:42.262+0000] {logging_mixin.py:188} INFO - Downloaded AAPL/1776277783.json -> /tmp/minio_downloads/1776277783.json
[2026-05-29T12:37:42.392+0000] {logging_mixin.py:188} INFO - Downloaded AAPL/1776277846.json -> /tmp/minio_downloads/1776277846.json
[2026-05-29T12:37:42.454+0000] {logging_mixin.py:188} INFO - Downloaded AAPL/1776277908.json -> /tmp/minio_downloads/1776277908.json
[2026-05-29T12:37:42.610+0000] {logging_mixin.py:188} INFO - Downloaded AAPL/1776277937.json -> /tmp/minio_downloads/1776277937.json
[2026-05-29T12:37:42.659+0000] {logging_mixin.py:188} INFO - Downloaded AAPL/1776278001.json -> /tmp/minio_downloads/1776278001.json
[2026-05-29T12:37:42.786+0000] {logging_mixin.py:188} INFO - Downloaded AAPL/1776278170.json -> /tmp/minio_downloads/1776278170.json
[2026-05-29T12:37:42.861+0000] {logging_mixin.py:188} INFO - Downloaded AAPL/1776278236.json -> /tmp/minio_downloads/1776278236.json
[2026-05-29T12:37:42.989+0000] {logging_mixin.py:188} INFO - Downloaded AAPL/1776278302.json -> /tmp/minio_downloads/1776278302.json
[2026-05-29T12:37:43.082+0000] {logging_mixin.py:188} INFO - Downloaded AAPL/1776278325.json -> /tmp/minio_downloads/1776278325.json
[2026-05-29T12:37:43.161+0000] {logging_mixin.py:188} INFO - Downloaded AAPL/1776278347.json -> /tmp/minio_downloads/1776278347.json
[2026-05-29T12:37:43.246+0000] {logging_mixin.py:188} INFO - Downloaded AAPL/1776278367.json -> /tmp/minio_downloads/1776278367.json
[2026-05-29T12:37:43.317+0000] {logging_mixin.py:188} INFO - Downloaded AAPL/1776278390.json -> /tmp/minio_downloads/1776278390.json
[2026-05-29T12:37:43.389+0000] {logging_mixin.py:188} INFO - Downloaded AAPL/1776278409.json -> /tmp/minio_downloads/1776278409.json
[2026-05-29T12:37:43.461+0000] {logging_mixin.py:188} INFO - Downloaded AAPL/1776278431.json -> /tmp/minio_downloads/1776278431.json
[2026-05-29T12:37:43.549+0000] {logging_mixin.py:188} INFO - Downloaded AAPL/1776278457.json -> /tmp/minio_downloads/1776278457.json
[2026-05-29T12:37:43.632+0000] {logging_mixin.py:188} INFO - Downloaded AAPL/1776278485.json -> /tmp/minio_downloads/1776278485.json
[2026-05-29T12:37:43.671+0000] {logging_mixin.py:188} INFO - Downloaded AAPL/1776278508.json -> /tmp/minio_downloads/1776278508.json
[2026-05-29T12:37:43.709+0000] {logging_mixin.py:188} INFO - Downloaded AAPL/1776278545.json -> /tmp/minio_downloads/1776278545.json
[2026-05-29T12:37:43.747+0000] {logging_mixin.py:188} INFO - Downloaded AAPL/1776278578.json -> /tmp/minio_downloads/1776278578.json
[2026-05-29T12:37:43.790+0000] {logging_mixin.py:188} INFO - Downloaded AAPL/1776278603.json -> /tmp/minio_downloads/1776278603.json
[2026-05-29T12:37:43.846+0000] {logging_mixin.py:188} INFO - Downloaded AAPL/1776278625.json -> /tmp/minio_downloads/1776278625.json
[2026-05-29T12:37:43.882+0000] {logging_mixin.py:188} INFO - Downloaded AAPL/1776278651.json -> /tmp/minio_downloads/1776278651.json
[2026-05-29T12:37:43.922+0000] {logging_mixin.py:188} INFO - Downloaded AAPL/1776278679.json -> /tmp/minio_downloads/1776278679.json
[2026-05-29T12:37:43.964+0000] {logging_mixin.py:188} INFO - Downloaded AAPL/1776278710.json -> /tmp/minio_downloads/1776278710.json
[2026-05-29T12:37:43.991+0000] {logging_mixin.py:188} INFO - Downloaded AAPL/1776278746.json -> /tmp/minio_downloads/1776278746.json
[2026-05-29T12:37:44.018+0000] {logging_mixin.py:188} INFO - Downloaded AAPL/1776278788.json -> /tmp/minio_downloads/1776278788.json
[2026-05-29T12:37:44.046+0000] {logging_mixin.py:188} INFO - Downloaded AAPL/1776278832.json -> /tmp/minio_downloads/1776278832.json
[2026-05-29T12:37:44.082+0000] {logging_mixin.py:188} INFO - Downloaded AAPL/1776278887.json -> /tmp/minio_downloads/1776278887.json
[2026-05-29T12:37:44.128+0000] {logging_mixin.py:188} INFO - Downloaded AAPL/1776278969.json -> /tmp/minio_downloads/1776278969.json
[2026-05-29T12:37:44.164+0000] {logging_mixin.py:188} INFO - Downloaded AAPL/1776279066.json -> /tmp/minio_downloads/1776279066.json
[2026-05-29T12:37:44.208+0000] {logging_mixin.py:188} INFO - Downloaded AAPL/1776279195.json -> /tmp/minio_downloads/1776279195.json
[2026-05-29T12:37:44.237+0000] {logging_mixin.py:188} INFO - Downloaded AAPL/1776279275.json -> /tmp/minio_downloads/1776279275.json
[2026-05-29T12:37:44.266+0000] {logging_mixin.py:188} INFO - Downloaded AAPL/1776279336.json -> /tmp/minio_downloads/1776279336.json
[2026-05-29T12:37:44.312+0000] {logging_mixin.py:188} INFO - Downloaded AAPL/1776279359.json -> /tmp/minio_downloads/1776279359.json
[2026-05-29T12:37:44.343+0000] {logging_mixin.py:188} INFO - Downloaded AAPL/1776279389.json -> /tmp/minio_downloads/1776279389.json
[2026-05-29T12:37:44.378+0000] {logging_mixin.py:188} INFO - Downloaded AAPL/1776279416.json -> /tmp/minio_downloads/1776279416.json
[2026-05-29T12:37:44.404+0000] {logging_mixin.py:188} INFO - Downloaded AAPL/1776279460.json -> /tmp/minio_downloads/1776279460.json
[2026-05-29T12:37:44.430+0000] {logging_mixin.py:188} INFO - Downloaded AAPL/1776279504.json -> /tmp/minio_downloads/1776279504.json
[2026-05-29T12:37:44.457+0000] {logging_mixin.py:188} INFO - Downloaded AAPL/1776279549.json -> /tmp/minio_downloads/1776279549.json
[2026-05-29T12:37:44.481+0000] {logging_mixin.py:188} INFO - Downloaded AAPL/1776279636.json -> /tmp/minio_downloads/1776279636.json
[2026-05-29T12:37:44.510+0000] {logging_mixin.py:188} INFO - Downloaded AAPL/1776279743.json -> /tmp/minio_downloads/1776279743.json
[2026-05-29T12:37:44.532+0000] {logging_mixin.py:188} INFO - Downloaded AAPL/1776279791.json -> /tmp/minio_downloads/1776279791.json
[2026-05-29T12:37:44.590+0000] {logging_mixin.py:188} INFO - Downloaded AAPL/1776279819.json -> /tmp/minio_downloads/1776279819.json
[2026-05-29T12:37:44.615+0000] {logging_mixin.py:188} INFO - Downloaded AAPL/1776279909.json -> /tmp/minio_downloads/1776279909.json
[2026-05-29T12:37:44.643+0000] {logging_mixin.py:188} INFO - Downloaded AAPL/1776280000.json -> /tmp/minio_downloads/1776280000.json
[2026-05-29T12:37:44.673+0000] {logging_mixin.py:188} INFO - Downloaded AAPL/1776280125.json -> /tmp/minio_downloads/1776280125.json
[2026-05-29T12:37:44.705+0000] {logging_mixin.py:188} INFO - Downloaded AAPL/1776280199.json -> /tmp/minio_downloads/1776280199.json
[2026-05-29T12:37:44.736+0000] {logging_mixin.py:188} INFO - Downloaded AAPL/1776280221.json -> /tmp/minio_downloads/1776280221.json
[2026-05-29T12:37:44.769+0000] {logging_mixin.py:188} INFO - Downloaded AAPL/1776280247.json -> /tmp/minio_downloads/1776280247.json
[2026-05-29T12:37:44.825+0000] {logging_mixin.py:188} INFO - Downloaded AAPL/1776280280.json -> /tmp/minio_downloads/1776280280.json
[2026-05-29T12:37:44.880+0000] {logging_mixin.py:188} INFO - Downloaded AAPL/1776280307.json -> /tmp/minio_downloads/1776280307.json
[2026-05-29T12:37:44.931+0000] {logging_mixin.py:188} INFO - Downloaded AAPL/1776280331.json -> /tmp/minio_downloads/1776280331.json
[2026-05-29T12:37:44.978+0000] {logging_mixin.py:188} INFO - Downloaded AAPL/1776280363.json -> /tmp/minio_downloads/1776280363.json
[2026-05-29T12:37:45.014+0000] {logging_mixin.py:188} INFO - Downloaded AAPL/1776280405.json -> /tmp/minio_downloads/1776280405.json
[2026-05-29T12:37:45.069+0000] {logging_mixin.py:188} INFO - Downloaded AAPL/1776280430.json -> /tmp/minio_downloads/1776280430.json
[2026-05-29T12:37:45.122+0000] {logging_mixin.py:188} INFO - Downloaded AAPL/1776280455.json -> /tmp/minio_downloads/1776280455.json
[2026-05-29T12:37:45.177+0000] {logging_mixin.py:188} INFO - Downloaded AAPL/1776280475.json -> /tmp/minio_downloads/1776280475.json
[2026-05-29T12:37:45.226+0000] {logging_mixin.py:188} INFO - Downloaded AAPL/1776280493.json -> /tmp/minio_downloads/1776280493.json
[2026-05-29T12:37:45.279+0000] {logging_mixin.py:188} INFO - Downloaded AAPL/1776280511.json -> /tmp/minio_downloads/1776280511.json
[2026-05-29T12:37:45.328+0000] {logging_mixin.py:188} INFO - Downloaded AAPL/1776280533.json -> /tmp/minio_downloads/1776280533.json
[2026-05-29T12:37:45.360+0000] {logging_mixin.py:188} INFO - Downloaded AAPL/1776280562.json -> /tmp/minio_downloads/1776280562.json
[2026-05-29T12:37:45.396+0000] {logging_mixin.py:188} INFO - Downloaded AAPL/1776280580.json -> /tmp/minio_downloads/1776280580.json
[2026-05-29T12:37:45.436+0000] {logging_mixin.py:188} INFO - Downloaded AAPL/1776280603.json -> /tmp/minio_downloads/1776280603.json
[2026-05-29T12:37:45.462+0000] {logging_mixin.py:188} INFO - Downloaded AAPL/1776280627.json -> /tmp/minio_downloads/1776280627.json
[2026-05-29T12:37:45.490+0000] {logging_mixin.py:188} INFO - Downloaded AAPL/1776280649.json -> /tmp/minio_downloads/1776280649.json
[2026-05-29T12:37:45.521+0000] {logging_mixin.py:188} INFO - Downloaded AAPL/1776280669.json -> /tmp/minio_downloads/1776280669.json
[2026-05-29T12:37:45.544+0000] {logging_mixin.py:188} INFO - Downloaded AAPL/1776280690.json -> /tmp/minio_downloads/1776280690.json
[2026-05-29T12:37:45.570+0000] {logging_mixin.py:188} INFO - Downloaded AAPL/1776280708.json -> /tmp/minio_downloads/1776280708.json
[2026-05-29T12:37:45.596+0000] {logging_mixin.py:188} INFO - Downloaded AAPL/1776280728.json -> /tmp/minio_downloads/1776280728.json
[2026-05-29T12:37:45.616+0000] {logging_mixin.py:188} INFO - Downloaded AAPL/1776280747.json -> /tmp/minio_downloads/1776280747.json
[2026-05-29T12:37:45.636+0000] {logging_mixin.py:188} INFO - Downloaded AAPL/1776280771.json -> /tmp/minio_downloads/1776280771.json
[2026-05-29T12:37:45.665+0000] {logging_mixin.py:188} INFO - Downloaded AAPL/1776280791.json -> /tmp/minio_downloads/1776280791.json
[2026-05-29T12:37:45.697+0000] {logging_mixin.py:188} INFO - Downloaded AAPL/1776280815.json -> /tmp/minio_downloads/1776280815.json
[2026-05-29T12:37:45.723+0000] {logging_mixin.py:188} INFO - Downloaded AAPL/1776280836.json -> /tmp/minio_downloads/1776280836.json
[2026-05-29T12:37:45.764+0000] {logging_mixin.py:188} INFO - Downloaded AAPL/1776280857.json -> /tmp/minio_downloads/1776280857.json
[2026-05-29T12:37:45.850+0000] {logging_mixin.py:188} INFO - Downloaded AAPL/1776280878.json -> /tmp/minio_downloads/1776280878.json
[2026-05-29T12:37:45.914+0000] {logging_mixin.py:188} INFO - Downloaded AAPL/1776280895.json -> /tmp/minio_downloads/1776280895.json
[2026-05-29T12:37:45.960+0000] {logging_mixin.py:188} INFO - Downloaded AAPL/1776280914.json -> /tmp/minio_downloads/1776280914.json
[2026-05-29T12:37:46.008+0000] {logging_mixin.py:188} INFO - Downloaded AAPL/1776280933.json -> /tmp/minio_downloads/1776280933.json
[2026-05-29T12:37:46.106+0000] {logging_mixin.py:188} INFO - Downloaded AAPL/1776280956.json -> /tmp/minio_downloads/1776280956.json
[2026-05-29T12:37:46.158+0000] {logging_mixin.py:188} INFO - Downloaded AAPL/1776280978.json -> /tmp/minio_downloads/1776280978.json
[2026-05-29T12:37:46.192+0000] {logging_mixin.py:188} INFO - Downloaded AAPL/1776280997.json -> /tmp/minio_downloads/1776280997.json
[2026-05-29T12:37:46.232+0000] {logging_mixin.py:188} INFO - Downloaded AAPL/1776281020.json -> /tmp/minio_downloads/1776281020.json
[2026-05-29T12:37:46.316+0000] {logging_mixin.py:188} INFO - Downloaded AAPL/1776281041.json -> /tmp/minio_downloads/1776281041.json
[2026-05-29T12:37:46.408+0000] {logging_mixin.py:188} INFO - Downloaded AAPL/1776281062.json -> /tmp/minio_downloads/1776281062.json
[2026-05-29T12:37:46.756+0000] {logging_mixin.py:188} INFO - Downloaded AAPL/1776281086.json -> /tmp/minio_downloads/1776281086.json
[2026-05-29T12:37:47.064+0000] {logging_mixin.py:188} INFO - Downloaded AAPL/1776281105.json -> /tmp/minio_downloads/1776281105.json
[2026-05-29T12:37:47.119+0000] {logging_mixin.py:188} INFO - Downloaded AMZN/1776277494.json -> /tmp/minio_downloads/1776277494.json
[2026-05-29T12:37:47.169+0000] {logging_mixin.py:188} INFO - Downloaded AMZN/1776277508.json -> /tmp/minio_downloads/1776277508.json
[2026-05-29T12:37:47.217+0000] {logging_mixin.py:188} INFO - Downloaded AMZN/1776277523.json -> /tmp/minio_downloads/1776277523.json
[2026-05-29T12:37:47.277+0000] {logging_mixin.py:188} INFO - Downloaded AMZN/1776277552.json -> /tmp/minio_downloads/1776277552.json
[2026-05-29T12:37:47.330+0000] {logging_mixin.py:188} INFO - Downloaded AMZN/1776277569.json -> /tmp/minio_downloads/1776277569.json
[2026-05-29T12:37:47.417+0000] {logging_mixin.py:188} INFO - Downloaded AMZN/1776277590.json -> /tmp/minio_downloads/1776277590.json
[2026-05-29T12:37:47.482+0000] {logging_mixin.py:188} INFO - Downloaded AMZN/1776277614.json -> /tmp/minio_downloads/1776277614.json
[2026-05-29T12:37:47.547+0000] {logging_mixin.py:188} INFO - Downloaded AMZN/1776277632.json -> /tmp/minio_downloads/1776277632.json
[2026-05-29T12:37:47.606+0000] {logging_mixin.py:188} INFO - Downloaded AMZN/1776277652.json -> /tmp/minio_downloads/1776277652.json
[2026-05-29T12:37:47.682+0000] {logging_mixin.py:188} INFO - Downloaded AMZN/1776277672.json -> /tmp/minio_downloads/1776277672.json
[2026-05-29T12:37:47.730+0000] {logging_mixin.py:188} INFO - Downloaded AMZN/1776277691.json -> /tmp/minio_downloads/1776277691.json
[2026-05-29T12:37:47.765+0000] {logging_mixin.py:188} INFO - Downloaded AMZN/1776277709.json -> /tmp/minio_downloads/1776277709.json
[2026-05-29T12:37:47.798+0000] {logging_mixin.py:188} INFO - Downloaded AMZN/1776277736.json -> /tmp/minio_downloads/1776277736.json
[2026-05-29T12:37:47.831+0000] {logging_mixin.py:188} INFO - Downloaded AMZN/1776277752.json -> /tmp/minio_downloads/1776277752.json
[2026-05-29T12:37:47.888+0000] {logging_mixin.py:188} INFO - Downloaded AMZN/1776277774.json -> /tmp/minio_downloads/1776277774.json
[2026-05-29T12:37:47.934+0000] {logging_mixin.py:188} INFO - Downloaded AMZN/1776277837.json -> /tmp/minio_downloads/1776277837.json
[2026-05-29T12:37:48.004+0000] {logging_mixin.py:188} INFO - Downloaded AMZN/1776277879.json -> /tmp/minio_downloads/1776277879.json
[2026-05-29T12:37:48.050+0000] {logging_mixin.py:188} INFO - Downloaded AMZN/1776277921.json -> /tmp/minio_downloads/1776277921.json
[2026-05-29T12:37:48.112+0000] {logging_mixin.py:188} INFO - Downloaded AMZN/1776277971.json -> /tmp/minio_downloads/1776277971.json
[2026-05-29T12:37:48.154+0000] {logging_mixin.py:188} INFO - Downloaded AMZN/1776278206.json -> /tmp/minio_downloads/1776278206.json
[2026-05-29T12:37:48.197+0000] {logging_mixin.py:188} INFO - Downloaded AMZN/1776278293.json -> /tmp/minio_downloads/1776278293.json
[2026-05-29T12:37:48.230+0000] {logging_mixin.py:188} INFO - Downloaded AMZN/1776278316.json -> /tmp/minio_downloads/1776278316.json
[2026-05-29T12:37:48.262+0000] {logging_mixin.py:188} INFO - Downloaded AMZN/1776278338.json -> /tmp/minio_downloads/1776278338.json
[2026-05-29T12:37:48.298+0000] {logging_mixin.py:188} INFO - Downloaded AMZN/1776278358.json -> /tmp/minio_downloads/1776278358.json
[2026-05-29T12:37:48.347+0000] {logging_mixin.py:188} INFO - Downloaded AMZN/1776278381.json -> /tmp/minio_downloads/1776278381.json
[2026-05-29T12:37:48.395+0000] {logging_mixin.py:188} INFO - Downloaded AMZN/1776278400.json -> /tmp/minio_downloads/1776278400.json
[2026-05-29T12:37:48.424+0000] {logging_mixin.py:188} INFO - Downloaded AMZN/1776278422.json -> /tmp/minio_downloads/1776278422.json
[2026-05-29T12:37:48.510+0000] {logging_mixin.py:188} INFO - Downloaded AMZN/1776278444.json -> /tmp/minio_downloads/1776278444.json
[2026-05-29T12:37:48.616+0000] {logging_mixin.py:188} INFO - Downloaded AMZN/1776278476.json -> /tmp/minio_downloads/1776278476.json
[2026-05-29T12:37:48.677+0000] {logging_mixin.py:188} INFO - Downloaded AMZN/1776278497.json -> /tmp/minio_downloads/1776278497.json
[2026-05-29T12:37:48.764+0000] {logging_mixin.py:188} INFO - Downloaded AMZN/1776278533.json -> /tmp/minio_downloads/1776278533.json
[2026-05-29T12:37:48.815+0000] {logging_mixin.py:188} INFO - Downloaded AMZN/1776278568.json -> /tmp/minio_downloads/1776278568.json
[2026-05-29T12:37:48.860+0000] {logging_mixin.py:188} INFO - Downloaded AMZN/1776278592.json -> /tmp/minio_downloads/1776278592.json
[2026-05-29T12:37:48.938+0000] {logging_mixin.py:188} INFO - Downloaded AMZN/1776278616.json -> /tmp/minio_downloads/1776278616.json
[2026-05-29T12:37:48.973+0000] {logging_mixin.py:188} INFO - Downloaded AMZN/1776278640.json -> /tmp/minio_downloads/1776278640.json
[2026-05-29T12:37:49.014+0000] {logging_mixin.py:188} INFO - Downloaded AMZN/1776278667.json -> /tmp/minio_downloads/1776278667.json
[2026-05-29T12:37:49.043+0000] {logging_mixin.py:188} INFO - Downloaded AMZN/1776278697.json -> /tmp/minio_downloads/1776278697.json
[2026-05-29T12:37:49.081+0000] {logging_mixin.py:188} INFO - Downloaded AMZN/1776278735.json -> /tmp/minio_downloads/1776278735.json
[2026-05-29T12:37:49.107+0000] {logging_mixin.py:188} INFO - Downloaded AMZN/1776278777.json -> /tmp/minio_downloads/1776278777.json
[2026-05-29T12:37:49.147+0000] {logging_mixin.py:188} INFO - Downloaded AMZN/1776278812.json -> /tmp/minio_downloads/1776278812.json
[2026-05-29T12:37:49.176+0000] {logging_mixin.py:188} INFO - Downloaded AMZN/1776278865.json -> /tmp/minio_downloads/1776278865.json
[2026-05-29T12:37:49.207+0000] {logging_mixin.py:188} INFO - Downloaded AMZN/1776278937.json -> /tmp/minio_downloads/1776278937.json
[2026-05-29T12:37:49.236+0000] {logging_mixin.py:188} INFO - Downloaded AMZN/1776279036.json -> /tmp/minio_downloads/1776279036.json
[2026-05-29T12:37:49.267+0000] {logging_mixin.py:188} INFO - Downloaded AMZN/1776279181.json -> /tmp/minio_downloads/1776279181.json
[2026-05-29T12:37:49.309+0000] {logging_mixin.py:188} INFO - Downloaded AMZN/1776279262.json -> /tmp/minio_downloads/1776279262.json
[2026-05-29T12:37:49.348+0000] {logging_mixin.py:188} INFO - Downloaded AMZN/1776279348.json -> /tmp/minio_downloads/1776279348.json
[2026-05-29T12:37:49.401+0000] {logging_mixin.py:188} INFO - Downloaded AMZN/1776279379.json -> /tmp/minio_downloads/1776279379.json
[2026-05-29T12:37:49.461+0000] {logging_mixin.py:188} INFO - Downloaded AMZN/1776279406.json -> /tmp/minio_downloads/1776279406.json
[2026-05-29T12:37:49.504+0000] {logging_mixin.py:188} INFO - Downloaded AMZN/1776279446.json -> /tmp/minio_downloads/1776279446.json
[2026-05-29T12:37:49.551+0000] {logging_mixin.py:188} INFO - Downloaded AMZN/1776279485.json -> /tmp/minio_downloads/1776279485.json
[2026-05-29T12:37:49.646+0000] {logging_mixin.py:188} INFO - Downloaded AMZN/1776279532.json -> /tmp/minio_downloads/1776279532.json
[2026-05-29T12:37:49.683+0000] {logging_mixin.py:188} INFO - Downloaded AMZN/1776279602.json -> /tmp/minio_downloads/1776279602.json
[2026-05-29T12:37:49.758+0000] {logging_mixin.py:188} INFO - Downloaded AMZN/1776279710.json -> /tmp/minio_downloads/1776279710.json
[2026-05-29T12:37:49.813+0000] {logging_mixin.py:188} INFO - Downloaded AMZN/1776279781.json -> /tmp/minio_downloads/1776279781.json
[2026-05-29T12:37:49.852+0000] {logging_mixin.py:188} INFO - Downloaded AMZN/1776279810.json -> /tmp/minio_downloads/1776279810.json
[2026-05-29T12:37:49.883+0000] {logging_mixin.py:188} INFO - Downloaded AMZN/1776279899.json -> /tmp/minio_downloads/1776279899.json
[2026-05-29T12:37:49.919+0000] {logging_mixin.py:188} INFO - Downloaded AMZN/1776279989.json -> /tmp/minio_downloads/1776279989.json
[2026-05-29T12:37:49.973+0000] {logging_mixin.py:188} INFO - Downloaded AMZN/1776280095.json -> /tmp/minio_downloads/1776280095.json
[2026-05-29T12:37:50.027+0000] {logging_mixin.py:188} INFO - Downloaded AMZN/1776280189.json -> /tmp/minio_downloads/1776280189.json
[2026-05-29T12:37:50.115+0000] {logging_mixin.py:188} INFO - Downloaded AMZN/1776280212.json -> /tmp/minio_downloads/1776280212.json
[2026-05-29T12:37:50.188+0000] {logging_mixin.py:188} INFO - Downloaded AMZN/1776280234.json -> /tmp/minio_downloads/1776280234.json
[2026-05-29T12:37:50.234+0000] {logging_mixin.py:188} INFO - Downloaded AMZN/1776280270.json -> /tmp/minio_downloads/1776280270.json
[2026-05-29T12:37:50.287+0000] {logging_mixin.py:188} INFO - Downloaded AMZN/1776280295.json -> /tmp/minio_downloads/1776280295.json
[2026-05-29T12:37:50.333+0000] {logging_mixin.py:188} INFO - Downloaded AMZN/1776280322.json -> /tmp/minio_downloads/1776280322.json
[2026-05-29T12:37:50.371+0000] {logging_mixin.py:188} INFO - Downloaded AMZN/1776280352.json -> /tmp/minio_downloads/1776280352.json
[2026-05-29T12:37:50.423+0000] {logging_mixin.py:188} INFO - Downloaded AMZN/1776280394.json -> /tmp/minio_downloads/1776280394.json
[2026-05-29T12:37:50.473+0000] {logging_mixin.py:188} INFO - Downloaded AMZN/1776280421.json -> /tmp/minio_downloads/1776280421.json
[2026-05-29T12:37:50.521+0000] {logging_mixin.py:188} INFO - Downloaded AMZN/1776280444.json -> /tmp/minio_downloads/1776280444.json
[2026-05-29T12:37:50.550+0000] {logging_mixin.py:188} INFO - Downloaded AMZN/1776280467.json -> /tmp/minio_downloads/1776280467.json
[2026-05-29T12:37:50.580+0000] {logging_mixin.py:188} INFO - Downloaded AMZN/1776280485.json -> /tmp/minio_downloads/1776280485.json
[2026-05-29T12:37:50.616+0000] {logging_mixin.py:188} INFO - Downloaded AMZN/1776280501.json -> /tmp/minio_downloads/1776280501.json
[2026-05-29T12:37:50.640+0000] {logging_mixin.py:188} INFO - Downloaded AMZN/1776280523.json -> /tmp/minio_downloads/1776280523.json
[2026-05-29T12:37:50.669+0000] {logging_mixin.py:188} INFO - Downloaded AMZN/1776280554.json -> /tmp/minio_downloads/1776280554.json
[2026-05-29T12:37:50.707+0000] {logging_mixin.py:188} INFO - Downloaded AMZN/1776280571.json -> /tmp/minio_downloads/1776280571.json
[2026-05-29T12:37:50.761+0000] {logging_mixin.py:188} INFO - Downloaded AMZN/1776280594.json -> /tmp/minio_downloads/1776280594.json
[2026-05-29T12:37:50.824+0000] {logging_mixin.py:188} INFO - Downloaded AMZN/1776280618.json -> /tmp/minio_downloads/1776280618.json
[2026-05-29T12:37:50.885+0000] {logging_mixin.py:188} INFO - Downloaded AMZN/1776280640.json -> /tmp/minio_downloads/1776280640.json
[2026-05-29T12:37:50.938+0000] {logging_mixin.py:188} INFO - Downloaded AMZN/1776280661.json -> /tmp/minio_downloads/1776280661.json
[2026-05-29T12:37:50.981+0000] {logging_mixin.py:188} INFO - Downloaded AMZN/1776280680.json -> /tmp/minio_downloads/1776280680.json
[2026-05-29T12:37:51.021+0000] {logging_mixin.py:188} INFO - Downloaded AMZN/1776280700.json -> /tmp/minio_downloads/1776280700.json
[2026-05-29T12:37:51.092+0000] {logging_mixin.py:188} INFO - Downloaded AMZN/1776280720.json -> /tmp/minio_downloads/1776280720.json
[2026-05-29T12:37:51.157+0000] {logging_mixin.py:188} INFO - Downloaded AMZN/1776280737.json -> /tmp/minio_downloads/1776280737.json
[2026-05-29T12:37:51.193+0000] {logging_mixin.py:188} INFO - Downloaded AMZN/1776280762.json -> /tmp/minio_downloads/1776280762.json
[2026-05-29T12:37:51.243+0000] {logging_mixin.py:188} INFO - Downloaded AMZN/1776280782.json -> /tmp/minio_downloads/1776280782.json
[2026-05-29T12:37:51.275+0000] {logging_mixin.py:188} INFO - Downloaded AMZN/1776280806.json -> /tmp/minio_downloads/1776280806.json
[2026-05-29T12:37:51.315+0000] {logging_mixin.py:188} INFO - Downloaded AMZN/1776280827.json -> /tmp/minio_downloads/1776280827.json
[2026-05-29T12:37:51.360+0000] {logging_mixin.py:188} INFO - Downloaded AMZN/1776280847.json -> /tmp/minio_downloads/1776280847.json
[2026-05-29T12:37:51.393+0000] {logging_mixin.py:188} INFO - Downloaded AMZN/1776280869.json -> /tmp/minio_downloads/1776280869.json
[2026-05-29T12:37:51.416+0000] {logging_mixin.py:188} INFO - Downloaded AMZN/1776280886.json -> /tmp/minio_downloads/1776280886.json
[2026-05-29T12:37:51.446+0000] {logging_mixin.py:188} INFO - Downloaded AMZN/1776280904.json -> /tmp/minio_downloads/1776280904.json
[2026-05-29T12:37:51.467+0000] {logging_mixin.py:188} INFO - Downloaded AMZN/1776280924.json -> /tmp/minio_downloads/1776280924.json
[2026-05-29T12:37:51.507+0000] {logging_mixin.py:188} INFO - Downloaded AMZN/1776280947.json -> /tmp/minio_downloads/1776280947.json
[2026-05-29T12:37:51.566+0000] {logging_mixin.py:188} INFO - Downloaded AMZN/1776280969.json -> /tmp/minio_downloads/1776280969.json
[2026-05-29T12:37:51.631+0000] {logging_mixin.py:188} INFO - Downloaded AMZN/1776280989.json -> /tmp/minio_downloads/1776280989.json
[2026-05-29T12:37:51.707+0000] {logging_mixin.py:188} INFO - Downloaded AMZN/1776281011.json -> /tmp/minio_downloads/1776281011.json
[2026-05-29T12:37:51.881+0000] {logging_mixin.py:188} INFO - Downloaded AMZN/1776281032.json -> /tmp/minio_downloads/1776281032.json
[2026-05-29T12:37:52.193+0000] {logging_mixin.py:188} INFO - Downloaded AMZN/1776281053.json -> /tmp/minio_downloads/1776281053.json
[2026-05-29T12:37:52.237+0000] {logging_mixin.py:188} INFO - Downloaded AMZN/1776281077.json -> /tmp/minio_downloads/1776281077.json
[2026-05-29T12:37:52.288+0000] {logging_mixin.py:188} INFO - Downloaded AMZN/1776281098.json -> /tmp/minio_downloads/1776281098.json
[2026-05-29T12:37:52.340+0000] {logging_mixin.py:188} INFO - Downloaded GOOGL/1776277492.json -> /tmp/minio_downloads/1776277492.json
[2026-05-29T12:37:52.389+0000] {logging_mixin.py:188} INFO - Downloaded GOOGL/1776277506.json -> /tmp/minio_downloads/1776277506.json
[2026-05-29T12:37:52.427+0000] {logging_mixin.py:188} INFO - Downloaded GOOGL/1776277521.json -> /tmp/minio_downloads/1776277521.json
[2026-05-29T12:37:52.470+0000] {logging_mixin.py:188} INFO - Downloaded GOOGL/1776277549.json -> /tmp/minio_downloads/1776277549.json
[2026-05-29T12:37:52.512+0000] {logging_mixin.py:188} INFO - Downloaded GOOGL/1776277564.json -> /tmp/minio_downloads/1776277564.json
[2026-05-29T12:37:52.545+0000] {logging_mixin.py:188} INFO - Downloaded GOOGL/1776277587.json -> /tmp/minio_downloads/1776277587.json
[2026-05-29T12:37:52.571+0000] {logging_mixin.py:188} INFO - Downloaded GOOGL/1776277611.json -> /tmp/minio_downloads/1776277611.json
[2026-05-29T12:37:52.607+0000] {logging_mixin.py:188} INFO - Downloaded GOOGL/1776277631.json -> /tmp/minio_downloads/1776277631.json
[2026-05-29T12:37:52.632+0000] {logging_mixin.py:188} INFO - Downloaded GOOGL/1776277649.json -> /tmp/minio_downloads/1776277649.json
[2026-05-29T12:37:52.662+0000] {logging_mixin.py:188} INFO - Downloaded GOOGL/1776277669.json -> /tmp/minio_downloads/1776277669.json
[2026-05-29T12:37:52.696+0000] {logging_mixin.py:188} INFO - Downloaded GOOGL/1776277688.json -> /tmp/minio_downloads/1776277688.json
[2026-05-29T12:37:52.734+0000] {logging_mixin.py:188} INFO - Downloaded GOOGL/1776277706.json -> /tmp/minio_downloads/1776277706.json
[2026-05-29T12:37:52.780+0000] {logging_mixin.py:188} INFO - Downloaded GOOGL/1776277732.json -> /tmp/minio_downloads/1776277732.json
[2026-05-29T12:37:52.830+0000] {logging_mixin.py:188} INFO - Downloaded GOOGL/1776277750.json -> /tmp/minio_downloads/1776277750.json
[2026-05-29T12:37:52.883+0000] {logging_mixin.py:188} INFO - Downloaded GOOGL/1776277771.json -> /tmp/minio_downloads/1776277771.json
[2026-05-29T12:37:52.917+0000] {logging_mixin.py:188} INFO - Downloaded GOOGL/1776277813.json -> /tmp/minio_downloads/1776277813.json
[2026-05-29T12:37:52.970+0000] {logging_mixin.py:188} INFO - Downloaded GOOGL/1776277876.json -> /tmp/minio_downloads/1776277876.json
[2026-05-29T12:37:53.019+0000] {logging_mixin.py:188} INFO - Downloaded GOOGL/1776277919.json -> /tmp/minio_downloads/1776277919.json
[2026-05-29T12:37:53.073+0000] {logging_mixin.py:188} INFO - Downloaded GOOGL/1776277968.json -> /tmp/minio_downloads/1776277968.json
[2026-05-29T12:37:53.117+0000] {logging_mixin.py:188} INFO - Downloaded GOOGL/1776278202.json -> /tmp/minio_downloads/1776278202.json
[2026-05-29T12:37:53.146+0000] {logging_mixin.py:188} INFO - Downloaded GOOGL/1776278268.json -> /tmp/minio_downloads/1776278268.json
[2026-05-29T12:37:53.186+0000] {logging_mixin.py:188} INFO - Downloaded GOOGL/1776278313.json -> /tmp/minio_downloads/1776278313.json
[2026-05-29T12:37:53.229+0000] {logging_mixin.py:188} INFO - Downloaded GOOGL/1776278335.json -> /tmp/minio_downloads/1776278335.json
[2026-05-29T12:37:53.254+0000] {logging_mixin.py:188} INFO - Downloaded GOOGL/1776278355.json -> /tmp/minio_downloads/1776278355.json
[2026-05-29T12:37:53.286+0000] {logging_mixin.py:188} INFO - Downloaded GOOGL/1776278378.json -> /tmp/minio_downloads/1776278378.json
[2026-05-29T12:37:53.323+0000] {logging_mixin.py:188} INFO - Downloaded GOOGL/1776278398.json -> /tmp/minio_downloads/1776278398.json
[2026-05-29T12:37:53.350+0000] {logging_mixin.py:188} INFO - Downloaded GOOGL/1776278419.json -> /tmp/minio_downloads/1776278419.json
[2026-05-29T12:37:53.374+0000] {logging_mixin.py:188} INFO - Downloaded GOOGL/1776278441.json -> /tmp/minio_downloads/1776278441.json
[2026-05-29T12:37:53.412+0000] {logging_mixin.py:188} INFO - Downloaded GOOGL/1776278472.json -> /tmp/minio_downloads/1776278472.json
[2026-05-29T12:37:53.444+0000] {logging_mixin.py:188} INFO - Downloaded GOOGL/1776278495.json -> /tmp/minio_downloads/1776278495.json
[2026-05-29T12:37:53.470+0000] {logging_mixin.py:188} INFO - Downloaded GOOGL/1776278527.json -> /tmp/minio_downloads/1776278527.json
[2026-05-29T12:37:53.501+0000] {logging_mixin.py:188} INFO - Downloaded GOOGL/1776278564.json -> /tmp/minio_downloads/1776278564.json
[2026-05-29T12:37:53.529+0000] {logging_mixin.py:188} INFO - Downloaded GOOGL/1776278588.json -> /tmp/minio_downloads/1776278588.json
[2026-05-29T12:37:53.557+0000] {logging_mixin.py:188} INFO - Downloaded GOOGL/1776278614.json -> /tmp/minio_downloads/1776278614.json
[2026-05-29T12:37:53.585+0000] {logging_mixin.py:188} INFO - Downloaded GOOGL/1776278634.json -> /tmp/minio_downloads/1776278634.json
[2026-05-29T12:37:53.615+0000] {logging_mixin.py:188} INFO - Downloaded GOOGL/1776278663.json -> /tmp/minio_downloads/1776278663.json
[2026-05-29T12:37:53.642+0000] {logging_mixin.py:188} INFO - Downloaded GOOGL/1776278694.json -> /tmp/minio_downloads/1776278694.json
[2026-05-29T12:37:53.672+0000] {logging_mixin.py:188} INFO - Downloaded GOOGL/1776278730.json -> /tmp/minio_downloads/1776278730.json
[2026-05-29T12:37:53.699+0000] {logging_mixin.py:188} INFO - Downloaded GOOGL/1776278766.json -> /tmp/minio_downloads/1776278766.json
[2026-05-29T12:37:53.726+0000] {logging_mixin.py:188} INFO - Downloaded GOOGL/1776278805.json -> /tmp/minio_downloads/1776278805.json
[2026-05-29T12:37:53.759+0000] {logging_mixin.py:188} INFO - Downloaded GOOGL/1776278854.json -> /tmp/minio_downloads/1776278854.json
[2026-05-29T12:37:53.781+0000] {logging_mixin.py:188} INFO - Downloaded GOOGL/1776278925.json -> /tmp/minio_downloads/1776278925.json
[2026-05-29T12:37:53.800+0000] {logging_mixin.py:188} INFO - Downloaded GOOGL/1776279011.json -> /tmp/minio_downloads/1776279011.json
[2026-05-29T12:37:53.823+0000] {logging_mixin.py:188} INFO - Downloaded GOOGL/1776279150.json -> /tmp/minio_downloads/1776279150.json
[2026-05-29T12:37:53.844+0000] {logging_mixin.py:188} INFO - Downloaded GOOGL/1776279256.json -> /tmp/minio_downloads/1776279256.json
[2026-05-29T12:37:53.865+0000] {logging_mixin.py:188} INFO - Downloaded GOOGL/1776279294.json -> /tmp/minio_downloads/1776279294.json
[2026-05-29T12:37:53.883+0000] {logging_mixin.py:188} INFO - Downloaded GOOGL/1776279345.json -> /tmp/minio_downloads/1776279345.json
[2026-05-29T12:37:53.903+0000] {logging_mixin.py:188} INFO - Downloaded GOOGL/1776279375.json -> /tmp/minio_downloads/1776279375.json
[2026-05-29T12:37:53.920+0000] {logging_mixin.py:188} INFO - Downloaded GOOGL/1776279402.json -> /tmp/minio_downloads/1776279402.json
[2026-05-29T12:37:53.937+0000] {logging_mixin.py:188} INFO - Downloaded GOOGL/1776279439.json -> /tmp/minio_downloads/1776279439.json
[2026-05-29T12:37:53.953+0000] {logging_mixin.py:188} INFO - Downloaded GOOGL/1776279478.json -> /tmp/minio_downloads/1776279478.json
[2026-05-29T12:37:53.972+0000] {logging_mixin.py:188} INFO - Downloaded GOOGL/1776279526.json -> /tmp/minio_downloads/1776279526.json
[2026-05-29T12:37:53.995+0000] {logging_mixin.py:188} INFO - Downloaded GOOGL/1776279574.json -> /tmp/minio_downloads/1776279574.json
[2026-05-29T12:37:54.013+0000] {logging_mixin.py:188} INFO - Downloaded GOOGL/1776279683.json -> /tmp/minio_downloads/1776279683.json
[2026-05-29T12:37:54.033+0000] {logging_mixin.py:188} INFO - Downloaded GOOGL/1776279777.json -> /tmp/minio_downloads/1776279777.json
[2026-05-29T12:37:54.072+0000] {logging_mixin.py:188} INFO - Downloaded GOOGL/1776279807.json -> /tmp/minio_downloads/1776279807.json
[2026-05-29T12:37:54.134+0000] {logging_mixin.py:188} INFO - Downloaded GOOGL/1776279871.json -> /tmp/minio_downloads/1776279871.json
[2026-05-29T12:37:54.178+0000] {logging_mixin.py:188} INFO - Downloaded GOOGL/1776279963.json -> /tmp/minio_downloads/1776279963.json
[2026-05-29T12:37:54.220+0000] {logging_mixin.py:188} INFO - Downloaded GOOGL/1776280066.json -> /tmp/minio_downloads/1776280066.json
[2026-05-29T12:37:54.248+0000] {logging_mixin.py:188} INFO - Downloaded GOOGL/1776280164.json -> /tmp/minio_downloads/1776280164.json
[2026-05-29T12:37:54.281+0000] {logging_mixin.py:188} INFO - Downloaded GOOGL/1776280208.json -> /tmp/minio_downloads/1776280208.json
[2026-05-29T12:37:54.319+0000] {logging_mixin.py:188} INFO - Downloaded GOOGL/1776280230.json -> /tmp/minio_downloads/1776280230.json
[2026-05-29T12:37:54.364+0000] {logging_mixin.py:188} INFO - Downloaded GOOGL/1776280265.json -> /tmp/minio_downloads/1776280265.json
[2026-05-29T12:37:54.404+0000] {logging_mixin.py:188} INFO - Downloaded GOOGL/1776280291.json -> /tmp/minio_downloads/1776280291.json
[2026-05-29T12:37:54.436+0000] {logging_mixin.py:188} INFO - Downloaded GOOGL/1776280319.json -> /tmp/minio_downloads/1776280319.json
[2026-05-29T12:37:54.475+0000] {logging_mixin.py:188} INFO - Downloaded GOOGL/1776280348.json -> /tmp/minio_downloads/1776280348.json
[2026-05-29T12:37:54.515+0000] {logging_mixin.py:188} INFO - Downloaded GOOGL/1776280388.json -> /tmp/minio_downloads/1776280388.json
[2026-05-29T12:37:54.571+0000] {logging_mixin.py:188} INFO - Downloaded GOOGL/1776280416.json -> /tmp/minio_downloads/1776280416.json
[2026-05-29T12:37:54.619+0000] {logging_mixin.py:188} INFO - Downloaded GOOGL/1776280441.json -> /tmp/minio_downloads/1776280441.json
[2026-05-29T12:37:54.648+0000] {logging_mixin.py:188} INFO - Downloaded GOOGL/1776280465.json -> /tmp/minio_downloads/1776280465.json
[2026-05-29T12:37:54.685+0000] {logging_mixin.py:188} INFO - Downloaded GOOGL/1776280482.json -> /tmp/minio_downloads/1776280482.json
[2026-05-29T12:37:54.713+0000] {logging_mixin.py:188} INFO - Downloaded GOOGL/1776280499.json -> /tmp/minio_downloads/1776280499.json
[2026-05-29T12:37:54.739+0000] {logging_mixin.py:188} INFO - Downloaded GOOGL/1776280521.json -> /tmp/minio_downloads/1776280521.json
[2026-05-29T12:37:54.761+0000] {logging_mixin.py:188} INFO - Downloaded GOOGL/1776280552.json -> /tmp/minio_downloads/1776280552.json
[2026-05-29T12:37:54.795+0000] {logging_mixin.py:188} INFO - Downloaded GOOGL/1776280569.json -> /tmp/minio_downloads/1776280569.json
[2026-05-29T12:37:54.826+0000] {logging_mixin.py:188} INFO - Downloaded GOOGL/1776280590.json -> /tmp/minio_downloads/1776280590.json
[2026-05-29T12:37:54.858+0000] {logging_mixin.py:188} INFO - Downloaded GOOGL/1776280614.json -> /tmp/minio_downloads/1776280614.json
[2026-05-29T12:37:54.897+0000] {logging_mixin.py:188} INFO - Downloaded GOOGL/1776280637.json -> /tmp/minio_downloads/1776280637.json
[2026-05-29T12:37:54.934+0000] {logging_mixin.py:188} INFO - Downloaded GOOGL/1776280658.json -> /tmp/minio_downloads/1776280658.json
[2026-05-29T12:37:54.977+0000] {logging_mixin.py:188} INFO - Downloaded GOOGL/1776280678.json -> /tmp/minio_downloads/1776280678.json
[2026-05-29T12:37:55.017+0000] {logging_mixin.py:188} INFO - Downloaded GOOGL/1776280697.json -> /tmp/minio_downloads/1776280697.json
[2026-05-29T12:37:55.057+0000] {logging_mixin.py:188} INFO - Downloaded GOOGL/1776280717.json -> /tmp/minio_downloads/1776280717.json
[2026-05-29T12:37:55.110+0000] {logging_mixin.py:188} INFO - Downloaded GOOGL/1776280735.json -> /tmp/minio_downloads/1776280735.json
[2026-05-29T12:37:55.153+0000] {logging_mixin.py:188} INFO - Downloaded GOOGL/1776280757.json -> /tmp/minio_downloads/1776280757.json
[2026-05-29T12:37:55.206+0000] {logging_mixin.py:188} INFO - Downloaded GOOGL/1776280779.json -> /tmp/minio_downloads/1776280779.json
[2026-05-29T12:37:55.268+0000] {logging_mixin.py:188} INFO - Downloaded GOOGL/1776280802.json -> /tmp/minio_downloads/1776280802.json
[2026-05-29T12:37:55.299+0000] {logging_mixin.py:188} INFO - Downloaded GOOGL/1776280824.json -> /tmp/minio_downloads/1776280824.json
[2026-05-29T12:37:55.324+0000] {logging_mixin.py:188} INFO - Downloaded GOOGL/1776280843.json -> /tmp/minio_downloads/1776280843.json
[2026-05-29T12:37:55.344+0000] {logging_mixin.py:188} INFO - Downloaded GOOGL/1776280866.json -> /tmp/minio_downloads/1776280866.json
[2026-05-29T12:37:55.366+0000] {logging_mixin.py:188} INFO - Downloaded GOOGL/1776280884.json -> /tmp/minio_downloads/1776280884.json
[2026-05-29T12:37:55.386+0000] {logging_mixin.py:188} INFO - Downloaded GOOGL/1776280903.json -> /tmp/minio_downloads/1776280903.json
[2026-05-29T12:37:55.405+0000] {logging_mixin.py:188} INFO - Downloaded GOOGL/1776280921.json -> /tmp/minio_downloads/1776280921.json
[2026-05-29T12:37:55.424+0000] {logging_mixin.py:188} INFO - Downloaded GOOGL/1776280943.json -> /tmp/minio_downloads/1776280943.json
[2026-05-29T12:37:55.443+0000] {logging_mixin.py:188} INFO - Downloaded GOOGL/1776280965.json -> /tmp/minio_downloads/1776280965.json
[2026-05-29T12:37:55.461+0000] {logging_mixin.py:188} INFO - Downloaded GOOGL/1776280987.json -> /tmp/minio_downloads/1776280987.json
[2026-05-29T12:37:55.479+0000] {logging_mixin.py:188} INFO - Downloaded GOOGL/1776281008.json -> /tmp/minio_downloads/1776281008.json
[2026-05-29T12:37:55.498+0000] {logging_mixin.py:188} INFO - Downloaded GOOGL/1776281029.json -> /tmp/minio_downloads/1776281029.json
[2026-05-29T12:37:55.503+0000] {logging_mixin.py:188} INFO - Downloaded GOOGL/1776281050.json -> /tmp/minio_downloads/1776281050.json
[2026-05-29T12:37:55.521+0000] {logging_mixin.py:188} INFO - Downloaded GOOGL/1776281074.json -> /tmp/minio_downloads/1776281074.json
[2026-05-29T12:37:55.545+0000] {logging_mixin.py:188} INFO - Downloaded GOOGL/1776281095.json -> /tmp/minio_downloads/1776281095.json
[2026-05-29T12:37:55.569+0000] {logging_mixin.py:188} INFO - Downloaded MSFT/1776277489.json -> /tmp/minio_downloads/1776277489.json
[2026-05-29T12:37:55.599+0000] {logging_mixin.py:188} INFO - Downloaded MSFT/1776277503.json -> /tmp/minio_downloads/1776277503.json
[2026-05-29T12:37:55.646+0000] {logging_mixin.py:188} INFO - Downloaded MSFT/1776277517.json -> /tmp/minio_downloads/1776277517.json
[2026-05-29T12:37:55.712+0000] {logging_mixin.py:188} INFO - Downloaded MSFT/1776277533.json -> /tmp/minio_downloads/1776277533.json
[2026-05-29T12:37:55.764+0000] {logging_mixin.py:188} INFO - Downloaded MSFT/1776277561.json -> /tmp/minio_downloads/1776277561.json
[2026-05-29T12:37:55.802+0000] {logging_mixin.py:188} INFO - Downloaded MSFT/1776277581.json -> /tmp/minio_downloads/1776277581.json
[2026-05-29T12:37:55.835+0000] {logging_mixin.py:188} INFO - Downloaded MSFT/1776277603.json -> /tmp/minio_downloads/1776277603.json
[2026-05-29T12:37:55.861+0000] {logging_mixin.py:188} INFO - Downloaded MSFT/1776277625.json -> /tmp/minio_downloads/1776277625.json
[2026-05-29T12:37:55.887+0000] {logging_mixin.py:188} INFO - Downloaded MSFT/1776277644.json -> /tmp/minio_downloads/1776277644.json
[2026-05-29T12:37:55.917+0000] {logging_mixin.py:188} INFO - Downloaded MSFT/1776277662.json -> /tmp/minio_downloads/1776277662.json
[2026-05-29T12:37:55.945+0000] {logging_mixin.py:188} INFO - Downloaded MSFT/1776277682.json -> /tmp/minio_downloads/1776277682.json
[2026-05-29T12:37:55.967+0000] {logging_mixin.py:188} INFO - Downloaded MSFT/1776277701.json -> /tmp/minio_downloads/1776277701.json
[2026-05-29T12:37:55.999+0000] {logging_mixin.py:188} INFO - Downloaded MSFT/1776277726.json -> /tmp/minio_downloads/1776277726.json
[2026-05-29T12:37:56.023+0000] {logging_mixin.py:188} INFO - Downloaded MSFT/1776277745.json -> /tmp/minio_downloads/1776277745.json
[2026-05-29T12:37:56.064+0000] {logging_mixin.py:188} INFO - Downloaded MSFT/1776277764.json -> /tmp/minio_downloads/1776277764.json
[2026-05-29T12:37:56.097+0000] {logging_mixin.py:188} INFO - Downloaded MSFT/1776277785.json -> /tmp/minio_downloads/1776277785.json
[2026-05-29T12:37:56.155+0000] {logging_mixin.py:188} INFO - Downloaded MSFT/1776277849.json -> /tmp/minio_downloads/1776277849.json
[2026-05-29T12:37:56.196+0000] {logging_mixin.py:188} INFO - Downloaded MSFT/1776277911.json -> /tmp/minio_downloads/1776277911.json
[2026-05-29T12:37:56.251+0000] {logging_mixin.py:188} INFO - Downloaded MSFT/1776277961.json -> /tmp/minio_downloads/1776277961.json
[2026-05-29T12:37:56.311+0000] {logging_mixin.py:188} INFO - Downloaded MSFT/1776278174.json -> /tmp/minio_downloads/1776278174.json
[2026-05-29T12:37:56.360+0000] {logging_mixin.py:188} INFO - Downloaded MSFT/1776278261.json -> /tmp/minio_downloads/1776278261.json
[2026-05-29T12:37:56.398+0000] {logging_mixin.py:188} INFO - Downloaded MSFT/1776278307.json -> /tmp/minio_downloads/1776278307.json
[2026-05-29T12:37:56.429+0000] {logging_mixin.py:188} INFO - Downloaded MSFT/1776278328.json -> /tmp/minio_downloads/1776278328.json
[2026-05-29T12:37:56.462+0000] {logging_mixin.py:188} INFO - Downloaded MSFT/1776278350.json -> /tmp/minio_downloads/1776278350.json
[2026-05-29T12:37:56.515+0000] {logging_mixin.py:188} INFO - Downloaded MSFT/1776278370.json -> /tmp/minio_downloads/1776278370.json
[2026-05-29T12:37:56.567+0000] {logging_mixin.py:188} INFO - Downloaded MSFT/1776278393.json -> /tmp/minio_downloads/1776278393.json
[2026-05-29T12:37:56.609+0000] {logging_mixin.py:188} INFO - Downloaded MSFT/1776278412.json -> /tmp/minio_downloads/1776278412.json
[2026-05-29T12:37:56.714+0000] {logging_mixin.py:188} INFO - Downloaded MSFT/1776278434.json -> /tmp/minio_downloads/1776278434.json
[2026-05-29T12:37:56.768+0000] {logging_mixin.py:188} INFO - Downloaded MSFT/1776278466.json -> /tmp/minio_downloads/1776278466.json
[2026-05-29T12:37:56.851+0000] {logging_mixin.py:188} INFO - Downloaded MSFT/1776278488.json -> /tmp/minio_downloads/1776278488.json
[2026-05-29T12:37:56.942+0000] {logging_mixin.py:188} INFO - Downloaded MSFT/1776278514.json -> /tmp/minio_downloads/1776278514.json
[2026-05-29T12:37:56.984+0000] {logging_mixin.py:188} INFO - Downloaded MSFT/1776278555.json -> /tmp/minio_downloads/1776278555.json
[2026-05-29T12:37:57.055+0000] {logging_mixin.py:188} INFO - Downloaded MSFT/1776278582.json -> /tmp/minio_downloads/1776278582.json
[2026-05-29T12:37:57.101+0000] {logging_mixin.py:188} INFO - Downloaded MSFT/1776278608.json -> /tmp/minio_downloads/1776278608.json
[2026-05-29T12:37:57.144+0000] {logging_mixin.py:188} INFO - Downloaded MSFT/1776278628.json -> /tmp/minio_downloads/1776278628.json
[2026-05-29T12:37:57.175+0000] {logging_mixin.py:188} INFO - Downloaded MSFT/1776278655.json -> /tmp/minio_downloads/1776278655.json
[2026-05-29T12:37:57.217+0000] {logging_mixin.py:188} INFO - Downloaded MSFT/1776278684.json -> /tmp/minio_downloads/1776278684.json
[2026-05-29T12:37:57.243+0000] {logging_mixin.py:188} INFO - Downloaded MSFT/1776278716.json -> /tmp/minio_downloads/1776278716.json
[2026-05-29T12:37:57.269+0000] {logging_mixin.py:188} INFO - Downloaded MSFT/1776278753.json -> /tmp/minio_downloads/1776278753.json
[2026-05-29T12:37:57.293+0000] {logging_mixin.py:188} INFO - Downloaded MSFT/1776278793.json -> /tmp/minio_downloads/1776278793.json
[2026-05-29T12:37:57.320+0000] {logging_mixin.py:188} INFO - Downloaded MSFT/1776278837.json -> /tmp/minio_downloads/1776278837.json
[2026-05-29T12:37:57.361+0000] {logging_mixin.py:188} INFO - Downloaded MSFT/1776278898.json -> /tmp/minio_downloads/1776278898.json
[2026-05-29T12:37:57.415+0000] {logging_mixin.py:188} INFO - Downloaded MSFT/1776278974.json -> /tmp/minio_downloads/1776278974.json
[2026-05-29T12:37:57.466+0000] {logging_mixin.py:188} INFO - Downloaded MSFT/1776279092.json -> /tmp/minio_downloads/1776279092.json
[2026-05-29T12:37:57.551+0000] {logging_mixin.py:188} INFO - Downloaded MSFT/1776279224.json -> /tmp/minio_downloads/1776279224.json
[2026-05-29T12:37:57.679+0000] {logging_mixin.py:188} INFO - Downloaded MSFT/1776279281.json -> /tmp/minio_downloads/1776279281.json
[2026-05-29T12:37:57.716+0000] {logging_mixin.py:188} INFO - Downloaded MSFT/1776279339.json -> /tmp/minio_downloads/1776279339.json
[2026-05-29T12:37:57.746+0000] {logging_mixin.py:188} INFO - Downloaded MSFT/1776279362.json -> /tmp/minio_downloads/1776279362.json
[2026-05-29T12:37:57.779+0000] {logging_mixin.py:188} INFO - Downloaded MSFT/1776279393.json -> /tmp/minio_downloads/1776279393.json
[2026-05-29T12:37:57.811+0000] {logging_mixin.py:188} INFO - Downloaded MSFT/1776279425.json -> /tmp/minio_downloads/1776279425.json
[2026-05-29T12:37:57.842+0000] {logging_mixin.py:188} INFO - Downloaded MSFT/1776279467.json -> /tmp/minio_downloads/1776279467.json
[2026-05-29T12:37:57.872+0000] {logging_mixin.py:188} INFO - Downloaded MSFT/1776279510.json -> /tmp/minio_downloads/1776279510.json
[2026-05-29T12:37:57.903+0000] {logging_mixin.py:188} INFO - Downloaded MSFT/1776279558.json -> /tmp/minio_downloads/1776279558.json
[2026-05-29T12:37:57.932+0000] {logging_mixin.py:188} INFO - Downloaded MSFT/1776279644.json -> /tmp/minio_downloads/1776279644.json
[2026-05-29T12:37:57.960+0000] {logging_mixin.py:188} INFO - Downloaded MSFT/1776279746.json -> /tmp/minio_downloads/1776279746.json
[2026-05-29T12:37:57.984+0000] {logging_mixin.py:188} INFO - Downloaded MSFT/1776279799.json -> /tmp/minio_downloads/1776279799.json
[2026-05-29T12:37:58.019+0000] {logging_mixin.py:188} INFO - Downloaded MSFT/1776279843.json -> /tmp/minio_downloads/1776279843.json
[2026-05-29T12:37:58.063+0000] {logging_mixin.py:188} INFO - Downloaded MSFT/1776279933.json -> /tmp/minio_downloads/1776279933.json
[2026-05-29T12:37:58.096+0000] {logging_mixin.py:188} INFO - Downloaded MSFT/1776280004.json -> /tmp/minio_downloads/1776280004.json
[2026-05-29T12:37:58.137+0000] {logging_mixin.py:188} INFO - Downloaded MSFT/1776280127.json -> /tmp/minio_downloads/1776280127.json
[2026-05-29T12:37:58.180+0000] {logging_mixin.py:188} INFO - Downloaded MSFT/1776280202.json -> /tmp/minio_downloads/1776280202.json
[2026-05-29T12:37:58.254+0000] {logging_mixin.py:188} INFO - Downloaded MSFT/1776280224.json -> /tmp/minio_downloads/1776280224.json
[2026-05-29T12:37:58.302+0000] {logging_mixin.py:188} INFO - Downloaded MSFT/1776280253.json -> /tmp/minio_downloads/1776280253.json
[2026-05-29T12:37:58.360+0000] {logging_mixin.py:188} INFO - Downloaded MSFT/1776280284.json -> /tmp/minio_downloads/1776280284.json
[2026-05-29T12:37:58.415+0000] {logging_mixin.py:188} INFO - Downloaded MSFT/1776280311.json -> /tmp/minio_downloads/1776280311.json
[2026-05-29T12:37:58.472+0000] {logging_mixin.py:188} INFO - Downloaded MSFT/1776280334.json -> /tmp/minio_downloads/1776280334.json
[2026-05-29T12:37:58.532+0000] {logging_mixin.py:188} INFO - Downloaded MSFT/1776280374.json -> /tmp/minio_downloads/1776280374.json
[2026-05-29T12:37:58.561+0000] {logging_mixin.py:188} INFO - Downloaded MSFT/1776280409.json -> /tmp/minio_downloads/1776280409.json
[2026-05-29T12:37:58.592+0000] {logging_mixin.py:188} INFO - Downloaded MSFT/1776280434.json -> /tmp/minio_downloads/1776280434.json
[2026-05-29T12:37:58.633+0000] {logging_mixin.py:188} INFO - Downloaded MSFT/1776280458.json -> /tmp/minio_downloads/1776280458.json
[2026-05-29T12:37:58.660+0000] {logging_mixin.py:188} INFO - Downloaded MSFT/1776280477.json -> /tmp/minio_downloads/1776280477.json
[2026-05-29T12:37:58.684+0000] {logging_mixin.py:188} INFO - Downloaded MSFT/1776280495.json -> /tmp/minio_downloads/1776280495.json
[2026-05-29T12:37:58.729+0000] {logging_mixin.py:188} INFO - Downloaded MSFT/1776280513.json -> /tmp/minio_downloads/1776280513.json
[2026-05-29T12:37:58.753+0000] {logging_mixin.py:188} INFO - Downloaded MSFT/1776280538.json -> /tmp/minio_downloads/1776280538.json
[2026-05-29T12:37:58.781+0000] {logging_mixin.py:188} INFO - Downloaded MSFT/1776280564.json -> /tmp/minio_downloads/1776280564.json
[2026-05-29T12:37:58.813+0000] {logging_mixin.py:188} INFO - Downloaded MSFT/1776280583.json -> /tmp/minio_downloads/1776280583.json
[2026-05-29T12:37:58.842+0000] {logging_mixin.py:188} INFO - Downloaded MSFT/1776280606.json -> /tmp/minio_downloads/1776280606.json
[2026-05-29T12:37:58.876+0000] {logging_mixin.py:188} INFO - Downloaded MSFT/1776280631.json -> /tmp/minio_downloads/1776280631.json
[2026-05-29T12:37:58.921+0000] {logging_mixin.py:188} INFO - Downloaded MSFT/1776280652.json -> /tmp/minio_downloads/1776280652.json
[2026-05-29T12:37:58.954+0000] {logging_mixin.py:188} INFO - Downloaded MSFT/1776280670.json -> /tmp/minio_downloads/1776280670.json
[2026-05-29T12:37:58.984+0000] {logging_mixin.py:188} INFO - Downloaded MSFT/1776280692.json -> /tmp/minio_downloads/1776280692.json
[2026-05-29T12:37:59.025+0000] {logging_mixin.py:188} INFO - Downloaded MSFT/1776280711.json -> /tmp/minio_downloads/1776280711.json
[2026-05-29T12:37:59.067+0000] {logging_mixin.py:188} INFO - Downloaded MSFT/1776280730.json -> /tmp/minio_downloads/1776280730.json
[2026-05-29T12:37:59.131+0000] {logging_mixin.py:188} INFO - Downloaded MSFT/1776280750.json -> /tmp/minio_downloads/1776280750.json
[2026-05-29T12:37:59.197+0000] {logging_mixin.py:188} INFO - Downloaded MSFT/1776280773.json -> /tmp/minio_downloads/1776280773.json
[2026-05-29T12:37:59.254+0000] {logging_mixin.py:188} INFO - Downloaded MSFT/1776280796.json -> /tmp/minio_downloads/1776280796.json
[2026-05-29T12:37:59.341+0000] {logging_mixin.py:188} INFO - Downloaded MSFT/1776280818.json -> /tmp/minio_downloads/1776280818.json
[2026-05-29T12:37:59.415+0000] {logging_mixin.py:188} INFO - Downloaded MSFT/1776280840.json -> /tmp/minio_downloads/1776280840.json
[2026-05-29T12:37:59.497+0000] {logging_mixin.py:188} INFO - Downloaded MSFT/1776280860.json -> /tmp/minio_downloads/1776280860.json
[2026-05-29T12:37:59.587+0000] {logging_mixin.py:188} INFO - Downloaded MSFT/1776280880.json -> /tmp/minio_downloads/1776280880.json
[2026-05-29T12:37:59.654+0000] {logging_mixin.py:188} INFO - Downloaded MSFT/1776280898.json -> /tmp/minio_downloads/1776280898.json
[2026-05-29T12:37:59.729+0000] {logging_mixin.py:188} INFO - Downloaded MSFT/1776280916.json -> /tmp/minio_downloads/1776280916.json
[2026-05-29T12:37:59.768+0000] {logging_mixin.py:188} INFO - Downloaded MSFT/1776280938.json -> /tmp/minio_downloads/1776280938.json
[2026-05-29T12:37:59.802+0000] {logging_mixin.py:188} INFO - Downloaded MSFT/1776280959.json -> /tmp/minio_downloads/1776280959.json
[2026-05-29T12:37:59.853+0000] {logging_mixin.py:188} INFO - Downloaded MSFT/1776280980.json -> /tmp/minio_downloads/1776280980.json
[2026-05-29T12:37:59.901+0000] {logging_mixin.py:188} INFO - Downloaded MSFT/1776280999.json -> /tmp/minio_downloads/1776280999.json
[2026-05-29T12:37:59.946+0000] {logging_mixin.py:188} INFO - Downloaded MSFT/1776281022.json -> /tmp/minio_downloads/1776281022.json
[2026-05-29T12:37:59.989+0000] {logging_mixin.py:188} INFO - Downloaded MSFT/1776281045.json -> /tmp/minio_downloads/1776281045.json
[2026-05-29T12:38:00.101+0000] {logging_mixin.py:188} INFO - Downloaded MSFT/1776281066.json -> /tmp/minio_downloads/1776281066.json
[2026-05-29T12:38:00.170+0000] {logging_mixin.py:188} INFO - Downloaded MSFT/1776281090.json -> /tmp/minio_downloads/1776281090.json
[2026-05-29T12:38:00.237+0000] {logging_mixin.py:188} INFO - Downloaded MSFT/1776281128.json -> /tmp/minio_downloads/1776281128.json
[2026-05-29T12:38:00.300+0000] {logging_mixin.py:188} INFO - Downloaded TSLA/1776277490.json -> /tmp/minio_downloads/1776277490.json
[2026-05-29T12:38:00.424+0000] {logging_mixin.py:188} INFO - Downloaded TSLA/1776277505.json -> /tmp/minio_downloads/1776277505.json
[2026-05-29T12:38:00.580+0000] {logging_mixin.py:188} INFO - Downloaded TSLA/1776277519.json -> /tmp/minio_downloads/1776277519.json
[2026-05-29T12:38:00.649+0000] {logging_mixin.py:188} INFO - Downloaded TSLA/1776277536.json -> /tmp/minio_downloads/1776277536.json
[2026-05-29T12:38:00.818+0000] {logging_mixin.py:188} INFO - Downloaded TSLA/1776277562.json -> /tmp/minio_downloads/1776277562.json
[2026-05-29T12:38:00.965+0000] {logging_mixin.py:188} INFO - Downloaded TSLA/1776277585.json -> /tmp/minio_downloads/1776277585.json
[2026-05-29T12:38:01.084+0000] {logging_mixin.py:188} INFO - Downloaded TSLA/1776277609.json -> /tmp/minio_downloads/1776277609.json
[2026-05-29T12:38:01.123+0000] {logging_mixin.py:188} INFO - Downloaded TSLA/1776277628.json -> /tmp/minio_downloads/1776277628.json
[2026-05-29T12:38:01.158+0000] {logging_mixin.py:188} INFO - Downloaded TSLA/1776277647.json -> /tmp/minio_downloads/1776277647.json
[2026-05-29T12:38:01.189+0000] {logging_mixin.py:188} INFO - Downloaded TSLA/1776277667.json -> /tmp/minio_downloads/1776277667.json
[2026-05-29T12:38:01.237+0000] {logging_mixin.py:188} INFO - Downloaded TSLA/1776277686.json -> /tmp/minio_downloads/1776277686.json
[2026-05-29T12:38:01.298+0000] {logging_mixin.py:188} INFO - Downloaded TSLA/1776277703.json -> /tmp/minio_downloads/1776277703.json
[2026-05-29T12:38:01.353+0000] {logging_mixin.py:188} INFO - Downloaded TSLA/1776277729.json -> /tmp/minio_downloads/1776277729.json
[2026-05-29T12:38:01.394+0000] {logging_mixin.py:188} INFO - Downloaded TSLA/1776277747.json -> /tmp/minio_downloads/1776277747.json
[2026-05-29T12:38:01.453+0000] {logging_mixin.py:188} INFO - Downloaded TSLA/1776277767.json -> /tmp/minio_downloads/1776277767.json
[2026-05-29T12:38:01.503+0000] {logging_mixin.py:188} INFO - Downloaded TSLA/1776277810.json -> /tmp/minio_downloads/1776277810.json
[2026-05-29T12:38:01.550+0000] {logging_mixin.py:188} INFO - Downloaded TSLA/1776277874.json -> /tmp/minio_downloads/1776277874.json
[2026-05-29T12:38:01.589+0000] {logging_mixin.py:188} INFO - Downloaded TSLA/1776277914.json -> /tmp/minio_downloads/1776277914.json
[2026-05-29T12:38:01.621+0000] {logging_mixin.py:188} INFO - Downloaded TSLA/1776277964.json -> /tmp/minio_downloads/1776277964.json
[2026-05-29T12:38:01.665+0000] {logging_mixin.py:188} INFO - Downloaded TSLA/1776278177.json -> /tmp/minio_downloads/1776278177.json
[2026-05-29T12:38:01.721+0000] {logging_mixin.py:188} INFO - Downloaded TSLA/1776278265.json -> /tmp/minio_downloads/1776278265.json
[2026-05-29T12:38:01.762+0000] {logging_mixin.py:188} INFO - Downloaded TSLA/1776278310.json -> /tmp/minio_downloads/1776278310.json
[2026-05-29T12:38:01.799+0000] {logging_mixin.py:188} INFO - Downloaded TSLA/1776278332.json -> /tmp/minio_downloads/1776278332.json
[2026-05-29T12:38:01.836+0000] {logging_mixin.py:188} INFO - Downloaded TSLA/1776278353.json -> /tmp/minio_downloads/1776278353.json
[2026-05-29T12:38:01.889+0000] {logging_mixin.py:188} INFO - Downloaded TSLA/1776278375.json -> /tmp/minio_downloads/1776278375.json
[2026-05-29T12:38:01.941+0000] {logging_mixin.py:188} INFO - Downloaded TSLA/1776278395.json -> /tmp/minio_downloads/1776278395.json
[2026-05-29T12:38:01.994+0000] {logging_mixin.py:188} INFO - Downloaded TSLA/1776278415.json -> /tmp/minio_downloads/1776278415.json
[2026-05-29T12:38:02.098+0000] {logging_mixin.py:188} INFO - Downloaded TSLA/1776278437.json -> /tmp/minio_downloads/1776278437.json
[2026-05-29T12:38:02.165+0000] {logging_mixin.py:188} INFO - Downloaded TSLA/1776278469.json -> /tmp/minio_downloads/1776278469.json
[2026-05-29T12:38:02.228+0000] {logging_mixin.py:188} INFO - Downloaded TSLA/1776278491.json -> /tmp/minio_downloads/1776278491.json
[2026-05-29T12:38:02.283+0000] {logging_mixin.py:188} INFO - Downloaded TSLA/1776278519.json -> /tmp/minio_downloads/1776278519.json
[2026-05-29T12:38:02.330+0000] {logging_mixin.py:188} INFO - Downloaded TSLA/1776278560.json -> /tmp/minio_downloads/1776278560.json
[2026-05-29T12:38:02.376+0000] {logging_mixin.py:188} INFO - Downloaded TSLA/1776278585.json -> /tmp/minio_downloads/1776278585.json
[2026-05-29T12:38:02.423+0000] {logging_mixin.py:188} INFO - Downloaded TSLA/1776278611.json -> /tmp/minio_downloads/1776278611.json
[2026-05-29T12:38:02.473+0000] {logging_mixin.py:188} INFO - Downloaded TSLA/1776278631.json -> /tmp/minio_downloads/1776278631.json
[2026-05-29T12:38:02.546+0000] {logging_mixin.py:188} INFO - Downloaded TSLA/1776278658.json -> /tmp/minio_downloads/1776278658.json
[2026-05-29T12:38:02.595+0000] {logging_mixin.py:188} INFO - Downloaded TSLA/1776278688.json -> /tmp/minio_downloads/1776278688.json
[2026-05-29T12:38:02.655+0000] {logging_mixin.py:188} INFO - Downloaded TSLA/1776278724.json -> /tmp/minio_downloads/1776278724.json
[2026-05-29T12:38:02.703+0000] {logging_mixin.py:188} INFO - Downloaded TSLA/1776278758.json -> /tmp/minio_downloads/1776278758.json
[2026-05-29T12:38:02.760+0000] {logging_mixin.py:188} INFO - Downloaded TSLA/1776278799.json -> /tmp/minio_downloads/1776278799.json
[2026-05-29T12:38:02.812+0000] {logging_mixin.py:188} INFO - Downloaded TSLA/1776278845.json -> /tmp/minio_downloads/1776278845.json
[2026-05-29T12:38:02.860+0000] {logging_mixin.py:188} INFO - Downloaded TSLA/1776278911.json -> /tmp/minio_downloads/1776278911.json
[2026-05-29T12:38:02.905+0000] {logging_mixin.py:188} INFO - Downloaded TSLA/1776278980.json -> /tmp/minio_downloads/1776278980.json
[2026-05-29T12:38:02.973+0000] {logging_mixin.py:188} INFO - Downloaded TSLA/1776279120.json -> /tmp/minio_downloads/1776279120.json
[2026-05-29T12:38:03.028+0000] {logging_mixin.py:188} INFO - Downloaded TSLA/1776279252.json -> /tmp/minio_downloads/1776279252.json
[2026-05-29T12:38:03.105+0000] {logging_mixin.py:188} INFO - Downloaded TSLA/1776279287.json -> /tmp/minio_downloads/1776279287.json
[2026-05-29T12:38:03.149+0000] {logging_mixin.py:188} INFO - Downloaded TSLA/1776279342.json -> /tmp/minio_downloads/1776279342.json
[2026-05-29T12:38:03.513+0000] {logging_mixin.py:188} INFO - Downloaded TSLA/1776279370.json -> /tmp/minio_downloads/1776279370.json
[2026-05-29T12:38:03.615+0000] {logging_mixin.py:188} INFO - Downloaded TSLA/1776279397.json -> /tmp/minio_downloads/1776279397.json
[2026-05-29T12:38:03.718+0000] {logging_mixin.py:188} INFO - Downloaded TSLA/1776279432.json -> /tmp/minio_downloads/1776279432.json
[2026-05-29T12:38:04.038+0000] {logging_mixin.py:188} INFO - Downloaded TSLA/1776279472.json -> /tmp/minio_downloads/1776279472.json
[2026-05-29T12:38:04.088+0000] {logging_mixin.py:188} INFO - Downloaded TSLA/1776279519.json -> /tmp/minio_downloads/1776279519.json
[2026-05-29T12:38:04.131+0000] {logging_mixin.py:188} INFO - Downloaded TSLA/1776279566.json -> /tmp/minio_downloads/1776279566.json
[2026-05-29T12:38:04.218+0000] {logging_mixin.py:188} INFO - Downloaded TSLA/1776279675.json -> /tmp/minio_downloads/1776279675.json
[2026-05-29T12:38:04.280+0000] {logging_mixin.py:188} INFO - Downloaded TSLA/1776279752.json -> /tmp/minio_downloads/1776279752.json
[2026-05-29T12:38:04.333+0000] {logging_mixin.py:188} INFO - Downloaded TSLA/1776279804.json -> /tmp/minio_downloads/1776279804.json
[2026-05-29T12:38:04.393+0000] {logging_mixin.py:188} INFO - Downloaded TSLA/1776279867.json -> /tmp/minio_downloads/1776279867.json
[2026-05-29T12:38:04.446+0000] {logging_mixin.py:188} INFO - Downloaded TSLA/1776279938.json -> /tmp/minio_downloads/1776279938.json
[2026-05-29T12:38:04.484+0000] {logging_mixin.py:188} INFO - Downloaded TSLA/1776280040.json -> /tmp/minio_downloads/1776280040.json
[2026-05-29T12:38:04.513+0000] {logging_mixin.py:188} INFO - Downloaded TSLA/1776280159.json -> /tmp/minio_downloads/1776280159.json
[2026-05-29T12:38:04.542+0000] {logging_mixin.py:188} INFO - Downloaded TSLA/1776280205.json -> /tmp/minio_downloads/1776280205.json
[2026-05-29T12:38:04.581+0000] {logging_mixin.py:188} INFO - Downloaded TSLA/1776280227.json -> /tmp/minio_downloads/1776280227.json
[2026-05-29T12:38:04.605+0000] {logging_mixin.py:188} INFO - Downloaded TSLA/1776280260.json -> /tmp/minio_downloads/1776280260.json
[2026-05-29T12:38:04.647+0000] {logging_mixin.py:188} INFO - Downloaded TSLA/1776280288.json -> /tmp/minio_downloads/1776280288.json
[2026-05-29T12:38:04.686+0000] {logging_mixin.py:188} INFO - Downloaded TSLA/1776280314.json -> /tmp/minio_downloads/1776280314.json
[2026-05-29T12:38:04.718+0000] {logging_mixin.py:188} INFO - Downloaded TSLA/1776280341.json -> /tmp/minio_downloads/1776280341.json
[2026-05-29T12:38:04.754+0000] {logging_mixin.py:188} INFO - Downloaded TSLA/1776280380.json -> /tmp/minio_downloads/1776280380.json
[2026-05-29T12:38:04.790+0000] {logging_mixin.py:188} INFO - Downloaded TSLA/1776280412.json -> /tmp/minio_downloads/1776280412.json
[2026-05-29T12:38:04.823+0000] {logging_mixin.py:188} INFO - Downloaded TSLA/1776280437.json -> /tmp/minio_downloads/1776280437.json
[2026-05-29T12:38:04.865+0000] {logging_mixin.py:188} INFO - Downloaded TSLA/1776280461.json -> /tmp/minio_downloads/1776280461.json
[2026-05-29T12:38:04.900+0000] {logging_mixin.py:188} INFO - Downloaded TSLA/1776280479.json -> /tmp/minio_downloads/1776280479.json
[2026-05-29T12:38:04.930+0000] {logging_mixin.py:188} INFO - Downloaded TSLA/1776280497.json -> /tmp/minio_downloads/1776280497.json
[2026-05-29T12:38:04.975+0000] {logging_mixin.py:188} INFO - Downloaded TSLA/1776280516.json -> /tmp/minio_downloads/1776280516.json
[2026-05-29T12:38:05.019+0000] {logging_mixin.py:188} INFO - Downloaded TSLA/1776280548.json -> /tmp/minio_downloads/1776280548.json
[2026-05-29T12:38:05.084+0000] {logging_mixin.py:188} INFO - Downloaded TSLA/1776280566.json -> /tmp/minio_downloads/1776280566.json
[2026-05-29T12:38:05.131+0000] {logging_mixin.py:188} INFO - Downloaded TSLA/1776280587.json -> /tmp/minio_downloads/1776280587.json
[2026-05-29T12:38:05.172+0000] {logging_mixin.py:188} INFO - Downloaded TSLA/1776280611.json -> /tmp/minio_downloads/1776280611.json
[2026-05-29T12:38:05.229+0000] {logging_mixin.py:188} INFO - Downloaded TSLA/1776280634.json -> /tmp/minio_downloads/1776280634.json
[2026-05-29T12:38:05.275+0000] {logging_mixin.py:188} INFO - Downloaded TSLA/1776280656.json -> /tmp/minio_downloads/1776280656.json
[2026-05-29T12:38:05.310+0000] {logging_mixin.py:188} INFO - Downloaded TSLA/1776280675.json -> /tmp/minio_downloads/1776280675.json
[2026-05-29T12:38:05.357+0000] {logging_mixin.py:188} INFO - Downloaded TSLA/1776280695.json -> /tmp/minio_downloads/1776280695.json
[2026-05-29T12:38:05.407+0000] {logging_mixin.py:188} INFO - Downloaded TSLA/1776280715.json -> /tmp/minio_downloads/1776280715.json
[2026-05-29T12:38:05.451+0000] {logging_mixin.py:188} INFO - Downloaded TSLA/1776280732.json -> /tmp/minio_downloads/1776280732.json
[2026-05-29T12:38:05.491+0000] {logging_mixin.py:188} INFO - Downloaded TSLA/1776280755.json -> /tmp/minio_downloads/1776280755.json
[2026-05-29T12:38:05.517+0000] {logging_mixin.py:188} INFO - Downloaded TSLA/1776280776.json -> /tmp/minio_downloads/1776280776.json
[2026-05-29T12:38:05.550+0000] {logging_mixin.py:188} INFO - Downloaded TSLA/1776280800.json -> /tmp/minio_downloads/1776280800.json
[2026-05-29T12:38:05.576+0000] {logging_mixin.py:188} INFO - Downloaded TSLA/1776280821.json -> /tmp/minio_downloads/1776280821.json
[2026-05-29T12:38:05.612+0000] {logging_mixin.py:188} INFO - Downloaded TSLA/1776280841.json -> /tmp/minio_downloads/1776280841.json
[2026-05-29T12:38:05.643+0000] {logging_mixin.py:188} INFO - Downloaded TSLA/1776280864.json -> /tmp/minio_downloads/1776280864.json
[2026-05-29T12:38:05.679+0000] {logging_mixin.py:188} INFO - Downloaded TSLA/1776280882.json -> /tmp/minio_downloads/1776280882.json
[2026-05-29T12:38:05.726+0000] {logging_mixin.py:188} INFO - Downloaded TSLA/1776280900.json -> /tmp/minio_downloads/1776280900.json
[2026-05-29T12:38:05.773+0000] {logging_mixin.py:188} INFO - Downloaded TSLA/1776280918.json -> /tmp/minio_downloads/1776280918.json
[2026-05-29T12:38:05.817+0000] {logging_mixin.py:188} INFO - Downloaded TSLA/1776280940.json -> /tmp/minio_downloads/1776280940.json
[2026-05-29T12:38:05.862+0000] {logging_mixin.py:188} INFO - Downloaded TSLA/1776280962.json -> /tmp/minio_downloads/1776280962.json
[2026-05-29T12:38:05.906+0000] {logging_mixin.py:188} INFO - Downloaded TSLA/1776280983.json -> /tmp/minio_downloads/1776280983.json
[2026-05-29T12:38:05.956+0000] {logging_mixin.py:188} INFO - Downloaded TSLA/1776281001.json -> /tmp/minio_downloads/1776281001.json
[2026-05-29T12:38:06.000+0000] {logging_mixin.py:188} INFO - Downloaded TSLA/1776281026.json -> /tmp/minio_downloads/1776281026.json
[2026-05-29T12:38:06.085+0000] {logging_mixin.py:188} INFO - Downloaded TSLA/1776281047.json -> /tmp/minio_downloads/1776281047.json
[2026-05-29T12:38:06.120+0000] {logging_mixin.py:188} INFO - Downloaded TSLA/1776281069.json -> /tmp/minio_downloads/1776281069.json
[2026-05-29T12:38:06.171+0000] {logging_mixin.py:188} INFO - Downloaded TSLA/1776281093.json -> /tmp/minio_downloads/1776281093.json
[2026-05-29T12:38:06.245+0000] {logging_mixin.py:188} INFO - Downloaded TSLA/1776281130.json -> /tmp/minio_downloads/1776281130.json
[2026-05-29T12:38:06.302+0000] {python.py:237} INFO - Done. Returned value was: ['/tmp/minio_downloads/1776277487.json', '/tmp/minio_downloads/1776277502.json', '/tmp/minio_downloads/1776277516.json', '/tmp/minio_downloads/1776277531.json', '/tmp/minio_downloads/1776277559.json', '/tmp/minio_downloads/1776277578.json', '/tmp/minio_downloads/1776277599.json', '/tmp/minio_downloads/1776277622.json', '/tmp/minio_downloads/1776277642.json', '/tmp/minio_downloads/1776277660.json', '/tmp/minio_downloads/1776277680.json', '/tmp/minio_downloads/1776277699.json', '/tmp/minio_downloads/1776277721.json', '/tmp/minio_downloads/1776277743.json', '/tmp/minio_downloads/1776277760.json', '/tmp/minio_downloads/1776277783.json', '/tmp/minio_downloads/1776277846.json', '/tmp/minio_downloads/1776277908.json', '/tmp/minio_downloads/1776277937.json', '/tmp/minio_downloads/1776278001.json', '/tmp/minio_downloads/1776278170.json', '/tmp/minio_downloads/1776278236.json', '/tmp/minio_downloads/1776278302.json', '/tmp/minio_downloads/1776278325.json', '/tmp/minio_downloads/1776278347.json', '/tmp/minio_downloads/1776278367.json', '/tmp/minio_downloads/1776278390.json', '/tmp/minio_downloads/1776278409.json', '/tmp/minio_downloads/1776278431.json', '/tmp/minio_downloads/1776278457.json', '/tmp/minio_downloads/1776278485.json', '/tmp/minio_downloads/1776278508.json', '/tmp/minio_downloads/1776278545.json', '/tmp/minio_downloads/1776278578.json', '/tmp/minio_downloads/1776278603.json', '/tmp/minio_downloads/1776278625.json', '/tmp/minio_downloads/1776278651.json', '/tmp/minio_downloads/1776278679.json', '/tmp/minio_downloads/1776278710.json', '/tmp/minio_downloads/1776278746.json', '/tmp/minio_downloads/1776278788.json', '/tmp/minio_downloads/1776278832.json', '/tmp/minio_downloads/1776278887.json', '/tmp/minio_downloads/1776278969.json', '/tmp/minio_downloads/1776279066.json', '/tmp/minio_downloads/1776279195.json', '/tmp/minio_downloads/1776279275.json', '/tmp/minio_downloads/1776279336.json', '/tmp/minio_downloads/1776279359.json', '/tmp/minio_downloads/1776279389.json', '/tmp/minio_downloads/1776279416.json', '/tmp/minio_downloads/1776279460.json', '/tmp/minio_downloads/1776279504.json', '/tmp/minio_downloads/1776279549.json', '/tmp/minio_downloads/1776279636.json', '/tmp/minio_downloads/1776279743.json', '/tmp/minio_downloads/1776279791.json', '/tmp/minio_downloads/1776279819.json', '/tmp/minio_downloads/1776279909.json', '/tmp/minio_downloads/1776280000.json', '/tmp/minio_downloads/1776280125.json', '/tmp/minio_downloads/1776280199.json', '/tmp/minio_downloads/1776280221.json', '/tmp/minio_downloads/1776280247.json', '/tmp/minio_downloads/1776280280.json', '/tmp/minio_downloads/1776280307.json', '/tmp/minio_downloads/1776280331.json', '/tmp/minio_downloads/1776280363.json', '/tmp/minio_downloads/1776280405.json', '/tmp/minio_downloads/1776280430.json', '/tmp/minio_downloads/1776280455.json', '/tmp/minio_downloads/1776280475.json', '/tmp/minio_downloads/1776280493.json', '/tmp/minio_downloads/1776280511.json', '/tmp/minio_downloads/1776280533.json', '/tmp/minio_downloads/1776280562.json', '/tmp/minio_downloads/1776280580.json', '/tmp/minio_downloads/1776280603.json', '/tmp/minio_downloads/1776280627.json', '/tmp/minio_downloads/1776280649.json', '/tmp/minio_downloads/1776280669.json', '/tmp/minio_downloads/1776280690.json', '/tmp/minio_downloads/1776280708.json', '/tmp/minio_downloads/1776280728.json', '/tmp/minio_downloads/1776280747.json', '/tmp/minio_downloads/1776280771.json', '/tmp/minio_downloads/1776280791.json', '/tmp/minio_downloads/1776280815.json', '/tmp/minio_downloads/1776280836.json', '/tmp/minio_downloads/1776280857.json', '/tmp/minio_downloads/1776280878.json', '/tmp/minio_downloads/1776280895.json', '/tmp/minio_downloads/1776280914.json', '/tmp/minio_downloads/1776280933.json', '/tmp/minio_downloads/1776280956.json', '/tmp/minio_downloads/1776280978.json', '/tmp/minio_downloads/1776280997.json', '/tmp/minio_downloads/1776281020.json', '/tmp/minio_downloads/1776281041.json', '/tmp/minio_downloads/1776281062.json', '/tmp/minio_downloads/1776281086.json', '/tmp/minio_downloads/1776281105.json', '/tmp/minio_downloads/1776277494.json', '/tmp/minio_downloads/1776277508.json', '/tmp/minio_downloads/1776277523.json', '/tmp/minio_downloads/1776277552.json', '/tmp/minio_downloads/1776277569.json', '/tmp/minio_downloads/1776277590.json', '/tmp/minio_downloads/1776277614.json', '/tmp/minio_downloads/1776277632.json', '/tmp/minio_downloads/1776277652.json', '/tmp/minio_downloads/1776277672.json', '/tmp/minio_downloads/1776277691.json', '/tmp/minio_downloads/1776277709.json', '/tmp/minio_downloads/1776277736.json', '/tmp/minio_downloads/1776277752.json', '/tmp/minio_downloads/1776277774.json', '/tmp/minio_downloads/1776277837.json', '/tmp/minio_downloads/1776277879.json', '/tmp/minio_downloads/1776277921.json', '/tmp/minio_downloads/1776277971.json', '/tmp/minio_downloads/1776278206.json', '/tmp/minio_downloads/1776278293.json', '/tmp/minio_downloads/1776278316.json', '/tmp/minio_downloads/1776278338.json', '/tmp/minio_downloads/1776278358.json', '/tmp/minio_downloads/1776278381.json', '/tmp/minio_downloads/1776278400.json', '/tmp/minio_downloads/1776278422.json', '/tmp/minio_downloads/1776278444.json', '/tmp/minio_downloads/1776278476.json', '/tmp/minio_downloads/1776278497.json', '/tmp/minio_downloads/1776278533.json', '/tmp/minio_downloads/1776278568.json', '/tmp/minio_downloads/1776278592.json', '/tmp/minio_downloads/1776278616.json', '/tmp/minio_downloads/1776278640.json', '/tmp/minio_downloads/1776278667.json', '/tmp/minio_downloads/1776278697.json', '/tmp/minio_downloads/1776278735.json', '/tmp/minio_downloads/1776278777.json', '/tmp/minio_downloads/1776278812.json', '/tmp/minio_downloads/1776278865.json', '/tmp/minio_downloads/1776278937.json', '/tmp/minio_downloads/1776279036.json', '/tmp/minio_downloads/1776279181.json', '/tmp/minio_downloads/1776279262.json', '/tmp/minio_downloads/1776279348.json', '/tmp/minio_downloads/1776279379.json', '/tmp/minio_downloads/1776279406.json', '/tmp/minio_downloads/1776279446.json', '/tmp/minio_downloads/1776279485.json', '/tmp/minio_downloads/1776279532.json', '/tmp/minio_downloads/1776279602.json', '/tmp/minio_downloads/1776279710.json', '/tmp/minio_downloads/1776279781.json', '/tmp/minio_downloads/1776279810.json', '/tmp/minio_downloads/1776279899.json', '/tmp/minio_downloads/1776279989.json', '/tmp/minio_downloads/1776280095.json', '/tmp/minio_downloads/1776280189.json', '/tmp/minio_downloads/1776280212.json', '/tmp/minio_downloads/1776280234.json', '/tmp/minio_downloads/1776280270.json', '/tmp/minio_downloads/1776280295.json', '/tmp/minio_downloads/1776280322.json', '/tmp/minio_downloads/1776280352.json', '/tmp/minio_downloads/1776280394.json', '/tmp/minio_downloads/1776280421.json', '/tmp/minio_downloads/1776280444.json', '/tmp/minio_downloads/1776280467.json', '/tmp/minio_downloads/1776280485.json', '/tmp/minio_downloads/1776280501.json', '/tmp/minio_downloads/1776280523.json', '/tmp/minio_downloads/1776280554.json', '/tmp/minio_downloads/1776280571.json', '/tmp/minio_downloads/1776280594.json', '/tmp/minio_downloads/1776280618.json', '/tmp/minio_downloads/1776280640.json', '/tmp/minio_downloads/1776280661.json', '/tmp/minio_downloads/1776280680.json', '/tmp/minio_downloads/1776280700.json', '/tmp/minio_downloads/1776280720.json', '/tmp/minio_downloads/1776280737.json', '/tmp/minio_downloads/1776280762.json', '/tmp/minio_downloads/1776280782.json', '/tmp/minio_downloads/1776280806.json', '/tmp/minio_downloads/1776280827.json', '/tmp/minio_downloads/1776280847.json', '/tmp/minio_downloads/1776280869.json', '/tmp/minio_downloads/1776280886.json', '/tmp/minio_downloads/1776280904.json', '/tmp/minio_downloads/1776280924.json', '/tmp/minio_downloads/1776280947.json', '/tmp/minio_downloads/1776280969.json', '/tmp/minio_downloads/1776280989.json', '/tmp/minio_downloads/1776281011.json', '/tmp/minio_downloads/1776281032.json', '/tmp/minio_downloads/1776281053.json', '/tmp/minio_downloads/1776281077.json', '/tmp/minio_downloads/1776281098.json', '/tmp/minio_downloads/1776277492.json', '/tmp/minio_downloads/1776277506.json', '/tmp/minio_downloads/1776277521.json', '/tmp/minio_downloads/1776277549.json', '/tmp/minio_downloads/1776277564.json', '/tmp/minio_downloads/1776277587.json', '/tmp/minio_downloads/1776277611.json', '/tmp/minio_downloads/1776277631.json', '/tmp/minio_downloads/1776277649.json', '/tmp/minio_downloads/1776277669.json', '/tmp/minio_downloads/1776277688.json', '/tmp/minio_downloads/1776277706.json', '/tmp/minio_downloads/1776277732.json', '/tmp/minio_downloads/1776277750.json', '/tmp/minio_downloads/1776277771.json', '/tmp/minio_downloads/1776277813.json', '/tmp/minio_downloads/1776277876.json', '/tmp/minio_downloads/1776277919.json', '/tmp/minio_downloads/1776277968.json', '/tmp/minio_downloads/1776278202.json', '/tmp/minio_downloads/1776278268.json', '/tmp/minio_downloads/1776278313.json', '/tmp/minio_downloads/1776278335.json', '/tmp/minio_downloads/1776278355.json', '/tmp/minio_downloads/1776278378.json', '/tmp/minio_downloads/1776278398.json', '/tmp/minio_downloads/1776278419.json', '/tmp/minio_downloads/1776278441.json', '/tmp/minio_downloads/1776278472.json', '/tmp/minio_downloads/1776278495.json', '/tmp/minio_downloads/1776278527.json', '/tmp/minio_downloads/1776278564.json', '/tmp/minio_downloads/1776278588.json', '/tmp/minio_downloads/1776278614.json', '/tmp/minio_downloads/1776278634.json', '/tmp/minio_downloads/1776278663.json', '/tmp/minio_downloads/1776278694.json', '/tmp/minio_downloads/1776278730.json', '/tmp/minio_downloads/1776278766.json', '/tmp/minio_downloads/1776278805.json', '/tmp/minio_downloads/1776278854.json', '/tmp/minio_downloads/1776278925.json', '/tmp/minio_downloads/1776279011.json', '/tmp/minio_downloads/1776279150.json', '/tmp/minio_downloads/1776279256.json', '/tmp/minio_downloads/1776279294.json', '/tmp/minio_downloads/1776279345.json', '/tmp/minio_downloads/1776279375.json', '/tmp/minio_downloads/1776279402.json', '/tmp/minio_downloads/1776279439.json', '/tmp/minio_downloads/1776279478.json', '/tmp/minio_downloads/1776279526.json', '/tmp/minio_downloads/1776279574.json', '/tmp/minio_downloads/1776279683.json', '/tmp/minio_downloads/1776279777.json', '/tmp/minio_downloads/1776279807.json', '/tmp/minio_downloads/1776279871.json', '/tmp/minio_downloads/1776279963.json', '/tmp/minio_downloads/1776280066.json', '/tmp/minio_downloads/1776280164.json', '/tmp/minio_downloads/1776280208.json', '/tmp/minio_downloads/1776280230.json', '/tmp/minio_downloads/1776280265.json', '/tmp/minio_downloads/1776280291.json', '/tmp/minio_downloads/1776280319.json', '/tmp/minio_downloads/1776280348.json', '/tmp/minio_downloads/1776280388.json', '/tmp/minio_downloads/1776280416.json', '/tmp/minio_downloads/1776280441.json', '/tmp/minio_downloads/1776280465.json', '/tmp/minio_downloads/1776280482.json', '/tmp/minio_downloads/1776280499.json', '/tmp/minio_downloads/1776280521.json', '/tmp/minio_downloads/1776280552.json', '/tmp/minio_downloads/1776280569.json', '/tmp/minio_downloads/1776280590.json', '/tmp/minio_downloads/1776280614.json', '/tmp/minio_downloads/1776280637.json', '/tmp/minio_downloads/1776280658.json', '/tmp/minio_downloads/1776280678.json', '/tmp/minio_downloads/1776280697.json', '/tmp/minio_downloads/1776280717.json', '/tmp/minio_downloads/1776280735.json', '/tmp/minio_downloads/1776280757.json', '/tmp/minio_downloads/1776280779.json', '/tmp/minio_downloads/1776280802.json', '/tmp/minio_downloads/1776280824.json', '/tmp/minio_downloads/1776280843.json', '/tmp/minio_downloads/1776280866.json', '/tmp/minio_downloads/1776280884.json', '/tmp/minio_downloads/1776280903.json', '/tmp/minio_downloads/1776280921.json', '/tmp/minio_downloads/1776280943.json', '/tmp/minio_downloads/1776280965.json', '/tmp/minio_downloads/1776280987.json', '/tmp/minio_downloads/1776281008.json', '/tmp/minio_downloads/1776281029.json', '/tmp/minio_downloads/1776281050.json', '/tmp/minio_downloads/1776281074.json', '/tmp/minio_downloads/1776281095.json', '/tmp/minio_downloads/1776277489.json', '/tmp/minio_downloads/1776277503.json', '/tmp/minio_downloads/1776277517.json', '/tmp/minio_downloads/1776277533.json', '/tmp/minio_downloads/1776277561.json', '/tmp/minio_downloads/1776277581.json', '/tmp/minio_downloads/1776277603.json', '/tmp/minio_downloads/1776277625.json', '/tmp/minio_downloads/1776277644.json', '/tmp/minio_downloads/1776277662.json', '/tmp/minio_downloads/1776277682.json', '/tmp/minio_downloads/1776277701.json', '/tmp/minio_downloads/1776277726.json', '/tmp/minio_downloads/1776277745.json', '/tmp/minio_downloads/1776277764.json', '/tmp/minio_downloads/1776277785.json', '/tmp/minio_downloads/1776277849.json', '/tmp/minio_downloads/1776277911.json', '/tmp/minio_downloads/1776277961.json', '/tmp/minio_downloads/1776278174.json', '/tmp/minio_downloads/1776278261.json', '/tmp/minio_downloads/1776278307.json', '/tmp/minio_downloads/1776278328.json', '/tmp/minio_downloads/1776278350.json', '/tmp/minio_downloads/1776278370.json', '/tmp/minio_downloads/1776278393.json', '/tmp/minio_downloads/1776278412.json', '/tmp/minio_downloads/1776278434.json', '/tmp/minio_downloads/1776278466.json', '/tmp/minio_downloads/1776278488.json', '/tmp/minio_downloads/1776278514.json', '/tmp/minio_downloads/1776278555.json', '/tmp/minio_downloads/1776278582.json', '/tmp/minio_downloads/1776278608.json', '/tmp/minio_downloads/1776278628.json', '/tmp/minio_downloads/1776278655.json', '/tmp/minio_downloads/1776278684.json', '/tmp/minio_downloads/1776278716.json', '/tmp/minio_downloads/1776278753.json', '/tmp/minio_downloads/1776278793.json', '/tmp/minio_downloads/1776278837.json', '/tmp/minio_downloads/1776278898.json', '/tmp/minio_downloads/1776278974.json', '/tmp/minio_downloads/1776279092.json', '/tmp/minio_downloads/1776279224.json', '/tmp/minio_downloads/1776279281.json', '/tmp/minio_downloads/1776279339.json', '/tmp/minio_downloads/1776279362.json', '/tmp/minio_downloads/1776279393.json', '/tmp/minio_downloads/1776279425.json', '/tmp/minio_downloads/1776279467.json', '/tmp/minio_downloads/1776279510.json', '/tmp/minio_downloads/1776279558.json', '/tmp/minio_downloads/1776279644.json', '/tmp/minio_downloads/1776279746.json', '/tmp/minio_downloads/1776279799.json', '/tmp/minio_downloads/1776279843.json', '/tmp/minio_downloads/1776279933.json', '/tmp/minio_downloads/1776280004.json', '/tmp/minio_downloads/1776280127.json', '/tmp/minio_downloads/1776280202.json', '/tmp/minio_downloads/1776280224.json', '/tmp/minio_downloads/1776280253.json', '/tmp/minio_downloads/1776280284.json', '/tmp/minio_downloads/1776280311.json', '/tmp/minio_downloads/1776280334.json', '/tmp/minio_downloads/1776280374.json', '/tmp/minio_downloads/1776280409.json', '/tmp/minio_downloads/1776280434.json', '/tmp/minio_downloads/1776280458.json', '/tmp/minio_downloads/1776280477.json', '/tmp/minio_downloads/1776280495.json', '/tmp/minio_downloads/1776280513.json', '/tmp/minio_downloads/1776280538.json', '/tmp/minio_downloads/1776280564.json', '/tmp/minio_downloads/1776280583.json', '/tmp/minio_downloads/1776280606.json', '/tmp/minio_downloads/1776280631.json', '/tmp/minio_downloads/1776280652.json', '/tmp/minio_downloads/1776280670.json', '/tmp/minio_downloads/1776280692.json', '/tmp/minio_downloads/1776280711.json', '/tmp/minio_downloads/1776280730.json', '/tmp/minio_downloads/1776280750.json', '/tmp/minio_downloads/1776280773.json', '/tmp/minio_downloads/1776280796.json', '/tmp/minio_downloads/1776280818.json', '/tmp/minio_downloads/1776280840.json', '/tmp/minio_downloads/1776280860.json', '/tmp/minio_downloads/1776280880.json', '/tmp/minio_downloads/1776280898.json', '/tmp/minio_downloads/1776280916.json', '/tmp/minio_downloads/1776280938.json', '/tmp/minio_downloads/1776280959.json', '/tmp/minio_downloads/1776280980.json', '/tmp/minio_downloads/1776280999.json', '/tmp/minio_downloads/1776281022.json', '/tmp/minio_downloads/1776281045.json', '/tmp/minio_downloads/1776281066.json', '/tmp/minio_downloads/1776281090.json', '/tmp/minio_downloads/1776281128.json', '/tmp/minio_downloads/1776277490.json', '/tmp/minio_downloads/1776277505.json', '/tmp/minio_downloads/1776277519.json', '/tmp/minio_downloads/1776277536.json', '/tmp/minio_downloads/1776277562.json', '/tmp/minio_downloads/1776277585.json', '/tmp/minio_downloads/1776277609.json', '/tmp/minio_downloads/1776277628.json', '/tmp/minio_downloads/1776277647.json', '/tmp/minio_downloads/1776277667.json', '/tmp/minio_downloads/1776277686.json', '/tmp/minio_downloads/1776277703.json', '/tmp/minio_downloads/1776277729.json', '/tmp/minio_downloads/1776277747.json', '/tmp/minio_downloads/1776277767.json', '/tmp/minio_downloads/1776277810.json', '/tmp/minio_downloads/1776277874.json', '/tmp/minio_downloads/1776277914.json', '/tmp/minio_downloads/1776277964.json', '/tmp/minio_downloads/1776278177.json', '/tmp/minio_downloads/1776278265.json', '/tmp/minio_downloads/1776278310.json', '/tmp/minio_downloads/1776278332.json', '/tmp/minio_downloads/1776278353.json', '/tmp/minio_downloads/1776278375.json', '/tmp/minio_downloads/1776278395.json', '/tmp/minio_downloads/1776278415.json', '/tmp/minio_downloads/1776278437.json', '/tmp/minio_downloads/1776278469.json', '/tmp/minio_downloads/1776278491.json', '/tmp/minio_downloads/1776278519.json', '/tmp/minio_downloads/1776278560.json', '/tmp/minio_downloads/1776278585.json', '/tmp/minio_downloads/1776278611.json', '/tmp/minio_downloads/1776278631.json', '/tmp/minio_downloads/1776278658.json', '/tmp/minio_downloads/1776278688.json', '/tmp/minio_downloads/1776278724.json', '/tmp/minio_downloads/1776278758.json', '/tmp/minio_downloads/1776278799.json', '/tmp/minio_downloads/1776278845.json', '/tmp/minio_downloads/1776278911.json', '/tmp/minio_downloads/1776278980.json', '/tmp/minio_downloads/1776279120.json', '/tmp/minio_downloads/1776279252.json', '/tmp/minio_downloads/1776279287.json', '/tmp/minio_downloads/1776279342.json', '/tmp/minio_downloads/1776279370.json', '/tmp/minio_downloads/1776279397.json', '/tmp/minio_downloads/1776279432.json', '/tmp/minio_downloads/1776279472.json', '/tmp/minio_downloads/1776279519.json', '/tmp/minio_downloads/1776279566.json', '/tmp/minio_downloads/1776279675.json', '/tmp/minio_downloads/1776279752.json', '/tmp/minio_downloads/1776279804.json', '/tmp/minio_downloads/1776279867.json', '/tmp/minio_downloads/1776279938.json', '/tmp/minio_downloads/1776280040.json', '/tmp/minio_downloads/1776280159.json', '/tmp/minio_downloads/1776280205.json', '/tmp/minio_downloads/1776280227.json', '/tmp/minio_downloads/1776280260.json', '/tmp/minio_downloads/1776280288.json', '/tmp/minio_downloads/1776280314.json', '/tmp/minio_downloads/1776280341.json', '/tmp/minio_downloads/1776280380.json', '/tmp/minio_downloads/1776280412.json', '/tmp/minio_downloads/1776280437.json', '/tmp/minio_downloads/1776280461.json', '/tmp/minio_downloads/1776280479.json', '/tmp/minio_downloads/1776280497.json', '/tmp/minio_downloads/1776280516.json', '/tmp/minio_downloads/1776280548.json', '/tmp/minio_downloads/1776280566.json', '/tmp/minio_downloads/1776280587.json', '/tmp/minio_downloads/1776280611.json', '/tmp/minio_downloads/1776280634.json', '/tmp/minio_downloads/1776280656.json', '/tmp/minio_downloads/1776280675.json', '/tmp/minio_downloads/1776280695.json', '/tmp/minio_downloads/1776280715.json', '/tmp/minio_downloads/1776280732.json', '/tmp/minio_downloads/1776280755.json', '/tmp/minio_downloads/1776280776.json', '/tmp/minio_downloads/1776280800.json', '/tmp/minio_downloads/1776280821.json', '/tmp/minio_downloads/1776280841.json', '/tmp/minio_downloads/1776280864.json', '/tmp/minio_downloads/1776280882.json', '/tmp/minio_downloads/1776280900.json', '/tmp/minio_downloads/1776280918.json', '/tmp/minio_downloads/1776280940.json', '/tmp/minio_downloads/1776280962.json', '/tmp/minio_downloads/1776280983.json', '/tmp/minio_downloads/1776281001.json', '/tmp/minio_downloads/1776281026.json', '/tmp/minio_downloads/1776281047.json', '/tmp/minio_downloads/1776281069.json', '/tmp/minio_downloads/1776281093.json', '/tmp/minio_downloads/1776281130.json']
[2026-05-29T12:38:06.320+0000] {taskinstance.py:441} INFO - ::group::Post task execution logs
[2026-05-29T12:38:06.541+0000] {taskinstance.py:1206} INFO - Marking task as SUCCESS. dag_id=minio_to_snowflake, task_id=download_minio, run_id=scheduled__2026-05-29T12:35:00+00:00, execution_date=20260529T123500, start_date=20260529T123733, end_date=20260529T123806
[2026-05-29T12:38:06.865+0000] {local_task_job_runner.py:243} INFO - Task exited with return code 0
[2026-05-29T12:38:07.174+0000] {taskinstance.py:3503} INFO - 1 downstream tasks scheduled from follow-on schedule check
[2026-05-29T12:38:07.187+0000] {local_task_job_runner.py:222} INFO - ::endgroup::
