[2026-05-29T13:36:20.934+0000] {local_task_job_runner.py:120} INFO - ::group::Pre task execution logs
[2026-05-29T13:36:21.110+0000] {taskinstance.py:2076} INFO - Dependencies all met for dep_context=non-requeueable deps ti=<TaskInstance: minio_to_snowflake.download_minio scheduled__2026-05-29T13:34:00+00:00 [queued]>
[2026-05-29T13:36:21.155+0000] {taskinstance.py:2076} INFO - Dependencies all met for dep_context=requeueable deps ti=<TaskInstance: minio_to_snowflake.download_minio scheduled__2026-05-29T13:34:00+00:00 [queued]>
[2026-05-29T13:36:21.159+0000] {taskinstance.py:2306} INFO - Starting attempt 1 of 2
[2026-05-29T13:36:21.226+0000] {taskinstance.py:2330} INFO - Executing <Task(PythonOperator): download_minio> on 2026-05-29 13:34:00+00:00
[2026-05-29T13:36:21.302+0000] {standard_task_runner.py:90} INFO - Running: ['***', 'tasks', 'run', 'minio_to_snowflake', 'download_minio', 'scheduled__2026-05-29T13:34:00+00:00', '--job-id', '221', '--raw', '--subdir', 'DAGS_FOLDER/minio_to_snowflake.py', '--cfg-path', '/tmp/tmp_0nt39yp']
[2026-05-29T13:36:21.323+0000] {standard_task_runner.py:91} INFO - Job 221: Subtask download_minio
[2026-05-29T13:36:21.327+0000] {logging_mixin.py:188} WARNING - /home/***/.local/lib/python3.12/site-packages/***/task/task_runner/standard_task_runner.py:62 DeprecationWarning: This process (pid=51260) is multi-threaded, use of fork() may lead to deadlocks in the child.
[2026-05-29T13:36:21.335+0000] {standard_task_runner.py:64} INFO - Started process 51271 to run task
[2026-05-29T13:36:21.843+0000] {task_command.py:426} INFO - Running <TaskInstance: minio_to_snowflake.download_minio scheduled__2026-05-29T13:34:00+00:00 [running]> on host 0a790aba60c9
[2026-05-29T13:36:22.395+0000] {taskinstance.py:2648} INFO - Exporting env vars: AIRFLOW_CTX_DAG_OWNER='***' AIRFLOW_CTX_DAG_ID='minio_to_snowflake' AIRFLOW_CTX_TASK_ID='download_minio' AIRFLOW_CTX_EXECUTION_DATE='2026-05-29T13:34:00+00:00' AIRFLOW_CTX_TRY_NUMBER='1' AIRFLOW_CTX_DAG_RUN_ID='scheduled__2026-05-29T13:34:00+00:00'
[2026-05-29T13:36:22.404+0000] {taskinstance.py:430} INFO - ::endgroup::
[2026-05-29T13:36:34.111+0000] {logging_mixin.py:188} INFO - Downloaded AAPL/1776277487.json -> /tmp/minio_downloads/1776277487.json
[2026-05-29T13:36:34.140+0000] {logging_mixin.py:188} INFO - Downloaded AAPL/1776277502.json -> /tmp/minio_downloads/1776277502.json
[2026-05-29T13:36:34.165+0000] {logging_mixin.py:188} INFO - Downloaded AAPL/1776277516.json -> /tmp/minio_downloads/1776277516.json
[2026-05-29T13:36:34.194+0000] {logging_mixin.py:188} INFO - Downloaded AAPL/1776277531.json -> /tmp/minio_downloads/1776277531.json
[2026-05-29T13:36:34.239+0000] {logging_mixin.py:188} INFO - Downloaded AAPL/1776277559.json -> /tmp/minio_downloads/1776277559.json
[2026-05-29T13:36:34.287+0000] {logging_mixin.py:188} INFO - Downloaded AAPL/1776277578.json -> /tmp/minio_downloads/1776277578.json
[2026-05-29T13:36:34.324+0000] {logging_mixin.py:188} INFO - Downloaded AAPL/1776277599.json -> /tmp/minio_downloads/1776277599.json
[2026-05-29T13:36:34.357+0000] {logging_mixin.py:188} INFO - Downloaded AAPL/1776277622.json -> /tmp/minio_downloads/1776277622.json
[2026-05-29T13:36:34.399+0000] {logging_mixin.py:188} INFO - Downloaded AAPL/1776277642.json -> /tmp/minio_downloads/1776277642.json
[2026-05-29T13:36:34.446+0000] {logging_mixin.py:188} INFO - Downloaded AAPL/1776277660.json -> /tmp/minio_downloads/1776277660.json
[2026-05-29T13:36:34.481+0000] {logging_mixin.py:188} INFO - Downloaded AAPL/1776277680.json -> /tmp/minio_downloads/1776277680.json
[2026-05-29T13:36:34.525+0000] {logging_mixin.py:188} INFO - Downloaded AAPL/1776277699.json -> /tmp/minio_downloads/1776277699.json
[2026-05-29T13:36:34.551+0000] {logging_mixin.py:188} INFO - Downloaded AAPL/1776277721.json -> /tmp/minio_downloads/1776277721.json
[2026-05-29T13:36:34.642+0000] {logging_mixin.py:188} INFO - Downloaded AAPL/1776277743.json -> /tmp/minio_downloads/1776277743.json
[2026-05-29T13:36:34.685+0000] {logging_mixin.py:188} INFO - Downloaded AAPL/1776277760.json -> /tmp/minio_downloads/1776277760.json
[2026-05-29T13:36:34.727+0000] {logging_mixin.py:188} INFO - Downloaded AAPL/1776277783.json -> /tmp/minio_downloads/1776277783.json
[2026-05-29T13:36:34.763+0000] {logging_mixin.py:188} INFO - Downloaded AAPL/1776277846.json -> /tmp/minio_downloads/1776277846.json
[2026-05-29T13:36:34.790+0000] {logging_mixin.py:188} INFO - Downloaded AAPL/1776277908.json -> /tmp/minio_downloads/1776277908.json
[2026-05-29T13:36:34.827+0000] {logging_mixin.py:188} INFO - Downloaded AAPL/1776277937.json -> /tmp/minio_downloads/1776277937.json
[2026-05-29T13:36:34.874+0000] {logging_mixin.py:188} INFO - Downloaded AAPL/1776278001.json -> /tmp/minio_downloads/1776278001.json
[2026-05-29T13:36:34.914+0000] {logging_mixin.py:188} INFO - Downloaded AAPL/1776278170.json -> /tmp/minio_downloads/1776278170.json
[2026-05-29T13:36:34.952+0000] {logging_mixin.py:188} INFO - Downloaded AAPL/1776278236.json -> /tmp/minio_downloads/1776278236.json
[2026-05-29T13:36:35.009+0000] {logging_mixin.py:188} INFO - Downloaded AAPL/1776278302.json -> /tmp/minio_downloads/1776278302.json
[2026-05-29T13:36:35.069+0000] {logging_mixin.py:188} INFO - Downloaded AAPL/1776278325.json -> /tmp/minio_downloads/1776278325.json
[2026-05-29T13:36:35.120+0000] {logging_mixin.py:188} INFO - Downloaded AAPL/1776278347.json -> /tmp/minio_downloads/1776278347.json
[2026-05-29T13:36:35.160+0000] {logging_mixin.py:188} INFO - Downloaded AAPL/1776278367.json -> /tmp/minio_downloads/1776278367.json
[2026-05-29T13:36:35.200+0000] {logging_mixin.py:188} INFO - Downloaded AAPL/1776278390.json -> /tmp/minio_downloads/1776278390.json
[2026-05-29T13:36:35.250+0000] {logging_mixin.py:188} INFO - Downloaded AAPL/1776278409.json -> /tmp/minio_downloads/1776278409.json
[2026-05-29T13:36:35.289+0000] {logging_mixin.py:188} INFO - Downloaded AAPL/1776278431.json -> /tmp/minio_downloads/1776278431.json
[2026-05-29T13:36:35.328+0000] {logging_mixin.py:188} INFO - Downloaded AAPL/1776278457.json -> /tmp/minio_downloads/1776278457.json
[2026-05-29T13:36:35.353+0000] {logging_mixin.py:188} INFO - Downloaded AAPL/1776278485.json -> /tmp/minio_downloads/1776278485.json
[2026-05-29T13:36:35.381+0000] {logging_mixin.py:188} INFO - Downloaded AAPL/1776278508.json -> /tmp/minio_downloads/1776278508.json
[2026-05-29T13:36:35.418+0000] {logging_mixin.py:188} INFO - Downloaded AAPL/1776278545.json -> /tmp/minio_downloads/1776278545.json
[2026-05-29T13:36:35.450+0000] {logging_mixin.py:188} INFO - Downloaded AAPL/1776278578.json -> /tmp/minio_downloads/1776278578.json
[2026-05-29T13:36:35.513+0000] {logging_mixin.py:188} INFO - Downloaded AAPL/1776278603.json -> /tmp/minio_downloads/1776278603.json
[2026-05-29T13:36:35.549+0000] {logging_mixin.py:188} INFO - Downloaded AAPL/1776278625.json -> /tmp/minio_downloads/1776278625.json
[2026-05-29T13:36:35.588+0000] {logging_mixin.py:188} INFO - Downloaded AAPL/1776278651.json -> /tmp/minio_downloads/1776278651.json
[2026-05-29T13:36:35.613+0000] {logging_mixin.py:188} INFO - Downloaded AAPL/1776278679.json -> /tmp/minio_downloads/1776278679.json
[2026-05-29T13:36:35.675+0000] {logging_mixin.py:188} INFO - Downloaded AAPL/1776278710.json -> /tmp/minio_downloads/1776278710.json
[2026-05-29T13:36:35.725+0000] {logging_mixin.py:188} INFO - Downloaded AAPL/1776278746.json -> /tmp/minio_downloads/1776278746.json
[2026-05-29T13:36:35.761+0000] {logging_mixin.py:188} INFO - Downloaded AAPL/1776278788.json -> /tmp/minio_downloads/1776278788.json
[2026-05-29T13:36:35.804+0000] {logging_mixin.py:188} INFO - Downloaded AAPL/1776278832.json -> /tmp/minio_downloads/1776278832.json
[2026-05-29T13:36:35.839+0000] {logging_mixin.py:188} INFO - Downloaded AAPL/1776278887.json -> /tmp/minio_downloads/1776278887.json
[2026-05-29T13:36:35.885+0000] {logging_mixin.py:188} INFO - Downloaded AAPL/1776278969.json -> /tmp/minio_downloads/1776278969.json
[2026-05-29T13:36:35.918+0000] {logging_mixin.py:188} INFO - Downloaded AAPL/1776279066.json -> /tmp/minio_downloads/1776279066.json
[2026-05-29T13:36:35.952+0000] {logging_mixin.py:188} INFO - Downloaded AAPL/1776279195.json -> /tmp/minio_downloads/1776279195.json
[2026-05-29T13:36:36.002+0000] {logging_mixin.py:188} INFO - Downloaded AAPL/1776279275.json -> /tmp/minio_downloads/1776279275.json
[2026-05-29T13:36:36.038+0000] {logging_mixin.py:188} INFO - Downloaded AAPL/1776279336.json -> /tmp/minio_downloads/1776279336.json
[2026-05-29T13:36:36.076+0000] {logging_mixin.py:188} INFO - Downloaded AAPL/1776279359.json -> /tmp/minio_downloads/1776279359.json
[2026-05-29T13:36:36.122+0000] {logging_mixin.py:188} INFO - Downloaded AAPL/1776279389.json -> /tmp/minio_downloads/1776279389.json
[2026-05-29T13:36:36.159+0000] {logging_mixin.py:188} INFO - Downloaded AAPL/1776279416.json -> /tmp/minio_downloads/1776279416.json
[2026-05-29T13:36:36.189+0000] {logging_mixin.py:188} INFO - Downloaded AAPL/1776279460.json -> /tmp/minio_downloads/1776279460.json
[2026-05-29T13:36:36.222+0000] {logging_mixin.py:188} INFO - Downloaded AAPL/1776279504.json -> /tmp/minio_downloads/1776279504.json
[2026-05-29T13:36:36.253+0000] {logging_mixin.py:188} INFO - Downloaded AAPL/1776279549.json -> /tmp/minio_downloads/1776279549.json
[2026-05-29T13:36:36.287+0000] {logging_mixin.py:188} INFO - Downloaded AAPL/1776279636.json -> /tmp/minio_downloads/1776279636.json
[2026-05-29T13:36:36.315+0000] {logging_mixin.py:188} INFO - Downloaded AAPL/1776279743.json -> /tmp/minio_downloads/1776279743.json
[2026-05-29T13:36:36.353+0000] {logging_mixin.py:188} INFO - Downloaded AAPL/1776279791.json -> /tmp/minio_downloads/1776279791.json
[2026-05-29T13:36:36.388+0000] {logging_mixin.py:188} INFO - Downloaded AAPL/1776279819.json -> /tmp/minio_downloads/1776279819.json
[2026-05-29T13:36:36.423+0000] {logging_mixin.py:188} INFO - Downloaded AAPL/1776279909.json -> /tmp/minio_downloads/1776279909.json
[2026-05-29T13:36:36.465+0000] {logging_mixin.py:188} INFO - Downloaded AAPL/1776280000.json -> /tmp/minio_downloads/1776280000.json
[2026-05-29T13:36:36.503+0000] {logging_mixin.py:188} INFO - Downloaded AAPL/1776280125.json -> /tmp/minio_downloads/1776280125.json
[2026-05-29T13:36:36.573+0000] {logging_mixin.py:188} INFO - Downloaded AAPL/1776280199.json -> /tmp/minio_downloads/1776280199.json
[2026-05-29T13:36:36.629+0000] {logging_mixin.py:188} INFO - Downloaded AAPL/1776280221.json -> /tmp/minio_downloads/1776280221.json
[2026-05-29T13:36:36.679+0000] {logging_mixin.py:188} INFO - Downloaded AAPL/1776280247.json -> /tmp/minio_downloads/1776280247.json
[2026-05-29T13:36:36.750+0000] {logging_mixin.py:188} INFO - Downloaded AAPL/1776280280.json -> /tmp/minio_downloads/1776280280.json
[2026-05-29T13:36:36.795+0000] {logging_mixin.py:188} INFO - Downloaded AAPL/1776280307.json -> /tmp/minio_downloads/1776280307.json
[2026-05-29T13:36:36.852+0000] {logging_mixin.py:188} INFO - Downloaded AAPL/1776280331.json -> /tmp/minio_downloads/1776280331.json
[2026-05-29T13:36:36.890+0000] {logging_mixin.py:188} INFO - Downloaded AAPL/1776280363.json -> /tmp/minio_downloads/1776280363.json
[2026-05-29T13:36:36.924+0000] {logging_mixin.py:188} INFO - Downloaded AAPL/1776280405.json -> /tmp/minio_downloads/1776280405.json
[2026-05-29T13:36:36.974+0000] {logging_mixin.py:188} INFO - Downloaded AAPL/1776280430.json -> /tmp/minio_downloads/1776280430.json
[2026-05-29T13:36:37.047+0000] {logging_mixin.py:188} INFO - Downloaded AAPL/1776280455.json -> /tmp/minio_downloads/1776280455.json
[2026-05-29T13:36:37.084+0000] {logging_mixin.py:188} INFO - Downloaded AAPL/1776280475.json -> /tmp/minio_downloads/1776280475.json
[2026-05-29T13:36:37.120+0000] {logging_mixin.py:188} INFO - Downloaded AAPL/1776280493.json -> /tmp/minio_downloads/1776280493.json
[2026-05-29T13:36:37.174+0000] {logging_mixin.py:188} INFO - Downloaded AAPL/1776280511.json -> /tmp/minio_downloads/1776280511.json
[2026-05-29T13:36:37.204+0000] {logging_mixin.py:188} INFO - Downloaded AAPL/1776280533.json -> /tmp/minio_downloads/1776280533.json
[2026-05-29T13:36:37.237+0000] {logging_mixin.py:188} INFO - Downloaded AAPL/1776280562.json -> /tmp/minio_downloads/1776280562.json
[2026-05-29T13:36:37.277+0000] {logging_mixin.py:188} INFO - Downloaded AAPL/1776280580.json -> /tmp/minio_downloads/1776280580.json
[2026-05-29T13:36:37.322+0000] {logging_mixin.py:188} INFO - Downloaded AAPL/1776280603.json -> /tmp/minio_downloads/1776280603.json
[2026-05-29T13:36:37.377+0000] {logging_mixin.py:188} INFO - Downloaded AAPL/1776280627.json -> /tmp/minio_downloads/1776280627.json
[2026-05-29T13:36:37.417+0000] {logging_mixin.py:188} INFO - Downloaded AAPL/1776280649.json -> /tmp/minio_downloads/1776280649.json
[2026-05-29T13:36:37.462+0000] {logging_mixin.py:188} INFO - Downloaded AAPL/1776280669.json -> /tmp/minio_downloads/1776280669.json
[2026-05-29T13:36:37.498+0000] {logging_mixin.py:188} INFO - Downloaded AAPL/1776280690.json -> /tmp/minio_downloads/1776280690.json
[2026-05-29T13:36:37.547+0000] {logging_mixin.py:188} INFO - Downloaded AAPL/1776280708.json -> /tmp/minio_downloads/1776280708.json
[2026-05-29T13:36:37.587+0000] {logging_mixin.py:188} INFO - Downloaded AAPL/1776280728.json -> /tmp/minio_downloads/1776280728.json
[2026-05-29T13:36:37.631+0000] {logging_mixin.py:188} INFO - Downloaded AAPL/1776280747.json -> /tmp/minio_downloads/1776280747.json
[2026-05-29T13:36:37.664+0000] {logging_mixin.py:188} INFO - Downloaded AAPL/1776280771.json -> /tmp/minio_downloads/1776280771.json
[2026-05-29T13:36:37.688+0000] {logging_mixin.py:188} INFO - Downloaded AAPL/1776280791.json -> /tmp/minio_downloads/1776280791.json
[2026-05-29T13:36:37.716+0000] {logging_mixin.py:188} INFO - Downloaded AAPL/1776280815.json -> /tmp/minio_downloads/1776280815.json
[2026-05-29T13:36:37.743+0000] {logging_mixin.py:188} INFO - Downloaded AAPL/1776280836.json -> /tmp/minio_downloads/1776280836.json
[2026-05-29T13:36:37.768+0000] {logging_mixin.py:188} INFO - Downloaded AAPL/1776280857.json -> /tmp/minio_downloads/1776280857.json
[2026-05-29T13:36:37.794+0000] {logging_mixin.py:188} INFO - Downloaded AAPL/1776280878.json -> /tmp/minio_downloads/1776280878.json
[2026-05-29T13:36:37.823+0000] {logging_mixin.py:188} INFO - Downloaded AAPL/1776280895.json -> /tmp/minio_downloads/1776280895.json
[2026-05-29T13:36:37.855+0000] {logging_mixin.py:188} INFO - Downloaded AAPL/1776280914.json -> /tmp/minio_downloads/1776280914.json
[2026-05-29T13:36:37.920+0000] {logging_mixin.py:188} INFO - Downloaded AAPL/1776280933.json -> /tmp/minio_downloads/1776280933.json
[2026-05-29T13:36:37.944+0000] {logging_mixin.py:188} INFO - Downloaded AAPL/1776280956.json -> /tmp/minio_downloads/1776280956.json
[2026-05-29T13:36:37.967+0000] {logging_mixin.py:188} INFO - Downloaded AAPL/1776280978.json -> /tmp/minio_downloads/1776280978.json
[2026-05-29T13:36:37.990+0000] {logging_mixin.py:188} INFO - Downloaded AAPL/1776280997.json -> /tmp/minio_downloads/1776280997.json
[2026-05-29T13:36:38.019+0000] {logging_mixin.py:188} INFO - Downloaded AAPL/1776281020.json -> /tmp/minio_downloads/1776281020.json
[2026-05-29T13:36:38.052+0000] {logging_mixin.py:188} INFO - Downloaded AAPL/1776281041.json -> /tmp/minio_downloads/1776281041.json
[2026-05-29T13:36:38.089+0000] {logging_mixin.py:188} INFO - Downloaded AAPL/1776281062.json -> /tmp/minio_downloads/1776281062.json
[2026-05-29T13:36:38.132+0000] {logging_mixin.py:188} INFO - Downloaded AAPL/1776281086.json -> /tmp/minio_downloads/1776281086.json
[2026-05-29T13:36:38.163+0000] {logging_mixin.py:188} INFO - Downloaded AAPL/1776281105.json -> /tmp/minio_downloads/1776281105.json
[2026-05-29T13:36:38.192+0000] {logging_mixin.py:188} INFO - Downloaded AMZN/1776277494.json -> /tmp/minio_downloads/1776277494.json
[2026-05-29T13:36:38.239+0000] {logging_mixin.py:188} INFO - Downloaded AMZN/1776277508.json -> /tmp/minio_downloads/1776277508.json
[2026-05-29T13:36:38.277+0000] {logging_mixin.py:188} INFO - Downloaded AMZN/1776277523.json -> /tmp/minio_downloads/1776277523.json
[2026-05-29T13:36:38.305+0000] {logging_mixin.py:188} INFO - Downloaded AMZN/1776277552.json -> /tmp/minio_downloads/1776277552.json
[2026-05-29T13:36:38.345+0000] {logging_mixin.py:188} INFO - Downloaded AMZN/1776277569.json -> /tmp/minio_downloads/1776277569.json
[2026-05-29T13:36:38.381+0000] {logging_mixin.py:188} INFO - Downloaded AMZN/1776277590.json -> /tmp/minio_downloads/1776277590.json
[2026-05-29T13:36:38.404+0000] {logging_mixin.py:188} INFO - Downloaded AMZN/1776277614.json -> /tmp/minio_downloads/1776277614.json
[2026-05-29T13:36:38.447+0000] {logging_mixin.py:188} INFO - Downloaded AMZN/1776277632.json -> /tmp/minio_downloads/1776277632.json
[2026-05-29T13:36:38.503+0000] {logging_mixin.py:188} INFO - Downloaded AMZN/1776277652.json -> /tmp/minio_downloads/1776277652.json
[2026-05-29T13:36:38.556+0000] {logging_mixin.py:188} INFO - Downloaded AMZN/1776277672.json -> /tmp/minio_downloads/1776277672.json
[2026-05-29T13:36:38.576+0000] {logging_mixin.py:188} INFO - Downloaded AMZN/1776277691.json -> /tmp/minio_downloads/1776277691.json
[2026-05-29T13:36:38.608+0000] {logging_mixin.py:188} INFO - Downloaded AMZN/1776277709.json -> /tmp/minio_downloads/1776277709.json
[2026-05-29T13:36:38.761+0000] {logging_mixin.py:188} INFO - Downloaded AMZN/1776277736.json -> /tmp/minio_downloads/1776277736.json
[2026-05-29T13:36:39.025+0000] {logging_mixin.py:188} INFO - Downloaded AMZN/1776277752.json -> /tmp/minio_downloads/1776277752.json
[2026-05-29T13:36:39.160+0000] {logging_mixin.py:188} INFO - Downloaded AMZN/1776277774.json -> /tmp/minio_downloads/1776277774.json
[2026-05-29T13:36:39.203+0000] {logging_mixin.py:188} INFO - Downloaded AMZN/1776277837.json -> /tmp/minio_downloads/1776277837.json
[2026-05-29T13:36:39.235+0000] {logging_mixin.py:188} INFO - Downloaded AMZN/1776277879.json -> /tmp/minio_downloads/1776277879.json
[2026-05-29T13:36:39.262+0000] {logging_mixin.py:188} INFO - Downloaded AMZN/1776277921.json -> /tmp/minio_downloads/1776277921.json
[2026-05-29T13:36:39.289+0000] {logging_mixin.py:188} INFO - Downloaded AMZN/1776277971.json -> /tmp/minio_downloads/1776277971.json
[2026-05-29T13:36:39.315+0000] {logging_mixin.py:188} INFO - Downloaded AMZN/1776278206.json -> /tmp/minio_downloads/1776278206.json
[2026-05-29T13:36:39.342+0000] {logging_mixin.py:188} INFO - Downloaded AMZN/1776278293.json -> /tmp/minio_downloads/1776278293.json
[2026-05-29T13:36:39.365+0000] {logging_mixin.py:188} INFO - Downloaded AMZN/1776278316.json -> /tmp/minio_downloads/1776278316.json
[2026-05-29T13:36:39.401+0000] {logging_mixin.py:188} INFO - Downloaded AMZN/1776278338.json -> /tmp/minio_downloads/1776278338.json
[2026-05-29T13:36:39.427+0000] {logging_mixin.py:188} INFO - Downloaded AMZN/1776278358.json -> /tmp/minio_downloads/1776278358.json
[2026-05-29T13:36:39.472+0000] {logging_mixin.py:188} INFO - Downloaded AMZN/1776278381.json -> /tmp/minio_downloads/1776278381.json
[2026-05-29T13:36:39.508+0000] {logging_mixin.py:188} INFO - Downloaded AMZN/1776278400.json -> /tmp/minio_downloads/1776278400.json
[2026-05-29T13:36:39.548+0000] {logging_mixin.py:188} INFO - Downloaded AMZN/1776278422.json -> /tmp/minio_downloads/1776278422.json
[2026-05-29T13:36:39.616+0000] {logging_mixin.py:188} INFO - Downloaded AMZN/1776278444.json -> /tmp/minio_downloads/1776278444.json
[2026-05-29T13:36:39.653+0000] {logging_mixin.py:188} INFO - Downloaded AMZN/1776278476.json -> /tmp/minio_downloads/1776278476.json
[2026-05-29T13:36:39.694+0000] {logging_mixin.py:188} INFO - Downloaded AMZN/1776278497.json -> /tmp/minio_downloads/1776278497.json
[2026-05-29T13:36:39.738+0000] {logging_mixin.py:188} INFO - Downloaded AMZN/1776278533.json -> /tmp/minio_downloads/1776278533.json
[2026-05-29T13:36:39.771+0000] {logging_mixin.py:188} INFO - Downloaded AMZN/1776278568.json -> /tmp/minio_downloads/1776278568.json
[2026-05-29T13:36:39.795+0000] {logging_mixin.py:188} INFO - Downloaded AMZN/1776278592.json -> /tmp/minio_downloads/1776278592.json
[2026-05-29T13:36:39.831+0000] {logging_mixin.py:188} INFO - Downloaded AMZN/1776278616.json -> /tmp/minio_downloads/1776278616.json
[2026-05-29T13:36:39.856+0000] {logging_mixin.py:188} INFO - Downloaded AMZN/1776278640.json -> /tmp/minio_downloads/1776278640.json
[2026-05-29T13:36:39.879+0000] {logging_mixin.py:188} INFO - Downloaded AMZN/1776278667.json -> /tmp/minio_downloads/1776278667.json
[2026-05-29T13:36:39.904+0000] {logging_mixin.py:188} INFO - Downloaded AMZN/1776278697.json -> /tmp/minio_downloads/1776278697.json
[2026-05-29T13:36:39.927+0000] {logging_mixin.py:188} INFO - Downloaded AMZN/1776278735.json -> /tmp/minio_downloads/1776278735.json
[2026-05-29T13:36:39.959+0000] {logging_mixin.py:188} INFO - Downloaded AMZN/1776278777.json -> /tmp/minio_downloads/1776278777.json
[2026-05-29T13:36:39.991+0000] {logging_mixin.py:188} INFO - Downloaded AMZN/1776278812.json -> /tmp/minio_downloads/1776278812.json
[2026-05-29T13:36:40.014+0000] {logging_mixin.py:188} INFO - Downloaded AMZN/1776278865.json -> /tmp/minio_downloads/1776278865.json
[2026-05-29T13:36:40.048+0000] {logging_mixin.py:188} INFO - Downloaded AMZN/1776278937.json -> /tmp/minio_downloads/1776278937.json
[2026-05-29T13:36:40.086+0000] {logging_mixin.py:188} INFO - Downloaded AMZN/1776279036.json -> /tmp/minio_downloads/1776279036.json
[2026-05-29T13:36:40.117+0000] {logging_mixin.py:188} INFO - Downloaded AMZN/1776279181.json -> /tmp/minio_downloads/1776279181.json
[2026-05-29T13:36:40.153+0000] {logging_mixin.py:188} INFO - Downloaded AMZN/1776279262.json -> /tmp/minio_downloads/1776279262.json
[2026-05-29T13:36:40.186+0000] {logging_mixin.py:188} INFO - Downloaded AMZN/1776279348.json -> /tmp/minio_downloads/1776279348.json
[2026-05-29T13:36:40.211+0000] {logging_mixin.py:188} INFO - Downloaded AMZN/1776279379.json -> /tmp/minio_downloads/1776279379.json
[2026-05-29T13:36:40.249+0000] {logging_mixin.py:188} INFO - Downloaded AMZN/1776279406.json -> /tmp/minio_downloads/1776279406.json
[2026-05-29T13:36:40.287+0000] {logging_mixin.py:188} INFO - Downloaded AMZN/1776279446.json -> /tmp/minio_downloads/1776279446.json
[2026-05-29T13:36:40.323+0000] {logging_mixin.py:188} INFO - Downloaded AMZN/1776279485.json -> /tmp/minio_downloads/1776279485.json
[2026-05-29T13:36:40.351+0000] {logging_mixin.py:188} INFO - Downloaded AMZN/1776279532.json -> /tmp/minio_downloads/1776279532.json
[2026-05-29T13:36:40.375+0000] {logging_mixin.py:188} INFO - Downloaded AMZN/1776279602.json -> /tmp/minio_downloads/1776279602.json
[2026-05-29T13:36:40.395+0000] {logging_mixin.py:188} INFO - Downloaded AMZN/1776279710.json -> /tmp/minio_downloads/1776279710.json
[2026-05-29T13:36:40.416+0000] {logging_mixin.py:188} INFO - Downloaded AMZN/1776279781.json -> /tmp/minio_downloads/1776279781.json
[2026-05-29T13:36:40.440+0000] {logging_mixin.py:188} INFO - Downloaded AMZN/1776279810.json -> /tmp/minio_downloads/1776279810.json
[2026-05-29T13:36:40.462+0000] {logging_mixin.py:188} INFO - Downloaded AMZN/1776279899.json -> /tmp/minio_downloads/1776279899.json
[2026-05-29T13:36:40.488+0000] {logging_mixin.py:188} INFO - Downloaded AMZN/1776279989.json -> /tmp/minio_downloads/1776279989.json
[2026-05-29T13:36:40.510+0000] {logging_mixin.py:188} INFO - Downloaded AMZN/1776280095.json -> /tmp/minio_downloads/1776280095.json
[2026-05-29T13:36:40.535+0000] {logging_mixin.py:188} INFO - Downloaded AMZN/1776280189.json -> /tmp/minio_downloads/1776280189.json
[2026-05-29T13:36:40.567+0000] {logging_mixin.py:188} INFO - Downloaded AMZN/1776280212.json -> /tmp/minio_downloads/1776280212.json
[2026-05-29T13:36:40.593+0000] {logging_mixin.py:188} INFO - Downloaded AMZN/1776280234.json -> /tmp/minio_downloads/1776280234.json
[2026-05-29T13:36:40.631+0000] {logging_mixin.py:188} INFO - Downloaded AMZN/1776280270.json -> /tmp/minio_downloads/1776280270.json
[2026-05-29T13:36:40.668+0000] {logging_mixin.py:188} INFO - Downloaded AMZN/1776280295.json -> /tmp/minio_downloads/1776280295.json
[2026-05-29T13:36:40.695+0000] {logging_mixin.py:188} INFO - Downloaded AMZN/1776280322.json -> /tmp/minio_downloads/1776280322.json
[2026-05-29T13:36:40.717+0000] {logging_mixin.py:188} INFO - Downloaded AMZN/1776280352.json -> /tmp/minio_downloads/1776280352.json
[2026-05-29T13:36:40.747+0000] {logging_mixin.py:188} INFO - Downloaded AMZN/1776280394.json -> /tmp/minio_downloads/1776280394.json
[2026-05-29T13:36:40.774+0000] {logging_mixin.py:188} INFO - Downloaded AMZN/1776280421.json -> /tmp/minio_downloads/1776280421.json
[2026-05-29T13:36:40.801+0000] {logging_mixin.py:188} INFO - Downloaded AMZN/1776280444.json -> /tmp/minio_downloads/1776280444.json
[2026-05-29T13:36:40.836+0000] {logging_mixin.py:188} INFO - Downloaded AMZN/1776280467.json -> /tmp/minio_downloads/1776280467.json
[2026-05-29T13:36:40.877+0000] {logging_mixin.py:188} INFO - Downloaded AMZN/1776280485.json -> /tmp/minio_downloads/1776280485.json
[2026-05-29T13:36:40.931+0000] {logging_mixin.py:188} INFO - Downloaded AMZN/1776280501.json -> /tmp/minio_downloads/1776280501.json
[2026-05-29T13:36:40.963+0000] {logging_mixin.py:188} INFO - Downloaded AMZN/1776280523.json -> /tmp/minio_downloads/1776280523.json
[2026-05-29T13:36:41.012+0000] {logging_mixin.py:188} INFO - Downloaded AMZN/1776280554.json -> /tmp/minio_downloads/1776280554.json
[2026-05-29T13:36:41.058+0000] {logging_mixin.py:188} INFO - Downloaded AMZN/1776280571.json -> /tmp/minio_downloads/1776280571.json
[2026-05-29T13:36:41.121+0000] {logging_mixin.py:188} INFO - Downloaded AMZN/1776280594.json -> /tmp/minio_downloads/1776280594.json
[2026-05-29T13:36:41.190+0000] {logging_mixin.py:188} INFO - Downloaded AMZN/1776280618.json -> /tmp/minio_downloads/1776280618.json
[2026-05-29T13:36:41.240+0000] {logging_mixin.py:188} INFO - Downloaded AMZN/1776280640.json -> /tmp/minio_downloads/1776280640.json
[2026-05-29T13:36:41.291+0000] {logging_mixin.py:188} INFO - Downloaded AMZN/1776280661.json -> /tmp/minio_downloads/1776280661.json
[2026-05-29T13:36:41.347+0000] {logging_mixin.py:188} INFO - Downloaded AMZN/1776280680.json -> /tmp/minio_downloads/1776280680.json
[2026-05-29T13:36:41.392+0000] {logging_mixin.py:188} INFO - Downloaded AMZN/1776280700.json -> /tmp/minio_downloads/1776280700.json
[2026-05-29T13:36:41.428+0000] {logging_mixin.py:188} INFO - Downloaded AMZN/1776280720.json -> /tmp/minio_downloads/1776280720.json
[2026-05-29T13:36:41.463+0000] {logging_mixin.py:188} INFO - Downloaded AMZN/1776280737.json -> /tmp/minio_downloads/1776280737.json
[2026-05-29T13:36:41.511+0000] {logging_mixin.py:188} INFO - Downloaded AMZN/1776280762.json -> /tmp/minio_downloads/1776280762.json
[2026-05-29T13:36:41.554+0000] {logging_mixin.py:188} INFO - Downloaded AMZN/1776280782.json -> /tmp/minio_downloads/1776280782.json
[2026-05-29T13:36:41.601+0000] {logging_mixin.py:188} INFO - Downloaded AMZN/1776280806.json -> /tmp/minio_downloads/1776280806.json
[2026-05-29T13:36:41.625+0000] {logging_mixin.py:188} INFO - Downloaded AMZN/1776280827.json -> /tmp/minio_downloads/1776280827.json
[2026-05-29T13:36:41.647+0000] {logging_mixin.py:188} INFO - Downloaded AMZN/1776280847.json -> /tmp/minio_downloads/1776280847.json
[2026-05-29T13:36:41.668+0000] {logging_mixin.py:188} INFO - Downloaded AMZN/1776280869.json -> /tmp/minio_downloads/1776280869.json
[2026-05-29T13:36:41.689+0000] {logging_mixin.py:188} INFO - Downloaded AMZN/1776280886.json -> /tmp/minio_downloads/1776280886.json
[2026-05-29T13:36:41.722+0000] {logging_mixin.py:188} INFO - Downloaded AMZN/1776280904.json -> /tmp/minio_downloads/1776280904.json
[2026-05-29T13:36:41.755+0000] {logging_mixin.py:188} INFO - Downloaded AMZN/1776280924.json -> /tmp/minio_downloads/1776280924.json
[2026-05-29T13:36:41.785+0000] {logging_mixin.py:188} INFO - Downloaded AMZN/1776280947.json -> /tmp/minio_downloads/1776280947.json
[2026-05-29T13:36:41.841+0000] {logging_mixin.py:188} INFO - Downloaded AMZN/1776280969.json -> /tmp/minio_downloads/1776280969.json
[2026-05-29T13:36:41.894+0000] {logging_mixin.py:188} INFO - Downloaded AMZN/1776280989.json -> /tmp/minio_downloads/1776280989.json
[2026-05-29T13:36:41.931+0000] {logging_mixin.py:188} INFO - Downloaded AMZN/1776281011.json -> /tmp/minio_downloads/1776281011.json
[2026-05-29T13:36:41.972+0000] {logging_mixin.py:188} INFO - Downloaded AMZN/1776281032.json -> /tmp/minio_downloads/1776281032.json
[2026-05-29T13:36:42.029+0000] {logging_mixin.py:188} INFO - Downloaded AMZN/1776281053.json -> /tmp/minio_downloads/1776281053.json
[2026-05-29T13:36:42.075+0000] {logging_mixin.py:188} INFO - Downloaded AMZN/1776281077.json -> /tmp/minio_downloads/1776281077.json
[2026-05-29T13:36:42.136+0000] {logging_mixin.py:188} INFO - Downloaded AMZN/1776281098.json -> /tmp/minio_downloads/1776281098.json
[2026-05-29T13:36:42.179+0000] {logging_mixin.py:188} INFO - Downloaded GOOGL/1776277492.json -> /tmp/minio_downloads/1776277492.json
[2026-05-29T13:36:42.238+0000] {logging_mixin.py:188} INFO - Downloaded GOOGL/1776277506.json -> /tmp/minio_downloads/1776277506.json
[2026-05-29T13:36:42.301+0000] {logging_mixin.py:188} INFO - Downloaded GOOGL/1776277521.json -> /tmp/minio_downloads/1776277521.json
[2026-05-29T13:36:42.346+0000] {logging_mixin.py:188} INFO - Downloaded GOOGL/1776277549.json -> /tmp/minio_downloads/1776277549.json
[2026-05-29T13:36:42.373+0000] {logging_mixin.py:188} INFO - Downloaded GOOGL/1776277564.json -> /tmp/minio_downloads/1776277564.json
[2026-05-29T13:36:42.408+0000] {logging_mixin.py:188} INFO - Downloaded GOOGL/1776277587.json -> /tmp/minio_downloads/1776277587.json
[2026-05-29T13:36:42.431+0000] {logging_mixin.py:188} INFO - Downloaded GOOGL/1776277611.json -> /tmp/minio_downloads/1776277611.json
[2026-05-29T13:36:42.460+0000] {logging_mixin.py:188} INFO - Downloaded GOOGL/1776277631.json -> /tmp/minio_downloads/1776277631.json
[2026-05-29T13:36:42.498+0000] {logging_mixin.py:188} INFO - Downloaded GOOGL/1776277649.json -> /tmp/minio_downloads/1776277649.json
[2026-05-29T13:36:42.527+0000] {logging_mixin.py:188} INFO - Downloaded GOOGL/1776277669.json -> /tmp/minio_downloads/1776277669.json
[2026-05-29T13:36:42.561+0000] {logging_mixin.py:188} INFO - Downloaded GOOGL/1776277688.json -> /tmp/minio_downloads/1776277688.json
[2026-05-29T13:36:42.595+0000] {logging_mixin.py:188} INFO - Downloaded GOOGL/1776277706.json -> /tmp/minio_downloads/1776277706.json
[2026-05-29T13:36:42.629+0000] {logging_mixin.py:188} INFO - Downloaded GOOGL/1776277732.json -> /tmp/minio_downloads/1776277732.json
[2026-05-29T13:36:42.661+0000] {logging_mixin.py:188} INFO - Downloaded GOOGL/1776277750.json -> /tmp/minio_downloads/1776277750.json
[2026-05-29T13:36:42.707+0000] {logging_mixin.py:188} INFO - Downloaded GOOGL/1776277771.json -> /tmp/minio_downloads/1776277771.json
[2026-05-29T13:36:42.745+0000] {logging_mixin.py:188} INFO - Downloaded GOOGL/1776277813.json -> /tmp/minio_downloads/1776277813.json
[2026-05-29T13:36:42.781+0000] {logging_mixin.py:188} INFO - Downloaded GOOGL/1776277876.json -> /tmp/minio_downloads/1776277876.json
[2026-05-29T13:36:42.806+0000] {logging_mixin.py:188} INFO - Downloaded GOOGL/1776277919.json -> /tmp/minio_downloads/1776277919.json
[2026-05-29T13:36:42.853+0000] {logging_mixin.py:188} INFO - Downloaded GOOGL/1776277968.json -> /tmp/minio_downloads/1776277968.json
[2026-05-29T13:36:42.889+0000] {logging_mixin.py:188} INFO - Downloaded GOOGL/1776278202.json -> /tmp/minio_downloads/1776278202.json
[2026-05-29T13:36:42.918+0000] {logging_mixin.py:188} INFO - Downloaded GOOGL/1776278268.json -> /tmp/minio_downloads/1776278268.json
[2026-05-29T13:36:42.952+0000] {logging_mixin.py:188} INFO - Downloaded GOOGL/1776278313.json -> /tmp/minio_downloads/1776278313.json
[2026-05-29T13:36:43.012+0000] {logging_mixin.py:188} INFO - Downloaded GOOGL/1776278335.json -> /tmp/minio_downloads/1776278335.json
[2026-05-29T13:36:43.067+0000] {logging_mixin.py:188} INFO - Downloaded GOOGL/1776278355.json -> /tmp/minio_downloads/1776278355.json
[2026-05-29T13:36:43.103+0000] {logging_mixin.py:188} INFO - Downloaded GOOGL/1776278378.json -> /tmp/minio_downloads/1776278378.json
[2026-05-29T13:36:43.167+0000] {logging_mixin.py:188} INFO - Downloaded GOOGL/1776278398.json -> /tmp/minio_downloads/1776278398.json
[2026-05-29T13:36:43.210+0000] {logging_mixin.py:188} INFO - Downloaded GOOGL/1776278419.json -> /tmp/minio_downloads/1776278419.json
[2026-05-29T13:36:43.267+0000] {logging_mixin.py:188} INFO - Downloaded GOOGL/1776278441.json -> /tmp/minio_downloads/1776278441.json
[2026-05-29T13:36:43.315+0000] {logging_mixin.py:188} INFO - Downloaded GOOGL/1776278472.json -> /tmp/minio_downloads/1776278472.json
[2026-05-29T13:36:43.358+0000] {logging_mixin.py:188} INFO - Downloaded GOOGL/1776278495.json -> /tmp/minio_downloads/1776278495.json
[2026-05-29T13:36:43.389+0000] {logging_mixin.py:188} INFO - Downloaded GOOGL/1776278527.json -> /tmp/minio_downloads/1776278527.json
[2026-05-29T13:36:43.409+0000] {logging_mixin.py:188} INFO - Downloaded GOOGL/1776278564.json -> /tmp/minio_downloads/1776278564.json
[2026-05-29T13:36:43.432+0000] {logging_mixin.py:188} INFO - Downloaded GOOGL/1776278588.json -> /tmp/minio_downloads/1776278588.json
[2026-05-29T13:36:43.454+0000] {logging_mixin.py:188} INFO - Downloaded GOOGL/1776278614.json -> /tmp/minio_downloads/1776278614.json
[2026-05-29T13:36:43.484+0000] {logging_mixin.py:188} INFO - Downloaded GOOGL/1776278634.json -> /tmp/minio_downloads/1776278634.json
[2026-05-29T13:36:43.510+0000] {logging_mixin.py:188} INFO - Downloaded GOOGL/1776278663.json -> /tmp/minio_downloads/1776278663.json
[2026-05-29T13:36:43.533+0000] {logging_mixin.py:188} INFO - Downloaded GOOGL/1776278694.json -> /tmp/minio_downloads/1776278694.json
[2026-05-29T13:36:43.559+0000] {logging_mixin.py:188} INFO - Downloaded GOOGL/1776278730.json -> /tmp/minio_downloads/1776278730.json
[2026-05-29T13:36:43.587+0000] {logging_mixin.py:188} INFO - Downloaded GOOGL/1776278766.json -> /tmp/minio_downloads/1776278766.json
[2026-05-29T13:36:43.613+0000] {logging_mixin.py:188} INFO - Downloaded GOOGL/1776278805.json -> /tmp/minio_downloads/1776278805.json
[2026-05-29T13:36:43.640+0000] {logging_mixin.py:188} INFO - Downloaded GOOGL/1776278854.json -> /tmp/minio_downloads/1776278854.json
[2026-05-29T13:36:43.675+0000] {logging_mixin.py:188} INFO - Downloaded GOOGL/1776278925.json -> /tmp/minio_downloads/1776278925.json
[2026-05-29T13:36:43.702+0000] {logging_mixin.py:188} INFO - Downloaded GOOGL/1776279011.json -> /tmp/minio_downloads/1776279011.json
[2026-05-29T13:36:43.736+0000] {logging_mixin.py:188} INFO - Downloaded GOOGL/1776279150.json -> /tmp/minio_downloads/1776279150.json
[2026-05-29T13:36:43.768+0000] {logging_mixin.py:188} INFO - Downloaded GOOGL/1776279256.json -> /tmp/minio_downloads/1776279256.json
[2026-05-29T13:36:43.792+0000] {logging_mixin.py:188} INFO - Downloaded GOOGL/1776279294.json -> /tmp/minio_downloads/1776279294.json
[2026-05-29T13:36:43.822+0000] {logging_mixin.py:188} INFO - Downloaded GOOGL/1776279345.json -> /tmp/minio_downloads/1776279345.json
[2026-05-29T13:36:43.856+0000] {logging_mixin.py:188} INFO - Downloaded GOOGL/1776279375.json -> /tmp/minio_downloads/1776279375.json
[2026-05-29T13:36:43.888+0000] {logging_mixin.py:188} INFO - Downloaded GOOGL/1776279402.json -> /tmp/minio_downloads/1776279402.json
[2026-05-29T13:36:43.912+0000] {logging_mixin.py:188} INFO - Downloaded GOOGL/1776279439.json -> /tmp/minio_downloads/1776279439.json
[2026-05-29T13:36:43.946+0000] {logging_mixin.py:188} INFO - Downloaded GOOGL/1776279478.json -> /tmp/minio_downloads/1776279478.json
[2026-05-29T13:36:43.982+0000] {logging_mixin.py:188} INFO - Downloaded GOOGL/1776279526.json -> /tmp/minio_downloads/1776279526.json
[2026-05-29T13:36:44.008+0000] {logging_mixin.py:188} INFO - Downloaded GOOGL/1776279574.json -> /tmp/minio_downloads/1776279574.json
[2026-05-29T13:36:44.053+0000] {logging_mixin.py:188} INFO - Downloaded GOOGL/1776279683.json -> /tmp/minio_downloads/1776279683.json
[2026-05-29T13:36:44.080+0000] {logging_mixin.py:188} INFO - Downloaded GOOGL/1776279777.json -> /tmp/minio_downloads/1776279777.json
[2026-05-29T13:36:44.108+0000] {logging_mixin.py:188} INFO - Downloaded GOOGL/1776279807.json -> /tmp/minio_downloads/1776279807.json
[2026-05-29T13:36:44.129+0000] {logging_mixin.py:188} INFO - Downloaded GOOGL/1776279871.json -> /tmp/minio_downloads/1776279871.json
[2026-05-29T13:36:44.154+0000] {logging_mixin.py:188} INFO - Downloaded GOOGL/1776279963.json -> /tmp/minio_downloads/1776279963.json
[2026-05-29T13:36:44.176+0000] {logging_mixin.py:188} INFO - Downloaded GOOGL/1776280066.json -> /tmp/minio_downloads/1776280066.json
[2026-05-29T13:36:44.200+0000] {logging_mixin.py:188} INFO - Downloaded GOOGL/1776280164.json -> /tmp/minio_downloads/1776280164.json
[2026-05-29T13:36:44.233+0000] {logging_mixin.py:188} INFO - Downloaded GOOGL/1776280208.json -> /tmp/minio_downloads/1776280208.json
[2026-05-29T13:36:44.252+0000] {logging_mixin.py:188} INFO - Downloaded GOOGL/1776280230.json -> /tmp/minio_downloads/1776280230.json
[2026-05-29T13:36:44.270+0000] {logging_mixin.py:188} INFO - Downloaded GOOGL/1776280265.json -> /tmp/minio_downloads/1776280265.json
[2026-05-29T13:36:44.286+0000] {logging_mixin.py:188} INFO - Downloaded GOOGL/1776280291.json -> /tmp/minio_downloads/1776280291.json
[2026-05-29T13:36:44.303+0000] {logging_mixin.py:188} INFO - Downloaded GOOGL/1776280319.json -> /tmp/minio_downloads/1776280319.json
[2026-05-29T13:36:44.320+0000] {logging_mixin.py:188} INFO - Downloaded GOOGL/1776280348.json -> /tmp/minio_downloads/1776280348.json
[2026-05-29T13:36:44.337+0000] {logging_mixin.py:188} INFO - Downloaded GOOGL/1776280388.json -> /tmp/minio_downloads/1776280388.json
[2026-05-29T13:36:44.377+0000] {logging_mixin.py:188} INFO - Downloaded GOOGL/1776280416.json -> /tmp/minio_downloads/1776280416.json
[2026-05-29T13:36:44.417+0000] {logging_mixin.py:188} INFO - Downloaded GOOGL/1776280441.json -> /tmp/minio_downloads/1776280441.json
[2026-05-29T13:36:44.448+0000] {logging_mixin.py:188} INFO - Downloaded GOOGL/1776280465.json -> /tmp/minio_downloads/1776280465.json
[2026-05-29T13:36:44.477+0000] {logging_mixin.py:188} INFO - Downloaded GOOGL/1776280482.json -> /tmp/minio_downloads/1776280482.json
[2026-05-29T13:36:44.503+0000] {logging_mixin.py:188} INFO - Downloaded GOOGL/1776280499.json -> /tmp/minio_downloads/1776280499.json
[2026-05-29T13:36:44.525+0000] {logging_mixin.py:188} INFO - Downloaded GOOGL/1776280521.json -> /tmp/minio_downloads/1776280521.json
[2026-05-29T13:36:44.543+0000] {logging_mixin.py:188} INFO - Downloaded GOOGL/1776280552.json -> /tmp/minio_downloads/1776280552.json
[2026-05-29T13:36:44.561+0000] {logging_mixin.py:188} INFO - Downloaded GOOGL/1776280569.json -> /tmp/minio_downloads/1776280569.json
[2026-05-29T13:36:44.587+0000] {logging_mixin.py:188} INFO - Downloaded GOOGL/1776280590.json -> /tmp/minio_downloads/1776280590.json
[2026-05-29T13:36:44.620+0000] {logging_mixin.py:188} INFO - Downloaded GOOGL/1776280614.json -> /tmp/minio_downloads/1776280614.json
[2026-05-29T13:36:44.637+0000] {logging_mixin.py:188} INFO - Downloaded GOOGL/1776280637.json -> /tmp/minio_downloads/1776280637.json
[2026-05-29T13:36:44.656+0000] {logging_mixin.py:188} INFO - Downloaded GOOGL/1776280658.json -> /tmp/minio_downloads/1776280658.json
[2026-05-29T13:36:44.674+0000] {logging_mixin.py:188} INFO - Downloaded GOOGL/1776280678.json -> /tmp/minio_downloads/1776280678.json
[2026-05-29T13:36:44.694+0000] {logging_mixin.py:188} INFO - Downloaded GOOGL/1776280697.json -> /tmp/minio_downloads/1776280697.json
[2026-05-29T13:36:44.718+0000] {logging_mixin.py:188} INFO - Downloaded GOOGL/1776280717.json -> /tmp/minio_downloads/1776280717.json
[2026-05-29T13:36:44.745+0000] {logging_mixin.py:188} INFO - Downloaded GOOGL/1776280735.json -> /tmp/minio_downloads/1776280735.json
[2026-05-29T13:36:44.765+0000] {logging_mixin.py:188} INFO - Downloaded GOOGL/1776280757.json -> /tmp/minio_downloads/1776280757.json
[2026-05-29T13:36:44.782+0000] {logging_mixin.py:188} INFO - Downloaded GOOGL/1776280779.json -> /tmp/minio_downloads/1776280779.json
[2026-05-29T13:36:44.800+0000] {logging_mixin.py:188} INFO - Downloaded GOOGL/1776280802.json -> /tmp/minio_downloads/1776280802.json
[2026-05-29T13:36:44.820+0000] {logging_mixin.py:188} INFO - Downloaded GOOGL/1776280824.json -> /tmp/minio_downloads/1776280824.json
[2026-05-29T13:36:44.839+0000] {logging_mixin.py:188} INFO - Downloaded GOOGL/1776280843.json -> /tmp/minio_downloads/1776280843.json
[2026-05-29T13:36:44.862+0000] {logging_mixin.py:188} INFO - Downloaded GOOGL/1776280866.json -> /tmp/minio_downloads/1776280866.json
[2026-05-29T13:36:44.880+0000] {logging_mixin.py:188} INFO - Downloaded GOOGL/1776280884.json -> /tmp/minio_downloads/1776280884.json
[2026-05-29T13:36:44.895+0000] {logging_mixin.py:188} INFO - Downloaded GOOGL/1776280903.json -> /tmp/minio_downloads/1776280903.json
[2026-05-29T13:36:44.917+0000] {logging_mixin.py:188} INFO - Downloaded GOOGL/1776280921.json -> /tmp/minio_downloads/1776280921.json
[2026-05-29T13:36:44.936+0000] {logging_mixin.py:188} INFO - Downloaded GOOGL/1776280943.json -> /tmp/minio_downloads/1776280943.json
[2026-05-29T13:36:44.950+0000] {logging_mixin.py:188} INFO - Downloaded GOOGL/1776280965.json -> /tmp/minio_downloads/1776280965.json
[2026-05-29T13:36:44.968+0000] {logging_mixin.py:188} INFO - Downloaded GOOGL/1776280987.json -> /tmp/minio_downloads/1776280987.json
[2026-05-29T13:36:44.996+0000] {logging_mixin.py:188} INFO - Downloaded GOOGL/1776281008.json -> /tmp/minio_downloads/1776281008.json
[2026-05-29T13:36:45.021+0000] {logging_mixin.py:188} INFO - Downloaded GOOGL/1776281029.json -> /tmp/minio_downloads/1776281029.json
[2026-05-29T13:36:45.044+0000] {logging_mixin.py:188} INFO - Downloaded GOOGL/1776281050.json -> /tmp/minio_downloads/1776281050.json
[2026-05-29T13:36:45.066+0000] {logging_mixin.py:188} INFO - Downloaded GOOGL/1776281074.json -> /tmp/minio_downloads/1776281074.json
[2026-05-29T13:36:45.085+0000] {logging_mixin.py:188} INFO - Downloaded GOOGL/1776281095.json -> /tmp/minio_downloads/1776281095.json
[2026-05-29T13:36:45.103+0000] {logging_mixin.py:188} INFO - Downloaded MSFT/1776277489.json -> /tmp/minio_downloads/1776277489.json
[2026-05-29T13:36:45.119+0000] {logging_mixin.py:188} INFO - Downloaded MSFT/1776277503.json -> /tmp/minio_downloads/1776277503.json
[2026-05-29T13:36:45.139+0000] {logging_mixin.py:188} INFO - Downloaded MSFT/1776277517.json -> /tmp/minio_downloads/1776277517.json
[2026-05-29T13:36:45.155+0000] {logging_mixin.py:188} INFO - Downloaded MSFT/1776277533.json -> /tmp/minio_downloads/1776277533.json
[2026-05-29T13:36:45.169+0000] {logging_mixin.py:188} INFO - Downloaded MSFT/1776277561.json -> /tmp/minio_downloads/1776277561.json
[2026-05-29T13:36:45.184+0000] {logging_mixin.py:188} INFO - Downloaded MSFT/1776277581.json -> /tmp/minio_downloads/1776277581.json
[2026-05-29T13:36:45.198+0000] {logging_mixin.py:188} INFO - Downloaded MSFT/1776277603.json -> /tmp/minio_downloads/1776277603.json
[2026-05-29T13:36:45.211+0000] {logging_mixin.py:188} INFO - Downloaded MSFT/1776277625.json -> /tmp/minio_downloads/1776277625.json
[2026-05-29T13:36:45.535+0000] {logging_mixin.py:188} INFO - Downloaded MSFT/1776277644.json -> /tmp/minio_downloads/1776277644.json
[2026-05-29T13:36:45.549+0000] {logging_mixin.py:188} INFO - Downloaded MSFT/1776277662.json -> /tmp/minio_downloads/1776277662.json
[2026-05-29T13:36:45.562+0000] {logging_mixin.py:188} INFO - Downloaded MSFT/1776277682.json -> /tmp/minio_downloads/1776277682.json
[2026-05-29T13:36:45.577+0000] {logging_mixin.py:188} INFO - Downloaded MSFT/1776277701.json -> /tmp/minio_downloads/1776277701.json
[2026-05-29T13:36:45.590+0000] {logging_mixin.py:188} INFO - Downloaded MSFT/1776277726.json -> /tmp/minio_downloads/1776277726.json
[2026-05-29T13:36:45.604+0000] {logging_mixin.py:188} INFO - Downloaded MSFT/1776277745.json -> /tmp/minio_downloads/1776277745.json
[2026-05-29T13:36:45.617+0000] {logging_mixin.py:188} INFO - Downloaded MSFT/1776277764.json -> /tmp/minio_downloads/1776277764.json
[2026-05-29T13:36:45.631+0000] {logging_mixin.py:188} INFO - Downloaded MSFT/1776277785.json -> /tmp/minio_downloads/1776277785.json
[2026-05-29T13:36:45.648+0000] {logging_mixin.py:188} INFO - Downloaded MSFT/1776277849.json -> /tmp/minio_downloads/1776277849.json
[2026-05-29T13:36:45.662+0000] {logging_mixin.py:188} INFO - Downloaded MSFT/1776277911.json -> /tmp/minio_downloads/1776277911.json
[2026-05-29T13:36:45.675+0000] {logging_mixin.py:188} INFO - Downloaded MSFT/1776277961.json -> /tmp/minio_downloads/1776277961.json
[2026-05-29T13:36:45.693+0000] {logging_mixin.py:188} INFO - Downloaded MSFT/1776278174.json -> /tmp/minio_downloads/1776278174.json
[2026-05-29T13:36:45.709+0000] {logging_mixin.py:188} INFO - Downloaded MSFT/1776278261.json -> /tmp/minio_downloads/1776278261.json
[2026-05-29T13:36:45.742+0000] {logging_mixin.py:188} INFO - Downloaded MSFT/1776278307.json -> /tmp/minio_downloads/1776278307.json
[2026-05-29T13:36:45.762+0000] {logging_mixin.py:188} INFO - Downloaded MSFT/1776278328.json -> /tmp/minio_downloads/1776278328.json
[2026-05-29T13:36:45.778+0000] {logging_mixin.py:188} INFO - Downloaded MSFT/1776278350.json -> /tmp/minio_downloads/1776278350.json
[2026-05-29T13:36:45.797+0000] {logging_mixin.py:188} INFO - Downloaded MSFT/1776278370.json -> /tmp/minio_downloads/1776278370.json
[2026-05-29T13:36:45.818+0000] {logging_mixin.py:188} INFO - Downloaded MSFT/1776278393.json -> /tmp/minio_downloads/1776278393.json
[2026-05-29T13:36:45.867+0000] {logging_mixin.py:188} INFO - Downloaded MSFT/1776278412.json -> /tmp/minio_downloads/1776278412.json
[2026-05-29T13:36:45.896+0000] {logging_mixin.py:188} INFO - Downloaded MSFT/1776278434.json -> /tmp/minio_downloads/1776278434.json
[2026-05-29T13:36:45.939+0000] {logging_mixin.py:188} INFO - Downloaded MSFT/1776278466.json -> /tmp/minio_downloads/1776278466.json
[2026-05-29T13:36:45.973+0000] {logging_mixin.py:188} INFO - Downloaded MSFT/1776278488.json -> /tmp/minio_downloads/1776278488.json
[2026-05-29T13:36:45.997+0000] {logging_mixin.py:188} INFO - Downloaded MSFT/1776278514.json -> /tmp/minio_downloads/1776278514.json
[2026-05-29T13:36:46.029+0000] {logging_mixin.py:188} INFO - Downloaded MSFT/1776278555.json -> /tmp/minio_downloads/1776278555.json
[2026-05-29T13:36:46.059+0000] {logging_mixin.py:188} INFO - Downloaded MSFT/1776278582.json -> /tmp/minio_downloads/1776278582.json
[2026-05-29T13:36:46.084+0000] {logging_mixin.py:188} INFO - Downloaded MSFT/1776278608.json -> /tmp/minio_downloads/1776278608.json
[2026-05-29T13:36:46.106+0000] {logging_mixin.py:188} INFO - Downloaded MSFT/1776278628.json -> /tmp/minio_downloads/1776278628.json
[2026-05-29T13:36:46.132+0000] {logging_mixin.py:188} INFO - Downloaded MSFT/1776278655.json -> /tmp/minio_downloads/1776278655.json
[2026-05-29T13:36:46.159+0000] {logging_mixin.py:188} INFO - Downloaded MSFT/1776278684.json -> /tmp/minio_downloads/1776278684.json
[2026-05-29T13:36:46.183+0000] {logging_mixin.py:188} INFO - Downloaded MSFT/1776278716.json -> /tmp/minio_downloads/1776278716.json
[2026-05-29T13:36:46.203+0000] {logging_mixin.py:188} INFO - Downloaded MSFT/1776278753.json -> /tmp/minio_downloads/1776278753.json
[2026-05-29T13:36:46.224+0000] {logging_mixin.py:188} INFO - Downloaded MSFT/1776278793.json -> /tmp/minio_downloads/1776278793.json
[2026-05-29T13:36:46.247+0000] {logging_mixin.py:188} INFO - Downloaded MSFT/1776278837.json -> /tmp/minio_downloads/1776278837.json
[2026-05-29T13:36:46.264+0000] {logging_mixin.py:188} INFO - Downloaded MSFT/1776278898.json -> /tmp/minio_downloads/1776278898.json
[2026-05-29T13:36:46.285+0000] {logging_mixin.py:188} INFO - Downloaded MSFT/1776278974.json -> /tmp/minio_downloads/1776278974.json
[2026-05-29T13:36:46.310+0000] {logging_mixin.py:188} INFO - Downloaded MSFT/1776279092.json -> /tmp/minio_downloads/1776279092.json
[2026-05-29T13:36:46.325+0000] {logging_mixin.py:188} INFO - Downloaded MSFT/1776279224.json -> /tmp/minio_downloads/1776279224.json
[2026-05-29T13:36:46.344+0000] {logging_mixin.py:188} INFO - Downloaded MSFT/1776279281.json -> /tmp/minio_downloads/1776279281.json
[2026-05-29T13:36:46.360+0000] {logging_mixin.py:188} INFO - Downloaded MSFT/1776279339.json -> /tmp/minio_downloads/1776279339.json
[2026-05-29T13:36:46.381+0000] {logging_mixin.py:188} INFO - Downloaded MSFT/1776279362.json -> /tmp/minio_downloads/1776279362.json
[2026-05-29T13:36:46.396+0000] {logging_mixin.py:188} INFO - Downloaded MSFT/1776279393.json -> /tmp/minio_downloads/1776279393.json
[2026-05-29T13:36:46.411+0000] {logging_mixin.py:188} INFO - Downloaded MSFT/1776279425.json -> /tmp/minio_downloads/1776279425.json
[2026-05-29T13:36:46.429+0000] {logging_mixin.py:188} INFO - Downloaded MSFT/1776279467.json -> /tmp/minio_downloads/1776279467.json
[2026-05-29T13:36:46.448+0000] {logging_mixin.py:188} INFO - Downloaded MSFT/1776279510.json -> /tmp/minio_downloads/1776279510.json
[2026-05-29T13:36:46.468+0000] {logging_mixin.py:188} INFO - Downloaded MSFT/1776279558.json -> /tmp/minio_downloads/1776279558.json
[2026-05-29T13:36:46.487+0000] {logging_mixin.py:188} INFO - Downloaded MSFT/1776279644.json -> /tmp/minio_downloads/1776279644.json
[2026-05-29T13:36:46.506+0000] {logging_mixin.py:188} INFO - Downloaded MSFT/1776279746.json -> /tmp/minio_downloads/1776279746.json
[2026-05-29T13:36:46.532+0000] {logging_mixin.py:188} INFO - Downloaded MSFT/1776279799.json -> /tmp/minio_downloads/1776279799.json
[2026-05-29T13:36:46.549+0000] {logging_mixin.py:188} INFO - Downloaded MSFT/1776279843.json -> /tmp/minio_downloads/1776279843.json
[2026-05-29T13:36:46.566+0000] {logging_mixin.py:188} INFO - Downloaded MSFT/1776279933.json -> /tmp/minio_downloads/1776279933.json
[2026-05-29T13:36:46.585+0000] {logging_mixin.py:188} INFO - Downloaded MSFT/1776280004.json -> /tmp/minio_downloads/1776280004.json
[2026-05-29T13:36:46.602+0000] {logging_mixin.py:188} INFO - Downloaded MSFT/1776280127.json -> /tmp/minio_downloads/1776280127.json
[2026-05-29T13:36:46.617+0000] {logging_mixin.py:188} INFO - Downloaded MSFT/1776280202.json -> /tmp/minio_downloads/1776280202.json
[2026-05-29T13:36:46.636+0000] {logging_mixin.py:188} INFO - Downloaded MSFT/1776280224.json -> /tmp/minio_downloads/1776280224.json
[2026-05-29T13:36:46.655+0000] {logging_mixin.py:188} INFO - Downloaded MSFT/1776280253.json -> /tmp/minio_downloads/1776280253.json
[2026-05-29T13:36:46.675+0000] {logging_mixin.py:188} INFO - Downloaded MSFT/1776280284.json -> /tmp/minio_downloads/1776280284.json
[2026-05-29T13:36:46.692+0000] {logging_mixin.py:188} INFO - Downloaded MSFT/1776280311.json -> /tmp/minio_downloads/1776280311.json
[2026-05-29T13:36:46.708+0000] {logging_mixin.py:188} INFO - Downloaded MSFT/1776280334.json -> /tmp/minio_downloads/1776280334.json
[2026-05-29T13:36:46.727+0000] {logging_mixin.py:188} INFO - Downloaded MSFT/1776280374.json -> /tmp/minio_downloads/1776280374.json
[2026-05-29T13:36:46.752+0000] {logging_mixin.py:188} INFO - Downloaded MSFT/1776280409.json -> /tmp/minio_downloads/1776280409.json
[2026-05-29T13:36:46.775+0000] {logging_mixin.py:188} INFO - Downloaded MSFT/1776280434.json -> /tmp/minio_downloads/1776280434.json
[2026-05-29T13:36:46.795+0000] {logging_mixin.py:188} INFO - Downloaded MSFT/1776280458.json -> /tmp/minio_downloads/1776280458.json
[2026-05-29T13:36:46.823+0000] {logging_mixin.py:188} INFO - Downloaded MSFT/1776280477.json -> /tmp/minio_downloads/1776280477.json
[2026-05-29T13:36:46.843+0000] {logging_mixin.py:188} INFO - Downloaded MSFT/1776280495.json -> /tmp/minio_downloads/1776280495.json
[2026-05-29T13:36:46.865+0000] {logging_mixin.py:188} INFO - Downloaded MSFT/1776280513.json -> /tmp/minio_downloads/1776280513.json
[2026-05-29T13:36:46.891+0000] {logging_mixin.py:188} INFO - Downloaded MSFT/1776280538.json -> /tmp/minio_downloads/1776280538.json
[2026-05-29T13:36:46.916+0000] {logging_mixin.py:188} INFO - Downloaded MSFT/1776280564.json -> /tmp/minio_downloads/1776280564.json
[2026-05-29T13:36:46.943+0000] {logging_mixin.py:188} INFO - Downloaded MSFT/1776280583.json -> /tmp/minio_downloads/1776280583.json
[2026-05-29T13:36:46.968+0000] {logging_mixin.py:188} INFO - Downloaded MSFT/1776280606.json -> /tmp/minio_downloads/1776280606.json
[2026-05-29T13:36:46.995+0000] {logging_mixin.py:188} INFO - Downloaded MSFT/1776280631.json -> /tmp/minio_downloads/1776280631.json
[2026-05-29T13:36:47.026+0000] {logging_mixin.py:188} INFO - Downloaded MSFT/1776280652.json -> /tmp/minio_downloads/1776280652.json
[2026-05-29T13:36:47.058+0000] {logging_mixin.py:188} INFO - Downloaded MSFT/1776280670.json -> /tmp/minio_downloads/1776280670.json
[2026-05-29T13:36:47.084+0000] {logging_mixin.py:188} INFO - Downloaded MSFT/1776280692.json -> /tmp/minio_downloads/1776280692.json
[2026-05-29T13:36:47.119+0000] {logging_mixin.py:188} INFO - Downloaded MSFT/1776280711.json -> /tmp/minio_downloads/1776280711.json
[2026-05-29T13:36:47.140+0000] {logging_mixin.py:188} INFO - Downloaded MSFT/1776280730.json -> /tmp/minio_downloads/1776280730.json
[2026-05-29T13:36:47.165+0000] {logging_mixin.py:188} INFO - Downloaded MSFT/1776280750.json -> /tmp/minio_downloads/1776280750.json
[2026-05-29T13:36:47.195+0000] {logging_mixin.py:188} INFO - Downloaded MSFT/1776280773.json -> /tmp/minio_downloads/1776280773.json
[2026-05-29T13:36:47.216+0000] {logging_mixin.py:188} INFO - Downloaded MSFT/1776280796.json -> /tmp/minio_downloads/1776280796.json
[2026-05-29T13:36:47.237+0000] {logging_mixin.py:188} INFO - Downloaded MSFT/1776280818.json -> /tmp/minio_downloads/1776280818.json
[2026-05-29T13:36:47.257+0000] {logging_mixin.py:188} INFO - Downloaded MSFT/1776280840.json -> /tmp/minio_downloads/1776280840.json
[2026-05-29T13:36:47.277+0000] {logging_mixin.py:188} INFO - Downloaded MSFT/1776280860.json -> /tmp/minio_downloads/1776280860.json
[2026-05-29T13:36:47.295+0000] {logging_mixin.py:188} INFO - Downloaded MSFT/1776280880.json -> /tmp/minio_downloads/1776280880.json
[2026-05-29T13:36:47.312+0000] {logging_mixin.py:188} INFO - Downloaded MSFT/1776280898.json -> /tmp/minio_downloads/1776280898.json
[2026-05-29T13:36:47.331+0000] {logging_mixin.py:188} INFO - Downloaded MSFT/1776280916.json -> /tmp/minio_downloads/1776280916.json
[2026-05-29T13:36:47.348+0000] {logging_mixin.py:188} INFO - Downloaded MSFT/1776280938.json -> /tmp/minio_downloads/1776280938.json
[2026-05-29T13:36:47.367+0000] {logging_mixin.py:188} INFO - Downloaded MSFT/1776280959.json -> /tmp/minio_downloads/1776280959.json
[2026-05-29T13:36:47.388+0000] {logging_mixin.py:188} INFO - Downloaded MSFT/1776280980.json -> /tmp/minio_downloads/1776280980.json
[2026-05-29T13:36:47.407+0000] {logging_mixin.py:188} INFO - Downloaded MSFT/1776280999.json -> /tmp/minio_downloads/1776280999.json
[2026-05-29T13:36:47.431+0000] {logging_mixin.py:188} INFO - Downloaded MSFT/1776281022.json -> /tmp/minio_downloads/1776281022.json
[2026-05-29T13:36:47.456+0000] {logging_mixin.py:188} INFO - Downloaded MSFT/1776281045.json -> /tmp/minio_downloads/1776281045.json
[2026-05-29T13:36:47.481+0000] {logging_mixin.py:188} INFO - Downloaded MSFT/1776281066.json -> /tmp/minio_downloads/1776281066.json
[2026-05-29T13:36:47.507+0000] {logging_mixin.py:188} INFO - Downloaded MSFT/1776281090.json -> /tmp/minio_downloads/1776281090.json
[2026-05-29T13:36:47.546+0000] {logging_mixin.py:188} INFO - Downloaded MSFT/1776281128.json -> /tmp/minio_downloads/1776281128.json
[2026-05-29T13:36:47.574+0000] {logging_mixin.py:188} INFO - Downloaded TSLA/1776277490.json -> /tmp/minio_downloads/1776277490.json
[2026-05-29T13:36:47.600+0000] {logging_mixin.py:188} INFO - Downloaded TSLA/1776277505.json -> /tmp/minio_downloads/1776277505.json
[2026-05-29T13:36:47.621+0000] {logging_mixin.py:188} INFO - Downloaded TSLA/1776277519.json -> /tmp/minio_downloads/1776277519.json
[2026-05-29T13:36:47.643+0000] {logging_mixin.py:188} INFO - Downloaded TSLA/1776277536.json -> /tmp/minio_downloads/1776277536.json
[2026-05-29T13:36:47.668+0000] {logging_mixin.py:188} INFO - Downloaded TSLA/1776277562.json -> /tmp/minio_downloads/1776277562.json
[2026-05-29T13:36:47.692+0000] {logging_mixin.py:188} INFO - Downloaded TSLA/1776277585.json -> /tmp/minio_downloads/1776277585.json
[2026-05-29T13:36:47.716+0000] {logging_mixin.py:188} INFO - Downloaded TSLA/1776277609.json -> /tmp/minio_downloads/1776277609.json
[2026-05-29T13:36:47.736+0000] {logging_mixin.py:188} INFO - Downloaded TSLA/1776277628.json -> /tmp/minio_downloads/1776277628.json
[2026-05-29T13:36:47.758+0000] {logging_mixin.py:188} INFO - Downloaded TSLA/1776277647.json -> /tmp/minio_downloads/1776277647.json
[2026-05-29T13:36:47.782+0000] {logging_mixin.py:188} INFO - Downloaded TSLA/1776277667.json -> /tmp/minio_downloads/1776277667.json
[2026-05-29T13:36:47.826+0000] {logging_mixin.py:188} INFO - Downloaded TSLA/1776277686.json -> /tmp/minio_downloads/1776277686.json
[2026-05-29T13:36:47.862+0000] {logging_mixin.py:188} INFO - Downloaded TSLA/1776277703.json -> /tmp/minio_downloads/1776277703.json
[2026-05-29T13:36:47.888+0000] {logging_mixin.py:188} INFO - Downloaded TSLA/1776277729.json -> /tmp/minio_downloads/1776277729.json
[2026-05-29T13:36:47.931+0000] {logging_mixin.py:188} INFO - Downloaded TSLA/1776277747.json -> /tmp/minio_downloads/1776277747.json
[2026-05-29T13:36:47.968+0000] {logging_mixin.py:188} INFO - Downloaded TSLA/1776277767.json -> /tmp/minio_downloads/1776277767.json
[2026-05-29T13:36:47.996+0000] {logging_mixin.py:188} INFO - Downloaded TSLA/1776277810.json -> /tmp/minio_downloads/1776277810.json
[2026-05-29T13:36:48.018+0000] {logging_mixin.py:188} INFO - Downloaded TSLA/1776277874.json -> /tmp/minio_downloads/1776277874.json
[2026-05-29T13:36:48.043+0000] {logging_mixin.py:188} INFO - Downloaded TSLA/1776277914.json -> /tmp/minio_downloads/1776277914.json
[2026-05-29T13:36:48.071+0000] {logging_mixin.py:188} INFO - Downloaded TSLA/1776277964.json -> /tmp/minio_downloads/1776277964.json
[2026-05-29T13:36:48.094+0000] {logging_mixin.py:188} INFO - Downloaded TSLA/1776278177.json -> /tmp/minio_downloads/1776278177.json
[2026-05-29T13:36:48.123+0000] {logging_mixin.py:188} INFO - Downloaded TSLA/1776278265.json -> /tmp/minio_downloads/1776278265.json
[2026-05-29T13:36:48.152+0000] {logging_mixin.py:188} INFO - Downloaded TSLA/1776278310.json -> /tmp/minio_downloads/1776278310.json
[2026-05-29T13:36:48.184+0000] {logging_mixin.py:188} INFO - Downloaded TSLA/1776278332.json -> /tmp/minio_downloads/1776278332.json
[2026-05-29T13:36:48.224+0000] {logging_mixin.py:188} INFO - Downloaded TSLA/1776278353.json -> /tmp/minio_downloads/1776278353.json
[2026-05-29T13:36:48.253+0000] {logging_mixin.py:188} INFO - Downloaded TSLA/1776278375.json -> /tmp/minio_downloads/1776278375.json
[2026-05-29T13:36:48.280+0000] {logging_mixin.py:188} INFO - Downloaded TSLA/1776278395.json -> /tmp/minio_downloads/1776278395.json
[2026-05-29T13:36:48.302+0000] {logging_mixin.py:188} INFO - Downloaded TSLA/1776278415.json -> /tmp/minio_downloads/1776278415.json
[2026-05-29T13:36:48.341+0000] {logging_mixin.py:188} INFO - Downloaded TSLA/1776278437.json -> /tmp/minio_downloads/1776278437.json
[2026-05-29T13:36:48.362+0000] {logging_mixin.py:188} INFO - Downloaded TSLA/1776278469.json -> /tmp/minio_downloads/1776278469.json
[2026-05-29T13:36:48.386+0000] {logging_mixin.py:188} INFO - Downloaded TSLA/1776278491.json -> /tmp/minio_downloads/1776278491.json
[2026-05-29T13:36:48.419+0000] {logging_mixin.py:188} INFO - Downloaded TSLA/1776278519.json -> /tmp/minio_downloads/1776278519.json
[2026-05-29T13:36:48.443+0000] {logging_mixin.py:188} INFO - Downloaded TSLA/1776278560.json -> /tmp/minio_downloads/1776278560.json
[2026-05-29T13:36:48.466+0000] {logging_mixin.py:188} INFO - Downloaded TSLA/1776278585.json -> /tmp/minio_downloads/1776278585.json
[2026-05-29T13:36:48.486+0000] {logging_mixin.py:188} INFO - Downloaded TSLA/1776278611.json -> /tmp/minio_downloads/1776278611.json
[2026-05-29T13:36:48.502+0000] {logging_mixin.py:188} INFO - Downloaded TSLA/1776278631.json -> /tmp/minio_downloads/1776278631.json
[2026-05-29T13:36:48.519+0000] {logging_mixin.py:188} INFO - Downloaded TSLA/1776278658.json -> /tmp/minio_downloads/1776278658.json
[2026-05-29T13:36:48.542+0000] {logging_mixin.py:188} INFO - Downloaded TSLA/1776278688.json -> /tmp/minio_downloads/1776278688.json
[2026-05-29T13:36:48.561+0000] {logging_mixin.py:188} INFO - Downloaded TSLA/1776278724.json -> /tmp/minio_downloads/1776278724.json
[2026-05-29T13:36:48.584+0000] {logging_mixin.py:188} INFO - Downloaded TSLA/1776278758.json -> /tmp/minio_downloads/1776278758.json
[2026-05-29T13:36:48.609+0000] {logging_mixin.py:188} INFO - Downloaded TSLA/1776278799.json -> /tmp/minio_downloads/1776278799.json
[2026-05-29T13:36:48.635+0000] {logging_mixin.py:188} INFO - Downloaded TSLA/1776278845.json -> /tmp/minio_downloads/1776278845.json
[2026-05-29T13:36:48.667+0000] {logging_mixin.py:188} INFO - Downloaded TSLA/1776278911.json -> /tmp/minio_downloads/1776278911.json
[2026-05-29T13:36:48.699+0000] {logging_mixin.py:188} INFO - Downloaded TSLA/1776278980.json -> /tmp/minio_downloads/1776278980.json
[2026-05-29T13:36:48.727+0000] {logging_mixin.py:188} INFO - Downloaded TSLA/1776279120.json -> /tmp/minio_downloads/1776279120.json
[2026-05-29T13:36:48.741+0000] {logging_mixin.py:188} INFO - Downloaded TSLA/1776279252.json -> /tmp/minio_downloads/1776279252.json
[2026-05-29T13:36:48.760+0000] {logging_mixin.py:188} INFO - Downloaded TSLA/1776279287.json -> /tmp/minio_downloads/1776279287.json
[2026-05-29T13:36:48.777+0000] {logging_mixin.py:188} INFO - Downloaded TSLA/1776279342.json -> /tmp/minio_downloads/1776279342.json
[2026-05-29T13:36:48.793+0000] {logging_mixin.py:188} INFO - Downloaded TSLA/1776279370.json -> /tmp/minio_downloads/1776279370.json
[2026-05-29T13:36:48.809+0000] {logging_mixin.py:188} INFO - Downloaded TSLA/1776279397.json -> /tmp/minio_downloads/1776279397.json
[2026-05-29T13:36:48.826+0000] {logging_mixin.py:188} INFO - Downloaded TSLA/1776279432.json -> /tmp/minio_downloads/1776279432.json
[2026-05-29T13:36:48.839+0000] {logging_mixin.py:188} INFO - Downloaded TSLA/1776279472.json -> /tmp/minio_downloads/1776279472.json
[2026-05-29T13:36:48.862+0000] {logging_mixin.py:188} INFO - Downloaded TSLA/1776279519.json -> /tmp/minio_downloads/1776279519.json
[2026-05-29T13:36:48.892+0000] {logging_mixin.py:188} INFO - Downloaded TSLA/1776279566.json -> /tmp/minio_downloads/1776279566.json
[2026-05-29T13:36:48.911+0000] {logging_mixin.py:188} INFO - Downloaded TSLA/1776279675.json -> /tmp/minio_downloads/1776279675.json
[2026-05-29T13:36:48.924+0000] {logging_mixin.py:188} INFO - Downloaded TSLA/1776279752.json -> /tmp/minio_downloads/1776279752.json
[2026-05-29T13:36:48.938+0000] {logging_mixin.py:188} INFO - Downloaded TSLA/1776279804.json -> /tmp/minio_downloads/1776279804.json
[2026-05-29T13:36:48.954+0000] {logging_mixin.py:188} INFO - Downloaded TSLA/1776279867.json -> /tmp/minio_downloads/1776279867.json
[2026-05-29T13:36:48.971+0000] {logging_mixin.py:188} INFO - Downloaded TSLA/1776279938.json -> /tmp/minio_downloads/1776279938.json
[2026-05-29T13:36:48.989+0000] {logging_mixin.py:188} INFO - Downloaded TSLA/1776280040.json -> /tmp/minio_downloads/1776280040.json
[2026-05-29T13:36:49.007+0000] {logging_mixin.py:188} INFO - Downloaded TSLA/1776280159.json -> /tmp/minio_downloads/1776280159.json
[2026-05-29T13:36:49.023+0000] {logging_mixin.py:188} INFO - Downloaded TSLA/1776280205.json -> /tmp/minio_downloads/1776280205.json
[2026-05-29T13:36:49.041+0000] {logging_mixin.py:188} INFO - Downloaded TSLA/1776280227.json -> /tmp/minio_downloads/1776280227.json
[2026-05-29T13:36:49.055+0000] {logging_mixin.py:188} INFO - Downloaded TSLA/1776280260.json -> /tmp/minio_downloads/1776280260.json
[2026-05-29T13:36:49.071+0000] {logging_mixin.py:188} INFO - Downloaded TSLA/1776280288.json -> /tmp/minio_downloads/1776280288.json
[2026-05-29T13:36:49.085+0000] {logging_mixin.py:188} INFO - Downloaded TSLA/1776280314.json -> /tmp/minio_downloads/1776280314.json
[2026-05-29T13:36:49.103+0000] {logging_mixin.py:188} INFO - Downloaded TSLA/1776280341.json -> /tmp/minio_downloads/1776280341.json
[2026-05-29T13:36:49.132+0000] {logging_mixin.py:188} INFO - Downloaded TSLA/1776280380.json -> /tmp/minio_downloads/1776280380.json
[2026-05-29T13:36:49.146+0000] {logging_mixin.py:188} INFO - Downloaded TSLA/1776280412.json -> /tmp/minio_downloads/1776280412.json
[2026-05-29T13:36:49.158+0000] {logging_mixin.py:188} INFO - Downloaded TSLA/1776280437.json -> /tmp/minio_downloads/1776280437.json
[2026-05-29T13:36:49.172+0000] {logging_mixin.py:188} INFO - Downloaded TSLA/1776280461.json -> /tmp/minio_downloads/1776280461.json
[2026-05-29T13:36:49.189+0000] {logging_mixin.py:188} INFO - Downloaded TSLA/1776280479.json -> /tmp/minio_downloads/1776280479.json
[2026-05-29T13:36:49.207+0000] {logging_mixin.py:188} INFO - Downloaded TSLA/1776280497.json -> /tmp/minio_downloads/1776280497.json
[2026-05-29T13:36:49.222+0000] {logging_mixin.py:188} INFO - Downloaded TSLA/1776280516.json -> /tmp/minio_downloads/1776280516.json
[2026-05-29T13:36:49.240+0000] {logging_mixin.py:188} INFO - Downloaded TSLA/1776280548.json -> /tmp/minio_downloads/1776280548.json
[2026-05-29T13:36:49.259+0000] {logging_mixin.py:188} INFO - Downloaded TSLA/1776280566.json -> /tmp/minio_downloads/1776280566.json
[2026-05-29T13:36:49.281+0000] {logging_mixin.py:188} INFO - Downloaded TSLA/1776280587.json -> /tmp/minio_downloads/1776280587.json
[2026-05-29T13:36:49.297+0000] {logging_mixin.py:188} INFO - Downloaded TSLA/1776280611.json -> /tmp/minio_downloads/1776280611.json
[2026-05-29T13:36:49.312+0000] {logging_mixin.py:188} INFO - Downloaded TSLA/1776280634.json -> /tmp/minio_downloads/1776280634.json
[2026-05-29T13:36:49.330+0000] {logging_mixin.py:188} INFO - Downloaded TSLA/1776280656.json -> /tmp/minio_downloads/1776280656.json
[2026-05-29T13:36:49.345+0000] {logging_mixin.py:188} INFO - Downloaded TSLA/1776280675.json -> /tmp/minio_downloads/1776280675.json
[2026-05-29T13:36:49.362+0000] {logging_mixin.py:188} INFO - Downloaded TSLA/1776280695.json -> /tmp/minio_downloads/1776280695.json
[2026-05-29T13:36:49.379+0000] {logging_mixin.py:188} INFO - Downloaded TSLA/1776280715.json -> /tmp/minio_downloads/1776280715.json
[2026-05-29T13:36:49.396+0000] {logging_mixin.py:188} INFO - Downloaded TSLA/1776280732.json -> /tmp/minio_downloads/1776280732.json
[2026-05-29T13:36:49.413+0000] {logging_mixin.py:188} INFO - Downloaded TSLA/1776280755.json -> /tmp/minio_downloads/1776280755.json
[2026-05-29T13:36:49.435+0000] {logging_mixin.py:188} INFO - Downloaded TSLA/1776280776.json -> /tmp/minio_downloads/1776280776.json
[2026-05-29T13:36:49.451+0000] {logging_mixin.py:188} INFO - Downloaded TSLA/1776280800.json -> /tmp/minio_downloads/1776280800.json
[2026-05-29T13:36:49.472+0000] {logging_mixin.py:188} INFO - Downloaded TSLA/1776280821.json -> /tmp/minio_downloads/1776280821.json
[2026-05-29T13:36:49.494+0000] {logging_mixin.py:188} INFO - Downloaded TSLA/1776280841.json -> /tmp/minio_downloads/1776280841.json
[2026-05-29T13:36:49.516+0000] {logging_mixin.py:188} INFO - Downloaded TSLA/1776280864.json -> /tmp/minio_downloads/1776280864.json
[2026-05-29T13:36:49.534+0000] {logging_mixin.py:188} INFO - Downloaded TSLA/1776280882.json -> /tmp/minio_downloads/1776280882.json
[2026-05-29T13:36:49.562+0000] {logging_mixin.py:188} INFO - Downloaded TSLA/1776280900.json -> /tmp/minio_downloads/1776280900.json
[2026-05-29T13:36:49.583+0000] {logging_mixin.py:188} INFO - Downloaded TSLA/1776280918.json -> /tmp/minio_downloads/1776280918.json
[2026-05-29T13:36:49.605+0000] {logging_mixin.py:188} INFO - Downloaded TSLA/1776280940.json -> /tmp/minio_downloads/1776280940.json
[2026-05-29T13:36:49.625+0000] {logging_mixin.py:188} INFO - Downloaded TSLA/1776280962.json -> /tmp/minio_downloads/1776280962.json
[2026-05-29T13:36:49.646+0000] {logging_mixin.py:188} INFO - Downloaded TSLA/1776280983.json -> /tmp/minio_downloads/1776280983.json
[2026-05-29T13:36:49.673+0000] {logging_mixin.py:188} INFO - Downloaded TSLA/1776281001.json -> /tmp/minio_downloads/1776281001.json
[2026-05-29T13:36:49.695+0000] {logging_mixin.py:188} INFO - Downloaded TSLA/1776281026.json -> /tmp/minio_downloads/1776281026.json
[2026-05-29T13:36:49.717+0000] {logging_mixin.py:188} INFO - Downloaded TSLA/1776281047.json -> /tmp/minio_downloads/1776281047.json
[2026-05-29T13:36:49.745+0000] {logging_mixin.py:188} INFO - Downloaded TSLA/1776281069.json -> /tmp/minio_downloads/1776281069.json
[2026-05-29T13:36:49.771+0000] {logging_mixin.py:188} INFO - Downloaded TSLA/1776281093.json -> /tmp/minio_downloads/1776281093.json
[2026-05-29T13:36:49.803+0000] {logging_mixin.py:188} INFO - Downloaded TSLA/1776281130.json -> /tmp/minio_downloads/1776281130.json
[2026-05-29T13:36:49.807+0000] {python.py:237} INFO - Done. Returned value was: ['/tmp/minio_downloads/1776277487.json', '/tmp/minio_downloads/1776277502.json', '/tmp/minio_downloads/1776277516.json', '/tmp/minio_downloads/1776277531.json', '/tmp/minio_downloads/1776277559.json', '/tmp/minio_downloads/1776277578.json', '/tmp/minio_downloads/1776277599.json', '/tmp/minio_downloads/1776277622.json', '/tmp/minio_downloads/1776277642.json', '/tmp/minio_downloads/1776277660.json', '/tmp/minio_downloads/1776277680.json', '/tmp/minio_downloads/1776277699.json', '/tmp/minio_downloads/1776277721.json', '/tmp/minio_downloads/1776277743.json', '/tmp/minio_downloads/1776277760.json', '/tmp/minio_downloads/1776277783.json', '/tmp/minio_downloads/1776277846.json', '/tmp/minio_downloads/1776277908.json', '/tmp/minio_downloads/1776277937.json', '/tmp/minio_downloads/1776278001.json', '/tmp/minio_downloads/1776278170.json', '/tmp/minio_downloads/1776278236.json', '/tmp/minio_downloads/1776278302.json', '/tmp/minio_downloads/1776278325.json', '/tmp/minio_downloads/1776278347.json', '/tmp/minio_downloads/1776278367.json', '/tmp/minio_downloads/1776278390.json', '/tmp/minio_downloads/1776278409.json', '/tmp/minio_downloads/1776278431.json', '/tmp/minio_downloads/1776278457.json', '/tmp/minio_downloads/1776278485.json', '/tmp/minio_downloads/1776278508.json', '/tmp/minio_downloads/1776278545.json', '/tmp/minio_downloads/1776278578.json', '/tmp/minio_downloads/1776278603.json', '/tmp/minio_downloads/1776278625.json', '/tmp/minio_downloads/1776278651.json', '/tmp/minio_downloads/1776278679.json', '/tmp/minio_downloads/1776278710.json', '/tmp/minio_downloads/1776278746.json', '/tmp/minio_downloads/1776278788.json', '/tmp/minio_downloads/1776278832.json', '/tmp/minio_downloads/1776278887.json', '/tmp/minio_downloads/1776278969.json', '/tmp/minio_downloads/1776279066.json', '/tmp/minio_downloads/1776279195.json', '/tmp/minio_downloads/1776279275.json', '/tmp/minio_downloads/1776279336.json', '/tmp/minio_downloads/1776279359.json', '/tmp/minio_downloads/1776279389.json', '/tmp/minio_downloads/1776279416.json', '/tmp/minio_downloads/1776279460.json', '/tmp/minio_downloads/1776279504.json', '/tmp/minio_downloads/1776279549.json', '/tmp/minio_downloads/1776279636.json', '/tmp/minio_downloads/1776279743.json', '/tmp/minio_downloads/1776279791.json', '/tmp/minio_downloads/1776279819.json', '/tmp/minio_downloads/1776279909.json', '/tmp/minio_downloads/1776280000.json', '/tmp/minio_downloads/1776280125.json', '/tmp/minio_downloads/1776280199.json', '/tmp/minio_downloads/1776280221.json', '/tmp/minio_downloads/1776280247.json', '/tmp/minio_downloads/1776280280.json', '/tmp/minio_downloads/1776280307.json', '/tmp/minio_downloads/1776280331.json', '/tmp/minio_downloads/1776280363.json', '/tmp/minio_downloads/1776280405.json', '/tmp/minio_downloads/1776280430.json', '/tmp/minio_downloads/1776280455.json', '/tmp/minio_downloads/1776280475.json', '/tmp/minio_downloads/1776280493.json', '/tmp/minio_downloads/1776280511.json', '/tmp/minio_downloads/1776280533.json', '/tmp/minio_downloads/1776280562.json', '/tmp/minio_downloads/1776280580.json', '/tmp/minio_downloads/1776280603.json', '/tmp/minio_downloads/1776280627.json', '/tmp/minio_downloads/1776280649.json', '/tmp/minio_downloads/1776280669.json', '/tmp/minio_downloads/1776280690.json', '/tmp/minio_downloads/1776280708.json', '/tmp/minio_downloads/1776280728.json', '/tmp/minio_downloads/1776280747.json', '/tmp/minio_downloads/1776280771.json', '/tmp/minio_downloads/1776280791.json', '/tmp/minio_downloads/1776280815.json', '/tmp/minio_downloads/1776280836.json', '/tmp/minio_downloads/1776280857.json', '/tmp/minio_downloads/1776280878.json', '/tmp/minio_downloads/1776280895.json', '/tmp/minio_downloads/1776280914.json', '/tmp/minio_downloads/1776280933.json', '/tmp/minio_downloads/1776280956.json', '/tmp/minio_downloads/1776280978.json', '/tmp/minio_downloads/1776280997.json', '/tmp/minio_downloads/1776281020.json', '/tmp/minio_downloads/1776281041.json', '/tmp/minio_downloads/1776281062.json', '/tmp/minio_downloads/1776281086.json', '/tmp/minio_downloads/1776281105.json', '/tmp/minio_downloads/1776277494.json', '/tmp/minio_downloads/1776277508.json', '/tmp/minio_downloads/1776277523.json', '/tmp/minio_downloads/1776277552.json', '/tmp/minio_downloads/1776277569.json', '/tmp/minio_downloads/1776277590.json', '/tmp/minio_downloads/1776277614.json', '/tmp/minio_downloads/1776277632.json', '/tmp/minio_downloads/1776277652.json', '/tmp/minio_downloads/1776277672.json', '/tmp/minio_downloads/1776277691.json', '/tmp/minio_downloads/1776277709.json', '/tmp/minio_downloads/1776277736.json', '/tmp/minio_downloads/1776277752.json', '/tmp/minio_downloads/1776277774.json', '/tmp/minio_downloads/1776277837.json', '/tmp/minio_downloads/1776277879.json', '/tmp/minio_downloads/1776277921.json', '/tmp/minio_downloads/1776277971.json', '/tmp/minio_downloads/1776278206.json', '/tmp/minio_downloads/1776278293.json', '/tmp/minio_downloads/1776278316.json', '/tmp/minio_downloads/1776278338.json', '/tmp/minio_downloads/1776278358.json', '/tmp/minio_downloads/1776278381.json', '/tmp/minio_downloads/1776278400.json', '/tmp/minio_downloads/1776278422.json', '/tmp/minio_downloads/1776278444.json', '/tmp/minio_downloads/1776278476.json', '/tmp/minio_downloads/1776278497.json', '/tmp/minio_downloads/1776278533.json', '/tmp/minio_downloads/1776278568.json', '/tmp/minio_downloads/1776278592.json', '/tmp/minio_downloads/1776278616.json', '/tmp/minio_downloads/1776278640.json', '/tmp/minio_downloads/1776278667.json', '/tmp/minio_downloads/1776278697.json', '/tmp/minio_downloads/1776278735.json', '/tmp/minio_downloads/1776278777.json', '/tmp/minio_downloads/1776278812.json', '/tmp/minio_downloads/1776278865.json', '/tmp/minio_downloads/1776278937.json', '/tmp/minio_downloads/1776279036.json', '/tmp/minio_downloads/1776279181.json', '/tmp/minio_downloads/1776279262.json', '/tmp/minio_downloads/1776279348.json', '/tmp/minio_downloads/1776279379.json', '/tmp/minio_downloads/1776279406.json', '/tmp/minio_downloads/1776279446.json', '/tmp/minio_downloads/1776279485.json', '/tmp/minio_downloads/1776279532.json', '/tmp/minio_downloads/1776279602.json', '/tmp/minio_downloads/1776279710.json', '/tmp/minio_downloads/1776279781.json', '/tmp/minio_downloads/1776279810.json', '/tmp/minio_downloads/1776279899.json', '/tmp/minio_downloads/1776279989.json', '/tmp/minio_downloads/1776280095.json', '/tmp/minio_downloads/1776280189.json', '/tmp/minio_downloads/1776280212.json', '/tmp/minio_downloads/1776280234.json', '/tmp/minio_downloads/1776280270.json', '/tmp/minio_downloads/1776280295.json', '/tmp/minio_downloads/1776280322.json', '/tmp/minio_downloads/1776280352.json', '/tmp/minio_downloads/1776280394.json', '/tmp/minio_downloads/1776280421.json', '/tmp/minio_downloads/1776280444.json', '/tmp/minio_downloads/1776280467.json', '/tmp/minio_downloads/1776280485.json', '/tmp/minio_downloads/1776280501.json', '/tmp/minio_downloads/1776280523.json', '/tmp/minio_downloads/1776280554.json', '/tmp/minio_downloads/1776280571.json', '/tmp/minio_downloads/1776280594.json', '/tmp/minio_downloads/1776280618.json', '/tmp/minio_downloads/1776280640.json', '/tmp/minio_downloads/1776280661.json', '/tmp/minio_downloads/1776280680.json', '/tmp/minio_downloads/1776280700.json', '/tmp/minio_downloads/1776280720.json', '/tmp/minio_downloads/1776280737.json', '/tmp/minio_downloads/1776280762.json', '/tmp/minio_downloads/1776280782.json', '/tmp/minio_downloads/1776280806.json', '/tmp/minio_downloads/1776280827.json', '/tmp/minio_downloads/1776280847.json', '/tmp/minio_downloads/1776280869.json', '/tmp/minio_downloads/1776280886.json', '/tmp/minio_downloads/1776280904.json', '/tmp/minio_downloads/1776280924.json', '/tmp/minio_downloads/1776280947.json', '/tmp/minio_downloads/1776280969.json', '/tmp/minio_downloads/1776280989.json', '/tmp/minio_downloads/1776281011.json', '/tmp/minio_downloads/1776281032.json', '/tmp/minio_downloads/1776281053.json', '/tmp/minio_downloads/1776281077.json', '/tmp/minio_downloads/1776281098.json', '/tmp/minio_downloads/1776277492.json', '/tmp/minio_downloads/1776277506.json', '/tmp/minio_downloads/1776277521.json', '/tmp/minio_downloads/1776277549.json', '/tmp/minio_downloads/1776277564.json', '/tmp/minio_downloads/1776277587.json', '/tmp/minio_downloads/1776277611.json', '/tmp/minio_downloads/1776277631.json', '/tmp/minio_downloads/1776277649.json', '/tmp/minio_downloads/1776277669.json', '/tmp/minio_downloads/1776277688.json', '/tmp/minio_downloads/1776277706.json', '/tmp/minio_downloads/1776277732.json', '/tmp/minio_downloads/1776277750.json', '/tmp/minio_downloads/1776277771.json', '/tmp/minio_downloads/1776277813.json', '/tmp/minio_downloads/1776277876.json', '/tmp/minio_downloads/1776277919.json', '/tmp/minio_downloads/1776277968.json', '/tmp/minio_downloads/1776278202.json', '/tmp/minio_downloads/1776278268.json', '/tmp/minio_downloads/1776278313.json', '/tmp/minio_downloads/1776278335.json', '/tmp/minio_downloads/1776278355.json', '/tmp/minio_downloads/1776278378.json', '/tmp/minio_downloads/1776278398.json', '/tmp/minio_downloads/1776278419.json', '/tmp/minio_downloads/1776278441.json', '/tmp/minio_downloads/1776278472.json', '/tmp/minio_downloads/1776278495.json', '/tmp/minio_downloads/1776278527.json', '/tmp/minio_downloads/1776278564.json', '/tmp/minio_downloads/1776278588.json', '/tmp/minio_downloads/1776278614.json', '/tmp/minio_downloads/1776278634.json', '/tmp/minio_downloads/1776278663.json', '/tmp/minio_downloads/1776278694.json', '/tmp/minio_downloads/1776278730.json', '/tmp/minio_downloads/1776278766.json', '/tmp/minio_downloads/1776278805.json', '/tmp/minio_downloads/1776278854.json', '/tmp/minio_downloads/1776278925.json', '/tmp/minio_downloads/1776279011.json', '/tmp/minio_downloads/1776279150.json', '/tmp/minio_downloads/1776279256.json', '/tmp/minio_downloads/1776279294.json', '/tmp/minio_downloads/1776279345.json', '/tmp/minio_downloads/1776279375.json', '/tmp/minio_downloads/1776279402.json', '/tmp/minio_downloads/1776279439.json', '/tmp/minio_downloads/1776279478.json', '/tmp/minio_downloads/1776279526.json', '/tmp/minio_downloads/1776279574.json', '/tmp/minio_downloads/1776279683.json', '/tmp/minio_downloads/1776279777.json', '/tmp/minio_downloads/1776279807.json', '/tmp/minio_downloads/1776279871.json', '/tmp/minio_downloads/1776279963.json', '/tmp/minio_downloads/1776280066.json', '/tmp/minio_downloads/1776280164.json', '/tmp/minio_downloads/1776280208.json', '/tmp/minio_downloads/1776280230.json', '/tmp/minio_downloads/1776280265.json', '/tmp/minio_downloads/1776280291.json', '/tmp/minio_downloads/1776280319.json', '/tmp/minio_downloads/1776280348.json', '/tmp/minio_downloads/1776280388.json', '/tmp/minio_downloads/1776280416.json', '/tmp/minio_downloads/1776280441.json', '/tmp/minio_downloads/1776280465.json', '/tmp/minio_downloads/1776280482.json', '/tmp/minio_downloads/1776280499.json', '/tmp/minio_downloads/1776280521.json', '/tmp/minio_downloads/1776280552.json', '/tmp/minio_downloads/1776280569.json', '/tmp/minio_downloads/1776280590.json', '/tmp/minio_downloads/1776280614.json', '/tmp/minio_downloads/1776280637.json', '/tmp/minio_downloads/1776280658.json', '/tmp/minio_downloads/1776280678.json', '/tmp/minio_downloads/1776280697.json', '/tmp/minio_downloads/1776280717.json', '/tmp/minio_downloads/1776280735.json', '/tmp/minio_downloads/1776280757.json', '/tmp/minio_downloads/1776280779.json', '/tmp/minio_downloads/1776280802.json', '/tmp/minio_downloads/1776280824.json', '/tmp/minio_downloads/1776280843.json', '/tmp/minio_downloads/1776280866.json', '/tmp/minio_downloads/1776280884.json', '/tmp/minio_downloads/1776280903.json', '/tmp/minio_downloads/1776280921.json', '/tmp/minio_downloads/1776280943.json', '/tmp/minio_downloads/1776280965.json', '/tmp/minio_downloads/1776280987.json', '/tmp/minio_downloads/1776281008.json', '/tmp/minio_downloads/1776281029.json', '/tmp/minio_downloads/1776281050.json', '/tmp/minio_downloads/1776281074.json', '/tmp/minio_downloads/1776281095.json', '/tmp/minio_downloads/1776277489.json', '/tmp/minio_downloads/1776277503.json', '/tmp/minio_downloads/1776277517.json', '/tmp/minio_downloads/1776277533.json', '/tmp/minio_downloads/1776277561.json', '/tmp/minio_downloads/1776277581.json', '/tmp/minio_downloads/1776277603.json', '/tmp/minio_downloads/1776277625.json', '/tmp/minio_downloads/1776277644.json', '/tmp/minio_downloads/1776277662.json', '/tmp/minio_downloads/1776277682.json', '/tmp/minio_downloads/1776277701.json', '/tmp/minio_downloads/1776277726.json', '/tmp/minio_downloads/1776277745.json', '/tmp/minio_downloads/1776277764.json', '/tmp/minio_downloads/1776277785.json', '/tmp/minio_downloads/1776277849.json', '/tmp/minio_downloads/1776277911.json', '/tmp/minio_downloads/1776277961.json', '/tmp/minio_downloads/1776278174.json', '/tmp/minio_downloads/1776278261.json', '/tmp/minio_downloads/1776278307.json', '/tmp/minio_downloads/1776278328.json', '/tmp/minio_downloads/1776278350.json', '/tmp/minio_downloads/1776278370.json', '/tmp/minio_downloads/1776278393.json', '/tmp/minio_downloads/1776278412.json', '/tmp/minio_downloads/1776278434.json', '/tmp/minio_downloads/1776278466.json', '/tmp/minio_downloads/1776278488.json', '/tmp/minio_downloads/1776278514.json', '/tmp/minio_downloads/1776278555.json', '/tmp/minio_downloads/1776278582.json', '/tmp/minio_downloads/1776278608.json', '/tmp/minio_downloads/1776278628.json', '/tmp/minio_downloads/1776278655.json', '/tmp/minio_downloads/1776278684.json', '/tmp/minio_downloads/1776278716.json', '/tmp/minio_downloads/1776278753.json', '/tmp/minio_downloads/1776278793.json', '/tmp/minio_downloads/1776278837.json', '/tmp/minio_downloads/1776278898.json', '/tmp/minio_downloads/1776278974.json', '/tmp/minio_downloads/1776279092.json', '/tmp/minio_downloads/1776279224.json', '/tmp/minio_downloads/1776279281.json', '/tmp/minio_downloads/1776279339.json', '/tmp/minio_downloads/1776279362.json', '/tmp/minio_downloads/1776279393.json', '/tmp/minio_downloads/1776279425.json', '/tmp/minio_downloads/1776279467.json', '/tmp/minio_downloads/1776279510.json', '/tmp/minio_downloads/1776279558.json', '/tmp/minio_downloads/1776279644.json', '/tmp/minio_downloads/1776279746.json', '/tmp/minio_downloads/1776279799.json', '/tmp/minio_downloads/1776279843.json', '/tmp/minio_downloads/1776279933.json', '/tmp/minio_downloads/1776280004.json', '/tmp/minio_downloads/1776280127.json', '/tmp/minio_downloads/1776280202.json', '/tmp/minio_downloads/1776280224.json', '/tmp/minio_downloads/1776280253.json', '/tmp/minio_downloads/1776280284.json', '/tmp/minio_downloads/1776280311.json', '/tmp/minio_downloads/1776280334.json', '/tmp/minio_downloads/1776280374.json', '/tmp/minio_downloads/1776280409.json', '/tmp/minio_downloads/1776280434.json', '/tmp/minio_downloads/1776280458.json', '/tmp/minio_downloads/1776280477.json', '/tmp/minio_downloads/1776280495.json', '/tmp/minio_downloads/1776280513.json', '/tmp/minio_downloads/1776280538.json', '/tmp/minio_downloads/1776280564.json', '/tmp/minio_downloads/1776280583.json', '/tmp/minio_downloads/1776280606.json', '/tmp/minio_downloads/1776280631.json', '/tmp/minio_downloads/1776280652.json', '/tmp/minio_downloads/1776280670.json', '/tmp/minio_downloads/1776280692.json', '/tmp/minio_downloads/1776280711.json', '/tmp/minio_downloads/1776280730.json', '/tmp/minio_downloads/1776280750.json', '/tmp/minio_downloads/1776280773.json', '/tmp/minio_downloads/1776280796.json', '/tmp/minio_downloads/1776280818.json', '/tmp/minio_downloads/1776280840.json', '/tmp/minio_downloads/1776280860.json', '/tmp/minio_downloads/1776280880.json', '/tmp/minio_downloads/1776280898.json', '/tmp/minio_downloads/1776280916.json', '/tmp/minio_downloads/1776280938.json', '/tmp/minio_downloads/1776280959.json', '/tmp/minio_downloads/1776280980.json', '/tmp/minio_downloads/1776280999.json', '/tmp/minio_downloads/1776281022.json', '/tmp/minio_downloads/1776281045.json', '/tmp/minio_downloads/1776281066.json', '/tmp/minio_downloads/1776281090.json', '/tmp/minio_downloads/1776281128.json', '/tmp/minio_downloads/1776277490.json', '/tmp/minio_downloads/1776277505.json', '/tmp/minio_downloads/1776277519.json', '/tmp/minio_downloads/1776277536.json', '/tmp/minio_downloads/1776277562.json', '/tmp/minio_downloads/1776277585.json', '/tmp/minio_downloads/1776277609.json', '/tmp/minio_downloads/1776277628.json', '/tmp/minio_downloads/1776277647.json', '/tmp/minio_downloads/1776277667.json', '/tmp/minio_downloads/1776277686.json', '/tmp/minio_downloads/1776277703.json', '/tmp/minio_downloads/1776277729.json', '/tmp/minio_downloads/1776277747.json', '/tmp/minio_downloads/1776277767.json', '/tmp/minio_downloads/1776277810.json', '/tmp/minio_downloads/1776277874.json', '/tmp/minio_downloads/1776277914.json', '/tmp/minio_downloads/1776277964.json', '/tmp/minio_downloads/1776278177.json', '/tmp/minio_downloads/1776278265.json', '/tmp/minio_downloads/1776278310.json', '/tmp/minio_downloads/1776278332.json', '/tmp/minio_downloads/1776278353.json', '/tmp/minio_downloads/1776278375.json', '/tmp/minio_downloads/1776278395.json', '/tmp/minio_downloads/1776278415.json', '/tmp/minio_downloads/1776278437.json', '/tmp/minio_downloads/1776278469.json', '/tmp/minio_downloads/1776278491.json', '/tmp/minio_downloads/1776278519.json', '/tmp/minio_downloads/1776278560.json', '/tmp/minio_downloads/1776278585.json', '/tmp/minio_downloads/1776278611.json', '/tmp/minio_downloads/1776278631.json', '/tmp/minio_downloads/1776278658.json', '/tmp/minio_downloads/1776278688.json', '/tmp/minio_downloads/1776278724.json', '/tmp/minio_downloads/1776278758.json', '/tmp/minio_downloads/1776278799.json', '/tmp/minio_downloads/1776278845.json', '/tmp/minio_downloads/1776278911.json', '/tmp/minio_downloads/1776278980.json', '/tmp/minio_downloads/1776279120.json', '/tmp/minio_downloads/1776279252.json', '/tmp/minio_downloads/1776279287.json', '/tmp/minio_downloads/1776279342.json', '/tmp/minio_downloads/1776279370.json', '/tmp/minio_downloads/1776279397.json', '/tmp/minio_downloads/1776279432.json', '/tmp/minio_downloads/1776279472.json', '/tmp/minio_downloads/1776279519.json', '/tmp/minio_downloads/1776279566.json', '/tmp/minio_downloads/1776279675.json', '/tmp/minio_downloads/1776279752.json', '/tmp/minio_downloads/1776279804.json', '/tmp/minio_downloads/1776279867.json', '/tmp/minio_downloads/1776279938.json', '/tmp/minio_downloads/1776280040.json', '/tmp/minio_downloads/1776280159.json', '/tmp/minio_downloads/1776280205.json', '/tmp/minio_downloads/1776280227.json', '/tmp/minio_downloads/1776280260.json', '/tmp/minio_downloads/1776280288.json', '/tmp/minio_downloads/1776280314.json', '/tmp/minio_downloads/1776280341.json', '/tmp/minio_downloads/1776280380.json', '/tmp/minio_downloads/1776280412.json', '/tmp/minio_downloads/1776280437.json', '/tmp/minio_downloads/1776280461.json', '/tmp/minio_downloads/1776280479.json', '/tmp/minio_downloads/1776280497.json', '/tmp/minio_downloads/1776280516.json', '/tmp/minio_downloads/1776280548.json', '/tmp/minio_downloads/1776280566.json', '/tmp/minio_downloads/1776280587.json', '/tmp/minio_downloads/1776280611.json', '/tmp/minio_downloads/1776280634.json', '/tmp/minio_downloads/1776280656.json', '/tmp/minio_downloads/1776280675.json', '/tmp/minio_downloads/1776280695.json', '/tmp/minio_downloads/1776280715.json', '/tmp/minio_downloads/1776280732.json', '/tmp/minio_downloads/1776280755.json', '/tmp/minio_downloads/1776280776.json', '/tmp/minio_downloads/1776280800.json', '/tmp/minio_downloads/1776280821.json', '/tmp/minio_downloads/1776280841.json', '/tmp/minio_downloads/1776280864.json', '/tmp/minio_downloads/1776280882.json', '/tmp/minio_downloads/1776280900.json', '/tmp/minio_downloads/1776280918.json', '/tmp/minio_downloads/1776280940.json', '/tmp/minio_downloads/1776280962.json', '/tmp/minio_downloads/1776280983.json', '/tmp/minio_downloads/1776281001.json', '/tmp/minio_downloads/1776281026.json', '/tmp/minio_downloads/1776281047.json', '/tmp/minio_downloads/1776281069.json', '/tmp/minio_downloads/1776281093.json', '/tmp/minio_downloads/1776281130.json']
[2026-05-29T13:36:49.815+0000] {taskinstance.py:441} INFO - ::group::Post task execution logs
[2026-05-29T13:36:49.926+0000] {taskinstance.py:1206} INFO - Marking task as SUCCESS. dag_id=minio_to_snowflake, task_id=download_minio, run_id=scheduled__2026-05-29T13:34:00+00:00, execution_date=20260529T133400, start_date=20260529T133621, end_date=20260529T133649
[2026-05-29T13:36:50.048+0000] {local_task_job_runner.py:243} INFO - Task exited with return code 0
[2026-05-29T13:36:50.121+0000] {taskinstance.py:3503} INFO - 1 downstream tasks scheduled from follow-on schedule check
[2026-05-29T13:36:50.127+0000] {local_task_job_runner.py:222} INFO - ::endgroup::
