[2026-06-01T17:39:41.149+0000] {local_task_job_runner.py:120} INFO - ::group::Pre task execution logs
[2026-06-01T17:39:41.196+0000] {taskinstance.py:2076} INFO - Dependencies all met for dep_context=non-requeueable deps ti=<TaskInstance: minio_to_snowflake.download_minio scheduled__2026-06-01T17:38:00+00:00 [queued]>
[2026-06-01T17:39:41.214+0000] {taskinstance.py:2076} INFO - Dependencies all met for dep_context=requeueable deps ti=<TaskInstance: minio_to_snowflake.download_minio scheduled__2026-06-01T17:38:00+00:00 [queued]>
[2026-06-01T17:39:41.215+0000] {taskinstance.py:2306} INFO - Starting attempt 1 of 2
[2026-06-01T17:39:41.245+0000] {taskinstance.py:2330} INFO - Executing <Task(PythonOperator): download_minio> on 2026-06-01 17:38:00+00:00
[2026-06-01T17:39:41.261+0000] {standard_task_runner.py:90} INFO - Running: ['***', 'tasks', 'run', 'minio_to_snowflake', 'download_minio', 'scheduled__2026-06-01T17:38:00+00:00', '--job-id', '438', '--raw', '--subdir', 'DAGS_FOLDER/minio_to_snowflake.py', '--cfg-path', '/tmp/tmpkm7ql8ra']
[2026-06-01T17:39:41.268+0000] {standard_task_runner.py:91} INFO - Job 438: Subtask download_minio
[2026-06-01T17:39:41.271+0000] {logging_mixin.py:188} WARNING - /home/***/.local/lib/python3.12/site-packages/***/task/task_runner/standard_task_runner.py:62 DeprecationWarning: This process (pid=5757) is multi-threaded, use of fork() may lead to deadlocks in the child.
[2026-06-01T17:39:41.272+0000] {standard_task_runner.py:64} INFO - Started process 5770 to run task
[2026-06-01T17:39:41.384+0000] {task_command.py:426} INFO - Running <TaskInstance: minio_to_snowflake.download_minio scheduled__2026-06-01T17:38:00+00:00 [running]> on host 0a790aba60c9
[2026-06-01T17:39:41.574+0000] {taskinstance.py:2648} INFO - Exporting env vars: AIRFLOW_CTX_DAG_OWNER='***' AIRFLOW_CTX_DAG_ID='minio_to_snowflake' AIRFLOW_CTX_TASK_ID='download_minio' AIRFLOW_CTX_EXECUTION_DATE='2026-06-01T17:38:00+00:00' AIRFLOW_CTX_TRY_NUMBER='1' AIRFLOW_CTX_DAG_RUN_ID='scheduled__2026-06-01T17:38:00+00:00'
[2026-06-01T17:39:41.576+0000] {taskinstance.py:430} INFO - ::endgroup::
[2026-06-01T17:39:43.123+0000] {logging_mixin.py:188} INFO - Downloaded AAPL/1780331986.json -> /tmp/minio_downloads/1780331986.json
[2026-06-01T17:39:43.142+0000] {logging_mixin.py:188} INFO - Downloaded AAPL/1780331998.json -> /tmp/minio_downloads/1780331998.json
[2026-06-01T17:39:43.162+0000] {logging_mixin.py:188} INFO - Downloaded AAPL/1780332010.json -> /tmp/minio_downloads/1780332010.json
[2026-06-01T17:39:43.182+0000] {logging_mixin.py:188} INFO - Downloaded AAPL/1780332023.json -> /tmp/minio_downloads/1780332023.json
[2026-06-01T17:39:43.201+0000] {logging_mixin.py:188} INFO - Downloaded AAPL/1780332035.json -> /tmp/minio_downloads/1780332035.json
[2026-06-01T17:39:43.220+0000] {logging_mixin.py:188} INFO - Downloaded AAPL/1780332047.json -> /tmp/minio_downloads/1780332047.json
[2026-06-01T17:39:43.240+0000] {logging_mixin.py:188} INFO - Downloaded AAPL/1780332060.json -> /tmp/minio_downloads/1780332060.json
[2026-06-01T17:39:43.259+0000] {logging_mixin.py:188} INFO - Downloaded AAPL/1780332071.json -> /tmp/minio_downloads/1780332071.json
[2026-06-01T17:39:43.274+0000] {logging_mixin.py:188} INFO - Downloaded AAPL/1780332095.json -> /tmp/minio_downloads/1780332095.json
[2026-06-01T17:39:43.292+0000] {logging_mixin.py:188} INFO - Downloaded AAPL/1780332112.json -> /tmp/minio_downloads/1780332112.json
[2026-06-01T17:39:43.310+0000] {logging_mixin.py:188} INFO - Downloaded AAPL/1780332123.json -> /tmp/minio_downloads/1780332123.json
[2026-06-01T17:39:43.331+0000] {logging_mixin.py:188} INFO - Downloaded AAPL/1780332136.json -> /tmp/minio_downloads/1780332136.json
[2026-06-01T17:39:43.357+0000] {logging_mixin.py:188} INFO - Downloaded AAPL/1780332148.json -> /tmp/minio_downloads/1780332148.json
[2026-06-01T17:39:43.378+0000] {logging_mixin.py:188} INFO - Downloaded AAPL/1780332159.json -> /tmp/minio_downloads/1780332159.json
[2026-06-01T17:39:43.402+0000] {logging_mixin.py:188} INFO - Downloaded AAPL/1780332189.json -> /tmp/minio_downloads/1780332189.json
[2026-06-01T17:39:43.426+0000] {logging_mixin.py:188} INFO - Downloaded AAPL/1780332201.json -> /tmp/minio_downloads/1780332201.json
[2026-06-01T17:39:43.450+0000] {logging_mixin.py:188} INFO - Downloaded AAPL/1780332213.json -> /tmp/minio_downloads/1780332213.json
[2026-06-01T17:39:43.483+0000] {logging_mixin.py:188} INFO - Downloaded AAPL/1780332227.json -> /tmp/minio_downloads/1780332227.json
[2026-06-01T17:39:43.521+0000] {logging_mixin.py:188} INFO - Downloaded AAPL/1780332245.json -> /tmp/minio_downloads/1780332245.json
[2026-06-01T17:39:43.549+0000] {logging_mixin.py:188} INFO - Downloaded AAPL/1780332262.json -> /tmp/minio_downloads/1780332262.json
[2026-06-01T17:39:43.567+0000] {logging_mixin.py:188} INFO - Downloaded AAPL/1780332276.json -> /tmp/minio_downloads/1780332276.json
[2026-06-01T17:39:43.588+0000] {logging_mixin.py:188} INFO - Downloaded AAPL/1780332287.json -> /tmp/minio_downloads/1780332287.json
[2026-06-01T17:39:43.616+0000] {logging_mixin.py:188} INFO - Downloaded AAPL/1780332300.json -> /tmp/minio_downloads/1780332300.json
[2026-06-01T17:39:43.640+0000] {logging_mixin.py:188} INFO - Downloaded AAPL/1780332312.json -> /tmp/minio_downloads/1780332312.json
[2026-06-01T17:39:43.668+0000] {logging_mixin.py:188} INFO - Downloaded AAPL/1780332325.json -> /tmp/minio_downloads/1780332325.json
[2026-06-01T17:39:43.710+0000] {logging_mixin.py:188} INFO - Downloaded AAPL/1780332339.json -> /tmp/minio_downloads/1780332339.json
[2026-06-01T17:39:43.756+0000] {logging_mixin.py:188} INFO - Downloaded AAPL/1780332351.json -> /tmp/minio_downloads/1780332351.json
[2026-06-01T17:39:43.806+0000] {logging_mixin.py:188} INFO - Downloaded AAPL/1780332363.json -> /tmp/minio_downloads/1780332363.json
[2026-06-01T17:39:43.832+0000] {logging_mixin.py:188} INFO - Downloaded AAPL/1780332376.json -> /tmp/minio_downloads/1780332376.json
[2026-06-01T17:39:43.858+0000] {logging_mixin.py:188} INFO - Downloaded AAPL/1780332388.json -> /tmp/minio_downloads/1780332388.json
[2026-06-01T17:39:43.885+0000] {logging_mixin.py:188} INFO - Downloaded AAPL/1780332400.json -> /tmp/minio_downloads/1780332400.json
[2026-06-01T17:39:43.909+0000] {logging_mixin.py:188} INFO - Downloaded AAPL/1780332412.json -> /tmp/minio_downloads/1780332412.json
[2026-06-01T17:39:43.926+0000] {logging_mixin.py:188} INFO - Downloaded AAPL/1780332427.json -> /tmp/minio_downloads/1780332427.json
[2026-06-01T17:39:43.956+0000] {logging_mixin.py:188} INFO - Downloaded AAPL/1780332444.json -> /tmp/minio_downloads/1780332444.json
[2026-06-01T17:39:44.084+0000] {logging_mixin.py:188} INFO - Downloaded AAPL/1780332461.json -> /tmp/minio_downloads/1780332461.json
[2026-06-01T17:39:44.191+0000] {logging_mixin.py:188} INFO - Downloaded AAPL/1780332478.json -> /tmp/minio_downloads/1780332478.json
[2026-06-01T17:39:44.224+0000] {logging_mixin.py:188} INFO - Downloaded AAPL/1780332495.json -> /tmp/minio_downloads/1780332495.json
[2026-06-01T17:39:44.247+0000] {logging_mixin.py:188} INFO - Downloaded AAPL/1780332512.json -> /tmp/minio_downloads/1780332512.json
[2026-06-01T17:39:44.273+0000] {logging_mixin.py:188} INFO - Downloaded AAPL/1780332531.json -> /tmp/minio_downloads/1780332531.json
[2026-06-01T17:39:44.300+0000] {logging_mixin.py:188} INFO - Downloaded AAPL/1780332551.json -> /tmp/minio_downloads/1780332551.json
[2026-06-01T17:39:44.327+0000] {logging_mixin.py:188} INFO - Downloaded AAPL/1780332567.json -> /tmp/minio_downloads/1780332567.json
[2026-06-01T17:39:44.342+0000] {logging_mixin.py:188} INFO - Downloaded AAPL/1780332584.json -> /tmp/minio_downloads/1780332584.json
[2026-06-01T17:39:44.359+0000] {logging_mixin.py:188} INFO - Downloaded AAPL/1780332604.json -> /tmp/minio_downloads/1780332604.json
[2026-06-01T17:39:44.381+0000] {logging_mixin.py:188} INFO - Downloaded AAPL/1780332621.json -> /tmp/minio_downloads/1780332621.json
[2026-06-01T17:39:44.397+0000] {logging_mixin.py:188} INFO - Downloaded AAPL/1780332638.json -> /tmp/minio_downloads/1780332638.json
[2026-06-01T17:39:44.412+0000] {logging_mixin.py:188} INFO - Downloaded AAPL/1780332653.json -> /tmp/minio_downloads/1780332653.json
[2026-06-01T17:39:44.429+0000] {logging_mixin.py:188} INFO - Downloaded AAPL/1780332693.json -> /tmp/minio_downloads/1780332693.json
[2026-06-01T17:39:44.445+0000] {logging_mixin.py:188} INFO - Downloaded AAPL/1780332707.json -> /tmp/minio_downloads/1780332707.json
[2026-06-01T17:39:44.459+0000] {logging_mixin.py:188} INFO - Downloaded AAPL/1780332723.json -> /tmp/minio_downloads/1780332723.json
[2026-06-01T17:39:44.475+0000] {logging_mixin.py:188} INFO - Downloaded AAPL/1780332740.json -> /tmp/minio_downloads/1780332740.json
[2026-06-01T17:39:44.498+0000] {logging_mixin.py:188} INFO - Downloaded AAPL/1780332756.json -> /tmp/minio_downloads/1780332756.json
[2026-06-01T17:39:44.518+0000] {logging_mixin.py:188} INFO - Downloaded AAPL/1780332774.json -> /tmp/minio_downloads/1780332774.json
[2026-06-01T17:39:44.542+0000] {logging_mixin.py:188} INFO - Downloaded AAPL/1780332789.json -> /tmp/minio_downloads/1780332789.json
[2026-06-01T17:39:44.564+0000] {logging_mixin.py:188} INFO - Downloaded AAPL/1780332801.json -> /tmp/minio_downloads/1780332801.json
[2026-06-01T17:39:44.586+0000] {logging_mixin.py:188} INFO - Downloaded AAPL/1780332817.json -> /tmp/minio_downloads/1780332817.json
[2026-06-01T17:39:44.608+0000] {logging_mixin.py:188} INFO - Downloaded AAPL/1780332834.json -> /tmp/minio_downloads/1780332834.json
[2026-06-01T17:39:44.631+0000] {logging_mixin.py:188} INFO - Downloaded AAPL/1780332851.json -> /tmp/minio_downloads/1780332851.json
[2026-06-01T17:39:44.656+0000] {logging_mixin.py:188} INFO - Downloaded AAPL/1780332867.json -> /tmp/minio_downloads/1780332867.json
[2026-06-01T17:39:44.680+0000] {logging_mixin.py:188} INFO - Downloaded AAPL/1780332883.json -> /tmp/minio_downloads/1780332883.json
[2026-06-01T17:39:44.705+0000] {logging_mixin.py:188} INFO - Downloaded AAPL/1780332898.json -> /tmp/minio_downloads/1780332898.json
[2026-06-01T17:39:44.726+0000] {logging_mixin.py:188} INFO - Downloaded AAPL/1780332915.json -> /tmp/minio_downloads/1780332915.json
[2026-06-01T17:39:44.779+0000] {logging_mixin.py:188} INFO - Downloaded AAPL/1780332932.json -> /tmp/minio_downloads/1780332932.json
[2026-06-01T17:39:44.804+0000] {logging_mixin.py:188} INFO - Downloaded AAPL/1780332950.json -> /tmp/minio_downloads/1780332950.json
[2026-06-01T17:39:44.843+0000] {logging_mixin.py:188} INFO - Downloaded AAPL/1780332965.json -> /tmp/minio_downloads/1780332965.json
[2026-06-01T17:39:44.872+0000] {logging_mixin.py:188} INFO - Downloaded AAPL/1780332979.json -> /tmp/minio_downloads/1780332979.json
[2026-06-01T17:39:44.900+0000] {logging_mixin.py:188} INFO - Downloaded AAPL/1780332997.json -> /tmp/minio_downloads/1780332997.json
[2026-06-01T17:39:44.923+0000] {logging_mixin.py:188} INFO - Downloaded AAPL/1780333013.json -> /tmp/minio_downloads/1780333013.json
[2026-06-01T17:39:44.945+0000] {logging_mixin.py:188} INFO - Downloaded AAPL/1780333028.json -> /tmp/minio_downloads/1780333028.json
[2026-06-01T17:39:44.969+0000] {logging_mixin.py:188} INFO - Downloaded AAPL/1780333043.json -> /tmp/minio_downloads/1780333043.json
[2026-06-01T17:39:44.988+0000] {logging_mixin.py:188} INFO - Downloaded AAPL/1780333060.json -> /tmp/minio_downloads/1780333060.json
[2026-06-01T17:39:45.006+0000] {logging_mixin.py:188} INFO - Downloaded AAPL/1780333075.json -> /tmp/minio_downloads/1780333075.json
[2026-06-01T17:39:45.023+0000] {logging_mixin.py:188} INFO - Downloaded AAPL/1780333096.json -> /tmp/minio_downloads/1780333096.json
[2026-06-01T17:39:45.046+0000] {logging_mixin.py:188} INFO - Downloaded AAPL/1780333118.json -> /tmp/minio_downloads/1780333118.json
[2026-06-01T17:39:45.067+0000] {logging_mixin.py:188} INFO - Downloaded AAPL/1780333135.json -> /tmp/minio_downloads/1780333135.json
[2026-06-01T17:39:45.100+0000] {logging_mixin.py:188} INFO - Downloaded AAPL/1780333151.json -> /tmp/minio_downloads/1780333151.json
[2026-06-01T17:39:45.156+0000] {logging_mixin.py:188} INFO - Downloaded AAPL/1780333168.json -> /tmp/minio_downloads/1780333168.json
[2026-06-01T17:39:45.200+0000] {logging_mixin.py:188} INFO - Downloaded AAPL/1780333183.json -> /tmp/minio_downloads/1780333183.json
[2026-06-01T17:39:45.238+0000] {logging_mixin.py:188} INFO - Downloaded AAPL/1780333198.json -> /tmp/minio_downloads/1780333198.json
[2026-06-01T17:39:45.280+0000] {logging_mixin.py:188} INFO - Downloaded AAPL/1780333213.json -> /tmp/minio_downloads/1780333213.json
[2026-06-01T17:39:45.299+0000] {logging_mixin.py:188} INFO - Downloaded AAPL/1780333229.json -> /tmp/minio_downloads/1780333229.json
[2026-06-01T17:39:45.319+0000] {logging_mixin.py:188} INFO - Downloaded AAPL/1780333245.json -> /tmp/minio_downloads/1780333245.json
[2026-06-01T17:39:45.341+0000] {logging_mixin.py:188} INFO - Downloaded AAPL/1780333257.json -> /tmp/minio_downloads/1780333257.json
[2026-06-01T17:39:45.390+0000] {logging_mixin.py:188} INFO - Downloaded AAPL/1780333269.json -> /tmp/minio_downloads/1780333269.json
[2026-06-01T17:39:45.408+0000] {logging_mixin.py:188} INFO - Downloaded AAPL/1780333281.json -> /tmp/minio_downloads/1780333281.json
[2026-06-01T17:39:45.446+0000] {logging_mixin.py:188} INFO - Downloaded AAPL/1780333293.json -> /tmp/minio_downloads/1780333293.json
[2026-06-01T17:39:45.467+0000] {logging_mixin.py:188} INFO - Downloaded AAPL/1780333305.json -> /tmp/minio_downloads/1780333305.json
[2026-06-01T17:39:45.479+0000] {logging_mixin.py:188} INFO - Downloaded AAPL/1780333317.json -> /tmp/minio_downloads/1780333317.json
[2026-06-01T17:39:45.493+0000] {logging_mixin.py:188} INFO - Downloaded AAPL/1780333329.json -> /tmp/minio_downloads/1780333329.json
[2026-06-01T17:39:45.510+0000] {logging_mixin.py:188} INFO - Downloaded AAPL/1780333342.json -> /tmp/minio_downloads/1780333342.json
[2026-06-01T17:39:45.529+0000] {logging_mixin.py:188} INFO - Downloaded AAPL/1780333358.json -> /tmp/minio_downloads/1780333358.json
[2026-06-01T17:39:45.556+0000] {logging_mixin.py:188} INFO - Downloaded AAPL/1780333375.json -> /tmp/minio_downloads/1780333375.json
[2026-06-01T17:39:45.576+0000] {logging_mixin.py:188} INFO - Downloaded AAPL/1780333389.json -> /tmp/minio_downloads/1780333389.json
[2026-06-01T17:39:45.597+0000] {logging_mixin.py:188} INFO - Downloaded AAPL/1780333406.json -> /tmp/minio_downloads/1780333406.json
[2026-06-01T17:39:45.613+0000] {logging_mixin.py:188} INFO - Downloaded AAPL/1780333419.json -> /tmp/minio_downloads/1780333419.json
[2026-06-01T17:39:45.629+0000] {logging_mixin.py:188} INFO - Downloaded AAPL/1780333431.json -> /tmp/minio_downloads/1780333431.json
[2026-06-01T17:39:45.649+0000] {logging_mixin.py:188} INFO - Downloaded AMZN/1780331991.json -> /tmp/minio_downloads/1780331991.json
[2026-06-01T17:39:45.668+0000] {logging_mixin.py:188} INFO - Downloaded AMZN/1780332003.json -> /tmp/minio_downloads/1780332003.json
[2026-06-01T17:39:45.692+0000] {logging_mixin.py:188} INFO - Downloaded AMZN/1780332015.json -> /tmp/minio_downloads/1780332015.json
[2026-06-01T17:39:45.711+0000] {logging_mixin.py:188} INFO - Downloaded AMZN/1780332028.json -> /tmp/minio_downloads/1780332028.json
[2026-06-01T17:39:45.730+0000] {logging_mixin.py:188} INFO - Downloaded AMZN/1780332040.json -> /tmp/minio_downloads/1780332040.json
[2026-06-01T17:39:45.751+0000] {logging_mixin.py:188} INFO - Downloaded AMZN/1780332052.json -> /tmp/minio_downloads/1780332052.json
[2026-06-01T17:39:45.778+0000] {logging_mixin.py:188} INFO - Downloaded AMZN/1780332064.json -> /tmp/minio_downloads/1780332064.json
[2026-06-01T17:39:45.797+0000] {logging_mixin.py:188} INFO - Downloaded AMZN/1780332088.json -> /tmp/minio_downloads/1780332088.json
[2026-06-01T17:39:45.814+0000] {logging_mixin.py:188} INFO - Downloaded AMZN/1780332100.json -> /tmp/minio_downloads/1780332100.json
[2026-06-01T17:39:45.835+0000] {logging_mixin.py:188} INFO - Downloaded AMZN/1780332116.json -> /tmp/minio_downloads/1780332116.json
[2026-06-01T17:39:45.871+0000] {logging_mixin.py:188} INFO - Downloaded AMZN/1780332129.json -> /tmp/minio_downloads/1780332129.json
[2026-06-01T17:39:45.890+0000] {logging_mixin.py:188} INFO - Downloaded AMZN/1780332141.json -> /tmp/minio_downloads/1780332141.json
[2026-06-01T17:39:45.914+0000] {logging_mixin.py:188} INFO - Downloaded AMZN/1780332152.json -> /tmp/minio_downloads/1780332152.json
[2026-06-01T17:39:45.932+0000] {logging_mixin.py:188} INFO - Downloaded AMZN/1780332182.json -> /tmp/minio_downloads/1780332182.json
[2026-06-01T17:39:45.952+0000] {logging_mixin.py:188} INFO - Downloaded AMZN/1780332194.json -> /tmp/minio_downloads/1780332194.json
[2026-06-01T17:39:45.969+0000] {logging_mixin.py:188} INFO - Downloaded AMZN/1780332206.json -> /tmp/minio_downloads/1780332206.json
[2026-06-01T17:39:45.986+0000] {logging_mixin.py:188} INFO - Downloaded AMZN/1780332219.json -> /tmp/minio_downloads/1780332219.json
[2026-06-01T17:39:46.005+0000] {logging_mixin.py:188} INFO - Downloaded AMZN/1780332237.json -> /tmp/minio_downloads/1780332237.json
[2026-06-01T17:39:46.024+0000] {logging_mixin.py:188} INFO - Downloaded AMZN/1780332255.json -> /tmp/minio_downloads/1780332255.json
[2026-06-01T17:39:46.041+0000] {logging_mixin.py:188} INFO - Downloaded AMZN/1780332269.json -> /tmp/minio_downloads/1780332269.json
[2026-06-01T17:39:46.055+0000] {logging_mixin.py:188} INFO - Downloaded AMZN/1780332280.json -> /tmp/minio_downloads/1780332280.json
[2026-06-01T17:39:46.075+0000] {logging_mixin.py:188} INFO - Downloaded AMZN/1780332292.json -> /tmp/minio_downloads/1780332292.json
[2026-06-01T17:39:46.108+0000] {logging_mixin.py:188} INFO - Downloaded AMZN/1780332304.json -> /tmp/minio_downloads/1780332304.json
[2026-06-01T17:39:46.128+0000] {logging_mixin.py:188} INFO - Downloaded AMZN/1780332318.json -> /tmp/minio_downloads/1780332318.json
[2026-06-01T17:39:46.158+0000] {logging_mixin.py:188} INFO - Downloaded AMZN/1780332332.json -> /tmp/minio_downloads/1780332332.json
[2026-06-01T17:39:46.192+0000] {logging_mixin.py:188} INFO - Downloaded AMZN/1780332344.json -> /tmp/minio_downloads/1780332344.json
[2026-06-01T17:39:46.220+0000] {logging_mixin.py:188} INFO - Downloaded AMZN/1780332356.json -> /tmp/minio_downloads/1780332356.json
[2026-06-01T17:39:46.236+0000] {logging_mixin.py:188} INFO - Downloaded AMZN/1780332369.json -> /tmp/minio_downloads/1780332369.json
[2026-06-01T17:39:46.260+0000] {logging_mixin.py:188} INFO - Downloaded AMZN/1780332381.json -> /tmp/minio_downloads/1780332381.json
[2026-06-01T17:39:46.283+0000] {logging_mixin.py:188} INFO - Downloaded AMZN/1780332393.json -> /tmp/minio_downloads/1780332393.json
[2026-06-01T17:39:46.310+0000] {logging_mixin.py:188} INFO - Downloaded AMZN/1780332405.json -> /tmp/minio_downloads/1780332405.json
[2026-06-01T17:39:46.373+0000] {logging_mixin.py:188} INFO - Downloaded AMZN/1780332419.json -> /tmp/minio_downloads/1780332419.json
[2026-06-01T17:39:46.394+0000] {logging_mixin.py:188} INFO - Downloaded AMZN/1780332436.json -> /tmp/minio_downloads/1780332436.json
[2026-06-01T17:39:46.421+0000] {logging_mixin.py:188} INFO - Downloaded AMZN/1780332453.json -> /tmp/minio_downloads/1780332453.json
[2026-06-01T17:39:46.459+0000] {logging_mixin.py:188} INFO - Downloaded AMZN/1780332470.json -> /tmp/minio_downloads/1780332470.json
[2026-06-01T17:39:46.602+0000] {logging_mixin.py:188} INFO - Downloaded AMZN/1780332487.json -> /tmp/minio_downloads/1780332487.json
[2026-06-01T17:39:46.701+0000] {logging_mixin.py:188} INFO - Downloaded AMZN/1780332504.json -> /tmp/minio_downloads/1780332504.json
[2026-06-01T17:39:46.766+0000] {logging_mixin.py:188} INFO - Downloaded AMZN/1780332522.json -> /tmp/minio_downloads/1780332522.json
[2026-06-01T17:39:46.790+0000] {logging_mixin.py:188} INFO - Downloaded AMZN/1780332543.json -> /tmp/minio_downloads/1780332543.json
[2026-06-01T17:39:46.846+0000] {logging_mixin.py:188} INFO - Downloaded AMZN/1780332559.json -> /tmp/minio_downloads/1780332559.json
[2026-06-01T17:39:46.874+0000] {logging_mixin.py:188} INFO - Downloaded AMZN/1780332576.json -> /tmp/minio_downloads/1780332576.json
[2026-06-01T17:39:46.900+0000] {logging_mixin.py:188} INFO - Downloaded AMZN/1780332596.json -> /tmp/minio_downloads/1780332596.json
[2026-06-01T17:39:46.918+0000] {logging_mixin.py:188} INFO - Downloaded AMZN/1780332613.json -> /tmp/minio_downloads/1780332613.json
[2026-06-01T17:39:46.935+0000] {logging_mixin.py:188} INFO - Downloaded AMZN/1780332629.json -> /tmp/minio_downloads/1780332629.json
[2026-06-01T17:39:46.955+0000] {logging_mixin.py:188} INFO - Downloaded AMZN/1780332646.json -> /tmp/minio_downloads/1780332646.json
[2026-06-01T17:39:46.978+0000] {logging_mixin.py:188} INFO - Downloaded AMZN/1780332683.json -> /tmp/minio_downloads/1780332683.json
[2026-06-01T17:39:47.007+0000] {logging_mixin.py:188} INFO - Downloaded AMZN/1780332700.json -> /tmp/minio_downloads/1780332700.json
[2026-06-01T17:39:47.030+0000] {logging_mixin.py:188} INFO - Downloaded AMZN/1780332715.json -> /tmp/minio_downloads/1780332715.json
[2026-06-01T17:39:47.066+0000] {logging_mixin.py:188} INFO - Downloaded AMZN/1780332732.json -> /tmp/minio_downloads/1780332732.json
[2026-06-01T17:39:47.092+0000] {logging_mixin.py:188} INFO - Downloaded AMZN/1780332748.json -> /tmp/minio_downloads/1780332748.json
[2026-06-01T17:39:47.114+0000] {logging_mixin.py:188} INFO - Downloaded AMZN/1780332766.json -> /tmp/minio_downloads/1780332766.json
[2026-06-01T17:39:47.140+0000] {logging_mixin.py:188} INFO - Downloaded AMZN/1780332782.json -> /tmp/minio_downloads/1780332782.json
[2026-06-01T17:39:47.158+0000] {logging_mixin.py:188} INFO - Downloaded AMZN/1780332794.json -> /tmp/minio_downloads/1780332794.json
[2026-06-01T17:39:47.176+0000] {logging_mixin.py:188} INFO - Downloaded AMZN/1780332809.json -> /tmp/minio_downloads/1780332809.json
[2026-06-01T17:39:47.196+0000] {logging_mixin.py:188} INFO - Downloaded AMZN/1780332825.json -> /tmp/minio_downloads/1780332825.json
[2026-06-01T17:39:47.228+0000] {logging_mixin.py:188} INFO - Downloaded AMZN/1780332843.json -> /tmp/minio_downloads/1780332843.json
[2026-06-01T17:39:47.257+0000] {logging_mixin.py:188} INFO - Downloaded AMZN/1780332859.json -> /tmp/minio_downloads/1780332859.json
[2026-06-01T17:39:47.290+0000] {logging_mixin.py:188} INFO - Downloaded AMZN/1780332875.json -> /tmp/minio_downloads/1780332875.json
[2026-06-01T17:39:47.320+0000] {logging_mixin.py:188} INFO - Downloaded AMZN/1780332891.json -> /tmp/minio_downloads/1780332891.json
[2026-06-01T17:39:47.350+0000] {logging_mixin.py:188} INFO - Downloaded AMZN/1780332907.json -> /tmp/minio_downloads/1780332907.json
[2026-06-01T17:39:47.368+0000] {logging_mixin.py:188} INFO - Downloaded AMZN/1780332924.json -> /tmp/minio_downloads/1780332924.json
[2026-06-01T17:39:47.391+0000] {logging_mixin.py:188} INFO - Downloaded AMZN/1780332942.json -> /tmp/minio_downloads/1780332942.json
[2026-06-01T17:39:47.411+0000] {logging_mixin.py:188} INFO - Downloaded AMZN/1780332957.json -> /tmp/minio_downloads/1780332957.json
[2026-06-01T17:39:47.427+0000] {logging_mixin.py:188} INFO - Downloaded AMZN/1780332971.json -> /tmp/minio_downloads/1780332971.json
[2026-06-01T17:39:47.445+0000] {logging_mixin.py:188} INFO - Downloaded AMZN/1780332989.json -> /tmp/minio_downloads/1780332989.json
[2026-06-01T17:39:47.461+0000] {logging_mixin.py:188} INFO - Downloaded AMZN/1780333005.json -> /tmp/minio_downloads/1780333005.json
[2026-06-01T17:39:47.476+0000] {logging_mixin.py:188} INFO - Downloaded AMZN/1780333020.json -> /tmp/minio_downloads/1780333020.json
[2026-06-01T17:39:47.491+0000] {logging_mixin.py:188} INFO - Downloaded AMZN/1780333036.json -> /tmp/minio_downloads/1780333036.json
[2026-06-01T17:39:47.510+0000] {logging_mixin.py:188} INFO - Downloaded AMZN/1780333053.json -> /tmp/minio_downloads/1780333053.json
[2026-06-01T17:39:47.529+0000] {logging_mixin.py:188} INFO - Downloaded AMZN/1780333065.json -> /tmp/minio_downloads/1780333065.json
[2026-06-01T17:39:47.547+0000] {logging_mixin.py:188} INFO - Downloaded AMZN/1780333087.json -> /tmp/minio_downloads/1780333087.json
[2026-06-01T17:39:47.566+0000] {logging_mixin.py:188} INFO - Downloaded AMZN/1780333110.json -> /tmp/minio_downloads/1780333110.json
[2026-06-01T17:39:47.584+0000] {logging_mixin.py:188} INFO - Downloaded AMZN/1780333127.json -> /tmp/minio_downloads/1780333127.json
[2026-06-01T17:39:47.599+0000] {logging_mixin.py:188} INFO - Downloaded AMZN/1780333143.json -> /tmp/minio_downloads/1780333143.json
[2026-06-01T17:39:47.617+0000] {logging_mixin.py:188} INFO - Downloaded AMZN/1780333160.json -> /tmp/minio_downloads/1780333160.json
[2026-06-01T17:39:47.632+0000] {logging_mixin.py:188} INFO - Downloaded AMZN/1780333175.json -> /tmp/minio_downloads/1780333175.json
[2026-06-01T17:39:47.644+0000] {logging_mixin.py:188} INFO - Downloaded AMZN/1780333191.json -> /tmp/minio_downloads/1780333191.json
[2026-06-01T17:39:47.660+0000] {logging_mixin.py:188} INFO - Downloaded AMZN/1780333206.json -> /tmp/minio_downloads/1780333206.json
[2026-06-01T17:39:47.671+0000] {logging_mixin.py:188} INFO - Downloaded AMZN/1780333221.json -> /tmp/minio_downloads/1780333221.json
[2026-06-01T17:39:47.683+0000] {logging_mixin.py:188} INFO - Downloaded AMZN/1780333238.json -> /tmp/minio_downloads/1780333238.json
[2026-06-01T17:39:47.704+0000] {logging_mixin.py:188} INFO - Downloaded AMZN/1780333249.json -> /tmp/minio_downloads/1780333249.json
[2026-06-01T17:39:47.714+0000] {logging_mixin.py:188} INFO - Downloaded AMZN/1780333261.json -> /tmp/minio_downloads/1780333261.json
[2026-06-01T17:39:47.725+0000] {logging_mixin.py:188} INFO - Downloaded AMZN/1780333274.json -> /tmp/minio_downloads/1780333274.json
[2026-06-01T17:39:47.736+0000] {logging_mixin.py:188} INFO - Downloaded AMZN/1780333285.json -> /tmp/minio_downloads/1780333285.json
[2026-06-01T17:39:47.759+0000] {logging_mixin.py:188} INFO - Downloaded AMZN/1780333297.json -> /tmp/minio_downloads/1780333297.json
[2026-06-01T17:39:47.769+0000] {logging_mixin.py:188} INFO - Downloaded AMZN/1780333310.json -> /tmp/minio_downloads/1780333310.json
[2026-06-01T17:39:47.792+0000] {logging_mixin.py:188} INFO - Downloaded AMZN/1780333322.json -> /tmp/minio_downloads/1780333322.json
[2026-06-01T17:39:47.806+0000] {logging_mixin.py:188} INFO - Downloaded AMZN/1780333334.json -> /tmp/minio_downloads/1780333334.json
[2026-06-01T17:39:47.818+0000] {logging_mixin.py:188} INFO - Downloaded AMZN/1780333350.json -> /tmp/minio_downloads/1780333350.json
[2026-06-01T17:39:47.839+0000] {logging_mixin.py:188} INFO - Downloaded AMZN/1780333366.json -> /tmp/minio_downloads/1780333366.json
[2026-06-01T17:39:47.853+0000] {logging_mixin.py:188} INFO - Downloaded AMZN/1780333382.json -> /tmp/minio_downloads/1780333382.json
[2026-06-01T17:39:47.867+0000] {logging_mixin.py:188} INFO - Downloaded AMZN/1780333399.json -> /tmp/minio_downloads/1780333399.json
[2026-06-01T17:39:47.879+0000] {logging_mixin.py:188} INFO - Downloaded AMZN/1780333412.json -> /tmp/minio_downloads/1780333412.json
[2026-06-01T17:39:47.894+0000] {logging_mixin.py:188} INFO - Downloaded AMZN/1780333424.json -> /tmp/minio_downloads/1780333424.json
[2026-06-01T17:39:47.925+0000] {logging_mixin.py:188} INFO - Downloaded GOOGL/1780331990.json -> /tmp/minio_downloads/1780331990.json
[2026-06-01T17:39:47.973+0000] {logging_mixin.py:188} INFO - Downloaded GOOGL/1780332002.json -> /tmp/minio_downloads/1780332002.json
[2026-06-01T17:39:48.001+0000] {logging_mixin.py:188} INFO - Downloaded GOOGL/1780332015.json -> /tmp/minio_downloads/1780332015.json
[2026-06-01T17:39:48.014+0000] {logging_mixin.py:188} INFO - Downloaded GOOGL/1780332026.json -> /tmp/minio_downloads/1780332026.json
[2026-06-01T17:39:48.024+0000] {logging_mixin.py:188} INFO - Downloaded GOOGL/1780332038.json -> /tmp/minio_downloads/1780332038.json
[2026-06-01T17:39:48.072+0000] {logging_mixin.py:188} INFO - Downloaded GOOGL/1780332051.json -> /tmp/minio_downloads/1780332051.json
[2026-06-01T17:39:48.094+0000] {logging_mixin.py:188} INFO - Downloaded GOOGL/1780332063.json -> /tmp/minio_downloads/1780332063.json
[2026-06-01T17:39:48.109+0000] {logging_mixin.py:188} INFO - Downloaded GOOGL/1780332087.json -> /tmp/minio_downloads/1780332087.json
[2026-06-01T17:39:48.120+0000] {logging_mixin.py:188} INFO - Downloaded GOOGL/1780332099.json -> /tmp/minio_downloads/1780332099.json
[2026-06-01T17:39:48.148+0000] {logging_mixin.py:188} INFO - Downloaded GOOGL/1780332115.json -> /tmp/minio_downloads/1780332115.json
[2026-06-01T17:39:48.161+0000] {logging_mixin.py:188} INFO - Downloaded GOOGL/1780332128.json -> /tmp/minio_downloads/1780332128.json
[2026-06-01T17:39:48.175+0000] {logging_mixin.py:188} INFO - Downloaded GOOGL/1780332140.json -> /tmp/minio_downloads/1780332140.json
[2026-06-01T17:39:48.187+0000] {logging_mixin.py:188} INFO - Downloaded GOOGL/1780332151.json -> /tmp/minio_downloads/1780332151.json
[2026-06-01T17:39:48.198+0000] {logging_mixin.py:188} INFO - Downloaded GOOGL/1780332179.json -> /tmp/minio_downloads/1780332179.json
[2026-06-01T17:39:48.209+0000] {logging_mixin.py:188} INFO - Downloaded GOOGL/1780332193.json -> /tmp/minio_downloads/1780332193.json
[2026-06-01T17:39:48.220+0000] {logging_mixin.py:188} INFO - Downloaded GOOGL/1780332205.json -> /tmp/minio_downloads/1780332205.json
[2026-06-01T17:39:48.233+0000] {logging_mixin.py:188} INFO - Downloaded GOOGL/1780332217.json -> /tmp/minio_downloads/1780332217.json
[2026-06-01T17:39:48.243+0000] {logging_mixin.py:188} INFO - Downloaded GOOGL/1780332235.json -> /tmp/minio_downloads/1780332235.json
[2026-06-01T17:39:48.261+0000] {logging_mixin.py:188} INFO - Downloaded GOOGL/1780332253.json -> /tmp/minio_downloads/1780332253.json
[2026-06-01T17:39:48.271+0000] {logging_mixin.py:188} INFO - Downloaded GOOGL/1780332267.json -> /tmp/minio_downloads/1780332267.json
[2026-06-01T17:39:48.282+0000] {logging_mixin.py:188} INFO - Downloaded GOOGL/1780332279.json -> /tmp/minio_downloads/1780332279.json
[2026-06-01T17:39:48.308+0000] {logging_mixin.py:188} INFO - Downloaded GOOGL/1780332291.json -> /tmp/minio_downloads/1780332291.json
[2026-06-01T17:39:48.323+0000] {logging_mixin.py:188} INFO - Downloaded GOOGL/1780332303.json -> /tmp/minio_downloads/1780332303.json
[2026-06-01T17:39:48.335+0000] {logging_mixin.py:188} INFO - Downloaded GOOGL/1780332317.json -> /tmp/minio_downloads/1780332317.json
[2026-06-01T17:39:48.349+0000] {logging_mixin.py:188} INFO - Downloaded GOOGL/1780332330.json -> /tmp/minio_downloads/1780332330.json
[2026-06-01T17:39:48.361+0000] {logging_mixin.py:188} INFO - Downloaded GOOGL/1780332342.json -> /tmp/minio_downloads/1780332342.json
[2026-06-01T17:39:48.372+0000] {logging_mixin.py:188} INFO - Downloaded GOOGL/1780332354.json -> /tmp/minio_downloads/1780332354.json
[2026-06-01T17:39:48.385+0000] {logging_mixin.py:188} INFO - Downloaded GOOGL/1780332368.json -> /tmp/minio_downloads/1780332368.json
[2026-06-01T17:39:48.398+0000] {logging_mixin.py:188} INFO - Downloaded GOOGL/1780332380.json -> /tmp/minio_downloads/1780332380.json
[2026-06-01T17:39:48.410+0000] {logging_mixin.py:188} INFO - Downloaded GOOGL/1780332392.json -> /tmp/minio_downloads/1780332392.json
[2026-06-01T17:39:48.424+0000] {logging_mixin.py:188} INFO - Downloaded GOOGL/1780332403.json -> /tmp/minio_downloads/1780332403.json
[2026-06-01T17:39:48.437+0000] {logging_mixin.py:188} INFO - Downloaded GOOGL/1780332418.json -> /tmp/minio_downloads/1780332418.json
[2026-06-01T17:39:48.451+0000] {logging_mixin.py:188} INFO - Downloaded GOOGL/1780332434.json -> /tmp/minio_downloads/1780332434.json
[2026-06-01T17:39:48.467+0000] {logging_mixin.py:188} INFO - Downloaded GOOGL/1780332451.json -> /tmp/minio_downloads/1780332451.json
[2026-06-01T17:39:48.482+0000] {logging_mixin.py:188} INFO - Downloaded GOOGL/1780332468.json -> /tmp/minio_downloads/1780332468.json
[2026-06-01T17:39:48.499+0000] {logging_mixin.py:188} INFO - Downloaded GOOGL/1780332485.json -> /tmp/minio_downloads/1780332485.json
[2026-06-01T17:39:48.519+0000] {logging_mixin.py:188} INFO - Downloaded GOOGL/1780332502.json -> /tmp/minio_downloads/1780332502.json
[2026-06-01T17:39:48.535+0000] {logging_mixin.py:188} INFO - Downloaded GOOGL/1780332520.json -> /tmp/minio_downloads/1780332520.json
[2026-06-01T17:39:48.555+0000] {logging_mixin.py:188} INFO - Downloaded GOOGL/1780332541.json -> /tmp/minio_downloads/1780332541.json
[2026-06-01T17:39:48.571+0000] {logging_mixin.py:188} INFO - Downloaded GOOGL/1780332557.json -> /tmp/minio_downloads/1780332557.json
[2026-06-01T17:39:48.588+0000] {logging_mixin.py:188} INFO - Downloaded GOOGL/1780332574.json -> /tmp/minio_downloads/1780332574.json
[2026-06-01T17:39:48.603+0000] {logging_mixin.py:188} INFO - Downloaded GOOGL/1780332591.json -> /tmp/minio_downloads/1780332591.json
[2026-06-01T17:39:48.621+0000] {logging_mixin.py:188} INFO - Downloaded GOOGL/1780332611.json -> /tmp/minio_downloads/1780332611.json
[2026-06-01T17:39:48.637+0000] {logging_mixin.py:188} INFO - Downloaded GOOGL/1780332627.json -> /tmp/minio_downloads/1780332627.json
[2026-06-01T17:39:48.659+0000] {logging_mixin.py:188} INFO - Downloaded GOOGL/1780332643.json -> /tmp/minio_downloads/1780332643.json
[2026-06-01T17:39:48.678+0000] {logging_mixin.py:188} INFO - Downloaded GOOGL/1780332681.json -> /tmp/minio_downloads/1780332681.json
[2026-06-01T17:39:48.697+0000] {logging_mixin.py:188} INFO - Downloaded GOOGL/1780332698.json -> /tmp/minio_downloads/1780332698.json
[2026-06-01T17:39:48.713+0000] {logging_mixin.py:188} INFO - Downloaded GOOGL/1780332713.json -> /tmp/minio_downloads/1780332713.json
[2026-06-01T17:39:48.729+0000] {logging_mixin.py:188} INFO - Downloaded GOOGL/1780332730.json -> /tmp/minio_downloads/1780332730.json
[2026-06-01T17:39:48.747+0000] {logging_mixin.py:188} INFO - Downloaded GOOGL/1780332747.json -> /tmp/minio_downloads/1780332747.json
[2026-06-01T17:39:48.764+0000] {logging_mixin.py:188} INFO - Downloaded GOOGL/1780332764.json -> /tmp/minio_downloads/1780332764.json
[2026-06-01T17:39:48.793+0000] {logging_mixin.py:188} INFO - Downloaded GOOGL/1780332781.json -> /tmp/minio_downloads/1780332781.json
[2026-06-01T17:39:48.824+0000] {logging_mixin.py:188} INFO - Downloaded GOOGL/1780332792.json -> /tmp/minio_downloads/1780332792.json
[2026-06-01T17:39:48.843+0000] {logging_mixin.py:188} INFO - Downloaded GOOGL/1780332807.json -> /tmp/minio_downloads/1780332807.json
[2026-06-01T17:39:48.867+0000] {logging_mixin.py:188} INFO - Downloaded GOOGL/1780332823.json -> /tmp/minio_downloads/1780332823.json
[2026-06-01T17:39:48.890+0000] {logging_mixin.py:188} INFO - Downloaded GOOGL/1780332841.json -> /tmp/minio_downloads/1780332841.json
[2026-06-01T17:39:48.911+0000] {logging_mixin.py:188} INFO - Downloaded GOOGL/1780332857.json -> /tmp/minio_downloads/1780332857.json
[2026-06-01T17:39:48.934+0000] {logging_mixin.py:188} INFO - Downloaded GOOGL/1780332873.json -> /tmp/minio_downloads/1780332873.json
[2026-06-01T17:39:48.952+0000] {logging_mixin.py:188} INFO - Downloaded GOOGL/1780332888.json -> /tmp/minio_downloads/1780332888.json
[2026-06-01T17:39:48.972+0000] {logging_mixin.py:188} INFO - Downloaded GOOGL/1780332905.json -> /tmp/minio_downloads/1780332905.json
[2026-06-01T17:39:48.993+0000] {logging_mixin.py:188} INFO - Downloaded GOOGL/1780332922.json -> /tmp/minio_downloads/1780332922.json
[2026-06-01T17:39:49.009+0000] {logging_mixin.py:188} INFO - Downloaded GOOGL/1780332940.json -> /tmp/minio_downloads/1780332940.json
[2026-06-01T17:39:49.029+0000] {logging_mixin.py:188} INFO - Downloaded GOOGL/1780332956.json -> /tmp/minio_downloads/1780332956.json
[2026-06-01T17:39:49.049+0000] {logging_mixin.py:188} INFO - Downloaded GOOGL/1780332969.json -> /tmp/minio_downloads/1780332969.json
[2026-06-01T17:39:49.070+0000] {logging_mixin.py:188} INFO - Downloaded GOOGL/1780332987.json -> /tmp/minio_downloads/1780332987.json
[2026-06-01T17:39:49.099+0000] {logging_mixin.py:188} INFO - Downloaded GOOGL/1780333003.json -> /tmp/minio_downloads/1780333003.json
[2026-06-01T17:39:49.129+0000] {logging_mixin.py:188} INFO - Downloaded GOOGL/1780333019.json -> /tmp/minio_downloads/1780333019.json
[2026-06-01T17:39:49.147+0000] {logging_mixin.py:188} INFO - Downloaded GOOGL/1780333034.json -> /tmp/minio_downloads/1780333034.json
[2026-06-01T17:39:49.168+0000] {logging_mixin.py:188} INFO - Downloaded GOOGL/1780333050.json -> /tmp/minio_downloads/1780333050.json
[2026-06-01T17:39:49.188+0000] {logging_mixin.py:188} INFO - Downloaded GOOGL/1780333064.json -> /tmp/minio_downloads/1780333064.json
[2026-06-01T17:39:49.206+0000] {logging_mixin.py:188} INFO - Downloaded GOOGL/1780333084.json -> /tmp/minio_downloads/1780333084.json
[2026-06-01T17:39:49.222+0000] {logging_mixin.py:188} INFO - Downloaded GOOGL/1780333107.json -> /tmp/minio_downloads/1780333107.json
[2026-06-01T17:39:49.238+0000] {logging_mixin.py:188} INFO - Downloaded GOOGL/1780333125.json -> /tmp/minio_downloads/1780333125.json
[2026-06-01T17:39:49.257+0000] {logging_mixin.py:188} INFO - Downloaded GOOGL/1780333141.json -> /tmp/minio_downloads/1780333141.json
[2026-06-01T17:39:49.289+0000] {logging_mixin.py:188} INFO - Downloaded GOOGL/1780333158.json -> /tmp/minio_downloads/1780333158.json
[2026-06-01T17:39:49.304+0000] {logging_mixin.py:188} INFO - Downloaded GOOGL/1780333173.json -> /tmp/minio_downloads/1780333173.json
[2026-06-01T17:39:49.318+0000] {logging_mixin.py:188} INFO - Downloaded GOOGL/1780333189.json -> /tmp/minio_downloads/1780333189.json
[2026-06-01T17:39:49.331+0000] {logging_mixin.py:188} INFO - Downloaded GOOGL/1780333204.json -> /tmp/minio_downloads/1780333204.json
[2026-06-01T17:39:49.351+0000] {logging_mixin.py:188} INFO - Downloaded GOOGL/1780333219.json -> /tmp/minio_downloads/1780333219.json
[2026-06-01T17:39:49.367+0000] {logging_mixin.py:188} INFO - Downloaded GOOGL/1780333236.json -> /tmp/minio_downloads/1780333236.json
[2026-06-01T17:39:49.399+0000] {logging_mixin.py:188} INFO - Downloaded GOOGL/1780333248.json -> /tmp/minio_downloads/1780333248.json
[2026-06-01T17:39:49.417+0000] {logging_mixin.py:188} INFO - Downloaded GOOGL/1780333260.json -> /tmp/minio_downloads/1780333260.json
[2026-06-01T17:39:49.439+0000] {logging_mixin.py:188} INFO - Downloaded GOOGL/1780333272.json -> /tmp/minio_downloads/1780333272.json
[2026-06-01T17:39:49.460+0000] {logging_mixin.py:188} INFO - Downloaded GOOGL/1780333284.json -> /tmp/minio_downloads/1780333284.json
[2026-06-01T17:39:49.479+0000] {logging_mixin.py:188} INFO - Downloaded GOOGL/1780333296.json -> /tmp/minio_downloads/1780333296.json
[2026-06-01T17:39:49.498+0000] {logging_mixin.py:188} INFO - Downloaded GOOGL/1780333309.json -> /tmp/minio_downloads/1780333309.json
[2026-06-01T17:39:49.515+0000] {logging_mixin.py:188} INFO - Downloaded GOOGL/1780333321.json -> /tmp/minio_downloads/1780333321.json
[2026-06-01T17:39:49.534+0000] {logging_mixin.py:188} INFO - Downloaded GOOGL/1780333333.json -> /tmp/minio_downloads/1780333333.json
[2026-06-01T17:39:49.557+0000] {logging_mixin.py:188} INFO - Downloaded GOOGL/1780333348.json -> /tmp/minio_downloads/1780333348.json
[2026-06-01T17:39:49.583+0000] {logging_mixin.py:188} INFO - Downloaded GOOGL/1780333364.json -> /tmp/minio_downloads/1780333364.json
[2026-06-01T17:39:49.602+0000] {logging_mixin.py:188} INFO - Downloaded GOOGL/1780333381.json -> /tmp/minio_downloads/1780333381.json
[2026-06-01T17:39:49.621+0000] {logging_mixin.py:188} INFO - Downloaded GOOGL/1780333395.json -> /tmp/minio_downloads/1780333395.json
[2026-06-01T17:39:49.636+0000] {logging_mixin.py:188} INFO - Downloaded GOOGL/1780333411.json -> /tmp/minio_downloads/1780333411.json
[2026-06-01T17:39:49.653+0000] {logging_mixin.py:188} INFO - Downloaded GOOGL/1780333423.json -> /tmp/minio_downloads/1780333423.json
[2026-06-01T17:39:49.670+0000] {logging_mixin.py:188} INFO - Downloaded MSFT/1780331987.json -> /tmp/minio_downloads/1780331987.json
[2026-06-01T17:39:49.713+0000] {logging_mixin.py:188} INFO - Downloaded MSFT/1780331999.json -> /tmp/minio_downloads/1780331999.json
[2026-06-01T17:39:49.731+0000] {logging_mixin.py:188} INFO - Downloaded MSFT/1780332012.json -> /tmp/minio_downloads/1780332012.json
[2026-06-01T17:39:49.747+0000] {logging_mixin.py:188} INFO - Downloaded MSFT/1780332024.json -> /tmp/minio_downloads/1780332024.json
[2026-06-01T17:39:49.778+0000] {logging_mixin.py:188} INFO - Downloaded MSFT/1780332036.json -> /tmp/minio_downloads/1780332036.json
[2026-06-01T17:39:49.798+0000] {logging_mixin.py:188} INFO - Downloaded MSFT/1780332049.json -> /tmp/minio_downloads/1780332049.json
[2026-06-01T17:39:49.818+0000] {logging_mixin.py:188} INFO - Downloaded MSFT/1780332061.json -> /tmp/minio_downloads/1780332061.json
[2026-06-01T17:39:49.842+0000] {logging_mixin.py:188} INFO - Downloaded MSFT/1780332085.json -> /tmp/minio_downloads/1780332085.json
[2026-06-01T17:39:49.874+0000] {logging_mixin.py:188} INFO - Downloaded MSFT/1780332097.json -> /tmp/minio_downloads/1780332097.json
[2026-06-01T17:39:49.908+0000] {logging_mixin.py:188} INFO - Downloaded MSFT/1780332113.json -> /tmp/minio_downloads/1780332113.json
[2026-06-01T17:39:49.946+0000] {logging_mixin.py:188} INFO - Downloaded MSFT/1780332125.json -> /tmp/minio_downloads/1780332125.json
[2026-06-01T17:39:49.967+0000] {logging_mixin.py:188} INFO - Downloaded MSFT/1780332137.json -> /tmp/minio_downloads/1780332137.json
[2026-06-01T17:39:49.988+0000] {logging_mixin.py:188} INFO - Downloaded MSFT/1780332149.json -> /tmp/minio_downloads/1780332149.json
[2026-06-01T17:39:50.009+0000] {logging_mixin.py:188} INFO - Downloaded MSFT/1780332161.json -> /tmp/minio_downloads/1780332161.json
[2026-06-01T17:39:50.030+0000] {logging_mixin.py:188} INFO - Downloaded MSFT/1780332190.json -> /tmp/minio_downloads/1780332190.json
[2026-06-01T17:39:50.053+0000] {logging_mixin.py:188} INFO - Downloaded MSFT/1780332202.json -> /tmp/minio_downloads/1780332202.json
[2026-06-01T17:39:50.073+0000] {logging_mixin.py:188} INFO - Downloaded MSFT/1780332214.json -> /tmp/minio_downloads/1780332214.json
[2026-06-01T17:39:50.094+0000] {logging_mixin.py:188} INFO - Downloaded MSFT/1780332229.json -> /tmp/minio_downloads/1780332229.json
[2026-06-01T17:39:50.115+0000] {logging_mixin.py:188} INFO - Downloaded MSFT/1780332248.json -> /tmp/minio_downloads/1780332248.json
[2026-06-01T17:39:50.134+0000] {logging_mixin.py:188} INFO - Downloaded MSFT/1780332265.json -> /tmp/minio_downloads/1780332265.json
[2026-06-01T17:39:50.154+0000] {logging_mixin.py:188} INFO - Downloaded MSFT/1780332277.json -> /tmp/minio_downloads/1780332277.json
[2026-06-01T17:39:50.174+0000] {logging_mixin.py:188} INFO - Downloaded MSFT/1780332289.json -> /tmp/minio_downloads/1780332289.json
[2026-06-01T17:39:50.192+0000] {logging_mixin.py:188} INFO - Downloaded MSFT/1780332301.json -> /tmp/minio_downloads/1780332301.json
[2026-06-01T17:39:50.224+0000] {logging_mixin.py:188} INFO - Downloaded MSFT/1780332313.json -> /tmp/minio_downloads/1780332313.json
[2026-06-01T17:39:50.247+0000] {logging_mixin.py:188} INFO - Downloaded MSFT/1780332327.json -> /tmp/minio_downloads/1780332327.json
[2026-06-01T17:39:50.266+0000] {logging_mixin.py:188} INFO - Downloaded MSFT/1780332340.json -> /tmp/minio_downloads/1780332340.json
[2026-06-01T17:39:50.284+0000] {logging_mixin.py:188} INFO - Downloaded MSFT/1780332352.json -> /tmp/minio_downloads/1780332352.json
[2026-06-01T17:39:50.301+0000] {logging_mixin.py:188} INFO - Downloaded MSFT/1780332364.json -> /tmp/minio_downloads/1780332364.json
[2026-06-01T17:39:50.321+0000] {logging_mixin.py:188} INFO - Downloaded MSFT/1780332377.json -> /tmp/minio_downloads/1780332377.json
[2026-06-01T17:39:50.341+0000] {logging_mixin.py:188} INFO - Downloaded MSFT/1780332389.json -> /tmp/minio_downloads/1780332389.json
[2026-06-01T17:39:50.364+0000] {logging_mixin.py:188} INFO - Downloaded MSFT/1780332401.json -> /tmp/minio_downloads/1780332401.json
[2026-06-01T17:39:50.390+0000] {logging_mixin.py:188} INFO - Downloaded MSFT/1780332413.json -> /tmp/minio_downloads/1780332413.json
[2026-06-01T17:39:50.434+0000] {logging_mixin.py:188} INFO - Downloaded MSFT/1780332429.json -> /tmp/minio_downloads/1780332429.json
[2026-06-01T17:39:50.483+0000] {logging_mixin.py:188} INFO - Downloaded MSFT/1780332446.json -> /tmp/minio_downloads/1780332446.json
[2026-06-01T17:39:50.529+0000] {logging_mixin.py:188} INFO - Downloaded MSFT/1780332464.json -> /tmp/minio_downloads/1780332464.json
[2026-06-01T17:39:50.550+0000] {logging_mixin.py:188} INFO - Downloaded MSFT/1780332480.json -> /tmp/minio_downloads/1780332480.json
[2026-06-01T17:39:50.580+0000] {logging_mixin.py:188} INFO - Downloaded MSFT/1780332497.json -> /tmp/minio_downloads/1780332497.json
[2026-06-01T17:39:50.604+0000] {logging_mixin.py:188} INFO - Downloaded MSFT/1780332514.json -> /tmp/minio_downloads/1780332514.json
[2026-06-01T17:39:50.629+0000] {logging_mixin.py:188} INFO - Downloaded MSFT/1780332534.json -> /tmp/minio_downloads/1780332534.json
[2026-06-01T17:39:50.650+0000] {logging_mixin.py:188} INFO - Downloaded MSFT/1780332553.json -> /tmp/minio_downloads/1780332553.json
[2026-06-01T17:39:50.673+0000] {logging_mixin.py:188} INFO - Downloaded MSFT/1780332569.json -> /tmp/minio_downloads/1780332569.json
[2026-06-01T17:39:50.689+0000] {logging_mixin.py:188} INFO - Downloaded MSFT/1780332587.json -> /tmp/minio_downloads/1780332587.json
[2026-06-01T17:39:50.704+0000] {logging_mixin.py:188} INFO - Downloaded MSFT/1780332606.json -> /tmp/minio_downloads/1780332606.json
[2026-06-01T17:39:50.724+0000] {logging_mixin.py:188} INFO - Downloaded MSFT/1780332623.json -> /tmp/minio_downloads/1780332623.json
[2026-06-01T17:39:50.746+0000] {logging_mixin.py:188} INFO - Downloaded MSFT/1780332640.json -> /tmp/minio_downloads/1780332640.json
[2026-06-01T17:39:50.771+0000] {logging_mixin.py:188} INFO - Downloaded MSFT/1780332676.json -> /tmp/minio_downloads/1780332676.json
[2026-06-01T17:39:50.791+0000] {logging_mixin.py:188} INFO - Downloaded MSFT/1780332694.json -> /tmp/minio_downloads/1780332694.json
[2026-06-01T17:39:50.811+0000] {logging_mixin.py:188} INFO - Downloaded MSFT/1780332709.json -> /tmp/minio_downloads/1780332709.json
[2026-06-01T17:39:50.847+0000] {logging_mixin.py:188} INFO - Downloaded MSFT/1780332725.json -> /tmp/minio_downloads/1780332725.json
[2026-06-01T17:39:50.880+0000] {logging_mixin.py:188} INFO - Downloaded MSFT/1780332742.json -> /tmp/minio_downloads/1780332742.json
[2026-06-01T17:39:50.934+0000] {logging_mixin.py:188} INFO - Downloaded MSFT/1780332758.json -> /tmp/minio_downloads/1780332758.json
[2026-06-01T17:39:50.957+0000] {logging_mixin.py:188} INFO - Downloaded MSFT/1780332777.json -> /tmp/minio_downloads/1780332777.json
[2026-06-01T17:39:50.979+0000] {logging_mixin.py:188} INFO - Downloaded MSFT/1780332790.json -> /tmp/minio_downloads/1780332790.json
[2026-06-01T17:39:51.000+0000] {logging_mixin.py:188} INFO - Downloaded MSFT/1780332803.json -> /tmp/minio_downloads/1780332803.json
[2026-06-01T17:39:51.017+0000] {logging_mixin.py:188} INFO - Downloaded MSFT/1780332819.json -> /tmp/minio_downloads/1780332819.json
[2026-06-01T17:39:51.033+0000] {logging_mixin.py:188} INFO - Downloaded MSFT/1780332836.json -> /tmp/minio_downloads/1780332836.json
[2026-06-01T17:39:51.051+0000] {logging_mixin.py:188} INFO - Downloaded MSFT/1780332853.json -> /tmp/minio_downloads/1780332853.json
[2026-06-01T17:39:51.066+0000] {logging_mixin.py:188} INFO - Downloaded MSFT/1780332869.json -> /tmp/minio_downloads/1780332869.json
[2026-06-01T17:39:51.090+0000] {logging_mixin.py:188} INFO - Downloaded MSFT/1780332885.json -> /tmp/minio_downloads/1780332885.json
[2026-06-01T17:39:51.105+0000] {logging_mixin.py:188} INFO - Downloaded MSFT/1780332901.json -> /tmp/minio_downloads/1780332901.json
[2026-06-01T17:39:51.128+0000] {logging_mixin.py:188} INFO - Downloaded MSFT/1780332917.json -> /tmp/minio_downloads/1780332917.json
[2026-06-01T17:39:51.152+0000] {logging_mixin.py:188} INFO - Downloaded MSFT/1780332935.json -> /tmp/minio_downloads/1780332935.json
[2026-06-01T17:39:51.176+0000] {logging_mixin.py:188} INFO - Downloaded MSFT/1780332952.json -> /tmp/minio_downloads/1780332952.json
[2026-06-01T17:39:51.202+0000] {logging_mixin.py:188} INFO - Downloaded MSFT/1780332966.json -> /tmp/minio_downloads/1780332966.json
[2026-06-01T17:39:51.221+0000] {logging_mixin.py:188} INFO - Downloaded MSFT/1780332981.json -> /tmp/minio_downloads/1780332981.json
[2026-06-01T17:39:51.238+0000] {logging_mixin.py:188} INFO - Downloaded MSFT/1780332999.json -> /tmp/minio_downloads/1780332999.json
[2026-06-01T17:39:51.255+0000] {logging_mixin.py:188} INFO - Downloaded MSFT/1780333015.json -> /tmp/minio_downloads/1780333015.json
[2026-06-01T17:39:51.274+0000] {logging_mixin.py:188} INFO - Downloaded MSFT/1780333030.json -> /tmp/minio_downloads/1780333030.json
[2026-06-01T17:39:51.288+0000] {logging_mixin.py:188} INFO - Downloaded MSFT/1780333045.json -> /tmp/minio_downloads/1780333045.json
[2026-06-01T17:39:51.303+0000] {logging_mixin.py:188} INFO - Downloaded MSFT/1780333062.json -> /tmp/minio_downloads/1780333062.json
[2026-06-01T17:39:51.319+0000] {logging_mixin.py:188} INFO - Downloaded MSFT/1780333078.json -> /tmp/minio_downloads/1780333078.json
[2026-06-01T17:39:51.339+0000] {logging_mixin.py:188} INFO - Downloaded MSFT/1780333101.json -> /tmp/minio_downloads/1780333101.json
[2026-06-01T17:39:51.360+0000] {logging_mixin.py:188} INFO - Downloaded MSFT/1780333121.json -> /tmp/minio_downloads/1780333121.json
[2026-06-01T17:39:51.375+0000] {logging_mixin.py:188} INFO - Downloaded MSFT/1780333137.json -> /tmp/minio_downloads/1780333137.json
[2026-06-01T17:39:51.390+0000] {logging_mixin.py:188} INFO - Downloaded MSFT/1780333154.json -> /tmp/minio_downloads/1780333154.json
[2026-06-01T17:39:51.405+0000] {logging_mixin.py:188} INFO - Downloaded MSFT/1780333170.json -> /tmp/minio_downloads/1780333170.json
[2026-06-01T17:39:51.419+0000] {logging_mixin.py:188} INFO - Downloaded MSFT/1780333185.json -> /tmp/minio_downloads/1780333185.json
[2026-06-01T17:39:51.435+0000] {logging_mixin.py:188} INFO - Downloaded MSFT/1780333200.json -> /tmp/minio_downloads/1780333200.json
[2026-06-01T17:39:51.450+0000] {logging_mixin.py:188} INFO - Downloaded MSFT/1780333215.json -> /tmp/minio_downloads/1780333215.json
[2026-06-01T17:39:51.465+0000] {logging_mixin.py:188} INFO - Downloaded MSFT/1780333232.json -> /tmp/minio_downloads/1780333232.json
[2026-06-01T17:39:51.482+0000] {logging_mixin.py:188} INFO - Downloaded MSFT/1780333246.json -> /tmp/minio_downloads/1780333246.json
[2026-06-01T17:39:51.507+0000] {logging_mixin.py:188} INFO - Downloaded MSFT/1780333257.json -> /tmp/minio_downloads/1780333257.json
[2026-06-01T17:39:51.526+0000] {logging_mixin.py:188} INFO - Downloaded MSFT/1780333269.json -> /tmp/minio_downloads/1780333269.json
[2026-06-01T17:39:51.548+0000] {logging_mixin.py:188} INFO - Downloaded MSFT/1780333282.json -> /tmp/minio_downloads/1780333282.json
[2026-06-01T17:39:51.582+0000] {logging_mixin.py:188} INFO - Downloaded MSFT/1780333294.json -> /tmp/minio_downloads/1780333294.json
[2026-06-01T17:39:51.611+0000] {logging_mixin.py:188} INFO - Downloaded MSFT/1780333306.json -> /tmp/minio_downloads/1780333306.json
[2026-06-01T17:39:51.640+0000] {logging_mixin.py:188} INFO - Downloaded MSFT/1780333319.json -> /tmp/minio_downloads/1780333319.json
[2026-06-01T17:39:51.662+0000] {logging_mixin.py:188} INFO - Downloaded MSFT/1780333331.json -> /tmp/minio_downloads/1780333331.json
[2026-06-01T17:39:51.685+0000] {logging_mixin.py:188} INFO - Downloaded MSFT/1780333344.json -> /tmp/minio_downloads/1780333344.json
[2026-06-01T17:39:51.704+0000] {logging_mixin.py:188} INFO - Downloaded MSFT/1780333360.json -> /tmp/minio_downloads/1780333360.json
[2026-06-01T17:39:51.728+0000] {logging_mixin.py:188} INFO - Downloaded MSFT/1780333377.json -> /tmp/minio_downloads/1780333377.json
[2026-06-01T17:39:51.752+0000] {logging_mixin.py:188} INFO - Downloaded MSFT/1780333391.json -> /tmp/minio_downloads/1780333391.json
[2026-06-01T17:39:51.773+0000] {logging_mixin.py:188} INFO - Downloaded MSFT/1780333408.json -> /tmp/minio_downloads/1780333408.json
[2026-06-01T17:39:51.795+0000] {logging_mixin.py:188} INFO - Downloaded MSFT/1780333420.json -> /tmp/minio_downloads/1780333420.json
[2026-06-01T17:39:51.815+0000] {logging_mixin.py:188} INFO - Downloaded MSFT/1780333432.json -> /tmp/minio_downloads/1780333432.json
[2026-06-01T17:39:51.835+0000] {logging_mixin.py:188} INFO - Downloaded TSLA/1780331989.json -> /tmp/minio_downloads/1780331989.json
[2026-06-01T17:39:51.857+0000] {logging_mixin.py:188} INFO - Downloaded TSLA/1780332000.json -> /tmp/minio_downloads/1780332000.json
[2026-06-01T17:39:51.880+0000] {logging_mixin.py:188} INFO - Downloaded TSLA/1780332013.json -> /tmp/minio_downloads/1780332013.json
[2026-06-01T17:39:51.902+0000] {logging_mixin.py:188} INFO - Downloaded TSLA/1780332025.json -> /tmp/minio_downloads/1780332025.json
[2026-06-01T17:39:51.924+0000] {logging_mixin.py:188} INFO - Downloaded TSLA/1780332037.json -> /tmp/minio_downloads/1780332037.json
[2026-06-01T17:39:51.943+0000] {logging_mixin.py:188} INFO - Downloaded TSLA/1780332050.json -> /tmp/minio_downloads/1780332050.json
[2026-06-01T17:39:51.964+0000] {logging_mixin.py:188} INFO - Downloaded TSLA/1780332062.json -> /tmp/minio_downloads/1780332062.json
[2026-06-01T17:39:51.984+0000] {logging_mixin.py:188} INFO - Downloaded TSLA/1780332086.json -> /tmp/minio_downloads/1780332086.json
[2026-06-01T17:39:52.016+0000] {logging_mixin.py:188} INFO - Downloaded TSLA/1780332098.json -> /tmp/minio_downloads/1780332098.json
[2026-06-01T17:39:52.045+0000] {logging_mixin.py:188} INFO - Downloaded TSLA/1780332114.json -> /tmp/minio_downloads/1780332114.json
[2026-06-01T17:39:52.074+0000] {logging_mixin.py:188} INFO - Downloaded TSLA/1780332126.json -> /tmp/minio_downloads/1780332126.json
[2026-06-01T17:39:52.095+0000] {logging_mixin.py:188} INFO - Downloaded TSLA/1780332139.json -> /tmp/minio_downloads/1780332139.json
[2026-06-01T17:39:52.122+0000] {logging_mixin.py:188} INFO - Downloaded TSLA/1780332150.json -> /tmp/minio_downloads/1780332150.json
[2026-06-01T17:39:52.141+0000] {logging_mixin.py:188} INFO - Downloaded TSLA/1780332178.json -> /tmp/minio_downloads/1780332178.json
[2026-06-01T17:39:52.161+0000] {logging_mixin.py:188} INFO - Downloaded TSLA/1780332191.json -> /tmp/minio_downloads/1780332191.json
[2026-06-01T17:39:52.178+0000] {logging_mixin.py:188} INFO - Downloaded TSLA/1780332203.json -> /tmp/minio_downloads/1780332203.json
[2026-06-01T17:39:52.199+0000] {logging_mixin.py:188} INFO - Downloaded TSLA/1780332216.json -> /tmp/minio_downloads/1780332216.json
[2026-06-01T17:39:52.216+0000] {logging_mixin.py:188} INFO - Downloaded TSLA/1780332232.json -> /tmp/minio_downloads/1780332232.json
[2026-06-01T17:39:52.301+0000] {logging_mixin.py:188} INFO - Downloaded TSLA/1780332250.json -> /tmp/minio_downloads/1780332250.json
[2026-06-01T17:39:52.317+0000] {logging_mixin.py:188} INFO - Downloaded TSLA/1780332266.json -> /tmp/minio_downloads/1780332266.json
[2026-06-01T17:39:52.334+0000] {logging_mixin.py:188} INFO - Downloaded TSLA/1780332278.json -> /tmp/minio_downloads/1780332278.json
[2026-06-01T17:39:52.348+0000] {logging_mixin.py:188} INFO - Downloaded TSLA/1780332290.json -> /tmp/minio_downloads/1780332290.json
[2026-06-01T17:39:52.365+0000] {logging_mixin.py:188} INFO - Downloaded TSLA/1780332302.json -> /tmp/minio_downloads/1780332302.json
[2026-06-01T17:39:52.378+0000] {logging_mixin.py:188} INFO - Downloaded TSLA/1780332313.json -> /tmp/minio_downloads/1780332313.json
[2026-06-01T17:39:52.660+0000] {logging_mixin.py:188} INFO - Downloaded TSLA/1780332329.json -> /tmp/minio_downloads/1780332329.json
[2026-06-01T17:39:52.681+0000] {logging_mixin.py:188} INFO - Downloaded TSLA/1780332341.json -> /tmp/minio_downloads/1780332341.json
[2026-06-01T17:39:52.691+0000] {logging_mixin.py:188} INFO - Downloaded TSLA/1780332353.json -> /tmp/minio_downloads/1780332353.json
[2026-06-01T17:39:52.702+0000] {logging_mixin.py:188} INFO - Downloaded TSLA/1780332366.json -> /tmp/minio_downloads/1780332366.json
[2026-06-01T17:39:52.732+0000] {logging_mixin.py:188} INFO - Downloaded TSLA/1780332378.json -> /tmp/minio_downloads/1780332378.json
[2026-06-01T17:39:52.745+0000] {logging_mixin.py:188} INFO - Downloaded TSLA/1780332390.json -> /tmp/minio_downloads/1780332390.json
[2026-06-01T17:39:52.770+0000] {logging_mixin.py:188} INFO - Downloaded TSLA/1780332402.json -> /tmp/minio_downloads/1780332402.json
[2026-06-01T17:39:52.789+0000] {logging_mixin.py:188} INFO - Downloaded TSLA/1780332415.json -> /tmp/minio_downloads/1780332415.json
[2026-06-01T17:39:52.804+0000] {logging_mixin.py:188} INFO - Downloaded TSLA/1780332432.json -> /tmp/minio_downloads/1780332432.json
[2026-06-01T17:39:52.816+0000] {logging_mixin.py:188} INFO - Downloaded TSLA/1780332449.json -> /tmp/minio_downloads/1780332449.json
[2026-06-01T17:39:52.829+0000] {logging_mixin.py:188} INFO - Downloaded TSLA/1780332465.json -> /tmp/minio_downloads/1780332465.json
[2026-06-01T17:39:52.845+0000] {logging_mixin.py:188} INFO - Downloaded TSLA/1780332482.json -> /tmp/minio_downloads/1780332482.json
[2026-06-01T17:39:52.861+0000] {logging_mixin.py:188} INFO - Downloaded TSLA/1780332500.json -> /tmp/minio_downloads/1780332500.json
[2026-06-01T17:39:52.875+0000] {logging_mixin.py:188} INFO - Downloaded TSLA/1780332517.json -> /tmp/minio_downloads/1780332517.json
[2026-06-01T17:39:52.891+0000] {logging_mixin.py:188} INFO - Downloaded TSLA/1780332538.json -> /tmp/minio_downloads/1780332538.json
[2026-06-01T17:39:52.906+0000] {logging_mixin.py:188} INFO - Downloaded TSLA/1780332555.json -> /tmp/minio_downloads/1780332555.json
[2026-06-01T17:39:52.923+0000] {logging_mixin.py:188} INFO - Downloaded TSLA/1780332571.json -> /tmp/minio_downloads/1780332571.json
[2026-06-01T17:39:52.941+0000] {logging_mixin.py:188} INFO - Downloaded TSLA/1780332589.json -> /tmp/minio_downloads/1780332589.json
[2026-06-01T17:39:52.957+0000] {logging_mixin.py:188} INFO - Downloaded TSLA/1780332609.json -> /tmp/minio_downloads/1780332609.json
[2026-06-01T17:39:52.973+0000] {logging_mixin.py:188} INFO - Downloaded TSLA/1780332625.json -> /tmp/minio_downloads/1780332625.json
[2026-06-01T17:39:52.989+0000] {logging_mixin.py:188} INFO - Downloaded TSLA/1780332641.json -> /tmp/minio_downloads/1780332641.json
[2026-06-01T17:39:53.009+0000] {logging_mixin.py:188} INFO - Downloaded TSLA/1780332679.json -> /tmp/minio_downloads/1780332679.json
[2026-06-01T17:39:53.023+0000] {logging_mixin.py:188} INFO - Downloaded TSLA/1780332696.json -> /tmp/minio_downloads/1780332696.json
[2026-06-01T17:39:53.047+0000] {logging_mixin.py:188} INFO - Downloaded TSLA/1780332711.json -> /tmp/minio_downloads/1780332711.json
[2026-06-01T17:39:53.062+0000] {logging_mixin.py:188} INFO - Downloaded TSLA/1780332727.json -> /tmp/minio_downloads/1780332727.json
[2026-06-01T17:39:53.076+0000] {logging_mixin.py:188} INFO - Downloaded TSLA/1780332744.json -> /tmp/minio_downloads/1780332744.json
[2026-06-01T17:39:53.126+0000] {logging_mixin.py:188} INFO - Downloaded TSLA/1780332760.json -> /tmp/minio_downloads/1780332760.json
[2026-06-01T17:39:53.147+0000] {logging_mixin.py:188} INFO - Downloaded TSLA/1780332778.json -> /tmp/minio_downloads/1780332778.json
[2026-06-01T17:39:53.161+0000] {logging_mixin.py:188} INFO - Downloaded TSLA/1780332791.json -> /tmp/minio_downloads/1780332791.json
[2026-06-01T17:39:53.173+0000] {logging_mixin.py:188} INFO - Downloaded TSLA/1780332805.json -> /tmp/minio_downloads/1780332805.json
[2026-06-01T17:39:53.184+0000] {logging_mixin.py:188} INFO - Downloaded TSLA/1780332821.json -> /tmp/minio_downloads/1780332821.json
[2026-06-01T17:39:53.196+0000] {logging_mixin.py:188} INFO - Downloaded TSLA/1780332838.json -> /tmp/minio_downloads/1780332838.json
[2026-06-01T17:39:53.206+0000] {logging_mixin.py:188} INFO - Downloaded TSLA/1780332855.json -> /tmp/minio_downloads/1780332855.json
[2026-06-01T17:39:53.218+0000] {logging_mixin.py:188} INFO - Downloaded TSLA/1780332871.json -> /tmp/minio_downloads/1780332871.json
[2026-06-01T17:39:53.230+0000] {logging_mixin.py:188} INFO - Downloaded TSLA/1780332887.json -> /tmp/minio_downloads/1780332887.json
[2026-06-01T17:39:53.246+0000] {logging_mixin.py:188} INFO - Downloaded TSLA/1780332903.json -> /tmp/minio_downloads/1780332903.json
[2026-06-01T17:39:53.266+0000] {logging_mixin.py:188} INFO - Downloaded TSLA/1780332920.json -> /tmp/minio_downloads/1780332920.json
[2026-06-01T17:39:53.279+0000] {logging_mixin.py:188} INFO - Downloaded TSLA/1780332937.json -> /tmp/minio_downloads/1780332937.json
[2026-06-01T17:39:53.292+0000] {logging_mixin.py:188} INFO - Downloaded TSLA/1780332954.json -> /tmp/minio_downloads/1780332954.json
[2026-06-01T17:39:53.307+0000] {logging_mixin.py:188} INFO - Downloaded TSLA/1780332967.json -> /tmp/minio_downloads/1780332967.json
[2026-06-01T17:39:53.323+0000] {logging_mixin.py:188} INFO - Downloaded TSLA/1780332986.json -> /tmp/minio_downloads/1780332986.json
[2026-06-01T17:39:53.337+0000] {logging_mixin.py:188} INFO - Downloaded TSLA/1780333001.json -> /tmp/minio_downloads/1780333001.json
[2026-06-01T17:39:53.353+0000] {logging_mixin.py:188} INFO - Downloaded TSLA/1780333017.json -> /tmp/minio_downloads/1780333017.json
[2026-06-01T17:39:53.373+0000] {logging_mixin.py:188} INFO - Downloaded TSLA/1780333032.json -> /tmp/minio_downloads/1780333032.json
[2026-06-01T17:39:53.386+0000] {logging_mixin.py:188} INFO - Downloaded TSLA/1780333047.json -> /tmp/minio_downloads/1780333047.json
[2026-06-01T17:39:53.399+0000] {logging_mixin.py:188} INFO - Downloaded TSLA/1780333063.json -> /tmp/minio_downloads/1780333063.json
[2026-06-01T17:39:53.413+0000] {logging_mixin.py:188} INFO - Downloaded TSLA/1780333081.json -> /tmp/minio_downloads/1780333081.json
[2026-06-01T17:39:53.429+0000] {logging_mixin.py:188} INFO - Downloaded TSLA/1780333104.json -> /tmp/minio_downloads/1780333104.json
[2026-06-01T17:39:53.445+0000] {logging_mixin.py:188} INFO - Downloaded TSLA/1780333123.json -> /tmp/minio_downloads/1780333123.json
[2026-06-01T17:39:53.469+0000] {logging_mixin.py:188} INFO - Downloaded TSLA/1780333139.json -> /tmp/minio_downloads/1780333139.json
[2026-06-01T17:39:53.488+0000] {logging_mixin.py:188} INFO - Downloaded TSLA/1780333156.json -> /tmp/minio_downloads/1780333156.json
[2026-06-01T17:39:53.508+0000] {logging_mixin.py:188} INFO - Downloaded TSLA/1780333171.json -> /tmp/minio_downloads/1780333171.json
[2026-06-01T17:39:53.530+0000] {logging_mixin.py:188} INFO - Downloaded TSLA/1780333187.json -> /tmp/minio_downloads/1780333187.json
[2026-06-01T17:39:53.554+0000] {logging_mixin.py:188} INFO - Downloaded TSLA/1780333202.json -> /tmp/minio_downloads/1780333202.json
[2026-06-01T17:39:53.594+0000] {logging_mixin.py:188} INFO - Downloaded TSLA/1780333217.json -> /tmp/minio_downloads/1780333217.json
[2026-06-01T17:39:53.613+0000] {logging_mixin.py:188} INFO - Downloaded TSLA/1780333233.json -> /tmp/minio_downloads/1780333233.json
[2026-06-01T17:39:53.629+0000] {logging_mixin.py:188} INFO - Downloaded TSLA/1780333247.json -> /tmp/minio_downloads/1780333247.json
[2026-06-01T17:39:53.646+0000] {logging_mixin.py:188} INFO - Downloaded TSLA/1780333259.json -> /tmp/minio_downloads/1780333259.json
[2026-06-01T17:39:53.663+0000] {logging_mixin.py:188} INFO - Downloaded TSLA/1780333271.json -> /tmp/minio_downloads/1780333271.json
[2026-06-01T17:39:53.683+0000] {logging_mixin.py:188} INFO - Downloaded TSLA/1780333283.json -> /tmp/minio_downloads/1780333283.json
[2026-06-01T17:39:53.700+0000] {logging_mixin.py:188} INFO - Downloaded TSLA/1780333295.json -> /tmp/minio_downloads/1780333295.json
[2026-06-01T17:39:53.717+0000] {logging_mixin.py:188} INFO - Downloaded TSLA/1780333308.json -> /tmp/minio_downloads/1780333308.json
[2026-06-01T17:39:53.738+0000] {logging_mixin.py:188} INFO - Downloaded TSLA/1780333320.json -> /tmp/minio_downloads/1780333320.json
[2026-06-01T17:39:53.756+0000] {logging_mixin.py:188} INFO - Downloaded TSLA/1780333332.json -> /tmp/minio_downloads/1780333332.json
[2026-06-01T17:39:53.776+0000] {logging_mixin.py:188} INFO - Downloaded TSLA/1780333346.json -> /tmp/minio_downloads/1780333346.json
[2026-06-01T17:39:53.800+0000] {logging_mixin.py:188} INFO - Downloaded TSLA/1780333362.json -> /tmp/minio_downloads/1780333362.json
[2026-06-01T17:39:53.819+0000] {logging_mixin.py:188} INFO - Downloaded TSLA/1780333379.json -> /tmp/minio_downloads/1780333379.json
[2026-06-01T17:39:53.837+0000] {logging_mixin.py:188} INFO - Downloaded TSLA/1780333393.json -> /tmp/minio_downloads/1780333393.json
[2026-06-01T17:39:53.856+0000] {logging_mixin.py:188} INFO - Downloaded TSLA/1780333410.json -> /tmp/minio_downloads/1780333410.json
[2026-06-01T17:39:53.873+0000] {logging_mixin.py:188} INFO - Downloaded TSLA/1780333421.json -> /tmp/minio_downloads/1780333421.json
[2026-06-01T17:39:53.894+0000] {logging_mixin.py:188} INFO - Downloaded TSLA/1780333434.json -> /tmp/minio_downloads/1780333434.json
[2026-06-01T17:39:53.898+0000] {python.py:237} INFO - Done. Returned value was: ['/tmp/minio_downloads/1780331986.json', '/tmp/minio_downloads/1780331998.json', '/tmp/minio_downloads/1780332010.json', '/tmp/minio_downloads/1780332023.json', '/tmp/minio_downloads/1780332035.json', '/tmp/minio_downloads/1780332047.json', '/tmp/minio_downloads/1780332060.json', '/tmp/minio_downloads/1780332071.json', '/tmp/minio_downloads/1780332095.json', '/tmp/minio_downloads/1780332112.json', '/tmp/minio_downloads/1780332123.json', '/tmp/minio_downloads/1780332136.json', '/tmp/minio_downloads/1780332148.json', '/tmp/minio_downloads/1780332159.json', '/tmp/minio_downloads/1780332189.json', '/tmp/minio_downloads/1780332201.json', '/tmp/minio_downloads/1780332213.json', '/tmp/minio_downloads/1780332227.json', '/tmp/minio_downloads/1780332245.json', '/tmp/minio_downloads/1780332262.json', '/tmp/minio_downloads/1780332276.json', '/tmp/minio_downloads/1780332287.json', '/tmp/minio_downloads/1780332300.json', '/tmp/minio_downloads/1780332312.json', '/tmp/minio_downloads/1780332325.json', '/tmp/minio_downloads/1780332339.json', '/tmp/minio_downloads/1780332351.json', '/tmp/minio_downloads/1780332363.json', '/tmp/minio_downloads/1780332376.json', '/tmp/minio_downloads/1780332388.json', '/tmp/minio_downloads/1780332400.json', '/tmp/minio_downloads/1780332412.json', '/tmp/minio_downloads/1780332427.json', '/tmp/minio_downloads/1780332444.json', '/tmp/minio_downloads/1780332461.json', '/tmp/minio_downloads/1780332478.json', '/tmp/minio_downloads/1780332495.json', '/tmp/minio_downloads/1780332512.json', '/tmp/minio_downloads/1780332531.json', '/tmp/minio_downloads/1780332551.json', '/tmp/minio_downloads/1780332567.json', '/tmp/minio_downloads/1780332584.json', '/tmp/minio_downloads/1780332604.json', '/tmp/minio_downloads/1780332621.json', '/tmp/minio_downloads/1780332638.json', '/tmp/minio_downloads/1780332653.json', '/tmp/minio_downloads/1780332693.json', '/tmp/minio_downloads/1780332707.json', '/tmp/minio_downloads/1780332723.json', '/tmp/minio_downloads/1780332740.json', '/tmp/minio_downloads/1780332756.json', '/tmp/minio_downloads/1780332774.json', '/tmp/minio_downloads/1780332789.json', '/tmp/minio_downloads/1780332801.json', '/tmp/minio_downloads/1780332817.json', '/tmp/minio_downloads/1780332834.json', '/tmp/minio_downloads/1780332851.json', '/tmp/minio_downloads/1780332867.json', '/tmp/minio_downloads/1780332883.json', '/tmp/minio_downloads/1780332898.json', '/tmp/minio_downloads/1780332915.json', '/tmp/minio_downloads/1780332932.json', '/tmp/minio_downloads/1780332950.json', '/tmp/minio_downloads/1780332965.json', '/tmp/minio_downloads/1780332979.json', '/tmp/minio_downloads/1780332997.json', '/tmp/minio_downloads/1780333013.json', '/tmp/minio_downloads/1780333028.json', '/tmp/minio_downloads/1780333043.json', '/tmp/minio_downloads/1780333060.json', '/tmp/minio_downloads/1780333075.json', '/tmp/minio_downloads/1780333096.json', '/tmp/minio_downloads/1780333118.json', '/tmp/minio_downloads/1780333135.json', '/tmp/minio_downloads/1780333151.json', '/tmp/minio_downloads/1780333168.json', '/tmp/minio_downloads/1780333183.json', '/tmp/minio_downloads/1780333198.json', '/tmp/minio_downloads/1780333213.json', '/tmp/minio_downloads/1780333229.json', '/tmp/minio_downloads/1780333245.json', '/tmp/minio_downloads/1780333257.json', '/tmp/minio_downloads/1780333269.json', '/tmp/minio_downloads/1780333281.json', '/tmp/minio_downloads/1780333293.json', '/tmp/minio_downloads/1780333305.json', '/tmp/minio_downloads/1780333317.json', '/tmp/minio_downloads/1780333329.json', '/tmp/minio_downloads/1780333342.json', '/tmp/minio_downloads/1780333358.json', '/tmp/minio_downloads/1780333375.json', '/tmp/minio_downloads/1780333389.json', '/tmp/minio_downloads/1780333406.json', '/tmp/minio_downloads/1780333419.json', '/tmp/minio_downloads/1780333431.json', '/tmp/minio_downloads/1780331991.json', '/tmp/minio_downloads/1780332003.json', '/tmp/minio_downloads/1780332015.json', '/tmp/minio_downloads/1780332028.json', '/tmp/minio_downloads/1780332040.json', '/tmp/minio_downloads/1780332052.json', '/tmp/minio_downloads/1780332064.json', '/tmp/minio_downloads/1780332088.json', '/tmp/minio_downloads/1780332100.json', '/tmp/minio_downloads/1780332116.json', '/tmp/minio_downloads/1780332129.json', '/tmp/minio_downloads/1780332141.json', '/tmp/minio_downloads/1780332152.json', '/tmp/minio_downloads/1780332182.json', '/tmp/minio_downloads/1780332194.json', '/tmp/minio_downloads/1780332206.json', '/tmp/minio_downloads/1780332219.json', '/tmp/minio_downloads/1780332237.json', '/tmp/minio_downloads/1780332255.json', '/tmp/minio_downloads/1780332269.json', '/tmp/minio_downloads/1780332280.json', '/tmp/minio_downloads/1780332292.json', '/tmp/minio_downloads/1780332304.json', '/tmp/minio_downloads/1780332318.json', '/tmp/minio_downloads/1780332332.json', '/tmp/minio_downloads/1780332344.json', '/tmp/minio_downloads/1780332356.json', '/tmp/minio_downloads/1780332369.json', '/tmp/minio_downloads/1780332381.json', '/tmp/minio_downloads/1780332393.json', '/tmp/minio_downloads/1780332405.json', '/tmp/minio_downloads/1780332419.json', '/tmp/minio_downloads/1780332436.json', '/tmp/minio_downloads/1780332453.json', '/tmp/minio_downloads/1780332470.json', '/tmp/minio_downloads/1780332487.json', '/tmp/minio_downloads/1780332504.json', '/tmp/minio_downloads/1780332522.json', '/tmp/minio_downloads/1780332543.json', '/tmp/minio_downloads/1780332559.json', '/tmp/minio_downloads/1780332576.json', '/tmp/minio_downloads/1780332596.json', '/tmp/minio_downloads/1780332613.json', '/tmp/minio_downloads/1780332629.json', '/tmp/minio_downloads/1780332646.json', '/tmp/minio_downloads/1780332683.json', '/tmp/minio_downloads/1780332700.json', '/tmp/minio_downloads/1780332715.json', '/tmp/minio_downloads/1780332732.json', '/tmp/minio_downloads/1780332748.json', '/tmp/minio_downloads/1780332766.json', '/tmp/minio_downloads/1780332782.json', '/tmp/minio_downloads/1780332794.json', '/tmp/minio_downloads/1780332809.json', '/tmp/minio_downloads/1780332825.json', '/tmp/minio_downloads/1780332843.json', '/tmp/minio_downloads/1780332859.json', '/tmp/minio_downloads/1780332875.json', '/tmp/minio_downloads/1780332891.json', '/tmp/minio_downloads/1780332907.json', '/tmp/minio_downloads/1780332924.json', '/tmp/minio_downloads/1780332942.json', '/tmp/minio_downloads/1780332957.json', '/tmp/minio_downloads/1780332971.json', '/tmp/minio_downloads/1780332989.json', '/tmp/minio_downloads/1780333005.json', '/tmp/minio_downloads/1780333020.json', '/tmp/minio_downloads/1780333036.json', '/tmp/minio_downloads/1780333053.json', '/tmp/minio_downloads/1780333065.json', '/tmp/minio_downloads/1780333087.json', '/tmp/minio_downloads/1780333110.json', '/tmp/minio_downloads/1780333127.json', '/tmp/minio_downloads/1780333143.json', '/tmp/minio_downloads/1780333160.json', '/tmp/minio_downloads/1780333175.json', '/tmp/minio_downloads/1780333191.json', '/tmp/minio_downloads/1780333206.json', '/tmp/minio_downloads/1780333221.json', '/tmp/minio_downloads/1780333238.json', '/tmp/minio_downloads/1780333249.json', '/tmp/minio_downloads/1780333261.json', '/tmp/minio_downloads/1780333274.json', '/tmp/minio_downloads/1780333285.json', '/tmp/minio_downloads/1780333297.json', '/tmp/minio_downloads/1780333310.json', '/tmp/minio_downloads/1780333322.json', '/tmp/minio_downloads/1780333334.json', '/tmp/minio_downloads/1780333350.json', '/tmp/minio_downloads/1780333366.json', '/tmp/minio_downloads/1780333382.json', '/tmp/minio_downloads/1780333399.json', '/tmp/minio_downloads/1780333412.json', '/tmp/minio_downloads/1780333424.json', '/tmp/minio_downloads/1780331990.json', '/tmp/minio_downloads/1780332002.json', '/tmp/minio_downloads/1780332015.json', '/tmp/minio_downloads/1780332026.json', '/tmp/minio_downloads/1780332038.json', '/tmp/minio_downloads/1780332051.json', '/tmp/minio_downloads/1780332063.json', '/tmp/minio_downloads/1780332087.json', '/tmp/minio_downloads/1780332099.json', '/tmp/minio_downloads/1780332115.json', '/tmp/minio_downloads/1780332128.json', '/tmp/minio_downloads/1780332140.json', '/tmp/minio_downloads/1780332151.json', '/tmp/minio_downloads/1780332179.json', '/tmp/minio_downloads/1780332193.json', '/tmp/minio_downloads/1780332205.json', '/tmp/minio_downloads/1780332217.json', '/tmp/minio_downloads/1780332235.json', '/tmp/minio_downloads/1780332253.json', '/tmp/minio_downloads/1780332267.json', '/tmp/minio_downloads/1780332279.json', '/tmp/minio_downloads/1780332291.json', '/tmp/minio_downloads/1780332303.json', '/tmp/minio_downloads/1780332317.json', '/tmp/minio_downloads/1780332330.json', '/tmp/minio_downloads/1780332342.json', '/tmp/minio_downloads/1780332354.json', '/tmp/minio_downloads/1780332368.json', '/tmp/minio_downloads/1780332380.json', '/tmp/minio_downloads/1780332392.json', '/tmp/minio_downloads/1780332403.json', '/tmp/minio_downloads/1780332418.json', '/tmp/minio_downloads/1780332434.json', '/tmp/minio_downloads/1780332451.json', '/tmp/minio_downloads/1780332468.json', '/tmp/minio_downloads/1780332485.json', '/tmp/minio_downloads/1780332502.json', '/tmp/minio_downloads/1780332520.json', '/tmp/minio_downloads/1780332541.json', '/tmp/minio_downloads/1780332557.json', '/tmp/minio_downloads/1780332574.json', '/tmp/minio_downloads/1780332591.json', '/tmp/minio_downloads/1780332611.json', '/tmp/minio_downloads/1780332627.json', '/tmp/minio_downloads/1780332643.json', '/tmp/minio_downloads/1780332681.json', '/tmp/minio_downloads/1780332698.json', '/tmp/minio_downloads/1780332713.json', '/tmp/minio_downloads/1780332730.json', '/tmp/minio_downloads/1780332747.json', '/tmp/minio_downloads/1780332764.json', '/tmp/minio_downloads/1780332781.json', '/tmp/minio_downloads/1780332792.json', '/tmp/minio_downloads/1780332807.json', '/tmp/minio_downloads/1780332823.json', '/tmp/minio_downloads/1780332841.json', '/tmp/minio_downloads/1780332857.json', '/tmp/minio_downloads/1780332873.json', '/tmp/minio_downloads/1780332888.json', '/tmp/minio_downloads/1780332905.json', '/tmp/minio_downloads/1780332922.json', '/tmp/minio_downloads/1780332940.json', '/tmp/minio_downloads/1780332956.json', '/tmp/minio_downloads/1780332969.json', '/tmp/minio_downloads/1780332987.json', '/tmp/minio_downloads/1780333003.json', '/tmp/minio_downloads/1780333019.json', '/tmp/minio_downloads/1780333034.json', '/tmp/minio_downloads/1780333050.json', '/tmp/minio_downloads/1780333064.json', '/tmp/minio_downloads/1780333084.json', '/tmp/minio_downloads/1780333107.json', '/tmp/minio_downloads/1780333125.json', '/tmp/minio_downloads/1780333141.json', '/tmp/minio_downloads/1780333158.json', '/tmp/minio_downloads/1780333173.json', '/tmp/minio_downloads/1780333189.json', '/tmp/minio_downloads/1780333204.json', '/tmp/minio_downloads/1780333219.json', '/tmp/minio_downloads/1780333236.json', '/tmp/minio_downloads/1780333248.json', '/tmp/minio_downloads/1780333260.json', '/tmp/minio_downloads/1780333272.json', '/tmp/minio_downloads/1780333284.json', '/tmp/minio_downloads/1780333296.json', '/tmp/minio_downloads/1780333309.json', '/tmp/minio_downloads/1780333321.json', '/tmp/minio_downloads/1780333333.json', '/tmp/minio_downloads/1780333348.json', '/tmp/minio_downloads/1780333364.json', '/tmp/minio_downloads/1780333381.json', '/tmp/minio_downloads/1780333395.json', '/tmp/minio_downloads/1780333411.json', '/tmp/minio_downloads/1780333423.json', '/tmp/minio_downloads/1780331987.json', '/tmp/minio_downloads/1780331999.json', '/tmp/minio_downloads/1780332012.json', '/tmp/minio_downloads/1780332024.json', '/tmp/minio_downloads/1780332036.json', '/tmp/minio_downloads/1780332049.json', '/tmp/minio_downloads/1780332061.json', '/tmp/minio_downloads/1780332085.json', '/tmp/minio_downloads/1780332097.json', '/tmp/minio_downloads/1780332113.json', '/tmp/minio_downloads/1780332125.json', '/tmp/minio_downloads/1780332137.json', '/tmp/minio_downloads/1780332149.json', '/tmp/minio_downloads/1780332161.json', '/tmp/minio_downloads/1780332190.json', '/tmp/minio_downloads/1780332202.json', '/tmp/minio_downloads/1780332214.json', '/tmp/minio_downloads/1780332229.json', '/tmp/minio_downloads/1780332248.json', '/tmp/minio_downloads/1780332265.json', '/tmp/minio_downloads/1780332277.json', '/tmp/minio_downloads/1780332289.json', '/tmp/minio_downloads/1780332301.json', '/tmp/minio_downloads/1780332313.json', '/tmp/minio_downloads/1780332327.json', '/tmp/minio_downloads/1780332340.json', '/tmp/minio_downloads/1780332352.json', '/tmp/minio_downloads/1780332364.json', '/tmp/minio_downloads/1780332377.json', '/tmp/minio_downloads/1780332389.json', '/tmp/minio_downloads/1780332401.json', '/tmp/minio_downloads/1780332413.json', '/tmp/minio_downloads/1780332429.json', '/tmp/minio_downloads/1780332446.json', '/tmp/minio_downloads/1780332464.json', '/tmp/minio_downloads/1780332480.json', '/tmp/minio_downloads/1780332497.json', '/tmp/minio_downloads/1780332514.json', '/tmp/minio_downloads/1780332534.json', '/tmp/minio_downloads/1780332553.json', '/tmp/minio_downloads/1780332569.json', '/tmp/minio_downloads/1780332587.json', '/tmp/minio_downloads/1780332606.json', '/tmp/minio_downloads/1780332623.json', '/tmp/minio_downloads/1780332640.json', '/tmp/minio_downloads/1780332676.json', '/tmp/minio_downloads/1780332694.json', '/tmp/minio_downloads/1780332709.json', '/tmp/minio_downloads/1780332725.json', '/tmp/minio_downloads/1780332742.json', '/tmp/minio_downloads/1780332758.json', '/tmp/minio_downloads/1780332777.json', '/tmp/minio_downloads/1780332790.json', '/tmp/minio_downloads/1780332803.json', '/tmp/minio_downloads/1780332819.json', '/tmp/minio_downloads/1780332836.json', '/tmp/minio_downloads/1780332853.json', '/tmp/minio_downloads/1780332869.json', '/tmp/minio_downloads/1780332885.json', '/tmp/minio_downloads/1780332901.json', '/tmp/minio_downloads/1780332917.json', '/tmp/minio_downloads/1780332935.json', '/tmp/minio_downloads/1780332952.json', '/tmp/minio_downloads/1780332966.json', '/tmp/minio_downloads/1780332981.json', '/tmp/minio_downloads/1780332999.json', '/tmp/minio_downloads/1780333015.json', '/tmp/minio_downloads/1780333030.json', '/tmp/minio_downloads/1780333045.json', '/tmp/minio_downloads/1780333062.json', '/tmp/minio_downloads/1780333078.json', '/tmp/minio_downloads/1780333101.json', '/tmp/minio_downloads/1780333121.json', '/tmp/minio_downloads/1780333137.json', '/tmp/minio_downloads/1780333154.json', '/tmp/minio_downloads/1780333170.json', '/tmp/minio_downloads/1780333185.json', '/tmp/minio_downloads/1780333200.json', '/tmp/minio_downloads/1780333215.json', '/tmp/minio_downloads/1780333232.json', '/tmp/minio_downloads/1780333246.json', '/tmp/minio_downloads/1780333257.json', '/tmp/minio_downloads/1780333269.json', '/tmp/minio_downloads/1780333282.json', '/tmp/minio_downloads/1780333294.json', '/tmp/minio_downloads/1780333306.json', '/tmp/minio_downloads/1780333319.json', '/tmp/minio_downloads/1780333331.json', '/tmp/minio_downloads/1780333344.json', '/tmp/minio_downloads/1780333360.json', '/tmp/minio_downloads/1780333377.json', '/tmp/minio_downloads/1780333391.json', '/tmp/minio_downloads/1780333408.json', '/tmp/minio_downloads/1780333420.json', '/tmp/minio_downloads/1780333432.json', '/tmp/minio_downloads/1780331989.json', '/tmp/minio_downloads/1780332000.json', '/tmp/minio_downloads/1780332013.json', '/tmp/minio_downloads/1780332025.json', '/tmp/minio_downloads/1780332037.json', '/tmp/minio_downloads/1780332050.json', '/tmp/minio_downloads/1780332062.json', '/tmp/minio_downloads/1780332086.json', '/tmp/minio_downloads/1780332098.json', '/tmp/minio_downloads/1780332114.json', '/tmp/minio_downloads/1780332126.json', '/tmp/minio_downloads/1780332139.json', '/tmp/minio_downloads/1780332150.json', '/tmp/minio_downloads/1780332178.json', '/tmp/minio_downloads/1780332191.json', '/tmp/minio_downloads/1780332203.json', '/tmp/minio_downloads/1780332216.json', '/tmp/minio_downloads/1780332232.json', '/tmp/minio_downloads/1780332250.json', '/tmp/minio_downloads/1780332266.json', '/tmp/minio_downloads/1780332278.json', '/tmp/minio_downloads/1780332290.json', '/tmp/minio_downloads/1780332302.json', '/tmp/minio_downloads/1780332313.json', '/tmp/minio_downloads/1780332329.json', '/tmp/minio_downloads/1780332341.json', '/tmp/minio_downloads/1780332353.json', '/tmp/minio_downloads/1780332366.json', '/tmp/minio_downloads/1780332378.json', '/tmp/minio_downloads/1780332390.json', '/tmp/minio_downloads/1780332402.json', '/tmp/minio_downloads/1780332415.json', '/tmp/minio_downloads/1780332432.json', '/tmp/minio_downloads/1780332449.json', '/tmp/minio_downloads/1780332465.json', '/tmp/minio_downloads/1780332482.json', '/tmp/minio_downloads/1780332500.json', '/tmp/minio_downloads/1780332517.json', '/tmp/minio_downloads/1780332538.json', '/tmp/minio_downloads/1780332555.json', '/tmp/minio_downloads/1780332571.json', '/tmp/minio_downloads/1780332589.json', '/tmp/minio_downloads/1780332609.json', '/tmp/minio_downloads/1780332625.json', '/tmp/minio_downloads/1780332641.json', '/tmp/minio_downloads/1780332679.json', '/tmp/minio_downloads/1780332696.json', '/tmp/minio_downloads/1780332711.json', '/tmp/minio_downloads/1780332727.json', '/tmp/minio_downloads/1780332744.json', '/tmp/minio_downloads/1780332760.json', '/tmp/minio_downloads/1780332778.json', '/tmp/minio_downloads/1780332791.json', '/tmp/minio_downloads/1780332805.json', '/tmp/minio_downloads/1780332821.json', '/tmp/minio_downloads/1780332838.json', '/tmp/minio_downloads/1780332855.json', '/tmp/minio_downloads/1780332871.json', '/tmp/minio_downloads/1780332887.json', '/tmp/minio_downloads/1780332903.json', '/tmp/minio_downloads/1780332920.json', '/tmp/minio_downloads/1780332937.json', '/tmp/minio_downloads/1780332954.json', '/tmp/minio_downloads/1780332967.json', '/tmp/minio_downloads/1780332986.json', '/tmp/minio_downloads/1780333001.json', '/tmp/minio_downloads/1780333017.json', '/tmp/minio_downloads/1780333032.json', '/tmp/minio_downloads/1780333047.json', '/tmp/minio_downloads/1780333063.json', '/tmp/minio_downloads/1780333081.json', '/tmp/minio_downloads/1780333104.json', '/tmp/minio_downloads/1780333123.json', '/tmp/minio_downloads/1780333139.json', '/tmp/minio_downloads/1780333156.json', '/tmp/minio_downloads/1780333171.json', '/tmp/minio_downloads/1780333187.json', '/tmp/minio_downloads/1780333202.json', '/tmp/minio_downloads/1780333217.json', '/tmp/minio_downloads/1780333233.json', '/tmp/minio_downloads/1780333247.json', '/tmp/minio_downloads/1780333259.json', '/tmp/minio_downloads/1780333271.json', '/tmp/minio_downloads/1780333283.json', '/tmp/minio_downloads/1780333295.json', '/tmp/minio_downloads/1780333308.json', '/tmp/minio_downloads/1780333320.json', '/tmp/minio_downloads/1780333332.json', '/tmp/minio_downloads/1780333346.json', '/tmp/minio_downloads/1780333362.json', '/tmp/minio_downloads/1780333379.json', '/tmp/minio_downloads/1780333393.json', '/tmp/minio_downloads/1780333410.json', '/tmp/minio_downloads/1780333421.json', '/tmp/minio_downloads/1780333434.json']
[2026-06-01T17:39:53.906+0000] {taskinstance.py:441} INFO - ::group::Post task execution logs
[2026-06-01T17:39:53.964+0000] {taskinstance.py:1206} INFO - Marking task as SUCCESS. dag_id=minio_to_snowflake, task_id=download_minio, run_id=scheduled__2026-06-01T17:38:00+00:00, execution_date=20260601T173800, start_date=20260601T173941, end_date=20260601T173953
[2026-06-01T17:39:54.036+0000] {local_task_job_runner.py:243} INFO - Task exited with return code 0
[2026-06-01T17:39:54.074+0000] {taskinstance.py:3503} INFO - 1 downstream tasks scheduled from follow-on schedule check
[2026-06-01T17:39:54.080+0000] {local_task_job_runner.py:222} INFO - ::endgroup::
